Compiling the C compiler identification source file "CMakeCCompilerId.c" failed.
Compiler: /Users/dylanmarcus/SDKs/gcc-arm-none-eabi-10-2020-q4-major/install-native/bin/arm-none-eabi-gcc 
Build flags: 
Id flags:  

The output was:
1
/Users/dylanmarcus/SDKs/gcc-arm-none-eabi-10-2020-q4-major/install-native/lib/gcc/arm-none-eabi/10.2.1/../../../../arm-none-eabi/bin/ld: /Users/dylanmarcus/SDKs/gcc-arm-none-eabi-10-2020-q4-major/install-native/lib/gcc/arm-none-eabi/10.2.1/../../../../arm-none-eabi/lib/libc.a(lib_a-exit.o): in function `exit':
exit.c:(.text.exit+0x2c): undefined reference to `_exit'
collect2: error: ld returned 1 exit status


Compiling the CXX compiler identification source file "CMakeCXXCompilerId.cpp" failed.
Compiler: /Users/dylanmarcus/SDKs/gcc-arm-none-eabi-10-2020-q4-major/install-native/bin/arm-none-eabi-g++ 
Build flags: ;-mfloat-abi=hard;-std=c++14;-mcpu=cortex-m0;-mfloat-abi=hard;-std=c++14;-mcpu=cortex-m0
Id flags:  

The output was:
1
cc1plus: error: '-mfloat-abi=hard': selected processor lacks an FPU


Compiling the CXX compiler identification source file "CMakeCXXCompilerId.cpp" failed.
Compiler: /Users/dylanmarcus/SDKs/gcc-arm-none-eabi-10-2020-q4-major/install-native/bin/arm-none-eabi-g++ 
Build flags: ;-mfloat-abi=hard;-std=c++14;-mcpu=cortex-m0;-mfloat-abi=hard;-std=c++14;-mcpu=cortex-m0
Id flags: -c 

The output was:
1
cc1plus: error: '-mfloat-abi=hard': selected processor lacks an FPU


Compiling the CXX compiler identification source file "CMakeCXXCompilerId.cpp" failed.
Compiler: /Users/dylanmarcus/SDKs/gcc-arm-none-eabi-10-2020-q4-major/install-native/bin/arm-none-eabi-g++ 
Build flags: ;-mfloat-abi=hard;-std=c++14;-mcpu=cortex-m0;-mfloat-abi=hard;-std=c++14;-mcpu=cortex-m0
Id flags: --c++ 

The output was:
1
arm-none-eabi-g++: error: unrecognized command-line option '--c++'


Compiling the CXX compiler identification source file "CMakeCXXCompilerId.cpp" failed.
Compiler: /Users/dylanmarcus/SDKs/gcc-arm-none-eabi-10-2020-q4-major/install-native/bin/arm-none-eabi-g++ 
Build flags: ;-mfloat-abi=hard;-std=c++14;-mcpu=cortex-m0;-mfloat-abi=hard;-std=c++14;-mcpu=cortex-m0
Id flags: --ec++ 

The output was:
1
arm-none-eabi-g++: error: unrecognized command-line option '--ec++'; did you mean '-Weffc++'?


Compiling the CXX compiler identification source file "CMakeCXXCompilerId.cpp" failed.
Compiler: /Users/dylanmarcus/SDKs/gcc-arm-none-eabi-10-2020-q4-major/install-native/bin/arm-none-eabi-g++ 
Build flags: ;-mfloat-abi=hard;-std=c++14;-mcpu=cortex-m0;-mfloat-abi=hard;-std=c++14;-mcpu=cortex-m0
Id flags: --target=arm-arm-none-eabi;-mcpu=cortex-m3 

The output was:
1
arm-none-eabi-g++: error: unrecognized command-line option '--target=arm-arm-none-eabi'


Compiling the CXX compiler identification source file "CMakeCXXCompilerId.cpp" failed.
Compiler: /Users/dylanmarcus/SDKs/gcc-arm-none-eabi-10-2020-q4-major/install-native/bin/arm-none-eabi-g++ 
Build flags: 
Id flags:  

The output was:
1
/Users/dylanmarcus/SDKs/gcc-arm-none-eabi-10-2020-q4-major/install-native/lib/gcc/arm-none-eabi/10.2.1/../../../../arm-none-eabi/bin/ld: /Users/dylanmarcus/SDKs/gcc-arm-none-eabi-10-2020-q4-major/install-native/lib/gcc/arm-none-eabi/10.2.1/../../../../arm-none-eabi/lib/libc.a(lib_a-exit.o): in function `exit':
exit.c:(.text.exit+0x2c): undefined reference to `_exit'
collect2: error: ld returned 1 exit status


Detecting C compiler ABI info failed to compile with the following output:
Change Dir: /Volumes/git/m1-sdk/lib/_builds/CMakeFiles/CMakeTmp

Run Build Command(s):/usr/bin/make -f Makefile cmTC_9c777/fast && /Applications/Xcode.app/Contents/Developer/usr/bin/make  -f CMakeFiles/cmTC_9c777.dir/build.make CMakeFiles/cmTC_9c777.dir/build
Building C object CMakeFiles/cmTC_9c777.dir/CMakeCCompilerABI.c.obj
/Users/dylanmarcus/SDKs/gcc-arm-none-eabi-10-2020-q4-major/install-native/bin/arm-none-eabi-gcc   -v -o CMakeFiles/cmTC_9c777.dir/CMakeCCompilerABI.c.obj -c /usr/local/Cellar/cmake/3.20.0/share/cmake/Modules/CMakeCCompilerABI.c
Using built-in specs.
COLLECT_GCC=/Users/dylanmarcus/SDKs/gcc-arm-none-eabi-10-2020-q4-major/install-native/bin/arm-none-eabi-gcc
Target: arm-none-eabi
Configured with: /Users/dylanmarcus/SDKs/gcc-arm-none-eabi-10-2020-q4-major/src/gcc/configure --target=arm-none-eabi --prefix=/Users/dylanmarcus/SDKs/gcc-arm-none-eabi-10-2020-q4-major/install-native --libexecdir=/Users/dylanmarcus/SDKs/gcc-arm-none-eabi-10-2020-q4-major/install-native/lib --infodir=/Users/dylanmarcus/SDKs/gcc-arm-none-eabi-10-2020-q4-major/install-native/share/doc/gcc-arm-none-eabi/info --mandir=/Users/dylanmarcus/SDKs/gcc-arm-none-eabi-10-2020-q4-major/install-native/share/doc/gcc-arm-none-eabi/man --htmldir=/Users/dylanmarcus/SDKs/gcc-arm-none-eabi-10-2020-q4-major/install-native/share/doc/gcc-arm-none-eabi/html --pdfdir=/Users/dylanmarcus/SDKs/gcc-arm-none-eabi-10-2020-q4-major/install-native/share/doc/gcc-arm-none-eabi/pdf --enable-languages=c,c++ --enable-plugins --disable-decimal-float --disable-libffi --disable-libgomp --disable-libmudflap --disable-libquadmath --disable-libssp --disable-libstdcxx-pch --disable-nls --disable-shared --disable-threads --disable-tls --with-gnu-as --with-gnu-ld --with-newlib --with-headers=yes --with-python-dir=share/gcc-arm-none-eabi --with-sysroot=/Users/dylanmarcus/SDKs/gcc-arm-none-eabi-10-2020-q4-major/install-native/arm-none-eabi --build=x86_64-apple-darwin10 --host=x86_64-apple-darwin10 --with-gmp=/Users/dylanmarcus/SDKs/gcc-arm-none-eabi-10-2020-q4-major/build-native/host-libs/usr --with-mpfr=/Users/dylanmarcus/SDKs/gcc-arm-none-eabi-10-2020-q4-major/build-native/host-libs/usr --with-mpc=/Users/dylanmarcus/SDKs/gcc-arm-none-eabi-10-2020-q4-major/build-native/host-libs/usr --with-isl=/Users/dylanmarcus/SDKs/gcc-arm-none-eabi-10-2020-q4-major/build-native/host-libs/usr --with-libelf=/Users/dylanmarcus/SDKs/gcc-arm-none-eabi-10-2020-q4-major/build-native/host-libs/usr --with-host-libstdcxx='-static-libgcc -Wl,-lstdc++ -lm' --with-pkgversion='GNU Arm Embedded Toolchain 10-2021-q2-preview' --with-multilib-list=rmprofile
Thread model: single
Supported LTO compression algorithms: zlib zstd
gcc version 10.2.1 20201103 (release) (GNU Arm Embedded Toolchain 10-2021-q2-preview) 
COLLECT_GCC_OPTIONS='-v' '-o' 'CMakeFiles/cmTC_9c777.dir/CMakeCCompilerABI.c.obj' '-c' '-mcpu=arm7tdmi' '-mfloat-abi=soft' '-marm' '-march=armv4t'
 /Users/dylanmarcus/SDKs/gcc-arm-none-eabi-10-2020-q4-major/install-native/lib/gcc/arm-none-eabi/10.2.1/cc1 -quiet -v -D__USES_INITFINI__ /usr/local/Cellar/cmake/3.20.0/share/cmake/Modules/CMakeCCompilerABI.c -quiet -dumpbase CMakeCCompilerABI.c -mcpu=arm7tdmi -mfloat-abi=soft -marm -march=armv4t -auxbase-strip CMakeFiles/cmTC_9c777.dir/CMakeCCompilerABI.c.obj -version -o /var/folders/mh/hql7qhd159s799mvhvhxr17h0000gn/T//cctcq8XC.s
GNU C17 (GNU Arm Embedded Toolchain 10-2021-q2-preview) version 10.2.1 20201103 (release) (arm-none-eabi)
	compiled by GNU C version Apple LLVM 12.0.0 (clang-1200.0.32.29), GMP version 6.1.0, MPFR version 3.1.4, MPC version 1.0.3, isl version isl-0.18-GMP

GGC heuristics: --param ggc-min-expand=100 --param ggc-min-heapsize=131072
ignoring nonexistent directory "/Users/dylanmarcus/SDKs/gcc-arm-none-eabi-10-2020-q4-major/install-native/arm-none-eabi/usr/local/include"
ignoring nonexistent directory "/Users/dylanmarcus/SDKs/gcc-arm-none-eabi-10-2020-q4-major/install-native/arm-none-eabi/usr/include"
#include "..." search starts here:
#include <...> search starts here:
 /Users/dylanmarcus/SDKs/gcc-arm-none-eabi-10-2020-q4-major/install-native/lib/gcc/arm-none-eabi/10.2.1/include
 /Users/dylanmarcus/SDKs/gcc-arm-none-eabi-10-2020-q4-major/install-native/lib/gcc/arm-none-eabi/10.2.1/include-fixed
 /Users/dylanmarcus/SDKs/gcc-arm-none-eabi-10-2020-q4-major/install-native/lib/gcc/arm-none-eabi/10.2.1/../../../../arm-none-eabi/include
End of search list.
GNU C17 (GNU Arm Embedded Toolchain 10-2021-q2-preview) version 10.2.1 20201103 (release) (arm-none-eabi)
	compiled by GNU C version Apple LLVM 12.0.0 (clang-1200.0.32.29), GMP version 6.1.0, MPFR version 3.1.4, MPC version 1.0.3, isl version isl-0.18-GMP

GGC heuristics: --param ggc-min-expand=100 --param ggc-min-heapsize=131072
Compiler executable checksum: 91d528727a2f36d57bcd7a5b7c1ff71d
COLLECT_GCC_OPTIONS='-v' '-o' 'CMakeFiles/cmTC_9c777.dir/CMakeCCompilerABI.c.obj' '-c' '-mcpu=arm7tdmi' '-mfloat-abi=soft' '-marm' '-march=armv4t'
 /Users/dylanmarcus/SDKs/gcc-arm-none-eabi-10-2020-q4-major/install-native/lib/gcc/arm-none-eabi/10.2.1/../../../../arm-none-eabi/bin/as -v -march=armv4t -mfloat-abi=soft -meabi=5 -o CMakeFiles/cmTC_9c777.dir/CMakeCCompilerABI.c.obj /var/folders/mh/hql7qhd159s799mvhvhxr17h0000gn/T//cctcq8XC.s
GNU assembler version 2.35.1 (arm-none-eabi) using BFD version (GNU Arm Embedded Toolchain 10-2021-q2-preview) 2.35.1.20201028
COMPILER_PATH=/Users/dylanmarcus/SDKs/gcc-arm-none-eabi-10-2020-q4-major/install-native/lib/gcc/arm-none-eabi/10.2.1/:/Users/dylanmarcus/SDKs/gcc-arm-none-eabi-10-2020-q4-major/install-native/lib/gcc/arm-none-eabi/10.2.1/:/Users/dylanmarcus/SDKs/gcc-arm-none-eabi-10-2020-q4-major/install-native/lib/gcc/arm-none-eabi/:/Users/dylanmarcus/SDKs/gcc-arm-none-eabi-10-2020-q4-major/install-native/lib/gcc/arm-none-eabi/10.2.1/:/Users/dylanmarcus/SDKs/gcc-arm-none-eabi-10-2020-q4-major/install-native/lib/gcc/arm-none-eabi/:/Users/dylanmarcus/SDKs/gcc-arm-none-eabi-10-2020-q4-major/install-native/lib/gcc/arm-none-eabi/10.2.1/../../../../arm-none-eabi/bin/
LIBRARY_PATH=/Users/dylanmarcus/SDKs/gcc-arm-none-eabi-10-2020-q4-major/install-native/lib/gcc/arm-none-eabi/10.2.1/:/Users/dylanmarcus/SDKs/gcc-arm-none-eabi-10-2020-q4-major/install-native/lib/gcc/arm-none-eabi/10.2.1/../../../../arm-none-eabi/lib/:/Users/dylanmarcus/SDKs/gcc-arm-none-eabi-10-2020-q4-major/install-native/arm-none-eabi/lib/
COLLECT_GCC_OPTIONS='-v' '-o' 'CMakeFiles/cmTC_9c777.dir/CMakeCCompilerABI.c.obj' '-c' '-mcpu=arm7tdmi' '-mfloat-abi=soft' '-marm' '-march=armv4t'
Linking C executable cmTC_9c777
/usr/local/Cellar/cmake/3.20.0/bin/cmake -E cmake_link_script CMakeFiles/cmTC_9c777.dir/link.txt --verbose=1
/Users/dylanmarcus/SDKs/gcc-arm-none-eabi-10-2020-q4-major/install-native/bin/arm-none-eabi-gcc  -v CMakeFiles/cmTC_9c777.dir/CMakeCCompilerABI.c.obj -o cmTC_9c777 
Using built-in specs.
COLLECT_GCC=/Users/dylanmarcus/SDKs/gcc-arm-none-eabi-10-2020-q4-major/install-native/bin/arm-none-eabi-gcc
COLLECT_LTO_WRAPPER=/Users/dylanmarcus/SDKs/gcc-arm-none-eabi-10-2020-q4-major/install-native/lib/gcc/arm-none-eabi/10.2.1/lto-wrapper
Target: arm-none-eabi
Configured with: /Users/dylanmarcus/SDKs/gcc-arm-none-eabi-10-2020-q4-major/src/gcc/configure --target=arm-none-eabi --prefix=/Users/dylanmarcus/SDKs/gcc-arm-none-eabi-10-2020-q4-major/install-native --libexecdir=/Users/dylanmarcus/SDKs/gcc-arm-none-eabi-10-2020-q4-major/install-native/lib --infodir=/Users/dylanmarcus/SDKs/gcc-arm-none-eabi-10-2020-q4-major/install-native/share/doc/gcc-arm-none-eabi/info --mandir=/Users/dylanmarcus/SDKs/gcc-arm-none-eabi-10-2020-q4-major/install-native/share/doc/gcc-arm-none-eabi/man --htmldir=/Users/dylanmarcus/SDKs/gcc-arm-none-eabi-10-2020-q4-major/install-native/share/doc/gcc-arm-none-eabi/html --pdfdir=/Users/dylanmarcus/SDKs/gcc-arm-none-eabi-10-2020-q4-major/install-native/share/doc/gcc-arm-none-eabi/pdf --enable-languages=c,c++ --enable-plugins --disable-decimal-float --disable-libffi --disable-libgomp --disable-libmudflap --disable-libquadmath --disable-libssp --disable-libstdcxx-pch --disable-nls --disable-shared --disable-threads --disable-tls --with-gnu-as --with-gnu-ld --with-newlib --with-headers=yes --with-python-dir=share/gcc-arm-none-eabi --with-sysroot=/Users/dylanmarcus/SDKs/gcc-arm-none-eabi-10-2020-q4-major/install-native/arm-none-eabi --build=x86_64-apple-darwin10 --host=x86_64-apple-darwin10 --with-gmp=/Users/dylanmarcus/SDKs/gcc-arm-none-eabi-10-2020-q4-major/build-native/host-libs/usr --with-mpfr=/Users/dylanmarcus/SDKs/gcc-arm-none-eabi-10-2020-q4-major/build-native/host-libs/usr --with-mpc=/Users/dylanmarcus/SDKs/gcc-arm-none-eabi-10-2020-q4-major/build-native/host-libs/usr --with-isl=/Users/dylanmarcus/SDKs/gcc-arm-none-eabi-10-2020-q4-major/build-native/host-libs/usr --with-libelf=/Users/dylanmarcus/SDKs/gcc-arm-none-eabi-10-2020-q4-major/build-native/host-libs/usr --with-host-libstdcxx='-static-libgcc -Wl,-lstdc++ -lm' --with-pkgversion='GNU Arm Embedded Toolchain 10-2021-q2-preview' --with-multilib-list=rmprofile
Thread model: single
Supported LTO compression algorithms: zlib zstd
gcc version 10.2.1 20201103 (release) (GNU Arm Embedded Toolchain 10-2021-q2-preview) 
COMPILER_PATH=/Users/dylanmarcus/SDKs/gcc-arm-none-eabi-10-2020-q4-major/install-native/lib/gcc/arm-none-eabi/10.2.1/:/Users/dylanmarcus/SDKs/gcc-arm-none-eabi-10-2020-q4-major/install-native/lib/gcc/arm-none-eabi/10.2.1/:/Users/dylanmarcus/SDKs/gcc-arm-none-eabi-10-2020-q4-major/install-native/lib/gcc/arm-none-eabi/:/Users/dylanmarcus/SDKs/gcc-arm-none-eabi-10-2020-q4-major/install-native/lib/gcc/arm-none-eabi/10.2.1/:/Users/dylanmarcus/SDKs/gcc-arm-none-eabi-10-2020-q4-major/install-native/lib/gcc/arm-none-eabi/:/Users/dylanmarcus/SDKs/gcc-arm-none-eabi-10-2020-q4-major/install-native/lib/gcc/arm-none-eabi/10.2.1/../../../../arm-none-eabi/bin/
LIBRARY_PATH=/Users/dylanmarcus/SDKs/gcc-arm-none-eabi-10-2020-q4-major/install-native/lib/gcc/arm-none-eabi/10.2.1/:/Users/dylanmarcus/SDKs/gcc-arm-none-eabi-10-2020-q4-major/install-native/lib/gcc/arm-none-eabi/10.2.1/../../../../arm-none-eabi/lib/:/Users/dylanmarcus/SDKs/gcc-arm-none-eabi-10-2020-q4-major/install-native/arm-none-eabi/lib/
COLLECT_GCC_OPTIONS='-v' '-o' 'cmTC_9c777' '-mcpu=arm7tdmi' '-mfloat-abi=soft' '-marm' '-march=armv4t'
 /Users/dylanmarcus/SDKs/gcc-arm-none-eabi-10-2020-q4-major/install-native/lib/gcc/arm-none-eabi/10.2.1/collect2 -plugin /Users/dylanmarcus/SDKs/gcc-arm-none-eabi-10-2020-q4-major/install-native/lib/gcc/arm-none-eabi/10.2.1/liblto_plugin.so -plugin-opt=/Users/dylanmarcus/SDKs/gcc-arm-none-eabi-10-2020-q4-major/install-native/lib/gcc/arm-none-eabi/10.2.1/lto-wrapper -plugin-opt=-fresolution=/var/folders/mh/hql7qhd159s799mvhvhxr17h0000gn/T//ccFIKoav.res -plugin-opt=-pass-through=-lgcc -plugin-opt=-pass-through=-lc --sysroot=/Users/dylanmarcus/SDKs/gcc-arm-none-eabi-10-2020-q4-major/install-native/arm-none-eabi -X -o cmTC_9c777 /Users/dylanmarcus/SDKs/gcc-arm-none-eabi-10-2020-q4-major/install-native/lib/gcc/arm-none-eabi/10.2.1/crti.o /Users/dylanmarcus/SDKs/gcc-arm-none-eabi-10-2020-q4-major/install-native/lib/gcc/arm-none-eabi/10.2.1/crtbegin.o /Users/dylanmarcus/SDKs/gcc-arm-none-eabi-10-2020-q4-major/install-native/lib/gcc/arm-none-eabi/10.2.1/../../../../arm-none-eabi/lib/crt0.o -L/Users/dylanmarcus/SDKs/gcc-arm-none-eabi-10-2020-q4-major/install-native/lib/gcc/arm-none-eabi/10.2.1 -L/Users/dylanmarcus/SDKs/gcc-arm-none-eabi-10-2020-q4-major/install-native/lib/gcc/arm-none-eabi/10.2.1/../../../../arm-none-eabi/lib -L/Users/dylanmarcus/SDKs/gcc-arm-none-eabi-10-2020-q4-major/install-native/arm-none-eabi/lib CMakeFiles/cmTC_9c777.dir/CMakeCCompilerABI.c.obj --start-group -lgcc -lc --end-group /Users/dylanmarcus/SDKs/gcc-arm-none-eabi-10-2020-q4-major/install-native/lib/gcc/arm-none-eabi/10.2.1/crtend.o /Users/dylanmarcus/SDKs/gcc-arm-none-eabi-10-2020-q4-major/install-native/lib/gcc/arm-none-eabi/10.2.1/crtn.o
/Users/dylanmarcus/SDKs/gcc-arm-none-eabi-10-2020-q4-major/install-native/lib/gcc/arm-none-eabi/10.2.1/../../../../arm-none-eabi/bin/ld: /Users/dylanmarcus/SDKs/gcc-arm-none-eabi-10-2020-q4-major/install-native/lib/gcc/arm-none-eabi/10.2.1/../../../../arm-none-eabi/lib/libc.a(lib_a-exit.o): in function `exit':
exit.c:(.text.exit+0x2c): undefined reference to `_exit'
collect2: error: ld returned 1 exit status
make[1]: *** [cmTC_9c777] Error 1
make: *** [cmTC_9c777/fast] Error 2




Determining if the C compiler works failed with the following output:
Change Dir: /Volumes/git/m1-sdk/lib/_builds/CMakeFiles/CMakeTmp

Run Build Command(s):/usr/bin/make -f Makefile cmTC_52af4/fast && /Applications/Xcode.app/Contents/Developer/usr/bin/make  -f CMakeFiles/cmTC_52af4.dir/build.make CMakeFiles/cmTC_52af4.dir/build
Building C object CMakeFiles/cmTC_52af4.dir/testCCompiler.c.obj
/Users/dylanmarcus/SDKs/gcc-arm-none-eabi-10-2020-q4-major/install-native/bin/arm-none-eabi-gcc    -o CMakeFiles/cmTC_52af4.dir/testCCompiler.c.obj -c /Volumes/git/m1-sdk/lib/_builds/CMakeFiles/CMakeTmp/testCCompiler.c
Linking C executable cmTC_52af4
/usr/local/Cellar/cmake/3.20.0/bin/cmake -E cmake_link_script CMakeFiles/cmTC_52af4.dir/link.txt --verbose=1
/Users/dylanmarcus/SDKs/gcc-arm-none-eabi-10-2020-q4-major/install-native/bin/arm-none-eabi-gcc CMakeFiles/cmTC_52af4.dir/testCCompiler.c.obj -o cmTC_52af4 
/Users/dylanmarcus/SDKs/gcc-arm-none-eabi-10-2020-q4-major/install-native/lib/gcc/arm-none-eabi/10.2.1/../../../../arm-none-eabi/bin/ld: /Users/dylanmarcus/SDKs/gcc-arm-none-eabi-10-2020-q4-major/install-native/lib/gcc/arm-none-eabi/10.2.1/../../../../arm-none-eabi/lib/libc.a(lib_a-exit.o): in function `exit':
exit.c:(.text.exit+0x2c): undefined reference to `_exit'
collect2: error: ld returned 1 exit status
make[1]: *** [cmTC_52af4] Error 1
make: *** [cmTC_52af4/fast] Error 2



Compiling the C compiler identification source file "CMakeCCompilerId.c" failed.
Compiler: /Users/dylanmarcus/SDKs/gcc-arm-none-eabi-10-2020-q4-major/install-native/bin/arm-none-eabi-gcc 
Build flags: 
Id flags:  

The output was:
1
/Users/dylanmarcus/SDKs/gcc-arm-none-eabi-10-2020-q4-major/install-native/lib/gcc/arm-none-eabi/10.2.1/../../../../arm-none-eabi/bin/ld: /Users/dylanmarcus/SDKs/gcc-arm-none-eabi-10-2020-q4-major/install-native/lib/gcc/arm-none-eabi/10.2.1/../../../../arm-none-eabi/lib/libc.a(lib_a-exit.o): in function `exit':
exit.c:(.text.exit+0x2c): undefined reference to `_exit'
collect2: error: ld returned 1 exit status


Compiling the CXX compiler identification source file "CMakeCXXCompilerId.cpp" failed.
Compiler: /Users/dylanmarcus/SDKs/gcc-arm-none-eabi-10-2020-q4-major/install-native/bin/arm-none-eabi-g++ 
Build flags: 
Id flags:  

The output was:
1
/Users/dylanmarcus/SDKs/gcc-arm-none-eabi-10-2020-q4-major/install-native/lib/gcc/arm-none-eabi/10.2.1/../../../../arm-none-eabi/bin/ld: /Users/dylanmarcus/SDKs/gcc-arm-none-eabi-10-2020-q4-major/install-native/lib/gcc/arm-none-eabi/10.2.1/../../../../arm-none-eabi/lib/libc.a(lib_a-exit.o): in function `exit':
exit.c:(.text.exit+0x2c): undefined reference to `_exit'
collect2: error: ld returned 1 exit status


Detecting C compiler ABI info failed to compile with the following output:
Change Dir: /Volumes/git/m1-sdk/lib/_builds/CMakeFiles/CMakeTmp

Run Build Command(s):/usr/bin/make -f Makefile cmTC_c089e/fast && /Applications/Xcode.app/Contents/Developer/usr/bin/make  -f CMakeFiles/cmTC_c089e.dir/build.make CMakeFiles/cmTC_c089e.dir/build
Building C object CMakeFiles/cmTC_c089e.dir/CMakeCCompilerABI.c.obj
/Users/dylanmarcus/SDKs/gcc-arm-none-eabi-10-2020-q4-major/install-native/bin/arm-none-eabi-gcc   -v -o CMakeFiles/cmTC_c089e.dir/CMakeCCompilerABI.c.obj -c /usr/local/Cellar/cmake/3.20.0/share/cmake/Modules/CMakeCCompilerABI.c
Using built-in specs.
COLLECT_GCC=/Users/dylanmarcus/SDKs/gcc-arm-none-eabi-10-2020-q4-major/install-native/bin/arm-none-eabi-gcc
Target: arm-none-eabi
Configured with: /Users/dylanmarcus/SDKs/gcc-arm-none-eabi-10-2020-q4-major/src/gcc/configure --target=arm-none-eabi --prefix=/Users/dylanmarcus/SDKs/gcc-arm-none-eabi-10-2020-q4-major/install-native --libexecdir=/Users/dylanmarcus/SDKs/gcc-arm-none-eabi-10-2020-q4-major/install-native/lib --infodir=/Users/dylanmarcus/SDKs/gcc-arm-none-eabi-10-2020-q4-major/install-native/share/doc/gcc-arm-none-eabi/info --mandir=/Users/dylanmarcus/SDKs/gcc-arm-none-eabi-10-2020-q4-major/install-native/share/doc/gcc-arm-none-eabi/man --htmldir=/Users/dylanmarcus/SDKs/gcc-arm-none-eabi-10-2020-q4-major/install-native/share/doc/gcc-arm-none-eabi/html --pdfdir=/Users/dylanmarcus/SDKs/gcc-arm-none-eabi-10-2020-q4-major/install-native/share/doc/gcc-arm-none-eabi/pdf --enable-languages=c,c++ --enable-plugins --disable-decimal-float --disable-libffi --disable-libgomp --disable-libmudflap --disable-libquadmath --disable-libssp --disable-libstdcxx-pch --disable-nls --disable-shared --disable-threads --disable-tls --with-gnu-as --with-gnu-ld --with-newlib --with-headers=yes --with-python-dir=share/gcc-arm-none-eabi --with-sysroot=/Users/dylanmarcus/SDKs/gcc-arm-none-eabi-10-2020-q4-major/install-native/arm-none-eabi --build=x86_64-apple-darwin10 --host=x86_64-apple-darwin10 --with-gmp=/Users/dylanmarcus/SDKs/gcc-arm-none-eabi-10-2020-q4-major/build-native/host-libs/usr --with-mpfr=/Users/dylanmarcus/SDKs/gcc-arm-none-eabi-10-2020-q4-major/build-native/host-libs/usr --with-mpc=/Users/dylanmarcus/SDKs/gcc-arm-none-eabi-10-2020-q4-major/build-native/host-libs/usr --with-isl=/Users/dylanmarcus/SDKs/gcc-arm-none-eabi-10-2020-q4-major/build-native/host-libs/usr --with-libelf=/Users/dylanmarcus/SDKs/gcc-arm-none-eabi-10-2020-q4-major/build-native/host-libs/usr --with-host-libstdcxx='-static-libgcc -Wl,-lstdc++ -lm' --with-pkgversion='GNU Arm Embedded Toolchain 10-2021-q2-preview' --with-multilib-list=rmprofile
Thread model: single
Supported LTO compression algorithms: zlib zstd
gcc version 10.2.1 20201103 (release) (GNU Arm Embedded Toolchain 10-2021-q2-preview) 
COLLECT_GCC_OPTIONS='-v' '-o' 'CMakeFiles/cmTC_c089e.dir/CMakeCCompilerABI.c.obj' '-c' '-mcpu=arm7tdmi' '-mfloat-abi=soft' '-marm' '-march=armv4t'
 /Users/dylanmarcus/SDKs/gcc-arm-none-eabi-10-2020-q4-major/install-native/lib/gcc/arm-none-eabi/10.2.1/cc1 -quiet -v -D__USES_INITFINI__ /usr/local/Cellar/cmake/3.20.0/share/cmake/Modules/CMakeCCompilerABI.c -quiet -dumpbase CMakeCCompilerABI.c -mcpu=arm7tdmi -mfloat-abi=soft -marm -march=armv4t -auxbase-strip CMakeFiles/cmTC_c089e.dir/CMakeCCompilerABI.c.obj -version -o /var/folders/mh/hql7qhd159s799mvhvhxr17h0000gn/T//ccA4lRVt.s
GNU C17 (GNU Arm Embedded Toolchain 10-2021-q2-preview) version 10.2.1 20201103 (release) (arm-none-eabi)
	compiled by GNU C version Apple LLVM 12.0.0 (clang-1200.0.32.29), GMP version 6.1.0, MPFR version 3.1.4, MPC version 1.0.3, isl version isl-0.18-GMP

GGC heuristics: --param ggc-min-expand=100 --param ggc-min-heapsize=131072
ignoring nonexistent directory "/Users/dylanmarcus/SDKs/gcc-arm-none-eabi-10-2020-q4-major/install-native/arm-none-eabi/usr/local/include"
ignoring nonexistent directory "/Users/dylanmarcus/SDKs/gcc-arm-none-eabi-10-2020-q4-major/install-native/arm-none-eabi/usr/include"
#include "..." search starts here:
#include <...> search starts here:
 /Users/dylanmarcus/SDKs/gcc-arm-none-eabi-10-2020-q4-major/install-native/lib/gcc/arm-none-eabi/10.2.1/include
 /Users/dylanmarcus/SDKs/gcc-arm-none-eabi-10-2020-q4-major/install-native/lib/gcc/arm-none-eabi/10.2.1/include-fixed
 /Users/dylanmarcus/SDKs/gcc-arm-none-eabi-10-2020-q4-major/install-native/lib/gcc/arm-none-eabi/10.2.1/../../../../arm-none-eabi/include
End of search list.
GNU C17 (GNU Arm Embedded Toolchain 10-2021-q2-preview) version 10.2.1 20201103 (release) (arm-none-eabi)
	compiled by GNU C version Apple LLVM 12.0.0 (clang-1200.0.32.29), GMP version 6.1.0, MPFR version 3.1.4, MPC version 1.0.3, isl version isl-0.18-GMP

GGC heuristics: --param ggc-min-expand=100 --param ggc-min-heapsize=131072
Compiler executable checksum: 91d528727a2f36d57bcd7a5b7c1ff71d
COLLECT_GCC_OPTIONS='-v' '-o' 'CMakeFiles/cmTC_c089e.dir/CMakeCCompilerABI.c.obj' '-c' '-mcpu=arm7tdmi' '-mfloat-abi=soft' '-marm' '-march=armv4t'
 /Users/dylanmarcus/SDKs/gcc-arm-none-eabi-10-2020-q4-major/install-native/lib/gcc/arm-none-eabi/10.2.1/../../../../arm-none-eabi/bin/as -v -march=armv4t -mfloat-abi=soft -meabi=5 -o CMakeFiles/cmTC_c089e.dir/CMakeCCompilerABI.c.obj /var/folders/mh/hql7qhd159s799mvhvhxr17h0000gn/T//ccA4lRVt.s
GNU assembler version 2.35.1 (arm-none-eabi) using BFD version (GNU Arm Embedded Toolchain 10-2021-q2-preview) 2.35.1.20201028
COMPILER_PATH=/Users/dylanmarcus/SDKs/gcc-arm-none-eabi-10-2020-q4-major/install-native/lib/gcc/arm-none-eabi/10.2.1/:/Users/dylanmarcus/SDKs/gcc-arm-none-eabi-10-2020-q4-major/install-native/lib/gcc/arm-none-eabi/10.2.1/:/Users/dylanmarcus/SDKs/gcc-arm-none-eabi-10-2020-q4-major/install-native/lib/gcc/arm-none-eabi/:/Users/dylanmarcus/SDKs/gcc-arm-none-eabi-10-2020-q4-major/install-native/lib/gcc/arm-none-eabi/10.2.1/:/Users/dylanmarcus/SDKs/gcc-arm-none-eabi-10-2020-q4-major/install-native/lib/gcc/arm-none-eabi/:/Users/dylanmarcus/SDKs/gcc-arm-none-eabi-10-2020-q4-major/install-native/lib/gcc/arm-none-eabi/10.2.1/../../../../arm-none-eabi/bin/
LIBRARY_PATH=/Users/dylanmarcus/SDKs/gcc-arm-none-eabi-10-2020-q4-major/install-native/lib/gcc/arm-none-eabi/10.2.1/:/Users/dylanmarcus/SDKs/gcc-arm-none-eabi-10-2020-q4-major/install-native/lib/gcc/arm-none-eabi/10.2.1/../../../../arm-none-eabi/lib/:/Users/dylanmarcus/SDKs/gcc-arm-none-eabi-10-2020-q4-major/install-native/arm-none-eabi/lib/
COLLECT_GCC_OPTIONS='-v' '-o' 'CMakeFiles/cmTC_c089e.dir/CMakeCCompilerABI.c.obj' '-c' '-mcpu=arm7tdmi' '-mfloat-abi=soft' '-marm' '-march=armv4t'
Linking C executable cmTC_c089e
/usr/local/Cellar/cmake/3.20.0/bin/cmake -E cmake_link_script CMakeFiles/cmTC_c089e.dir/link.txt --verbose=1
/Users/dylanmarcus/SDKs/gcc-arm-none-eabi-10-2020-q4-major/install-native/bin/arm-none-eabi-gcc  -v CMakeFiles/cmTC_c089e.dir/CMakeCCompilerABI.c.obj -o cmTC_c089e 
Using built-in specs.
COLLECT_GCC=/Users/dylanmarcus/SDKs/gcc-arm-none-eabi-10-2020-q4-major/install-native/bin/arm-none-eabi-gcc
COLLECT_LTO_WRAPPER=/Users/dylanmarcus/SDKs/gcc-arm-none-eabi-10-2020-q4-major/install-native/lib/gcc/arm-none-eabi/10.2.1/lto-wrapper
Target: arm-none-eabi
Configured with: /Users/dylanmarcus/SDKs/gcc-arm-none-eabi-10-2020-q4-major/src/gcc/configure --target=arm-none-eabi --prefix=/Users/dylanmarcus/SDKs/gcc-arm-none-eabi-10-2020-q4-major/install-native --libexecdir=/Users/dylanmarcus/SDKs/gcc-arm-none-eabi-10-2020-q4-major/install-native/lib --infodir=/Users/dylanmarcus/SDKs/gcc-arm-none-eabi-10-2020-q4-major/install-native/share/doc/gcc-arm-none-eabi/info --mandir=/Users/dylanmarcus/SDKs/gcc-arm-none-eabi-10-2020-q4-major/install-native/share/doc/gcc-arm-none-eabi/man --htmldir=/Users/dylanmarcus/SDKs/gcc-arm-none-eabi-10-2020-q4-major/install-native/share/doc/gcc-arm-none-eabi/html --pdfdir=/Users/dylanmarcus/SDKs/gcc-arm-none-eabi-10-2020-q4-major/install-native/share/doc/gcc-arm-none-eabi/pdf --enable-languages=c,c++ --enable-plugins --disable-decimal-float --disable-libffi --disable-libgomp --disable-libmudflap --disable-libquadmath --disable-libssp --disable-libstdcxx-pch --disable-nls --disable-shared --disable-threads --disable-tls --with-gnu-as --with-gnu-ld --with-newlib --with-headers=yes --with-python-dir=share/gcc-arm-none-eabi --with-sysroot=/Users/dylanmarcus/SDKs/gcc-arm-none-eabi-10-2020-q4-major/install-native/arm-none-eabi --build=x86_64-apple-darwin10 --host=x86_64-apple-darwin10 --with-gmp=/Users/dylanmarcus/SDKs/gcc-arm-none-eabi-10-2020-q4-major/build-native/host-libs/usr --with-mpfr=/Users/dylanmarcus/SDKs/gcc-arm-none-eabi-10-2020-q4-major/build-native/host-libs/usr --with-mpc=/Users/dylanmarcus/SDKs/gcc-arm-none-eabi-10-2020-q4-major/build-native/host-libs/usr --with-isl=/Users/dylanmarcus/SDKs/gcc-arm-none-eabi-10-2020-q4-major/build-native/host-libs/usr --with-libelf=/Users/dylanmarcus/SDKs/gcc-arm-none-eabi-10-2020-q4-major/build-native/host-libs/usr --with-host-libstdcxx='-static-libgcc -Wl,-lstdc++ -lm' --with-pkgversion='GNU Arm Embedded Toolchain 10-2021-q2-preview' --with-multilib-list=rmprofile
Thread model: single
Supported LTO compression algorithms: zlib zstd
gcc version 10.2.1 20201103 (release) (GNU Arm Embedded Toolchain 10-2021-q2-preview) 
COMPILER_PATH=/Users/dylanmarcus/SDKs/gcc-arm-none-eabi-10-2020-q4-major/install-native/lib/gcc/arm-none-eabi/10.2.1/:/Users/dylanmarcus/SDKs/gcc-arm-none-eabi-10-2020-q4-major/install-native/lib/gcc/arm-none-eabi/10.2.1/:/Users/dylanmarcus/SDKs/gcc-arm-none-eabi-10-2020-q4-major/install-native/lib/gcc/arm-none-eabi/:/Users/dylanmarcus/SDKs/gcc-arm-none-eabi-10-2020-q4-major/install-native/lib/gcc/arm-none-eabi/10.2.1/:/Users/dylanmarcus/SDKs/gcc-arm-none-eabi-10-2020-q4-major/install-native/lib/gcc/arm-none-eabi/:/Users/dylanmarcus/SDKs/gcc-arm-none-eabi-10-2020-q4-major/install-native/lib/gcc/arm-none-eabi/10.2.1/../../../../arm-none-eabi/bin/
LIBRARY_PATH=/Users/dylanmarcus/SDKs/gcc-arm-none-eabi-10-2020-q4-major/install-native/lib/gcc/arm-none-eabi/10.2.1/:/Users/dylanmarcus/SDKs/gcc-arm-none-eabi-10-2020-q4-major/install-native/lib/gcc/arm-none-eabi/10.2.1/../../../../arm-none-eabi/lib/:/Users/dylanmarcus/SDKs/gcc-arm-none-eabi-10-2020-q4-major/install-native/arm-none-eabi/lib/
COLLECT_GCC_OPTIONS='-v' '-o' 'cmTC_c089e' '-mcpu=arm7tdmi' '-mfloat-abi=soft' '-marm' '-march=armv4t'
 /Users/dylanmarcus/SDKs/gcc-arm-none-eabi-10-2020-q4-major/install-native/lib/gcc/arm-none-eabi/10.2.1/collect2 -plugin /Users/dylanmarcus/SDKs/gcc-arm-none-eabi-10-2020-q4-major/install-native/lib/gcc/arm-none-eabi/10.2.1/liblto_plugin.so -plugin-opt=/Users/dylanmarcus/SDKs/gcc-arm-none-eabi-10-2020-q4-major/install-native/lib/gcc/arm-none-eabi/10.2.1/lto-wrapper -plugin-opt=-fresolution=/var/folders/mh/hql7qhd159s799mvhvhxr17h0000gn/T//ccd7MPpT.res -plugin-opt=-pass-through=-lgcc -plugin-opt=-pass-through=-lc --sysroot=/Users/dylanmarcus/SDKs/gcc-arm-none-eabi-10-2020-q4-major/install-native/arm-none-eabi -X -o cmTC_c089e /Users/dylanmarcus/SDKs/gcc-arm-none-eabi-10-2020-q4-major/install-native/lib/gcc/arm-none-eabi/10.2.1/crti.o /Users/dylanmarcus/SDKs/gcc-arm-none-eabi-10-2020-q4-major/install-native/lib/gcc/arm-none-eabi/10.2.1/crtbegin.o /Users/dylanmarcus/SDKs/gcc-arm-none-eabi-10-2020-q4-major/install-native/lib/gcc/arm-none-eabi/10.2.1/../../../../arm-none-eabi/lib/crt0.o -L/Users/dylanmarcus/SDKs/gcc-arm-none-eabi-10-2020-q4-major/install-native/lib/gcc/arm-none-eabi/10.2.1 -L/Users/dylanmarcus/SDKs/gcc-arm-none-eabi-10-2020-q4-major/install-native/lib/gcc/arm-none-eabi/10.2.1/../../../../arm-none-eabi/lib -L/Users/dylanmarcus/SDKs/gcc-arm-none-eabi-10-2020-q4-major/install-native/arm-none-eabi/lib CMakeFiles/cmTC_c089e.dir/CMakeCCompilerABI.c.obj --start-group -lgcc -lc --end-group /Users/dylanmarcus/SDKs/gcc-arm-none-eabi-10-2020-q4-major/install-native/lib/gcc/arm-none-eabi/10.2.1/crtend.o /Users/dylanmarcus/SDKs/gcc-arm-none-eabi-10-2020-q4-major/install-native/lib/gcc/arm-none-eabi/10.2.1/crtn.o
/Users/dylanmarcus/SDKs/gcc-arm-none-eabi-10-2020-q4-major/install-native/lib/gcc/arm-none-eabi/10.2.1/../../../../arm-none-eabi/bin/ld: /Users/dylanmarcus/SDKs/gcc-arm-none-eabi-10-2020-q4-major/install-native/lib/gcc/arm-none-eabi/10.2.1/../../../../arm-none-eabi/lib/libc.a(lib_a-exit.o): in function `exit':
exit.c:(.text.exit+0x2c): undefined reference to `_exit'
collect2: error: ld returned 1 exit status
make[1]: *** [cmTC_c089e] Error 1
make: *** [cmTC_c089e/fast] Error 2




Determining if the C compiler works failed with the following output:
Change Dir: /Volumes/git/m1-sdk/lib/_builds/CMakeFiles/CMakeTmp

Run Build Command(s):/usr/bin/make -f Makefile cmTC_3f8fb/fast && /Applications/Xcode.app/Contents/Developer/usr/bin/make  -f CMakeFiles/cmTC_3f8fb.dir/build.make CMakeFiles/cmTC_3f8fb.dir/build
Building C object CMakeFiles/cmTC_3f8fb.dir/testCCompiler.c.obj
/Users/dylanmarcus/SDKs/gcc-arm-none-eabi-10-2020-q4-major/install-native/bin/arm-none-eabi-gcc    -o CMakeFiles/cmTC_3f8fb.dir/testCCompiler.c.obj -c /Volumes/git/m1-sdk/lib/_builds/CMakeFiles/CMakeTmp/testCCompiler.c
Linking C executable cmTC_3f8fb
/usr/local/Cellar/cmake/3.20.0/bin/cmake -E cmake_link_script CMakeFiles/cmTC_3f8fb.dir/link.txt --verbose=1
/Users/dylanmarcus/SDKs/gcc-arm-none-eabi-10-2020-q4-major/install-native/bin/arm-none-eabi-gcc CMakeFiles/cmTC_3f8fb.dir/testCCompiler.c.obj -o cmTC_3f8fb 
/Users/dylanmarcus/SDKs/gcc-arm-none-eabi-10-2020-q4-major/install-native/lib/gcc/arm-none-eabi/10.2.1/../../../../arm-none-eabi/bin/ld: /Users/dylanmarcus/SDKs/gcc-arm-none-eabi-10-2020-q4-major/install-native/lib/gcc/arm-none-eabi/10.2.1/../../../../arm-none-eabi/lib/libc.a(lib_a-exit.o): in function `exit':
exit.c:(.text.exit+0x2c): undefined reference to `_exit'
collect2: error: ld returned 1 exit status
make[1]: *** [cmTC_3f8fb] Error 1
make: *** [cmTC_3f8fb/fast] Error 2



Compiling the C compiler identification source file "CMakeCCompilerId.c" failed.
Compiler: /Users/dylanmarcus/SDKs/gcc-arm-none-eabi-10-2020-q4-major/install-native/bin/arm-none-eabi-gcc 
Build flags: 
Id flags:  

The output was:
1
/Users/dylanmarcus/SDKs/gcc-arm-none-eabi-10-2020-q4-major/install-native/lib/gcc/arm-none-eabi/10.2.1/../../../../arm-none-eabi/bin/ld: /Users/dylanmarcus/SDKs/gcc-arm-none-eabi-10-2020-q4-major/install-native/lib/gcc/arm-none-eabi/10.2.1/../../../../arm-none-eabi/lib/libc.a(lib_a-exit.o): in function `exit':
exit.c:(.text.exit+0x2c): undefined reference to `_exit'
collect2: error: ld returned 1 exit status


Compiling the CXX compiler identification source file "CMakeCXXCompilerId.cpp" failed.
Compiler: /Users/dylanmarcus/SDKs/gcc-arm-none-eabi-10-2020-q4-major/install-native/bin/arm-none-eabi-g++ 
Build flags: 
Id flags:  

The output was:
1
/Users/dylanmarcus/SDKs/gcc-arm-none-eabi-10-2020-q4-major/install-native/lib/gcc/arm-none-eabi/10.2.1/../../../../arm-none-eabi/bin/ld: /Users/dylanmarcus/SDKs/gcc-arm-none-eabi-10-2020-q4-major/install-native/lib/gcc/arm-none-eabi/10.2.1/../../../../arm-none-eabi/lib/libc.a(lib_a-exit.o): in function `exit':
exit.c:(.text.exit+0x2c): undefined reference to `_exit'
collect2: error: ld returned 1 exit status


Detecting C compiler ABI info failed to compile with the following output:
Change Dir: /Volumes/git/m1-sdk/lib/_builds/CMakeFiles/CMakeTmp

Run Build Command(s):/usr/bin/make -f Makefile cmTC_1eecd/fast && /Applications/Xcode.app/Contents/Developer/usr/bin/make  -f CMakeFiles/cmTC_1eecd.dir/build.make CMakeFiles/cmTC_1eecd.dir/build
Building C object CMakeFiles/cmTC_1eecd.dir/CMakeCCompilerABI.c.obj
/Users/dylanmarcus/SDKs/gcc-arm-none-eabi-10-2020-q4-major/install-native/bin/arm-none-eabi-gcc   -v -o CMakeFiles/cmTC_1eecd.dir/CMakeCCompilerABI.c.obj -c /usr/local/Cellar/cmake/3.20.0/share/cmake/Modules/CMakeCCompilerABI.c
Using built-in specs.
COLLECT_GCC=/Users/dylanmarcus/SDKs/gcc-arm-none-eabi-10-2020-q4-major/install-native/bin/arm-none-eabi-gcc
Target: arm-none-eabi
Configured with: /Users/dylanmarcus/SDKs/gcc-arm-none-eabi-10-2020-q4-major/src/gcc/configure --target=arm-none-eabi --prefix=/Users/dylanmarcus/SDKs/gcc-arm-none-eabi-10-2020-q4-major/install-native --libexecdir=/Users/dylanmarcus/SDKs/gcc-arm-none-eabi-10-2020-q4-major/install-native/lib --infodir=/Users/dylanmarcus/SDKs/gcc-arm-none-eabi-10-2020-q4-major/install-native/share/doc/gcc-arm-none-eabi/info --mandir=/Users/dylanmarcus/SDKs/gcc-arm-none-eabi-10-2020-q4-major/install-native/share/doc/gcc-arm-none-eabi/man --htmldir=/Users/dylanmarcus/SDKs/gcc-arm-none-eabi-10-2020-q4-major/install-native/share/doc/gcc-arm-none-eabi/html --pdfdir=/Users/dylanmarcus/SDKs/gcc-arm-none-eabi-10-2020-q4-major/install-native/share/doc/gcc-arm-none-eabi/pdf --enable-languages=c,c++ --enable-plugins --disable-decimal-float --disable-libffi --disable-libgomp --disable-libmudflap --disable-libquadmath --disable-libssp --disable-libstdcxx-pch --disable-nls --disable-shared --disable-threads --disable-tls --with-gnu-as --with-gnu-ld --with-newlib --with-headers=yes --with-python-dir=share/gcc-arm-none-eabi --with-sysroot=/Users/dylanmarcus/SDKs/gcc-arm-none-eabi-10-2020-q4-major/install-native/arm-none-eabi --build=x86_64-apple-darwin10 --host=x86_64-apple-darwin10 --with-gmp=/Users/dylanmarcus/SDKs/gcc-arm-none-eabi-10-2020-q4-major/build-native/host-libs/usr --with-mpfr=/Users/dylanmarcus/SDKs/gcc-arm-none-eabi-10-2020-q4-major/build-native/host-libs/usr --with-mpc=/Users/dylanmarcus/SDKs/gcc-arm-none-eabi-10-2020-q4-major/build-native/host-libs/usr --with-isl=/Users/dylanmarcus/SDKs/gcc-arm-none-eabi-10-2020-q4-major/build-native/host-libs/usr --with-libelf=/Users/dylanmarcus/SDKs/gcc-arm-none-eabi-10-2020-q4-major/build-native/host-libs/usr --with-host-libstdcxx='-static-libgcc -Wl,-lstdc++ -lm' --with-pkgversion='GNU Arm Embedded Toolchain 10-2021-q2-preview' --with-multilib-list=rmprofile
Thread model: single
Supported LTO compression algorithms: zlib zstd
gcc version 10.2.1 20201103 (release) (GNU Arm Embedded Toolchain 10-2021-q2-preview) 
COLLECT_GCC_OPTIONS='-v' '-o' 'CMakeFiles/cmTC_1eecd.dir/CMakeCCompilerABI.c.obj' '-c' '-mcpu=arm7tdmi' '-mfloat-abi=soft' '-marm' '-march=armv4t'
 /Users/dylanmarcus/SDKs/gcc-arm-none-eabi-10-2020-q4-major/install-native/lib/gcc/arm-none-eabi/10.2.1/cc1 -quiet -v -D__USES_INITFINI__ /usr/local/Cellar/cmake/3.20.0/share/cmake/Modules/CMakeCCompilerABI.c -quiet -dumpbase CMakeCCompilerABI.c -mcpu=arm7tdmi -mfloat-abi=soft -marm -march=armv4t -auxbase-strip CMakeFiles/cmTC_1eecd.dir/CMakeCCompilerABI.c.obj -version -o /var/folders/mh/hql7qhd159s799mvhvhxr17h0000gn/T//ccN4fZag.s
GNU C17 (GNU Arm Embedded Toolchain 10-2021-q2-preview) version 10.2.1 20201103 (release) (arm-none-eabi)
	compiled by GNU C version Apple LLVM 12.0.0 (clang-1200.0.32.29), GMP version 6.1.0, MPFR version 3.1.4, MPC version 1.0.3, isl version isl-0.18-GMP

GGC heuristics: --param ggc-min-expand=100 --param ggc-min-heapsize=131072
ignoring nonexistent directory "/Users/dylanmarcus/SDKs/gcc-arm-none-eabi-10-2020-q4-major/install-native/arm-none-eabi/usr/local/include"
ignoring nonexistent directory "/Users/dylanmarcus/SDKs/gcc-arm-none-eabi-10-2020-q4-major/install-native/arm-none-eabi/usr/include"
#include "..." search starts here:
#include <...> search starts here:
 /Users/dylanmarcus/SDKs/gcc-arm-none-eabi-10-2020-q4-major/install-native/lib/gcc/arm-none-eabi/10.2.1/include
 /Users/dylanmarcus/SDKs/gcc-arm-none-eabi-10-2020-q4-major/install-native/lib/gcc/arm-none-eabi/10.2.1/include-fixed
 /Users/dylanmarcus/SDKs/gcc-arm-none-eabi-10-2020-q4-major/install-native/lib/gcc/arm-none-eabi/10.2.1/../../../../arm-none-eabi/include
End of search list.
GNU C17 (GNU Arm Embedded Toolchain 10-2021-q2-preview) version 10.2.1 20201103 (release) (arm-none-eabi)
	compiled by GNU C version Apple LLVM 12.0.0 (clang-1200.0.32.29), GMP version 6.1.0, MPFR version 3.1.4, MPC version 1.0.3, isl version isl-0.18-GMP

GGC heuristics: --param ggc-min-expand=100 --param ggc-min-heapsize=131072
Compiler executable checksum: 91d528727a2f36d57bcd7a5b7c1ff71d
COLLECT_GCC_OPTIONS='-v' '-o' 'CMakeFiles/cmTC_1eecd.dir/CMakeCCompilerABI.c.obj' '-c' '-mcpu=arm7tdmi' '-mfloat-abi=soft' '-marm' '-march=armv4t'
 /Users/dylanmarcus/SDKs/gcc-arm-none-eabi-10-2020-q4-major/install-native/lib/gcc/arm-none-eabi/10.2.1/../../../../arm-none-eabi/bin/as -v -march=armv4t -mfloat-abi=soft -meabi=5 -o CMakeFiles/cmTC_1eecd.dir/CMakeCCompilerABI.c.obj /var/folders/mh/hql7qhd159s799mvhvhxr17h0000gn/T//ccN4fZag.s
GNU assembler version 2.35.1 (arm-none-eabi) using BFD version (GNU Arm Embedded Toolchain 10-2021-q2-preview) 2.35.1.20201028
COMPILER_PATH=/Users/dylanmarcus/SDKs/gcc-arm-none-eabi-10-2020-q4-major/install-native/lib/gcc/arm-none-eabi/10.2.1/:/Users/dylanmarcus/SDKs/gcc-arm-none-eabi-10-2020-q4-major/install-native/lib/gcc/arm-none-eabi/10.2.1/:/Users/dylanmarcus/SDKs/gcc-arm-none-eabi-10-2020-q4-major/install-native/lib/gcc/arm-none-eabi/:/Users/dylanmarcus/SDKs/gcc-arm-none-eabi-10-2020-q4-major/install-native/lib/gcc/arm-none-eabi/10.2.1/:/Users/dylanmarcus/SDKs/gcc-arm-none-eabi-10-2020-q4-major/install-native/lib/gcc/arm-none-eabi/:/Users/dylanmarcus/SDKs/gcc-arm-none-eabi-10-2020-q4-major/install-native/lib/gcc/arm-none-eabi/10.2.1/../../../../arm-none-eabi/bin/
LIBRARY_PATH=/Users/dylanmarcus/SDKs/gcc-arm-none-eabi-10-2020-q4-major/install-native/lib/gcc/arm-none-eabi/10.2.1/:/Users/dylanmarcus/SDKs/gcc-arm-none-eabi-10-2020-q4-major/install-native/lib/gcc/arm-none-eabi/10.2.1/../../../../arm-none-eabi/lib/:/Users/dylanmarcus/SDKs/gcc-arm-none-eabi-10-2020-q4-major/install-native/arm-none-eabi/lib/
COLLECT_GCC_OPTIONS='-v' '-o' 'CMakeFiles/cmTC_1eecd.dir/CMakeCCompilerABI.c.obj' '-c' '-mcpu=arm7tdmi' '-mfloat-abi=soft' '-marm' '-march=armv4t'
Linking C executable cmTC_1eecd
/usr/local/Cellar/cmake/3.20.0/bin/cmake -E cmake_link_script CMakeFiles/cmTC_1eecd.dir/link.txt --verbose=1
/Users/dylanmarcus/SDKs/gcc-arm-none-eabi-10-2020-q4-major/install-native/bin/arm-none-eabi-gcc  -v CMakeFiles/cmTC_1eecd.dir/CMakeCCompilerABI.c.obj -o cmTC_1eecd 
Using built-in specs.
COLLECT_GCC=/Users/dylanmarcus/SDKs/gcc-arm-none-eabi-10-2020-q4-major/install-native/bin/arm-none-eabi-gcc
COLLECT_LTO_WRAPPER=/Users/dylanmarcus/SDKs/gcc-arm-none-eabi-10-2020-q4-major/install-native/lib/gcc/arm-none-eabi/10.2.1/lto-wrapper
Target: arm-none-eabi
Configured with: /Users/dylanmarcus/SDKs/gcc-arm-none-eabi-10-2020-q4-major/src/gcc/configure --target=arm-none-eabi --prefix=/Users/dylanmarcus/SDKs/gcc-arm-none-eabi-10-2020-q4-major/install-native --libexecdir=/Users/dylanmarcus/SDKs/gcc-arm-none-eabi-10-2020-q4-major/install-native/lib --infodir=/Users/dylanmarcus/SDKs/gcc-arm-none-eabi-10-2020-q4-major/install-native/share/doc/gcc-arm-none-eabi/info --mandir=/Users/dylanmarcus/SDKs/gcc-arm-none-eabi-10-2020-q4-major/install-native/share/doc/gcc-arm-none-eabi/man --htmldir=/Users/dylanmarcus/SDKs/gcc-arm-none-eabi-10-2020-q4-major/install-native/share/doc/gcc-arm-none-eabi/html --pdfdir=/Users/dylanmarcus/SDKs/gcc-arm-none-eabi-10-2020-q4-major/install-native/share/doc/gcc-arm-none-eabi/pdf --enable-languages=c,c++ --enable-plugins --disable-decimal-float --disable-libffi --disable-libgomp --disable-libmudflap --disable-libquadmath --disable-libssp --disable-libstdcxx-pch --disable-nls --disable-shared --disable-threads --disable-tls --with-gnu-as --with-gnu-ld --with-newlib --with-headers=yes --with-python-dir=share/gcc-arm-none-eabi --with-sysroot=/Users/dylanmarcus/SDKs/gcc-arm-none-eabi-10-2020-q4-major/install-native/arm-none-eabi --build=x86_64-apple-darwin10 --host=x86_64-apple-darwin10 --with-gmp=/Users/dylanmarcus/SDKs/gcc-arm-none-eabi-10-2020-q4-major/build-native/host-libs/usr --with-mpfr=/Users/dylanmarcus/SDKs/gcc-arm-none-eabi-10-2020-q4-major/build-native/host-libs/usr --with-mpc=/Users/dylanmarcus/SDKs/gcc-arm-none-eabi-10-2020-q4-major/build-native/host-libs/usr --with-isl=/Users/dylanmarcus/SDKs/gcc-arm-none-eabi-10-2020-q4-major/build-native/host-libs/usr --with-libelf=/Users/dylanmarcus/SDKs/gcc-arm-none-eabi-10-2020-q4-major/build-native/host-libs/usr --with-host-libstdcxx='-static-libgcc -Wl,-lstdc++ -lm' --with-pkgversion='GNU Arm Embedded Toolchain 10-2021-q2-preview' --with-multilib-list=rmprofile
Thread model: single
Supported LTO compression algorithms: zlib zstd
gcc version 10.2.1 20201103 (release) (GNU Arm Embedded Toolchain 10-2021-q2-preview) 
COMPILER_PATH=/Users/dylanmarcus/SDKs/gcc-arm-none-eabi-10-2020-q4-major/install-native/lib/gcc/arm-none-eabi/10.2.1/:/Users/dylanmarcus/SDKs/gcc-arm-none-eabi-10-2020-q4-major/install-native/lib/gcc/arm-none-eabi/10.2.1/:/Users/dylanmarcus/SDKs/gcc-arm-none-eabi-10-2020-q4-major/install-native/lib/gcc/arm-none-eabi/:/Users/dylanmarcus/SDKs/gcc-arm-none-eabi-10-2020-q4-major/install-native/lib/gcc/arm-none-eabi/10.2.1/:/Users/dylanmarcus/SDKs/gcc-arm-none-eabi-10-2020-q4-major/install-native/lib/gcc/arm-none-eabi/:/Users/dylanmarcus/SDKs/gcc-arm-none-eabi-10-2020-q4-major/install-native/lib/gcc/arm-none-eabi/10.2.1/../../../../arm-none-eabi/bin/
LIBRARY_PATH=/Users/dylanmarcus/SDKs/gcc-arm-none-eabi-10-2020-q4-major/install-native/lib/gcc/arm-none-eabi/10.2.1/:/Users/dylanmarcus/SDKs/gcc-arm-none-eabi-10-2020-q4-major/install-native/lib/gcc/arm-none-eabi/10.2.1/../../../../arm-none-eabi/lib/:/Users/dylanmarcus/SDKs/gcc-arm-none-eabi-10-2020-q4-major/install-native/arm-none-eabi/lib/
COLLECT_GCC_OPTIONS='-v' '-o' 'cmTC_1eecd' '-mcpu=arm7tdmi' '-mfloat-abi=soft' '-marm' '-march=armv4t'
 /Users/dylanmarcus/SDKs/gcc-arm-none-eabi-10-2020-q4-major/install-native/lib/gcc/arm-none-eabi/10.2.1/collect2 -plugin /Users/dylanmarcus/SDKs/gcc-arm-none-eabi-10-2020-q4-major/install-native/lib/gcc/arm-none-eabi/10.2.1/liblto_plugin.so -plugin-opt=/Users/dylanmarcus/SDKs/gcc-arm-none-eabi-10-2020-q4-major/install-native/lib/gcc/arm-none-eabi/10.2.1/lto-wrapper -plugin-opt=-fresolution=/var/folders/mh/hql7qhd159s799mvhvhxr17h0000gn/T//ccuDFgRQ.res -plugin-opt=-pass-through=-lgcc -plugin-opt=-pass-through=-lc --sysroot=/Users/dylanmarcus/SDKs/gcc-arm-none-eabi-10-2020-q4-major/install-native/arm-none-eabi -X -o cmTC_1eecd /Users/dylanmarcus/SDKs/gcc-arm-none-eabi-10-2020-q4-major/install-native/lib/gcc/arm-none-eabi/10.2.1/crti.o /Users/dylanmarcus/SDKs/gcc-arm-none-eabi-10-2020-q4-major/install-native/lib/gcc/arm-none-eabi/10.2.1/crtbegin.o /Users/dylanmarcus/SDKs/gcc-arm-none-eabi-10-2020-q4-major/install-native/lib/gcc/arm-none-eabi/10.2.1/../../../../arm-none-eabi/lib/crt0.o -L/Users/dylanmarcus/SDKs/gcc-arm-none-eabi-10-2020-q4-major/install-native/lib/gcc/arm-none-eabi/10.2.1 -L/Users/dylanmarcus/SDKs/gcc-arm-none-eabi-10-2020-q4-major/install-native/lib/gcc/arm-none-eabi/10.2.1/../../../../arm-none-eabi/lib -L/Users/dylanmarcus/SDKs/gcc-arm-none-eabi-10-2020-q4-major/install-native/arm-none-eabi/lib CMakeFiles/cmTC_1eecd.dir/CMakeCCompilerABI.c.obj --start-group -lgcc -lc --end-group /Users/dylanmarcus/SDKs/gcc-arm-none-eabi-10-2020-q4-major/install-native/lib/gcc/arm-none-eabi/10.2.1/crtend.o /Users/dylanmarcus/SDKs/gcc-arm-none-eabi-10-2020-q4-major/install-native/lib/gcc/arm-none-eabi/10.2.1/crtn.o
/Users/dylanmarcus/SDKs/gcc-arm-none-eabi-10-2020-q4-major/install-native/lib/gcc/arm-none-eabi/10.2.1/../../../../arm-none-eabi/bin/ld: /Users/dylanmarcus/SDKs/gcc-arm-none-eabi-10-2020-q4-major/install-native/lib/gcc/arm-none-eabi/10.2.1/../../../../arm-none-eabi/lib/libc.a(lib_a-exit.o): in function `exit':
exit.c:(.text.exit+0x2c): undefined reference to `_exit'
collect2: error: ld returned 1 exit status
make[1]: *** [cmTC_1eecd] Error 1
make: *** [cmTC_1eecd/fast] Error 2




Determining if the C compiler works failed with the following output:
Change Dir: /Volumes/git/m1-sdk/lib/_builds/CMakeFiles/CMakeTmp

Run Build Command(s):/usr/bin/make -f Makefile cmTC_424f6/fast && /Applications/Xcode.app/Contents/Developer/usr/bin/make  -f CMakeFiles/cmTC_424f6.dir/build.make CMakeFiles/cmTC_424f6.dir/build
Building C object CMakeFiles/cmTC_424f6.dir/testCCompiler.c.obj
/Users/dylanmarcus/SDKs/gcc-arm-none-eabi-10-2020-q4-major/install-native/bin/arm-none-eabi-gcc    -o CMakeFiles/cmTC_424f6.dir/testCCompiler.c.obj -c /Volumes/git/m1-sdk/lib/_builds/CMakeFiles/CMakeTmp/testCCompiler.c
Linking C executable cmTC_424f6
/usr/local/Cellar/cmake/3.20.0/bin/cmake -E cmake_link_script CMakeFiles/cmTC_424f6.dir/link.txt --verbose=1
/Users/dylanmarcus/SDKs/gcc-arm-none-eabi-10-2020-q4-major/install-native/bin/arm-none-eabi-gcc CMakeFiles/cmTC_424f6.dir/testCCompiler.c.obj -o cmTC_424f6 
/Users/dylanmarcus/SDKs/gcc-arm-none-eabi-10-2020-q4-major/install-native/lib/gcc/arm-none-eabi/10.2.1/../../../../arm-none-eabi/bin/ld: /Users/dylanmarcus/SDKs/gcc-arm-none-eabi-10-2020-q4-major/install-native/lib/gcc/arm-none-eabi/10.2.1/../../../../arm-none-eabi/lib/libc.a(lib_a-exit.o): in function `exit':
exit.c:(.text.exit+0x2c): undefined reference to `_exit'
collect2: error: ld returned 1 exit status
make[1]: *** [cmTC_424f6] Error 1
make: *** [cmTC_424f6/fast] Error 2



Compiling the C compiler identification source file "CMakeCCompilerId.c" failed.
Compiler: /Users/dylanmarcus/SDKs/gcc-arm-none-eabi-10-2020-q4-major/install-native/bin/arm-none-eabi-gcc 
Build flags: 
Id flags:  

The output was:
1
/Users/dylanmarcus/SDKs/gcc-arm-none-eabi-10-2020-q4-major/install-native/lib/gcc/arm-none-eabi/10.2.1/../../../../arm-none-eabi/bin/ld: /Users/dylanmarcus/SDKs/gcc-arm-none-eabi-10-2020-q4-major/install-native/lib/gcc/arm-none-eabi/10.2.1/../../../../arm-none-eabi/lib/libc.a(lib_a-exit.o): in function `exit':
exit.c:(.text.exit+0x2c): undefined reference to `_exit'
collect2: error: ld returned 1 exit status


Compiling the CXX compiler identification source file "CMakeCXXCompilerId.cpp" failed.
Compiler: /Users/dylanmarcus/SDKs/gcc-arm-none-eabi-10-2020-q4-major/install-native/bin/arm-none-eabi-g++ 
Build flags: 
Id flags:  

The output was:
1
/Users/dylanmarcus/SDKs/gcc-arm-none-eabi-10-2020-q4-major/install-native/lib/gcc/arm-none-eabi/10.2.1/../../../../arm-none-eabi/bin/ld: /Users/dylanmarcus/SDKs/gcc-arm-none-eabi-10-2020-q4-major/install-native/lib/gcc/arm-none-eabi/10.2.1/../../../../arm-none-eabi/lib/libc.a(lib_a-exit.o): in function `exit':
exit.c:(.text.exit+0x2c): undefined reference to `_exit'
collect2: error: ld returned 1 exit status


