The target system is: Android - 21 - armv7-a
The host system is: Darwin - 20.6.0 - x86_64
Compiling the C compiler identification source file "CMakeCCompilerId.c" succeeded.
Compiler: /Users/dylanmarcus/SDKs/Android/ndk/21.0.6113669/toolchains/llvm/prebuilt/darwin-x86_64/bin/clang 
Build flags: 
Id flags: -c 

The output was:
0


Compilation of the C compiler identification source "CMakeCCompilerId.c" produced "CMakeCCompilerId.o"

The C compiler identification is Clang, found in "/Volumes/git/m1-sdk/lib/_builds/android-ndk-r16b-api-21-armeabi-v7a-neon-clang-libcxx-Release/CMakeFiles/3.21.4/CompilerIdC/CMakeCCompilerId.o"

Compiling the CXX compiler identification source file "CMakeCXXCompilerId.cpp" succeeded.
Compiler: /Users/dylanmarcus/SDKs/Android/ndk/21.0.6113669/toolchains/llvm/prebuilt/darwin-x86_64/bin/clang++ 
Build flags: -std=c++11
Id flags: -c 

The output was:
0


Compilation of the CXX compiler identification source "CMakeCXXCompilerId.cpp" produced "CMakeCXXCompilerId.o"

The CXX compiler identification is Clang, found in "/Volumes/git/m1-sdk/lib/_builds/android-ndk-r16b-api-21-armeabi-v7a-neon-clang-libcxx-Release/CMakeFiles/3.21.4/CompilerIdCXX/CMakeCXXCompilerId.o"

Detecting C compiler ABI info compiled with the following output:
Change Dir: /Volumes/git/m1-sdk/lib/_builds/android-ndk-r16b-api-21-armeabi-v7a-neon-clang-libcxx-Release/CMakeFiles/CMakeTmp

Run Build Command(s):/usr/bin/make -f Makefile cmTC_75509/fast && /Applications/Xcode.app/Contents/Developer/usr/bin/make  -f CMakeFiles/cmTC_75509.dir/build.make CMakeFiles/cmTC_75509.dir/build
Building C object CMakeFiles/cmTC_75509.dir/CMakeCCompilerABI.c.o
/Users/dylanmarcus/SDKs/Android/ndk/21.0.6113669/toolchains/llvm/prebuilt/darwin-x86_64/bin/clang --target=armv7-none-linux-androideabi21 -DANDROID  -march=armv7-a -marm -mfpu=neon -mfloat-abi=softfp -funwind-tables -no-canonical-prefixes -fexceptions  -O2 -g -DNDEBUG -fPIE   -v -MD -MT CMakeFiles/cmTC_75509.dir/CMakeCCompilerABI.c.o -MF CMakeFiles/cmTC_75509.dir/CMakeCCompilerABI.c.o.d -o CMakeFiles/cmTC_75509.dir/CMakeCCompilerABI.c.o -c /usr/local/Cellar/cmake/3.21.4/share/cmake/Modules/CMakeCCompilerABI.c
Android (5900059 based on r365631c) clang version 9.0.8 (https://android.googlesource.com/toolchain/llvm-project 207d7abc1a2abf3ef8d4301736d6a7ebc224a290) (based on LLVM 9.0.8svn)
Target: armv7-none-linux-android21
Thread model: posix
InstalledDir: /Users/dylanmarcus/SDKs/Android/ndk/21.0.6113669/toolchains/llvm/prebuilt/darwin-x86_64/bin
Found candidate GCC installation: /Users/dylanmarcus/SDKs/Android/ndk/21.0.6113669/toolchains/llvm/prebuilt/darwin-x86_64/bin/../lib/gcc/arm-linux-androideabi/4.9.x
Selected GCC installation: /Users/dylanmarcus/SDKs/Android/ndk/21.0.6113669/toolchains/llvm/prebuilt/darwin-x86_64/bin/../lib/gcc/arm-linux-androideabi/4.9.x
Candidate multilib: thumb;@mthumb
Candidate multilib: armv7-a;@march=armv7-a
Candidate multilib: armv7-a/thumb;@march=armv7-a@mthumb
Candidate multilib: .;
Selected multilib: armv7-a;@march=armv7-a
 "/Users/dylanmarcus/SDKs/Android/ndk/21.0.6113669/toolchains/llvm/prebuilt/darwin-x86_64/bin/clang" -cc1 -triple armv7-none-linux-android21 -emit-obj -mnoexecstack -disable-free -disable-llvm-verifier -discard-value-names -main-file-name CMakeCCompilerABI.c -mrelocation-model pic -pic-level 2 -pic-is-pie -mthread-model posix -mdisable-fp-elim -masm-verbose -mconstructor-aliases -munwind-tables -fuse-init-array -target-cpu generic -target-feature +soft-float-abi -target-feature +fpregs -target-feature +vfp2 -target-feature +vfp2d16 -target-feature +vfp2d16sp -target-feature +vfp2sp -target-feature +vfp3 -target-feature +vfp3d16 -target-feature +vfp3d16sp -target-feature +vfp3sp -target-feature -fp16 -target-feature -vfp4 -target-feature -vfp4d16 -target-feature -vfp4d16sp -target-feature -vfp4sp -target-feature -fp-armv8 -target-feature -fp-armv8d16 -target-feature -fp-armv8d16sp -target-feature -fp-armv8sp -target-feature -fullfp16 -target-feature +fp64 -target-feature +d32 -target-feature +neon -target-feature -crypto -target-feature -fp16fml -target-abi aapcs-linux -mfloat-abi soft -fallow-half-arguments-and-returns -dwarf-column-info -debug-info-kind=limited -dwarf-version=4 -debugger-tuning=gdb -target-linker-version 241.9 -v -coverage-notes-file /Volumes/git/m1-sdk/lib/_builds/android-ndk-r16b-api-21-armeabi-v7a-neon-clang-libcxx-Release/CMakeFiles/CMakeTmp/CMakeFiles/cmTC_75509.dir/CMakeCCompilerABI.c.gcno -resource-dir /Users/dylanmarcus/SDKs/Android/ndk/21.0.6113669/toolchains/llvm/prebuilt/darwin-x86_64/lib64/clang/9.0.8 -dependency-file CMakeFiles/cmTC_75509.dir/CMakeCCompilerABI.c.o.d -sys-header-deps -MT CMakeFiles/cmTC_75509.dir/CMakeCCompilerABI.c.o -D ANDROID -D NDEBUG -internal-isystem /Users/dylanmarcus/SDKs/Android/ndk/21.0.6113669/toolchains/llvm/prebuilt/darwin-x86_64/bin/../sysroot/usr/local/include -internal-isystem /Users/dylanmarcus/SDKs/Android/ndk/21.0.6113669/toolchains/llvm/prebuilt/darwin-x86_64/lib64/clang/9.0.8/include -internal-externc-isystem /Users/dylanmarcus/SDKs/Android/ndk/21.0.6113669/toolchains/llvm/prebuilt/darwin-x86_64/bin/../sysroot/usr/include/arm-linux-androideabi -internal-externc-isystem /Users/dylanmarcus/SDKs/Android/ndk/21.0.6113669/toolchains/llvm/prebuilt/darwin-x86_64/bin/../sysroot/include -internal-externc-isystem /Users/dylanmarcus/SDKs/Android/ndk/21.0.6113669/toolchains/llvm/prebuilt/darwin-x86_64/bin/../sysroot/usr/include -O2 -fdebug-compilation-dir /Volumes/git/m1-sdk/lib/_builds/android-ndk-r16b-api-21-armeabi-v7a-neon-clang-libcxx-Release/CMakeFiles/CMakeTmp -ferror-limit 19 -fmessage-length 0 -fno-signed-char -fobjc-runtime=gcc -fexceptions -fdiagnostics-show-option -vectorize-loops -vectorize-slp -o CMakeFiles/cmTC_75509.dir/CMakeCCompilerABI.c.o -x c /usr/local/Cellar/cmake/3.21.4/share/cmake/Modules/CMakeCCompilerABI.c
clang -cc1 version 9.0.8 based upon LLVM 9.0.8svn default target x86_64-apple-darwin20.6.0
ignoring nonexistent directory "/Users/dylanmarcus/SDKs/Android/ndk/21.0.6113669/toolchains/llvm/prebuilt/darwin-x86_64/bin/../sysroot/include"
#include "..." search starts here:
#include <...> search starts here:
 /Users/dylanmarcus/SDKs/Android/ndk/21.0.6113669/toolchains/llvm/prebuilt/darwin-x86_64/bin/../sysroot/usr/local/include
 /Users/dylanmarcus/SDKs/Android/ndk/21.0.6113669/toolchains/llvm/prebuilt/darwin-x86_64/lib64/clang/9.0.8/include
 /Users/dylanmarcus/SDKs/Android/ndk/21.0.6113669/toolchains/llvm/prebuilt/darwin-x86_64/bin/../sysroot/usr/include/arm-linux-androideabi
 /Users/dylanmarcus/SDKs/Android/ndk/21.0.6113669/toolchains/llvm/prebuilt/darwin-x86_64/bin/../sysroot/usr/include
End of search list.
Linking C executable cmTC_75509
/usr/local/Cellar/cmake/3.21.4/bin/cmake -E cmake_link_script CMakeFiles/cmTC_75509.dir/link.txt --verbose=1
/Users/dylanmarcus/SDKs/Android/ndk/21.0.6113669/toolchains/llvm/prebuilt/darwin-x86_64/bin/clang --target=armv7-none-linux-androideabi21 -march=armv7-a -marm -mfpu=neon -mfloat-abi=softfp -funwind-tables -no-canonical-prefixes -fexceptions  -O2 -g -DNDEBUG -Wl,--fix-cortex-a8  -Wl,--gc-sections -Wl,-z,nocopyreloc -L/usr/local/opt/libffi/lib -v -fPIE -pie CMakeFiles/cmTC_75509.dir/CMakeCCompilerABI.c.o -o cmTC_75509   -latomic -lm 
Android (5900059 based on r365631c) clang version 9.0.8 (https://android.googlesource.com/toolchain/llvm-project 207d7abc1a2abf3ef8d4301736d6a7ebc224a290) (based on LLVM 9.0.8svn)
Target: armv7-none-linux-android21
Thread model: posix
InstalledDir: /Users/dylanmarcus/SDKs/Android/ndk/21.0.6113669/toolchains/llvm/prebuilt/darwin-x86_64/bin
Found candidate GCC installation: /Users/dylanmarcus/SDKs/Android/ndk/21.0.6113669/toolchains/llvm/prebuilt/darwin-x86_64/bin/../lib/gcc/arm-linux-androideabi/4.9.x
Selected GCC installation: /Users/dylanmarcus/SDKs/Android/ndk/21.0.6113669/toolchains/llvm/prebuilt/darwin-x86_64/bin/../lib/gcc/arm-linux-androideabi/4.9.x
Candidate multilib: thumb;@mthumb
Candidate multilib: armv7-a;@march=armv7-a
Candidate multilib: armv7-a/thumb;@march=armv7-a@mthumb
Candidate multilib: .;
Selected multilib: armv7-a;@march=armv7-a
 "/Users/dylanmarcus/SDKs/Android/ndk/21.0.6113669/toolchains/llvm/prebuilt/darwin-x86_64/bin/../lib/gcc/arm-linux-androideabi/4.9.x/../../../../arm-linux-androideabi/bin/ld" -pie -z noexecstack -EL --warn-shared-textrel -z now -z relro -X --hash-style=both --enable-new-dtags --eh-frame-hdr -m armelf_linux_eabi -dynamic-linker /system/bin/linker -o cmTC_75509 /Users/dylanmarcus/SDKs/Android/ndk/21.0.6113669/toolchains/llvm/prebuilt/darwin-x86_64/bin/../sysroot/usr/lib/arm-linux-androideabi/21/crtbegin_dynamic.o -L/usr/local/opt/libffi/lib -L/Users/dylanmarcus/SDKs/Android/ndk/21.0.6113669/toolchains/llvm/prebuilt/darwin-x86_64/lib64/clang/9.0.8/lib/linux/arm -L/Users/dylanmarcus/SDKs/Android/ndk/21.0.6113669/toolchains/llvm/prebuilt/darwin-x86_64/bin/../lib/gcc/arm-linux-androideabi/4.9.x/armv7-a -L/Users/dylanmarcus/SDKs/Android/ndk/21.0.6113669/toolchains/llvm/prebuilt/darwin-x86_64/bin/../lib/gcc/arm-linux-androideabi/4.9.x/../../../../arm-linux-androideabi/lib/../lib/armv7-a -L/Users/dylanmarcus/SDKs/Android/ndk/21.0.6113669/toolchains/llvm/prebuilt/darwin-x86_64/bin/../sysroot/usr/lib/arm-linux-androideabi/21 -L/Users/dylanmarcus/SDKs/Android/ndk/21.0.6113669/toolchains/llvm/prebuilt/darwin-x86_64/bin/../sysroot/usr/lib/arm-linux-androideabi -L/Users/dylanmarcus/SDKs/Android/ndk/21.0.6113669/toolchains/llvm/prebuilt/darwin-x86_64/bin/../sysroot/usr/lib/../lib -L/Users/dylanmarcus/SDKs/Android/ndk/21.0.6113669/toolchains/llvm/prebuilt/darwin-x86_64/bin/../sysroot/usr/lib/arm-linux-androideabi/../../lib -L/Users/dylanmarcus/SDKs/Android/ndk/21.0.6113669/toolchains/llvm/prebuilt/darwin-x86_64/bin/../lib/gcc/arm-linux-androideabi/4.9.x/../../../../arm-linux-androideabi/lib/armv7-a -L/Users/dylanmarcus/SDKs/Android/ndk/21.0.6113669/toolchains/llvm/prebuilt/darwin-x86_64/bin/../sysroot/usr/lib --fix-cortex-a8 --gc-sections -z nocopyreloc CMakeFiles/cmTC_75509.dir/CMakeCCompilerABI.c.o -latomic -lm -lgcc -ldl -lc -lgcc -ldl /Users/dylanmarcus/SDKs/Android/ndk/21.0.6113669/toolchains/llvm/prebuilt/darwin-x86_64/bin/../sysroot/usr/lib/arm-linux-androideabi/21/crtend_android.o



Parsed C implicit include dir info from above output: rv=done
  found start of include info
  found start of implicit include info
    add: [/Users/dylanmarcus/SDKs/Android/ndk/21.0.6113669/toolchains/llvm/prebuilt/darwin-x86_64/bin/../sysroot/usr/local/include]
    add: [/Users/dylanmarcus/SDKs/Android/ndk/21.0.6113669/toolchains/llvm/prebuilt/darwin-x86_64/lib64/clang/9.0.8/include]
    add: [/Users/dylanmarcus/SDKs/Android/ndk/21.0.6113669/toolchains/llvm/prebuilt/darwin-x86_64/bin/../sysroot/usr/include/arm-linux-androideabi]
    add: [/Users/dylanmarcus/SDKs/Android/ndk/21.0.6113669/toolchains/llvm/prebuilt/darwin-x86_64/bin/../sysroot/usr/include]
  end of search list found
  collapse include dir [/Users/dylanmarcus/SDKs/Android/ndk/21.0.6113669/toolchains/llvm/prebuilt/darwin-x86_64/bin/../sysroot/usr/local/include] ==> [/Users/dylanmarcus/SDKs/Android/ndk/21.0.6113669/toolchains/llvm/prebuilt/darwin-x86_64/sysroot/usr/local/include]
  collapse include dir [/Users/dylanmarcus/SDKs/Android/ndk/21.0.6113669/toolchains/llvm/prebuilt/darwin-x86_64/lib64/clang/9.0.8/include] ==> [/Users/dylanmarcus/SDKs/Android/ndk/21.0.6113669/toolchains/llvm/prebuilt/darwin-x86_64/lib64/clang/9.0.8/include]
  collapse include dir [/Users/dylanmarcus/SDKs/Android/ndk/21.0.6113669/toolchains/llvm/prebuilt/darwin-x86_64/bin/../sysroot/usr/include/arm-linux-androideabi] ==> [/Users/dylanmarcus/SDKs/Android/ndk/21.0.6113669/toolchains/llvm/prebuilt/darwin-x86_64/sysroot/usr/include/arm-linux-androideabi]
  collapse include dir [/Users/dylanmarcus/SDKs/Android/ndk/21.0.6113669/toolchains/llvm/prebuilt/darwin-x86_64/bin/../sysroot/usr/include] ==> [/Users/dylanmarcus/SDKs/Android/ndk/21.0.6113669/toolchains/llvm/prebuilt/darwin-x86_64/sysroot/usr/include]
  implicit include dirs: [/Users/dylanmarcus/SDKs/Android/ndk/21.0.6113669/toolchains/llvm/prebuilt/darwin-x86_64/sysroot/usr/local/include;/Users/dylanmarcus/SDKs/Android/ndk/21.0.6113669/toolchains/llvm/prebuilt/darwin-x86_64/lib64/clang/9.0.8/include;/Users/dylanmarcus/SDKs/Android/ndk/21.0.6113669/toolchains/llvm/prebuilt/darwin-x86_64/sysroot/usr/include/arm-linux-androideabi;/Users/dylanmarcus/SDKs/Android/ndk/21.0.6113669/toolchains/llvm/prebuilt/darwin-x86_64/sysroot/usr/include]


Parsed C implicit link information from above output:
  link line regex: [^( *|.*[/\])(ld\.lld|CMAKE_LINK_STARTFILE-NOTFOUND|([^/\]+-)?ld|collect2)[^/\]*( |$)]
  ignore line: [Change Dir: /Volumes/git/m1-sdk/lib/_builds/android-ndk-r16b-api-21-armeabi-v7a-neon-clang-libcxx-Release/CMakeFiles/CMakeTmp]
  ignore line: []
  ignore line: [Run Build Command(s):/usr/bin/make -f Makefile cmTC_75509/fast && /Applications/Xcode.app/Contents/Developer/usr/bin/make  -f CMakeFiles/cmTC_75509.dir/build.make CMakeFiles/cmTC_75509.dir/build]
  ignore line: [Building C object CMakeFiles/cmTC_75509.dir/CMakeCCompilerABI.c.o]
  ignore line: [/Users/dylanmarcus/SDKs/Android/ndk/21.0.6113669/toolchains/llvm/prebuilt/darwin-x86_64/bin/clang --target=armv7-none-linux-androideabi21 -DANDROID  -march=armv7-a -marm -mfpu=neon -mfloat-abi=softfp -funwind-tables -no-canonical-prefixes -fexceptions  -O2 -g -DNDEBUG -fPIE   -v -MD -MT CMakeFiles/cmTC_75509.dir/CMakeCCompilerABI.c.o -MF CMakeFiles/cmTC_75509.dir/CMakeCCompilerABI.c.o.d -o CMakeFiles/cmTC_75509.dir/CMakeCCompilerABI.c.o -c /usr/local/Cellar/cmake/3.21.4/share/cmake/Modules/CMakeCCompilerABI.c]
  ignore line: [Android (5900059 based on r365631c) clang version 9.0.8 (https://android.googlesource.com/toolchain/llvm-project 207d7abc1a2abf3ef8d4301736d6a7ebc224a290) (based on LLVM 9.0.8svn)]
  ignore line: [Target: armv7-none-linux-android21]
  ignore line: [Thread model: posix]
  ignore line: [InstalledDir: /Users/dylanmarcus/SDKs/Android/ndk/21.0.6113669/toolchains/llvm/prebuilt/darwin-x86_64/bin]
  ignore line: [Found candidate GCC installation: /Users/dylanmarcus/SDKs/Android/ndk/21.0.6113669/toolchains/llvm/prebuilt/darwin-x86_64/bin/../lib/gcc/arm-linux-androideabi/4.9.x]
  ignore line: [Selected GCC installation: /Users/dylanmarcus/SDKs/Android/ndk/21.0.6113669/toolchains/llvm/prebuilt/darwin-x86_64/bin/../lib/gcc/arm-linux-androideabi/4.9.x]
  ignore line: [Candidate multilib: thumb]
  ignore line: [@mthumb]
  ignore line: [Candidate multilib: armv7-a]
  ignore line: [@march=armv7-a]
  ignore line: [Candidate multilib: armv7-a/thumb]
  ignore line: [@march=armv7-a@mthumb]
  ignore line: [Candidate multilib: .]
  ignore line: []
  ignore line: [Selected multilib: armv7-a]
  ignore line: [@march=armv7-a]
  ignore line: [ "/Users/dylanmarcus/SDKs/Android/ndk/21.0.6113669/toolchains/llvm/prebuilt/darwin-x86_64/bin/clang" -cc1 -triple armv7-none-linux-android21 -emit-obj -mnoexecstack -disable-free -disable-llvm-verifier -discard-value-names -main-file-name CMakeCCompilerABI.c -mrelocation-model pic -pic-level 2 -pic-is-pie -mthread-model posix -mdisable-fp-elim -masm-verbose -mconstructor-aliases -munwind-tables -fuse-init-array -target-cpu generic -target-feature +soft-float-abi -target-feature +fpregs -target-feature +vfp2 -target-feature +vfp2d16 -target-feature +vfp2d16sp -target-feature +vfp2sp -target-feature +vfp3 -target-feature +vfp3d16 -target-feature +vfp3d16sp -target-feature +vfp3sp -target-feature -fp16 -target-feature -vfp4 -target-feature -vfp4d16 -target-feature -vfp4d16sp -target-feature -vfp4sp -target-feature -fp-armv8 -target-feature -fp-armv8d16 -target-feature -fp-armv8d16sp -target-feature -fp-armv8sp -target-feature -fullfp16 -target-feature +fp64 -target-feature +d32 -target-feature +neon -target-feature -crypto -target-feature -fp16fml -target-abi aapcs-linux -mfloat-abi soft -fallow-half-arguments-and-returns -dwarf-column-info -debug-info-kind=limited -dwarf-version=4 -debugger-tuning=gdb -target-linker-version 241.9 -v -coverage-notes-file /Volumes/git/m1-sdk/lib/_builds/android-ndk-r16b-api-21-armeabi-v7a-neon-clang-libcxx-Release/CMakeFiles/CMakeTmp/CMakeFiles/cmTC_75509.dir/CMakeCCompilerABI.c.gcno -resource-dir /Users/dylanmarcus/SDKs/Android/ndk/21.0.6113669/toolchains/llvm/prebuilt/darwin-x86_64/lib64/clang/9.0.8 -dependency-file CMakeFiles/cmTC_75509.dir/CMakeCCompilerABI.c.o.d -sys-header-deps -MT CMakeFiles/cmTC_75509.dir/CMakeCCompilerABI.c.o -D ANDROID -D NDEBUG -internal-isystem /Users/dylanmarcus/SDKs/Android/ndk/21.0.6113669/toolchains/llvm/prebuilt/darwin-x86_64/bin/../sysroot/usr/local/include -internal-isystem /Users/dylanmarcus/SDKs/Android/ndk/21.0.6113669/toolchains/llvm/prebuilt/darwin-x86_64/lib64/clang/9.0.8/include -internal-externc-isystem /Users/dylanmarcus/SDKs/Android/ndk/21.0.6113669/toolchains/llvm/prebuilt/darwin-x86_64/bin/../sysroot/usr/include/arm-linux-androideabi -internal-externc-isystem /Users/dylanmarcus/SDKs/Android/ndk/21.0.6113669/toolchains/llvm/prebuilt/darwin-x86_64/bin/../sysroot/include -internal-externc-isystem /Users/dylanmarcus/SDKs/Android/ndk/21.0.6113669/toolchains/llvm/prebuilt/darwin-x86_64/bin/../sysroot/usr/include -O2 -fdebug-compilation-dir /Volumes/git/m1-sdk/lib/_builds/android-ndk-r16b-api-21-armeabi-v7a-neon-clang-libcxx-Release/CMakeFiles/CMakeTmp -ferror-limit 19 -fmessage-length 0 -fno-signed-char -fobjc-runtime=gcc -fexceptions -fdiagnostics-show-option -vectorize-loops -vectorize-slp -o CMakeFiles/cmTC_75509.dir/CMakeCCompilerABI.c.o -x c /usr/local/Cellar/cmake/3.21.4/share/cmake/Modules/CMakeCCompilerABI.c]
  ignore line: [clang -cc1 version 9.0.8 based upon LLVM 9.0.8svn default target x86_64-apple-darwin20.6.0]
  ignore line: [ignoring nonexistent directory "/Users/dylanmarcus/SDKs/Android/ndk/21.0.6113669/toolchains/llvm/prebuilt/darwin-x86_64/bin/../sysroot/include"]
  ignore line: [#include "..." search starts here:]
  ignore line: [#include <...> search starts here:]
  ignore line: [ /Users/dylanmarcus/SDKs/Android/ndk/21.0.6113669/toolchains/llvm/prebuilt/darwin-x86_64/bin/../sysroot/usr/local/include]
  ignore line: [ /Users/dylanmarcus/SDKs/Android/ndk/21.0.6113669/toolchains/llvm/prebuilt/darwin-x86_64/lib64/clang/9.0.8/include]
  ignore line: [ /Users/dylanmarcus/SDKs/Android/ndk/21.0.6113669/toolchains/llvm/prebuilt/darwin-x86_64/bin/../sysroot/usr/include/arm-linux-androideabi]
  ignore line: [ /Users/dylanmarcus/SDKs/Android/ndk/21.0.6113669/toolchains/llvm/prebuilt/darwin-x86_64/bin/../sysroot/usr/include]
  ignore line: [End of search list.]
  ignore line: [Linking C executable cmTC_75509]
  ignore line: [/usr/local/Cellar/cmake/3.21.4/bin/cmake -E cmake_link_script CMakeFiles/cmTC_75509.dir/link.txt --verbose=1]
  ignore line: [/Users/dylanmarcus/SDKs/Android/ndk/21.0.6113669/toolchains/llvm/prebuilt/darwin-x86_64/bin/clang --target=armv7-none-linux-androideabi21 -march=armv7-a -marm -mfpu=neon -mfloat-abi=softfp -funwind-tables -no-canonical-prefixes -fexceptions  -O2 -g -DNDEBUG -Wl --fix-cortex-a8  -Wl --gc-sections -Wl -z nocopyreloc -L/usr/local/opt/libffi/lib -v -fPIE -pie CMakeFiles/cmTC_75509.dir/CMakeCCompilerABI.c.o -o cmTC_75509   -latomic -lm ]
  ignore line: [Android (5900059 based on r365631c) clang version 9.0.8 (https://android.googlesource.com/toolchain/llvm-project 207d7abc1a2abf3ef8d4301736d6a7ebc224a290) (based on LLVM 9.0.8svn)]
  ignore line: [Target: armv7-none-linux-android21]
  ignore line: [Thread model: posix]
  ignore line: [InstalledDir: /Users/dylanmarcus/SDKs/Android/ndk/21.0.6113669/toolchains/llvm/prebuilt/darwin-x86_64/bin]
  ignore line: [Found candidate GCC installation: /Users/dylanmarcus/SDKs/Android/ndk/21.0.6113669/toolchains/llvm/prebuilt/darwin-x86_64/bin/../lib/gcc/arm-linux-androideabi/4.9.x]
  ignore line: [Selected GCC installation: /Users/dylanmarcus/SDKs/Android/ndk/21.0.6113669/toolchains/llvm/prebuilt/darwin-x86_64/bin/../lib/gcc/arm-linux-androideabi/4.9.x]
  ignore line: [Candidate multilib: thumb]
  ignore line: [@mthumb]
  ignore line: [Candidate multilib: armv7-a]
  ignore line: [@march=armv7-a]
  ignore line: [Candidate multilib: armv7-a/thumb]
  ignore line: [@march=armv7-a@mthumb]
  ignore line: [Candidate multilib: .]
  ignore line: []
  ignore line: [Selected multilib: armv7-a]
  ignore line: [@march=armv7-a]
  link line: [ "/Users/dylanmarcus/SDKs/Android/ndk/21.0.6113669/toolchains/llvm/prebuilt/darwin-x86_64/bin/../lib/gcc/arm-linux-androideabi/4.9.x/../../../../arm-linux-androideabi/bin/ld" -pie -z noexecstack -EL --warn-shared-textrel -z now -z relro -X --hash-style=both --enable-new-dtags --eh-frame-hdr -m armelf_linux_eabi -dynamic-linker /system/bin/linker -o cmTC_75509 /Users/dylanmarcus/SDKs/Android/ndk/21.0.6113669/toolchains/llvm/prebuilt/darwin-x86_64/bin/../sysroot/usr/lib/arm-linux-androideabi/21/crtbegin_dynamic.o -L/usr/local/opt/libffi/lib -L/Users/dylanmarcus/SDKs/Android/ndk/21.0.6113669/toolchains/llvm/prebuilt/darwin-x86_64/lib64/clang/9.0.8/lib/linux/arm -L/Users/dylanmarcus/SDKs/Android/ndk/21.0.6113669/toolchains/llvm/prebuilt/darwin-x86_64/bin/../lib/gcc/arm-linux-androideabi/4.9.x/armv7-a -L/Users/dylanmarcus/SDKs/Android/ndk/21.0.6113669/toolchains/llvm/prebuilt/darwin-x86_64/bin/../lib/gcc/arm-linux-androideabi/4.9.x/../../../../arm-linux-androideabi/lib/../lib/armv7-a -L/Users/dylanmarcus/SDKs/Android/ndk/21.0.6113669/toolchains/llvm/prebuilt/darwin-x86_64/bin/../sysroot/usr/lib/arm-linux-androideabi/21 -L/Users/dylanmarcus/SDKs/Android/ndk/21.0.6113669/toolchains/llvm/prebuilt/darwin-x86_64/bin/../sysroot/usr/lib/arm-linux-androideabi -L/Users/dylanmarcus/SDKs/Android/ndk/21.0.6113669/toolchains/llvm/prebuilt/darwin-x86_64/bin/../sysroot/usr/lib/../lib -L/Users/dylanmarcus/SDKs/Android/ndk/21.0.6113669/toolchains/llvm/prebuilt/darwin-x86_64/bin/../sysroot/usr/lib/arm-linux-androideabi/../../lib -L/Users/dylanmarcus/SDKs/Android/ndk/21.0.6113669/toolchains/llvm/prebuilt/darwin-x86_64/bin/../lib/gcc/arm-linux-androideabi/4.9.x/../../../../arm-linux-androideabi/lib/armv7-a -L/Users/dylanmarcus/SDKs/Android/ndk/21.0.6113669/toolchains/llvm/prebuilt/darwin-x86_64/bin/../sysroot/usr/lib --fix-cortex-a8 --gc-sections -z nocopyreloc CMakeFiles/cmTC_75509.dir/CMakeCCompilerABI.c.o -latomic -lm -lgcc -ldl -lc -lgcc -ldl /Users/dylanmarcus/SDKs/Android/ndk/21.0.6113669/toolchains/llvm/prebuilt/darwin-x86_64/bin/../sysroot/usr/lib/arm-linux-androideabi/21/crtend_android.o]
    arg [/Users/dylanmarcus/SDKs/Android/ndk/21.0.6113669/toolchains/llvm/prebuilt/darwin-x86_64/bin/../lib/gcc/arm-linux-androideabi/4.9.x/../../../../arm-linux-androideabi/bin/ld] ==> ignore
    arg [-pie] ==> ignore
    arg [-znoexecstack] ==> ignore
    arg [-EL] ==> ignore
    arg [--warn-shared-textrel] ==> ignore
    arg [-znow] ==> ignore
    arg [-zrelro] ==> ignore
    arg [-X] ==> ignore
    arg [--hash-style=both] ==> ignore
    arg [--enable-new-dtags] ==> ignore
    arg [--eh-frame-hdr] ==> ignore
    arg [-m] ==> ignore
    arg [armelf_linux_eabi] ==> ignore
    arg [-dynamic-linker] ==> ignore
    arg [/system/bin/linker] ==> ignore
    arg [-o] ==> ignore
    arg [cmTC_75509] ==> ignore
    arg [/Users/dylanmarcus/SDKs/Android/ndk/21.0.6113669/toolchains/llvm/prebuilt/darwin-x86_64/bin/../sysroot/usr/lib/arm-linux-androideabi/21/crtbegin_dynamic.o] ==> obj [/Users/dylanmarcus/SDKs/Android/ndk/21.0.6113669/toolchains/llvm/prebuilt/darwin-x86_64/bin/../sysroot/usr/lib/arm-linux-androideabi/21/crtbegin_dynamic.o]
    arg [-L/usr/local/opt/libffi/lib] ==> dir [/usr/local/opt/libffi/lib]
    arg [-L/Users/dylanmarcus/SDKs/Android/ndk/21.0.6113669/toolchains/llvm/prebuilt/darwin-x86_64/lib64/clang/9.0.8/lib/linux/arm] ==> dir [/Users/dylanmarcus/SDKs/Android/ndk/21.0.6113669/toolchains/llvm/prebuilt/darwin-x86_64/lib64/clang/9.0.8/lib/linux/arm]
    arg [-L/Users/dylanmarcus/SDKs/Android/ndk/21.0.6113669/toolchains/llvm/prebuilt/darwin-x86_64/bin/../lib/gcc/arm-linux-androideabi/4.9.x/armv7-a] ==> dir [/Users/dylanmarcus/SDKs/Android/ndk/21.0.6113669/toolchains/llvm/prebuilt/darwin-x86_64/bin/../lib/gcc/arm-linux-androideabi/4.9.x/armv7-a]
    arg [-L/Users/dylanmarcus/SDKs/Android/ndk/21.0.6113669/toolchains/llvm/prebuilt/darwin-x86_64/bin/../lib/gcc/arm-linux-androideabi/4.9.x/../../../../arm-linux-androideabi/lib/../lib/armv7-a] ==> dir [/Users/dylanmarcus/SDKs/Android/ndk/21.0.6113669/toolchains/llvm/prebuilt/darwin-x86_64/bin/../lib/gcc/arm-linux-androideabi/4.9.x/../../../../arm-linux-androideabi/lib/../lib/armv7-a]
    arg [-L/Users/dylanmarcus/SDKs/Android/ndk/21.0.6113669/toolchains/llvm/prebuilt/darwin-x86_64/bin/../sysroot/usr/lib/arm-linux-androideabi/21] ==> dir [/Users/dylanmarcus/SDKs/Android/ndk/21.0.6113669/toolchains/llvm/prebuilt/darwin-x86_64/bin/../sysroot/usr/lib/arm-linux-androideabi/21]
    arg [-L/Users/dylanmarcus/SDKs/Android/ndk/21.0.6113669/toolchains/llvm/prebuilt/darwin-x86_64/bin/../sysroot/usr/lib/arm-linux-androideabi] ==> dir [/Users/dylanmarcus/SDKs/Android/ndk/21.0.6113669/toolchains/llvm/prebuilt/darwin-x86_64/bin/../sysroot/usr/lib/arm-linux-androideabi]
    arg [-L/Users/dylanmarcus/SDKs/Android/ndk/21.0.6113669/toolchains/llvm/prebuilt/darwin-x86_64/bin/../sysroot/usr/lib/../lib] ==> dir [/Users/dylanmarcus/SDKs/Android/ndk/21.0.6113669/toolchains/llvm/prebuilt/darwin-x86_64/bin/../sysroot/usr/lib/../lib]
    arg [-L/Users/dylanmarcus/SDKs/Android/ndk/21.0.6113669/toolchains/llvm/prebuilt/darwin-x86_64/bin/../sysroot/usr/lib/arm-linux-androideabi/../../lib] ==> dir [/Users/dylanmarcus/SDKs/Android/ndk/21.0.6113669/toolchains/llvm/prebuilt/darwin-x86_64/bin/../sysroot/usr/lib/arm-linux-androideabi/../../lib]
    arg [-L/Users/dylanmarcus/SDKs/Android/ndk/21.0.6113669/toolchains/llvm/prebuilt/darwin-x86_64/bin/../lib/gcc/arm-linux-androideabi/4.9.x/../../../../arm-linux-androideabi/lib/armv7-a] ==> dir [/Users/dylanmarcus/SDKs/Android/ndk/21.0.6113669/toolchains/llvm/prebuilt/darwin-x86_64/bin/../lib/gcc/arm-linux-androideabi/4.9.x/../../../../arm-linux-androideabi/lib/armv7-a]
    arg [-L/Users/dylanmarcus/SDKs/Android/ndk/21.0.6113669/toolchains/llvm/prebuilt/darwin-x86_64/bin/../sysroot/usr/lib] ==> dir [/Users/dylanmarcus/SDKs/Android/ndk/21.0.6113669/toolchains/llvm/prebuilt/darwin-x86_64/bin/../sysroot/usr/lib]
    arg [--fix-cortex-a8] ==> ignore
    arg [--gc-sections] ==> ignore
    arg [-znocopyreloc] ==> ignore
    arg [CMakeFiles/cmTC_75509.dir/CMakeCCompilerABI.c.o] ==> ignore
    arg [-latomic] ==> lib [atomic]
    arg [-lm] ==> lib [m]
    arg [-lgcc] ==> lib [gcc]
    arg [-ldl] ==> lib [dl]
    arg [-lc] ==> lib [c]
    arg [-lgcc] ==> lib [gcc]
    arg [-ldl] ==> lib [dl]
    arg [/Users/dylanmarcus/SDKs/Android/ndk/21.0.6113669/toolchains/llvm/prebuilt/darwin-x86_64/bin/../sysroot/usr/lib/arm-linux-androideabi/21/crtend_android.o] ==> obj [/Users/dylanmarcus/SDKs/Android/ndk/21.0.6113669/toolchains/llvm/prebuilt/darwin-x86_64/bin/../sysroot/usr/lib/arm-linux-androideabi/21/crtend_android.o]
  collapse obj [/Users/dylanmarcus/SDKs/Android/ndk/21.0.6113669/toolchains/llvm/prebuilt/darwin-x86_64/bin/../sysroot/usr/lib/arm-linux-androideabi/21/crtbegin_dynamic.o] ==> [/Users/dylanmarcus/SDKs/Android/ndk/21.0.6113669/toolchains/llvm/prebuilt/darwin-x86_64/sysroot/usr/lib/arm-linux-androideabi/21/crtbegin_dynamic.o]
  collapse obj [/Users/dylanmarcus/SDKs/Android/ndk/21.0.6113669/toolchains/llvm/prebuilt/darwin-x86_64/bin/../sysroot/usr/lib/arm-linux-androideabi/21/crtend_android.o] ==> [/Users/dylanmarcus/SDKs/Android/ndk/21.0.6113669/toolchains/llvm/prebuilt/darwin-x86_64/sysroot/usr/lib/arm-linux-androideabi/21/crtend_android.o]
  collapse library dir [/usr/local/opt/libffi/lib] ==> [/usr/local/opt/libffi/lib]
  collapse library dir [/Users/dylanmarcus/SDKs/Android/ndk/21.0.6113669/toolchains/llvm/prebuilt/darwin-x86_64/lib64/clang/9.0.8/lib/linux/arm] ==> [/Users/dylanmarcus/SDKs/Android/ndk/21.0.6113669/toolchains/llvm/prebuilt/darwin-x86_64/lib64/clang/9.0.8/lib/linux/arm]
  collapse library dir [/Users/dylanmarcus/SDKs/Android/ndk/21.0.6113669/toolchains/llvm/prebuilt/darwin-x86_64/bin/../lib/gcc/arm-linux-androideabi/4.9.x/armv7-a] ==> [/Users/dylanmarcus/SDKs/Android/ndk/21.0.6113669/toolchains/llvm/prebuilt/darwin-x86_64/lib/gcc/arm-linux-androideabi/4.9.x/armv7-a]
  collapse library dir [/Users/dylanmarcus/SDKs/Android/ndk/21.0.6113669/toolchains/llvm/prebuilt/darwin-x86_64/bin/../lib/gcc/arm-linux-androideabi/4.9.x/../../../../arm-linux-androideabi/lib/../lib/armv7-a] ==> [/Users/dylanmarcus/SDKs/Android/ndk/21.0.6113669/toolchains/llvm/prebuilt/darwin-x86_64/arm-linux-androideabi/lib/armv7-a]
  collapse library dir [/Users/dylanmarcus/SDKs/Android/ndk/21.0.6113669/toolchains/llvm/prebuilt/darwin-x86_64/bin/../sysroot/usr/lib/arm-linux-androideabi/21] ==> [/Users/dylanmarcus/SDKs/Android/ndk/21.0.6113669/toolchains/llvm/prebuilt/darwin-x86_64/sysroot/usr/lib/arm-linux-androideabi/21]
  collapse library dir [/Users/dylanmarcus/SDKs/Android/ndk/21.0.6113669/toolchains/llvm/prebuilt/darwin-x86_64/bin/../sysroot/usr/lib/arm-linux-androideabi] ==> [/Users/dylanmarcus/SDKs/Android/ndk/21.0.6113669/toolchains/llvm/prebuilt/darwin-x86_64/sysroot/usr/lib/arm-linux-androideabi]
  collapse library dir [/Users/dylanmarcus/SDKs/Android/ndk/21.0.6113669/toolchains/llvm/prebuilt/darwin-x86_64/bin/../sysroot/usr/lib/../lib] ==> [/Users/dylanmarcus/SDKs/Android/ndk/21.0.6113669/toolchains/llvm/prebuilt/darwin-x86_64/sysroot/usr/lib]
  collapse library dir [/Users/dylanmarcus/SDKs/Android/ndk/21.0.6113669/toolchains/llvm/prebuilt/darwin-x86_64/bin/../sysroot/usr/lib/arm-linux-androideabi/../../lib] ==> [/Users/dylanmarcus/SDKs/Android/ndk/21.0.6113669/toolchains/llvm/prebuilt/darwin-x86_64/sysroot/usr/lib]
  collapse library dir [/Users/dylanmarcus/SDKs/Android/ndk/21.0.6113669/toolchains/llvm/prebuilt/darwin-x86_64/bin/../lib/gcc/arm-linux-androideabi/4.9.x/../../../../arm-linux-androideabi/lib/armv7-a] ==> [/Users/dylanmarcus/SDKs/Android/ndk/21.0.6113669/toolchains/llvm/prebuilt/darwin-x86_64/arm-linux-androideabi/lib/armv7-a]
  collapse library dir [/Users/dylanmarcus/SDKs/Android/ndk/21.0.6113669/toolchains/llvm/prebuilt/darwin-x86_64/bin/../sysroot/usr/lib] ==> [/Users/dylanmarcus/SDKs/Android/ndk/21.0.6113669/toolchains/llvm/prebuilt/darwin-x86_64/sysroot/usr/lib]
  implicit libs: [atomic;m;gcc;dl;c;gcc;dl]
  implicit objs: [/Users/dylanmarcus/SDKs/Android/ndk/21.0.6113669/toolchains/llvm/prebuilt/darwin-x86_64/sysroot/usr/lib/arm-linux-androideabi/21/crtbegin_dynamic.o;/Users/dylanmarcus/SDKs/Android/ndk/21.0.6113669/toolchains/llvm/prebuilt/darwin-x86_64/sysroot/usr/lib/arm-linux-androideabi/21/crtend_android.o]
  implicit dirs: [/usr/local/opt/libffi/lib;/Users/dylanmarcus/SDKs/Android/ndk/21.0.6113669/toolchains/llvm/prebuilt/darwin-x86_64/lib64/clang/9.0.8/lib/linux/arm;/Users/dylanmarcus/SDKs/Android/ndk/21.0.6113669/toolchains/llvm/prebuilt/darwin-x86_64/lib/gcc/arm-linux-androideabi/4.9.x/armv7-a;/Users/dylanmarcus/SDKs/Android/ndk/21.0.6113669/toolchains/llvm/prebuilt/darwin-x86_64/arm-linux-androideabi/lib/armv7-a;/Users/dylanmarcus/SDKs/Android/ndk/21.0.6113669/toolchains/llvm/prebuilt/darwin-x86_64/sysroot/usr/lib/arm-linux-androideabi/21;/Users/dylanmarcus/SDKs/Android/ndk/21.0.6113669/toolchains/llvm/prebuilt/darwin-x86_64/sysroot/usr/lib/arm-linux-androideabi;/Users/dylanmarcus/SDKs/Android/ndk/21.0.6113669/toolchains/llvm/prebuilt/darwin-x86_64/sysroot/usr/lib]
  implicit fwks: []


Detecting CXX compiler ABI info compiled with the following output:
Change Dir: /Volumes/git/m1-sdk/lib/_builds/android-ndk-r16b-api-21-armeabi-v7a-neon-clang-libcxx-Release/CMakeFiles/CMakeTmp

Run Build Command(s):/usr/bin/make -f Makefile cmTC_eac86/fast && /Applications/Xcode.app/Contents/Developer/usr/bin/make  -f CMakeFiles/cmTC_eac86.dir/build.make CMakeFiles/cmTC_eac86.dir/build
Building CXX object CMakeFiles/cmTC_eac86.dir/CMakeCXXCompilerABI.cpp.o
/Users/dylanmarcus/SDKs/Android/ndk/21.0.6113669/toolchains/llvm/prebuilt/darwin-x86_64/bin/clang++ --target=armv7-none-linux-androideabi21 -DANDROID  -std=c++11   -march=armv7-a -marm -mfpu=neon -mfloat-abi=softfp -funwind-tables -no-canonical-prefixes -fexceptions -frtti -stdlib=libc++  -O2 -g -DNDEBUG -fPIE   -v -std=c++11 -MD -MT CMakeFiles/cmTC_eac86.dir/CMakeCXXCompilerABI.cpp.o -MF CMakeFiles/cmTC_eac86.dir/CMakeCXXCompilerABI.cpp.o.d -o CMakeFiles/cmTC_eac86.dir/CMakeCXXCompilerABI.cpp.o -c /usr/local/Cellar/cmake/3.21.4/share/cmake/Modules/CMakeCXXCompilerABI.cpp
Android (5900059 based on r365631c) clang version 9.0.8 (https://android.googlesource.com/toolchain/llvm-project 207d7abc1a2abf3ef8d4301736d6a7ebc224a290) (based on LLVM 9.0.8svn)
Target: armv7-none-linux-android21
Thread model: posix
InstalledDir: /Users/dylanmarcus/SDKs/Android/ndk/21.0.6113669/toolchains/llvm/prebuilt/darwin-x86_64/bin
Found candidate GCC installation: /Users/dylanmarcus/SDKs/Android/ndk/21.0.6113669/toolchains/llvm/prebuilt/darwin-x86_64/bin/../lib/gcc/arm-linux-androideabi/4.9.x
Selected GCC installation: /Users/dylanmarcus/SDKs/Android/ndk/21.0.6113669/toolchains/llvm/prebuilt/darwin-x86_64/bin/../lib/gcc/arm-linux-androideabi/4.9.x
Candidate multilib: thumb;@mthumb
Candidate multilib: armv7-a;@march=armv7-a
Candidate multilib: armv7-a/thumb;@march=armv7-a@mthumb
Candidate multilib: .;
Selected multilib: armv7-a;@march=armv7-a
 "/Users/dylanmarcus/SDKs/Android/ndk/21.0.6113669/toolchains/llvm/prebuilt/darwin-x86_64/bin/clang++" -cc1 -triple armv7-none-linux-android21 -emit-obj -mnoexecstack -disable-free -disable-llvm-verifier -discard-value-names -main-file-name CMakeCXXCompilerABI.cpp -mrelocation-model pic -pic-level 2 -pic-is-pie -mthread-model posix -mdisable-fp-elim -masm-verbose -mconstructor-aliases -munwind-tables -fuse-init-array -target-cpu generic -target-feature +soft-float-abi -target-feature +fpregs -target-feature +vfp2 -target-feature +vfp2d16 -target-feature +vfp2d16sp -target-feature +vfp2sp -target-feature +vfp3 -target-feature +vfp3d16 -target-feature +vfp3d16sp -target-feature +vfp3sp -target-feature -fp16 -target-feature -vfp4 -target-feature -vfp4d16 -target-feature -vfp4d16sp -target-feature -vfp4sp -target-feature -fp-armv8 -target-feature -fp-armv8d16 -target-feature -fp-armv8d16sp -target-feature -fp-armv8sp -target-feature -fullfp16 -target-feature +fp64 -target-feature +d32 -target-feature +neon -target-feature -crypto -target-feature -fp16fml -target-abi aapcs-linux -mfloat-abi soft -fallow-half-arguments-and-returns -dwarf-column-info -debug-info-kind=limited -dwarf-version=4 -debugger-tuning=gdb -target-linker-version 241.9 -v -coverage-notes-file /Volumes/git/m1-sdk/lib/_builds/android-ndk-r16b-api-21-armeabi-v7a-neon-clang-libcxx-Release/CMakeFiles/CMakeTmp/CMakeFiles/cmTC_eac86.dir/CMakeCXXCompilerABI.cpp.gcno -resource-dir /Users/dylanmarcus/SDKs/Android/ndk/21.0.6113669/toolchains/llvm/prebuilt/darwin-x86_64/lib64/clang/9.0.8 -dependency-file CMakeFiles/cmTC_eac86.dir/CMakeCXXCompilerABI.cpp.o.d -sys-header-deps -MT CMakeFiles/cmTC_eac86.dir/CMakeCXXCompilerABI.cpp.o -D ANDROID -D NDEBUG -internal-isystem /Users/dylanmarcus/SDKs/Android/ndk/21.0.6113669/toolchains/llvm/prebuilt/darwin-x86_64/bin/../sysroot/usr/include/c++/v1 -internal-isystem /Users/dylanmarcus/SDKs/Android/ndk/21.0.6113669/toolchains/llvm/prebuilt/darwin-x86_64/bin/../sysroot/usr/local/include -internal-isystem /Users/dylanmarcus/SDKs/Android/ndk/21.0.6113669/toolchains/llvm/prebuilt/darwin-x86_64/lib64/clang/9.0.8/include -internal-externc-isystem /Users/dylanmarcus/SDKs/Android/ndk/21.0.6113669/toolchains/llvm/prebuilt/darwin-x86_64/bin/../sysroot/usr/include/arm-linux-androideabi -internal-externc-isystem /Users/dylanmarcus/SDKs/Android/ndk/21.0.6113669/toolchains/llvm/prebuilt/darwin-x86_64/bin/../sysroot/include -internal-externc-isystem /Users/dylanmarcus/SDKs/Android/ndk/21.0.6113669/toolchains/llvm/prebuilt/darwin-x86_64/bin/../sysroot/usr/include -O2 -std=c++11 -fdeprecated-macro -fdebug-compilation-dir /Volumes/git/m1-sdk/lib/_builds/android-ndk-r16b-api-21-armeabi-v7a-neon-clang-libcxx-Release/CMakeFiles/CMakeTmp -ferror-limit 19 -fmessage-length 0 -fno-signed-char -fobjc-runtime=gcc -fcxx-exceptions -fexceptions -fdiagnostics-show-option -vectorize-loops -vectorize-slp -o CMakeFiles/cmTC_eac86.dir/CMakeCXXCompilerABI.cpp.o -x c++ /usr/local/Cellar/cmake/3.21.4/share/cmake/Modules/CMakeCXXCompilerABI.cpp
clang -cc1 version 9.0.8 based upon LLVM 9.0.8svn default target x86_64-apple-darwin20.6.0
ignoring nonexistent directory "/Users/dylanmarcus/SDKs/Android/ndk/21.0.6113669/toolchains/llvm/prebuilt/darwin-x86_64/bin/../sysroot/include"
#include "..." search starts here:
#include <...> search starts here:
 /Users/dylanmarcus/SDKs/Android/ndk/21.0.6113669/toolchains/llvm/prebuilt/darwin-x86_64/bin/../sysroot/usr/include/c++/v1
 /Users/dylanmarcus/SDKs/Android/ndk/21.0.6113669/toolchains/llvm/prebuilt/darwin-x86_64/bin/../sysroot/usr/local/include
 /Users/dylanmarcus/SDKs/Android/ndk/21.0.6113669/toolchains/llvm/prebuilt/darwin-x86_64/lib64/clang/9.0.8/include
 /Users/dylanmarcus/SDKs/Android/ndk/21.0.6113669/toolchains/llvm/prebuilt/darwin-x86_64/bin/../sysroot/usr/include/arm-linux-androideabi
 /Users/dylanmarcus/SDKs/Android/ndk/21.0.6113669/toolchains/llvm/prebuilt/darwin-x86_64/bin/../sysroot/usr/include
End of search list.
Linking CXX executable cmTC_eac86
/usr/local/Cellar/cmake/3.21.4/bin/cmake -E cmake_link_script CMakeFiles/cmTC_eac86.dir/link.txt --verbose=1
/Users/dylanmarcus/SDKs/Android/ndk/21.0.6113669/toolchains/llvm/prebuilt/darwin-x86_64/bin/clang++ --target=armv7-none-linux-androideabi21 -std=c++11   -march=armv7-a -marm -mfpu=neon -mfloat-abi=softfp -funwind-tables -no-canonical-prefixes -fexceptions -frtti -stdlib=libc++  -O2 -g -DNDEBUG -Wl,--fix-cortex-a8  -Wl,--gc-sections -Wl,-z,nocopyreloc -L/usr/local/opt/libffi/lib -v -fPIE -pie CMakeFiles/cmTC_eac86.dir/CMakeCXXCompilerABI.cpp.o -o cmTC_eac86   -static-libstdc++ -latomic -lm 
Android (5900059 based on r365631c) clang version 9.0.8 (https://android.googlesource.com/toolchain/llvm-project 207d7abc1a2abf3ef8d4301736d6a7ebc224a290) (based on LLVM 9.0.8svn)
Target: armv7-none-linux-android21
Thread model: posix
InstalledDir: /Users/dylanmarcus/SDKs/Android/ndk/21.0.6113669/toolchains/llvm/prebuilt/darwin-x86_64/bin
Found candidate GCC installation: /Users/dylanmarcus/SDKs/Android/ndk/21.0.6113669/toolchains/llvm/prebuilt/darwin-x86_64/bin/../lib/gcc/arm-linux-androideabi/4.9.x
Selected GCC installation: /Users/dylanmarcus/SDKs/Android/ndk/21.0.6113669/toolchains/llvm/prebuilt/darwin-x86_64/bin/../lib/gcc/arm-linux-androideabi/4.9.x
Candidate multilib: thumb;@mthumb
Candidate multilib: armv7-a;@march=armv7-a
Candidate multilib: armv7-a/thumb;@march=armv7-a@mthumb
Candidate multilib: .;
Selected multilib: armv7-a;@march=armv7-a
 "/Users/dylanmarcus/SDKs/Android/ndk/21.0.6113669/toolchains/llvm/prebuilt/darwin-x86_64/bin/../lib/gcc/arm-linux-androideabi/4.9.x/../../../../arm-linux-androideabi/bin/ld" -pie -z noexecstack -EL --warn-shared-textrel -z now -z relro -X --hash-style=both --enable-new-dtags --eh-frame-hdr -m armelf_linux_eabi -dynamic-linker /system/bin/linker -o cmTC_eac86 /Users/dylanmarcus/SDKs/Android/ndk/21.0.6113669/toolchains/llvm/prebuilt/darwin-x86_64/bin/../sysroot/usr/lib/arm-linux-androideabi/21/crtbegin_dynamic.o -L/usr/local/opt/libffi/lib -L/Users/dylanmarcus/SDKs/Android/ndk/21.0.6113669/toolchains/llvm/prebuilt/darwin-x86_64/lib64/clang/9.0.8/lib/linux/arm -L/Users/dylanmarcus/SDKs/Android/ndk/21.0.6113669/toolchains/llvm/prebuilt/darwin-x86_64/bin/../lib/gcc/arm-linux-androideabi/4.9.x/armv7-a -L/Users/dylanmarcus/SDKs/Android/ndk/21.0.6113669/toolchains/llvm/prebuilt/darwin-x86_64/bin/../lib/gcc/arm-linux-androideabi/4.9.x/../../../../arm-linux-androideabi/lib/../lib/armv7-a -L/Users/dylanmarcus/SDKs/Android/ndk/21.0.6113669/toolchains/llvm/prebuilt/darwin-x86_64/bin/../sysroot/usr/lib/arm-linux-androideabi/21 -L/Users/dylanmarcus/SDKs/Android/ndk/21.0.6113669/toolchains/llvm/prebuilt/darwin-x86_64/bin/../sysroot/usr/lib/arm-linux-androideabi -L/Users/dylanmarcus/SDKs/Android/ndk/21.0.6113669/toolchains/llvm/prebuilt/darwin-x86_64/bin/../sysroot/usr/lib/../lib -L/Users/dylanmarcus/SDKs/Android/ndk/21.0.6113669/toolchains/llvm/prebuilt/darwin-x86_64/bin/../sysroot/usr/lib/arm-linux-androideabi/../../lib -L/Users/dylanmarcus/SDKs/Android/ndk/21.0.6113669/toolchains/llvm/prebuilt/darwin-x86_64/bin/../lib/gcc/arm-linux-androideabi/4.9.x/../../../../arm-linux-androideabi/lib/armv7-a -L/Users/dylanmarcus/SDKs/Android/ndk/21.0.6113669/toolchains/llvm/prebuilt/darwin-x86_64/bin/../sysroot/usr/lib --fix-cortex-a8 --gc-sections -z nocopyreloc CMakeFiles/cmTC_eac86.dir/CMakeCXXCompilerABI.cpp.o -latomic -lm -Bstatic -lc++ -Bdynamic -lm -lgcc -ldl -lc -lgcc -ldl /Users/dylanmarcus/SDKs/Android/ndk/21.0.6113669/toolchains/llvm/prebuilt/darwin-x86_64/bin/../sysroot/usr/lib/arm-linux-androideabi/21/crtend_android.o



Parsed CXX implicit include dir info from above output: rv=done
  found start of include info
  found start of implicit include info
    add: [/Users/dylanmarcus/SDKs/Android/ndk/21.0.6113669/toolchains/llvm/prebuilt/darwin-x86_64/bin/../sysroot/usr/include/c++/v1]
    add: [/Users/dylanmarcus/SDKs/Android/ndk/21.0.6113669/toolchains/llvm/prebuilt/darwin-x86_64/bin/../sysroot/usr/local/include]
    add: [/Users/dylanmarcus/SDKs/Android/ndk/21.0.6113669/toolchains/llvm/prebuilt/darwin-x86_64/lib64/clang/9.0.8/include]
    add: [/Users/dylanmarcus/SDKs/Android/ndk/21.0.6113669/toolchains/llvm/prebuilt/darwin-x86_64/bin/../sysroot/usr/include/arm-linux-androideabi]
    add: [/Users/dylanmarcus/SDKs/Android/ndk/21.0.6113669/toolchains/llvm/prebuilt/darwin-x86_64/bin/../sysroot/usr/include]
  end of search list found
  collapse include dir [/Users/dylanmarcus/SDKs/Android/ndk/21.0.6113669/toolchains/llvm/prebuilt/darwin-x86_64/bin/../sysroot/usr/include/c++/v1] ==> [/Users/dylanmarcus/SDKs/Android/ndk/21.0.6113669/toolchains/llvm/prebuilt/darwin-x86_64/sysroot/usr/include/c++/v1]
  collapse include dir [/Users/dylanmarcus/SDKs/Android/ndk/21.0.6113669/toolchains/llvm/prebuilt/darwin-x86_64/bin/../sysroot/usr/local/include] ==> [/Users/dylanmarcus/SDKs/Android/ndk/21.0.6113669/toolchains/llvm/prebuilt/darwin-x86_64/sysroot/usr/local/include]
  collapse include dir [/Users/dylanmarcus/SDKs/Android/ndk/21.0.6113669/toolchains/llvm/prebuilt/darwin-x86_64/lib64/clang/9.0.8/include] ==> [/Users/dylanmarcus/SDKs/Android/ndk/21.0.6113669/toolchains/llvm/prebuilt/darwin-x86_64/lib64/clang/9.0.8/include]
  collapse include dir [/Users/dylanmarcus/SDKs/Android/ndk/21.0.6113669/toolchains/llvm/prebuilt/darwin-x86_64/bin/../sysroot/usr/include/arm-linux-androideabi] ==> [/Users/dylanmarcus/SDKs/Android/ndk/21.0.6113669/toolchains/llvm/prebuilt/darwin-x86_64/sysroot/usr/include/arm-linux-androideabi]
  collapse include dir [/Users/dylanmarcus/SDKs/Android/ndk/21.0.6113669/toolchains/llvm/prebuilt/darwin-x86_64/bin/../sysroot/usr/include] ==> [/Users/dylanmarcus/SDKs/Android/ndk/21.0.6113669/toolchains/llvm/prebuilt/darwin-x86_64/sysroot/usr/include]
  implicit include dirs: [/Users/dylanmarcus/SDKs/Android/ndk/21.0.6113669/toolchains/llvm/prebuilt/darwin-x86_64/sysroot/usr/include/c++/v1;/Users/dylanmarcus/SDKs/Android/ndk/21.0.6113669/toolchains/llvm/prebuilt/darwin-x86_64/sysroot/usr/local/include;/Users/dylanmarcus/SDKs/Android/ndk/21.0.6113669/toolchains/llvm/prebuilt/darwin-x86_64/lib64/clang/9.0.8/include;/Users/dylanmarcus/SDKs/Android/ndk/21.0.6113669/toolchains/llvm/prebuilt/darwin-x86_64/sysroot/usr/include/arm-linux-androideabi;/Users/dylanmarcus/SDKs/Android/ndk/21.0.6113669/toolchains/llvm/prebuilt/darwin-x86_64/sysroot/usr/include]


Parsed CXX implicit link information from above output:
  link line regex: [^( *|.*[/\])(ld\.lld|CMAKE_LINK_STARTFILE-NOTFOUND|([^/\]+-)?ld|collect2)[^/\]*( |$)]
  ignore line: [Change Dir: /Volumes/git/m1-sdk/lib/_builds/android-ndk-r16b-api-21-armeabi-v7a-neon-clang-libcxx-Release/CMakeFiles/CMakeTmp]
  ignore line: []
  ignore line: [Run Build Command(s):/usr/bin/make -f Makefile cmTC_eac86/fast && /Applications/Xcode.app/Contents/Developer/usr/bin/make  -f CMakeFiles/cmTC_eac86.dir/build.make CMakeFiles/cmTC_eac86.dir/build]
  ignore line: [Building CXX object CMakeFiles/cmTC_eac86.dir/CMakeCXXCompilerABI.cpp.o]
  ignore line: [/Users/dylanmarcus/SDKs/Android/ndk/21.0.6113669/toolchains/llvm/prebuilt/darwin-x86_64/bin/clang++ --target=armv7-none-linux-androideabi21 -DANDROID  -std=c++11   -march=armv7-a -marm -mfpu=neon -mfloat-abi=softfp -funwind-tables -no-canonical-prefixes -fexceptions -frtti -stdlib=libc++  -O2 -g -DNDEBUG -fPIE   -v -std=c++11 -MD -MT CMakeFiles/cmTC_eac86.dir/CMakeCXXCompilerABI.cpp.o -MF CMakeFiles/cmTC_eac86.dir/CMakeCXXCompilerABI.cpp.o.d -o CMakeFiles/cmTC_eac86.dir/CMakeCXXCompilerABI.cpp.o -c /usr/local/Cellar/cmake/3.21.4/share/cmake/Modules/CMakeCXXCompilerABI.cpp]
  ignore line: [Android (5900059 based on r365631c) clang version 9.0.8 (https://android.googlesource.com/toolchain/llvm-project 207d7abc1a2abf3ef8d4301736d6a7ebc224a290) (based on LLVM 9.0.8svn)]
  ignore line: [Target: armv7-none-linux-android21]
  ignore line: [Thread model: posix]
  ignore line: [InstalledDir: /Users/dylanmarcus/SDKs/Android/ndk/21.0.6113669/toolchains/llvm/prebuilt/darwin-x86_64/bin]
  ignore line: [Found candidate GCC installation: /Users/dylanmarcus/SDKs/Android/ndk/21.0.6113669/toolchains/llvm/prebuilt/darwin-x86_64/bin/../lib/gcc/arm-linux-androideabi/4.9.x]
  ignore line: [Selected GCC installation: /Users/dylanmarcus/SDKs/Android/ndk/21.0.6113669/toolchains/llvm/prebuilt/darwin-x86_64/bin/../lib/gcc/arm-linux-androideabi/4.9.x]
  ignore line: [Candidate multilib: thumb]
  ignore line: [@mthumb]
  ignore line: [Candidate multilib: armv7-a]
  ignore line: [@march=armv7-a]
  ignore line: [Candidate multilib: armv7-a/thumb]
  ignore line: [@march=armv7-a@mthumb]
  ignore line: [Candidate multilib: .]
  ignore line: []
  ignore line: [Selected multilib: armv7-a]
  ignore line: [@march=armv7-a]
  ignore line: [ "/Users/dylanmarcus/SDKs/Android/ndk/21.0.6113669/toolchains/llvm/prebuilt/darwin-x86_64/bin/clang++" -cc1 -triple armv7-none-linux-android21 -emit-obj -mnoexecstack -disable-free -disable-llvm-verifier -discard-value-names -main-file-name CMakeCXXCompilerABI.cpp -mrelocation-model pic -pic-level 2 -pic-is-pie -mthread-model posix -mdisable-fp-elim -masm-verbose -mconstructor-aliases -munwind-tables -fuse-init-array -target-cpu generic -target-feature +soft-float-abi -target-feature +fpregs -target-feature +vfp2 -target-feature +vfp2d16 -target-feature +vfp2d16sp -target-feature +vfp2sp -target-feature +vfp3 -target-feature +vfp3d16 -target-feature +vfp3d16sp -target-feature +vfp3sp -target-feature -fp16 -target-feature -vfp4 -target-feature -vfp4d16 -target-feature -vfp4d16sp -target-feature -vfp4sp -target-feature -fp-armv8 -target-feature -fp-armv8d16 -target-feature -fp-armv8d16sp -target-feature -fp-armv8sp -target-feature -fullfp16 -target-feature +fp64 -target-feature +d32 -target-feature +neon -target-feature -crypto -target-feature -fp16fml -target-abi aapcs-linux -mfloat-abi soft -fallow-half-arguments-and-returns -dwarf-column-info -debug-info-kind=limited -dwarf-version=4 -debugger-tuning=gdb -target-linker-version 241.9 -v -coverage-notes-file /Volumes/git/m1-sdk/lib/_builds/android-ndk-r16b-api-21-armeabi-v7a-neon-clang-libcxx-Release/CMakeFiles/CMakeTmp/CMakeFiles/cmTC_eac86.dir/CMakeCXXCompilerABI.cpp.gcno -resource-dir /Users/dylanmarcus/SDKs/Android/ndk/21.0.6113669/toolchains/llvm/prebuilt/darwin-x86_64/lib64/clang/9.0.8 -dependency-file CMakeFiles/cmTC_eac86.dir/CMakeCXXCompilerABI.cpp.o.d -sys-header-deps -MT CMakeFiles/cmTC_eac86.dir/CMakeCXXCompilerABI.cpp.o -D ANDROID -D NDEBUG -internal-isystem /Users/dylanmarcus/SDKs/Android/ndk/21.0.6113669/toolchains/llvm/prebuilt/darwin-x86_64/bin/../sysroot/usr/include/c++/v1 -internal-isystem /Users/dylanmarcus/SDKs/Android/ndk/21.0.6113669/toolchains/llvm/prebuilt/darwin-x86_64/bin/../sysroot/usr/local/include -internal-isystem /Users/dylanmarcus/SDKs/Android/ndk/21.0.6113669/toolchains/llvm/prebuilt/darwin-x86_64/lib64/clang/9.0.8/include -internal-externc-isystem /Users/dylanmarcus/SDKs/Android/ndk/21.0.6113669/toolchains/llvm/prebuilt/darwin-x86_64/bin/../sysroot/usr/include/arm-linux-androideabi -internal-externc-isystem /Users/dylanmarcus/SDKs/Android/ndk/21.0.6113669/toolchains/llvm/prebuilt/darwin-x86_64/bin/../sysroot/include -internal-externc-isystem /Users/dylanmarcus/SDKs/Android/ndk/21.0.6113669/toolchains/llvm/prebuilt/darwin-x86_64/bin/../sysroot/usr/include -O2 -std=c++11 -fdeprecated-macro -fdebug-compilation-dir /Volumes/git/m1-sdk/lib/_builds/android-ndk-r16b-api-21-armeabi-v7a-neon-clang-libcxx-Release/CMakeFiles/CMakeTmp -ferror-limit 19 -fmessage-length 0 -fno-signed-char -fobjc-runtime=gcc -fcxx-exceptions -fexceptions -fdiagnostics-show-option -vectorize-loops -vectorize-slp -o CMakeFiles/cmTC_eac86.dir/CMakeCXXCompilerABI.cpp.o -x c++ /usr/local/Cellar/cmake/3.21.4/share/cmake/Modules/CMakeCXXCompilerABI.cpp]
  ignore line: [clang -cc1 version 9.0.8 based upon LLVM 9.0.8svn default target x86_64-apple-darwin20.6.0]
  ignore line: [ignoring nonexistent directory "/Users/dylanmarcus/SDKs/Android/ndk/21.0.6113669/toolchains/llvm/prebuilt/darwin-x86_64/bin/../sysroot/include"]
  ignore line: [#include "..." search starts here:]
  ignore line: [#include <...> search starts here:]
  ignore line: [ /Users/dylanmarcus/SDKs/Android/ndk/21.0.6113669/toolchains/llvm/prebuilt/darwin-x86_64/bin/../sysroot/usr/include/c++/v1]
  ignore line: [ /Users/dylanmarcus/SDKs/Android/ndk/21.0.6113669/toolchains/llvm/prebuilt/darwin-x86_64/bin/../sysroot/usr/local/include]
  ignore line: [ /Users/dylanmarcus/SDKs/Android/ndk/21.0.6113669/toolchains/llvm/prebuilt/darwin-x86_64/lib64/clang/9.0.8/include]
  ignore line: [ /Users/dylanmarcus/SDKs/Android/ndk/21.0.6113669/toolchains/llvm/prebuilt/darwin-x86_64/bin/../sysroot/usr/include/arm-linux-androideabi]
  ignore line: [ /Users/dylanmarcus/SDKs/Android/ndk/21.0.6113669/toolchains/llvm/prebuilt/darwin-x86_64/bin/../sysroot/usr/include]
  ignore line: [End of search list.]
  ignore line: [Linking CXX executable cmTC_eac86]
  ignore line: [/usr/local/Cellar/cmake/3.21.4/bin/cmake -E cmake_link_script CMakeFiles/cmTC_eac86.dir/link.txt --verbose=1]
  ignore line: [/Users/dylanmarcus/SDKs/Android/ndk/21.0.6113669/toolchains/llvm/prebuilt/darwin-x86_64/bin/clang++ --target=armv7-none-linux-androideabi21 -std=c++11   -march=armv7-a -marm -mfpu=neon -mfloat-abi=softfp -funwind-tables -no-canonical-prefixes -fexceptions -frtti -stdlib=libc++  -O2 -g -DNDEBUG -Wl --fix-cortex-a8  -Wl --gc-sections -Wl -z nocopyreloc -L/usr/local/opt/libffi/lib -v -fPIE -pie CMakeFiles/cmTC_eac86.dir/CMakeCXXCompilerABI.cpp.o -o cmTC_eac86   -static-libstdc++ -latomic -lm ]
  ignore line: [Android (5900059 based on r365631c) clang version 9.0.8 (https://android.googlesource.com/toolchain/llvm-project 207d7abc1a2abf3ef8d4301736d6a7ebc224a290) (based on LLVM 9.0.8svn)]
  ignore line: [Target: armv7-none-linux-android21]
  ignore line: [Thread model: posix]
  ignore line: [InstalledDir: /Users/dylanmarcus/SDKs/Android/ndk/21.0.6113669/toolchains/llvm/prebuilt/darwin-x86_64/bin]
  ignore line: [Found candidate GCC installation: /Users/dylanmarcus/SDKs/Android/ndk/21.0.6113669/toolchains/llvm/prebuilt/darwin-x86_64/bin/../lib/gcc/arm-linux-androideabi/4.9.x]
  ignore line: [Selected GCC installation: /Users/dylanmarcus/SDKs/Android/ndk/21.0.6113669/toolchains/llvm/prebuilt/darwin-x86_64/bin/../lib/gcc/arm-linux-androideabi/4.9.x]
  ignore line: [Candidate multilib: thumb]
  ignore line: [@mthumb]
  ignore line: [Candidate multilib: armv7-a]
  ignore line: [@march=armv7-a]
  ignore line: [Candidate multilib: armv7-a/thumb]
  ignore line: [@march=armv7-a@mthumb]
  ignore line: [Candidate multilib: .]
  ignore line: []
  ignore line: [Selected multilib: armv7-a]
  ignore line: [@march=armv7-a]
  link line: [ "/Users/dylanmarcus/SDKs/Android/ndk/21.0.6113669/toolchains/llvm/prebuilt/darwin-x86_64/bin/../lib/gcc/arm-linux-androideabi/4.9.x/../../../../arm-linux-androideabi/bin/ld" -pie -z noexecstack -EL --warn-shared-textrel -z now -z relro -X --hash-style=both --enable-new-dtags --eh-frame-hdr -m armelf_linux_eabi -dynamic-linker /system/bin/linker -o cmTC_eac86 /Users/dylanmarcus/SDKs/Android/ndk/21.0.6113669/toolchains/llvm/prebuilt/darwin-x86_64/bin/../sysroot/usr/lib/arm-linux-androideabi/21/crtbegin_dynamic.o -L/usr/local/opt/libffi/lib -L/Users/dylanmarcus/SDKs/Android/ndk/21.0.6113669/toolchains/llvm/prebuilt/darwin-x86_64/lib64/clang/9.0.8/lib/linux/arm -L/Users/dylanmarcus/SDKs/Android/ndk/21.0.6113669/toolchains/llvm/prebuilt/darwin-x86_64/bin/../lib/gcc/arm-linux-androideabi/4.9.x/armv7-a -L/Users/dylanmarcus/SDKs/Android/ndk/21.0.6113669/toolchains/llvm/prebuilt/darwin-x86_64/bin/../lib/gcc/arm-linux-androideabi/4.9.x/../../../../arm-linux-androideabi/lib/../lib/armv7-a -L/Users/dylanmarcus/SDKs/Android/ndk/21.0.6113669/toolchains/llvm/prebuilt/darwin-x86_64/bin/../sysroot/usr/lib/arm-linux-androideabi/21 -L/Users/dylanmarcus/SDKs/Android/ndk/21.0.6113669/toolchains/llvm/prebuilt/darwin-x86_64/bin/../sysroot/usr/lib/arm-linux-androideabi -L/Users/dylanmarcus/SDKs/Android/ndk/21.0.6113669/toolchains/llvm/prebuilt/darwin-x86_64/bin/../sysroot/usr/lib/../lib -L/Users/dylanmarcus/SDKs/Android/ndk/21.0.6113669/toolchains/llvm/prebuilt/darwin-x86_64/bin/../sysroot/usr/lib/arm-linux-androideabi/../../lib -L/Users/dylanmarcus/SDKs/Android/ndk/21.0.6113669/toolchains/llvm/prebuilt/darwin-x86_64/bin/../lib/gcc/arm-linux-androideabi/4.9.x/../../../../arm-linux-androideabi/lib/armv7-a -L/Users/dylanmarcus/SDKs/Android/ndk/21.0.6113669/toolchains/llvm/prebuilt/darwin-x86_64/bin/../sysroot/usr/lib --fix-cortex-a8 --gc-sections -z nocopyreloc CMakeFiles/cmTC_eac86.dir/CMakeCXXCompilerABI.cpp.o -latomic -lm -Bstatic -lc++ -Bdynamic -lm -lgcc -ldl -lc -lgcc -ldl /Users/dylanmarcus/SDKs/Android/ndk/21.0.6113669/toolchains/llvm/prebuilt/darwin-x86_64/bin/../sysroot/usr/lib/arm-linux-androideabi/21/crtend_android.o]
    arg [/Users/dylanmarcus/SDKs/Android/ndk/21.0.6113669/toolchains/llvm/prebuilt/darwin-x86_64/bin/../lib/gcc/arm-linux-androideabi/4.9.x/../../../../arm-linux-androideabi/bin/ld] ==> ignore
    arg [-pie] ==> ignore
    arg [-znoexecstack] ==> ignore
    arg [-EL] ==> ignore
    arg [--warn-shared-textrel] ==> ignore
    arg [-znow] ==> ignore
    arg [-zrelro] ==> ignore
    arg [-X] ==> ignore
    arg [--hash-style=both] ==> ignore
    arg [--enable-new-dtags] ==> ignore
    arg [--eh-frame-hdr] ==> ignore
    arg [-m] ==> ignore
    arg [armelf_linux_eabi] ==> ignore
    arg [-dynamic-linker] ==> ignore
    arg [/system/bin/linker] ==> ignore
    arg [-o] ==> ignore
    arg [cmTC_eac86] ==> ignore
    arg [/Users/dylanmarcus/SDKs/Android/ndk/21.0.6113669/toolchains/llvm/prebuilt/darwin-x86_64/bin/../sysroot/usr/lib/arm-linux-androideabi/21/crtbegin_dynamic.o] ==> obj [/Users/dylanmarcus/SDKs/Android/ndk/21.0.6113669/toolchains/llvm/prebuilt/darwin-x86_64/bin/../sysroot/usr/lib/arm-linux-androideabi/21/crtbegin_dynamic.o]
    arg [-L/usr/local/opt/libffi/lib] ==> dir [/usr/local/opt/libffi/lib]
    arg [-L/Users/dylanmarcus/SDKs/Android/ndk/21.0.6113669/toolchains/llvm/prebuilt/darwin-x86_64/lib64/clang/9.0.8/lib/linux/arm] ==> dir [/Users/dylanmarcus/SDKs/Android/ndk/21.0.6113669/toolchains/llvm/prebuilt/darwin-x86_64/lib64/clang/9.0.8/lib/linux/arm]
    arg [-L/Users/dylanmarcus/SDKs/Android/ndk/21.0.6113669/toolchains/llvm/prebuilt/darwin-x86_64/bin/../lib/gcc/arm-linux-androideabi/4.9.x/armv7-a] ==> dir [/Users/dylanmarcus/SDKs/Android/ndk/21.0.6113669/toolchains/llvm/prebuilt/darwin-x86_64/bin/../lib/gcc/arm-linux-androideabi/4.9.x/armv7-a]
    arg [-L/Users/dylanmarcus/SDKs/Android/ndk/21.0.6113669/toolchains/llvm/prebuilt/darwin-x86_64/bin/../lib/gcc/arm-linux-androideabi/4.9.x/../../../../arm-linux-androideabi/lib/../lib/armv7-a] ==> dir [/Users/dylanmarcus/SDKs/Android/ndk/21.0.6113669/toolchains/llvm/prebuilt/darwin-x86_64/bin/../lib/gcc/arm-linux-androideabi/4.9.x/../../../../arm-linux-androideabi/lib/../lib/armv7-a]
    arg [-L/Users/dylanmarcus/SDKs/Android/ndk/21.0.6113669/toolchains/llvm/prebuilt/darwin-x86_64/bin/../sysroot/usr/lib/arm-linux-androideabi/21] ==> dir [/Users/dylanmarcus/SDKs/Android/ndk/21.0.6113669/toolchains/llvm/prebuilt/darwin-x86_64/bin/../sysroot/usr/lib/arm-linux-androideabi/21]
    arg [-L/Users/dylanmarcus/SDKs/Android/ndk/21.0.6113669/toolchains/llvm/prebuilt/darwin-x86_64/bin/../sysroot/usr/lib/arm-linux-androideabi] ==> dir [/Users/dylanmarcus/SDKs/Android/ndk/21.0.6113669/toolchains/llvm/prebuilt/darwin-x86_64/bin/../sysroot/usr/lib/arm-linux-androideabi]
    arg [-L/Users/dylanmarcus/SDKs/Android/ndk/21.0.6113669/toolchains/llvm/prebuilt/darwin-x86_64/bin/../sysroot/usr/lib/../lib] ==> dir [/Users/dylanmarcus/SDKs/Android/ndk/21.0.6113669/toolchains/llvm/prebuilt/darwin-x86_64/bin/../sysroot/usr/lib/../lib]
    arg [-L/Users/dylanmarcus/SDKs/Android/ndk/21.0.6113669/toolchains/llvm/prebuilt/darwin-x86_64/bin/../sysroot/usr/lib/arm-linux-androideabi/../../lib] ==> dir [/Users/dylanmarcus/SDKs/Android/ndk/21.0.6113669/toolchains/llvm/prebuilt/darwin-x86_64/bin/../sysroot/usr/lib/arm-linux-androideabi/../../lib]
    arg [-L/Users/dylanmarcus/SDKs/Android/ndk/21.0.6113669/toolchains/llvm/prebuilt/darwin-x86_64/bin/../lib/gcc/arm-linux-androideabi/4.9.x/../../../../arm-linux-androideabi/lib/armv7-a] ==> dir [/Users/dylanmarcus/SDKs/Android/ndk/21.0.6113669/toolchains/llvm/prebuilt/darwin-x86_64/bin/../lib/gcc/arm-linux-androideabi/4.9.x/../../../../arm-linux-androideabi/lib/armv7-a]
    arg [-L/Users/dylanmarcus/SDKs/Android/ndk/21.0.6113669/toolchains/llvm/prebuilt/darwin-x86_64/bin/../sysroot/usr/lib] ==> dir [/Users/dylanmarcus/SDKs/Android/ndk/21.0.6113669/toolchains/llvm/prebuilt/darwin-x86_64/bin/../sysroot/usr/lib]
    arg [--fix-cortex-a8] ==> ignore
    arg [--gc-sections] ==> ignore
    arg [-znocopyreloc] ==> ignore
    arg [CMakeFiles/cmTC_eac86.dir/CMakeCXXCompilerABI.cpp.o] ==> ignore
    arg [-latomic] ==> lib [atomic]
    arg [-lm] ==> lib [m]
    arg [-Bstatic] ==> search static
    arg [-lc++] ==> lib [c++]
    arg [-Bdynamic] ==> search dynamic
    arg [-lm] ==> lib [m]
    arg [-lgcc] ==> lib [gcc]
    arg [-ldl] ==> lib [dl]
    arg [-lc] ==> lib [c]
    arg [-lgcc] ==> lib [gcc]
    arg [-ldl] ==> lib [dl]
    arg [/Users/dylanmarcus/SDKs/Android/ndk/21.0.6113669/toolchains/llvm/prebuilt/darwin-x86_64/bin/../sysroot/usr/lib/arm-linux-androideabi/21/crtend_android.o] ==> obj [/Users/dylanmarcus/SDKs/Android/ndk/21.0.6113669/toolchains/llvm/prebuilt/darwin-x86_64/bin/../sysroot/usr/lib/arm-linux-androideabi/21/crtend_android.o]
  collapse obj [/Users/dylanmarcus/SDKs/Android/ndk/21.0.6113669/toolchains/llvm/prebuilt/darwin-x86_64/bin/../sysroot/usr/lib/arm-linux-androideabi/21/crtbegin_dynamic.o] ==> [/Users/dylanmarcus/SDKs/Android/ndk/21.0.6113669/toolchains/llvm/prebuilt/darwin-x86_64/sysroot/usr/lib/arm-linux-androideabi/21/crtbegin_dynamic.o]
  collapse obj [/Users/dylanmarcus/SDKs/Android/ndk/21.0.6113669/toolchains/llvm/prebuilt/darwin-x86_64/bin/../sysroot/usr/lib/arm-linux-androideabi/21/crtend_android.o] ==> [/Users/dylanmarcus/SDKs/Android/ndk/21.0.6113669/toolchains/llvm/prebuilt/darwin-x86_64/sysroot/usr/lib/arm-linux-androideabi/21/crtend_android.o]
  collapse library dir [/usr/local/opt/libffi/lib] ==> [/usr/local/opt/libffi/lib]
  collapse library dir [/Users/dylanmarcus/SDKs/Android/ndk/21.0.6113669/toolchains/llvm/prebuilt/darwin-x86_64/lib64/clang/9.0.8/lib/linux/arm] ==> [/Users/dylanmarcus/SDKs/Android/ndk/21.0.6113669/toolchains/llvm/prebuilt/darwin-x86_64/lib64/clang/9.0.8/lib/linux/arm]
  collapse library dir [/Users/dylanmarcus/SDKs/Android/ndk/21.0.6113669/toolchains/llvm/prebuilt/darwin-x86_64/bin/../lib/gcc/arm-linux-androideabi/4.9.x/armv7-a] ==> [/Users/dylanmarcus/SDKs/Android/ndk/21.0.6113669/toolchains/llvm/prebuilt/darwin-x86_64/lib/gcc/arm-linux-androideabi/4.9.x/armv7-a]
  collapse library dir [/Users/dylanmarcus/SDKs/Android/ndk/21.0.6113669/toolchains/llvm/prebuilt/darwin-x86_64/bin/../lib/gcc/arm-linux-androideabi/4.9.x/../../../../arm-linux-androideabi/lib/../lib/armv7-a] ==> [/Users/dylanmarcus/SDKs/Android/ndk/21.0.6113669/toolchains/llvm/prebuilt/darwin-x86_64/arm-linux-androideabi/lib/armv7-a]
  collapse library dir [/Users/dylanmarcus/SDKs/Android/ndk/21.0.6113669/toolchains/llvm/prebuilt/darwin-x86_64/bin/../sysroot/usr/lib/arm-linux-androideabi/21] ==> [/Users/dylanmarcus/SDKs/Android/ndk/21.0.6113669/toolchains/llvm/prebuilt/darwin-x86_64/sysroot/usr/lib/arm-linux-androideabi/21]
  collapse library dir [/Users/dylanmarcus/SDKs/Android/ndk/21.0.6113669/toolchains/llvm/prebuilt/darwin-x86_64/bin/../sysroot/usr/lib/arm-linux-androideabi] ==> [/Users/dylanmarcus/SDKs/Android/ndk/21.0.6113669/toolchains/llvm/prebuilt/darwin-x86_64/sysroot/usr/lib/arm-linux-androideabi]
  collapse library dir [/Users/dylanmarcus/SDKs/Android/ndk/21.0.6113669/toolchains/llvm/prebuilt/darwin-x86_64/bin/../sysroot/usr/lib/../lib] ==> [/Users/dylanmarcus/SDKs/Android/ndk/21.0.6113669/toolchains/llvm/prebuilt/darwin-x86_64/sysroot/usr/lib]
  collapse library dir [/Users/dylanmarcus/SDKs/Android/ndk/21.0.6113669/toolchains/llvm/prebuilt/darwin-x86_64/bin/../sysroot/usr/lib/arm-linux-androideabi/../../lib] ==> [/Users/dylanmarcus/SDKs/Android/ndk/21.0.6113669/toolchains/llvm/prebuilt/darwin-x86_64/sysroot/usr/lib]
  collapse library dir [/Users/dylanmarcus/SDKs/Android/ndk/21.0.6113669/toolchains/llvm/prebuilt/darwin-x86_64/bin/../lib/gcc/arm-linux-androideabi/4.9.x/../../../../arm-linux-androideabi/lib/armv7-a] ==> [/Users/dylanmarcus/SDKs/Android/ndk/21.0.6113669/toolchains/llvm/prebuilt/darwin-x86_64/arm-linux-androideabi/lib/armv7-a]
  collapse library dir [/Users/dylanmarcus/SDKs/Android/ndk/21.0.6113669/toolchains/llvm/prebuilt/darwin-x86_64/bin/../sysroot/usr/lib] ==> [/Users/dylanmarcus/SDKs/Android/ndk/21.0.6113669/toolchains/llvm/prebuilt/darwin-x86_64/sysroot/usr/lib]
  implicit libs: [atomic;m;c++;m;gcc;dl;c;gcc;dl]
  implicit objs: [/Users/dylanmarcus/SDKs/Android/ndk/21.0.6113669/toolchains/llvm/prebuilt/darwin-x86_64/sysroot/usr/lib/arm-linux-androideabi/21/crtbegin_dynamic.o;/Users/dylanmarcus/SDKs/Android/ndk/21.0.6113669/toolchains/llvm/prebuilt/darwin-x86_64/sysroot/usr/lib/arm-linux-androideabi/21/crtend_android.o]
  implicit dirs: [/usr/local/opt/libffi/lib;/Users/dylanmarcus/SDKs/Android/ndk/21.0.6113669/toolchains/llvm/prebuilt/darwin-x86_64/lib64/clang/9.0.8/lib/linux/arm;/Users/dylanmarcus/SDKs/Android/ndk/21.0.6113669/toolchains/llvm/prebuilt/darwin-x86_64/lib/gcc/arm-linux-androideabi/4.9.x/armv7-a;/Users/dylanmarcus/SDKs/Android/ndk/21.0.6113669/toolchains/llvm/prebuilt/darwin-x86_64/arm-linux-androideabi/lib/armv7-a;/Users/dylanmarcus/SDKs/Android/ndk/21.0.6113669/toolchains/llvm/prebuilt/darwin-x86_64/sysroot/usr/lib/arm-linux-androideabi/21;/Users/dylanmarcus/SDKs/Android/ndk/21.0.6113669/toolchains/llvm/prebuilt/darwin-x86_64/sysroot/usr/lib/arm-linux-androideabi;/Users/dylanmarcus/SDKs/Android/ndk/21.0.6113669/toolchains/llvm/prebuilt/darwin-x86_64/sysroot/usr/lib]
  implicit fwks: []


