Compiling the C compiler identification source file "CMakeCCompilerId.c" failed.
Compiler: /usr/local/bin/arm-none-eabi-gcc 
Build flags: -mfpu=neon-vfpv4;-mfloat-abi=hard
Id flags:  

The output was:
1
/usr/local/Cellar/arm-none-eabi-gcc/9-2019-q4-major/gcc/bin/../lib/gcc/arm-none-eabi/9.2.1/../../../../arm-none-eabi/bin/ld: error: /var/folders/mh/hql7qhd159s799mvhvhxr17h0000gn/T//ccm06OdH.o uses VFP register arguments, a.out does not
/usr/local/Cellar/arm-none-eabi-gcc/9-2019-q4-major/gcc/bin/../lib/gcc/arm-none-eabi/9.2.1/../../../../arm-none-eabi/bin/ld: failed to merge target specific data of file /var/folders/mh/hql7qhd159s799mvhvhxr17h0000gn/T//ccm06OdH.o
/usr/local/Cellar/arm-none-eabi-gcc/9-2019-q4-major/gcc/bin/../lib/gcc/arm-none-eabi/9.2.1/../../../../arm-none-eabi/bin/ld: /usr/local/Cellar/arm-none-eabi-gcc/9-2019-q4-major/gcc/bin/../lib/gcc/arm-none-eabi/9.2.1/../../../../arm-none-eabi/lib/libc.a(lib_a-exit.o): in function `exit':
exit.c:(.text.exit+0x2c): undefined reference to `_exit'
collect2: error: ld returned 1 exit status


Compiling the CXX compiler identification source file "CMakeCXXCompilerId.cpp" failed.
Compiler: /usr/local/bin/arm-none-eabi-g++ 
Build flags: -mfpu=neon-vfpv4;-mfloat-abi=hard;-std=c++11
Id flags:  

The output was:
1
/usr/local/Cellar/arm-none-eabi-gcc/9-2019-q4-major/gcc/bin/../lib/gcc/arm-none-eabi/9.2.1/../../../../arm-none-eabi/bin/ld: error: /var/folders/mh/hql7qhd159s799mvhvhxr17h0000gn/T//ccLIU3te.o uses VFP register arguments, a.out does not
/usr/local/Cellar/arm-none-eabi-gcc/9-2019-q4-major/gcc/bin/../lib/gcc/arm-none-eabi/9.2.1/../../../../arm-none-eabi/bin/ld: failed to merge target specific data of file /var/folders/mh/hql7qhd159s799mvhvhxr17h0000gn/T//ccLIU3te.o
/usr/local/Cellar/arm-none-eabi-gcc/9-2019-q4-major/gcc/bin/../lib/gcc/arm-none-eabi/9.2.1/../../../../arm-none-eabi/bin/ld: /usr/local/Cellar/arm-none-eabi-gcc/9-2019-q4-major/gcc/bin/../lib/gcc/arm-none-eabi/9.2.1/../../../../arm-none-eabi/lib/libc.a(lib_a-exit.o): in function `exit':
exit.c:(.text.exit+0x2c): undefined reference to `_exit'
collect2: error: ld returned 1 exit status


Detecting C compiler ABI info failed to compile with the following output:
Change Dir: /Volumes/git/m1-sdk/lib/_builds/unix-gcc-armhf-neon-vfpv4-Release/CMakeFiles/CMakeTmp

Run Build Command(s):/usr/bin/make -f Makefile cmTC_1f952/fast && /Applications/Xcode.app/Contents/Developer/usr/bin/make  -f CMakeFiles/cmTC_1f952.dir/build.make CMakeFiles/cmTC_1f952.dir/build
Building C object CMakeFiles/cmTC_1f952.dir/CMakeCCompilerABI.c.o
/usr/local/bin/arm-none-eabi-gcc   -mfpu=neon-vfpv4 -mfloat-abi=hard    -v -o CMakeFiles/cmTC_1f952.dir/CMakeCCompilerABI.c.o -c /usr/local/Cellar/cmake/3.20.0/share/cmake/Modules/CMakeCCompilerABI.c
Using built-in specs.
COLLECT_GCC=/usr/local/bin/arm-none-eabi-gcc
Target: arm-none-eabi
Configured with: /tmp/jenkins-GCC-9-pipeline-100_20191030_1572397548/src/gcc/configure --target=arm-none-eabi --prefix=/tmp/jenkins-GCC-9-pipeline-100_20191030_1572397548/install-native --libexecdir=/tmp/jenkins-GCC-9-pipeline-100_20191030_1572397548/install-native/lib --infodir=/tmp/jenkins-GCC-9-pipeline-100_20191030_1572397548/install-native/share/doc/gcc-arm-none-eabi/info --mandir=/tmp/jenkins-GCC-9-pipeline-100_20191030_1572397548/install-native/share/doc/gcc-arm-none-eabi/man --htmldir=/tmp/jenkins-GCC-9-pipeline-100_20191030_1572397548/install-native/share/doc/gcc-arm-none-eabi/html --pdfdir=/tmp/jenkins-GCC-9-pipeline-100_20191030_1572397548/install-native/share/doc/gcc-arm-none-eabi/pdf --enable-languages=c,c++ --enable-plugins --disable-decimal-float --disable-libffi --disable-libgomp --disable-libmudflap --disable-libquadmath --disable-libssp --disable-libstdcxx-pch --disable-nls --disable-shared --disable-threads --disable-tls --with-gnu-as --with-gnu-ld --with-newlib --with-headers=yes --with-python-dir=share/gcc-arm-none-eabi --with-sysroot=/tmp/jenkins-GCC-9-pipeline-100_20191030_1572397548/install-native/arm-none-eabi --build=x86_64-apple-darwin10 --host=x86_64-apple-darwin10 --with-gmp=/tmp/jenkins-GCC-9-pipeline-100_20191030_1572397548/build-native/host-libs/usr --with-mpfr=/tmp/jenkins-GCC-9-pipeline-100_20191030_1572397548/build-native/host-libs/usr --with-mpc=/tmp/jenkins-GCC-9-pipeline-100_20191030_1572397548/build-native/host-libs/usr --with-isl=/tmp/jenkins-GCC-9-pipeline-100_20191030_1572397548/build-native/host-libs/usr --with-libelf=/tmp/jenkins-GCC-9-pipeline-100_20191030_1572397548/build-native/host-libs/usr --with-host-libstdcxx='-static-libgcc -Wl,-lstdc++ -lm' --with-pkgversion='GNU Tools for Arm Embedded Processors 9-2019-q4-major' --with-multilib-list=rmprofile
Thread model: single
gcc version 9.2.1 20191025 (release) [ARM/arm-9-branch revision 277599] (GNU Tools for Arm Embedded Processors 9-2019-q4-major) 
COLLECT_GCC_OPTIONS='-mfpu=neon-vfpv4' '-mfloat-abi=hard' '-v' '-o' 'CMakeFiles/cmTC_1f952.dir/CMakeCCompilerABI.c.o' '-c' '-mcpu=arm7tdmi' '-marm' '-march=armv4t'
 /usr/local/Cellar/arm-none-eabi-gcc/9-2019-q4-major/gcc/bin/../lib/gcc/arm-none-eabi/9.2.1/cc1 -quiet -v -iprefix /usr/local/Cellar/arm-none-eabi-gcc/9-2019-q4-major/gcc/bin/../lib/gcc/arm-none-eabi/9.2.1/ -isysroot /usr/local/Cellar/arm-none-eabi-gcc/9-2019-q4-major/gcc/bin/../arm-none-eabi -D__USES_INITFINI__ /usr/local/Cellar/cmake/3.20.0/share/cmake/Modules/CMakeCCompilerABI.c -quiet -dumpbase CMakeCCompilerABI.c -mfpu=neon-vfpv4 -mfloat-abi=hard -mcpu=arm7tdmi -marm -march=armv4t -auxbase-strip CMakeFiles/cmTC_1f952.dir/CMakeCCompilerABI.c.o -version -o /var/folders/mh/hql7qhd159s799mvhvhxr17h0000gn/T//ccT7aral.s
GNU C17 (GNU Tools for Arm Embedded Processors 9-2019-q4-major) version 9.2.1 20191025 (release) [ARM/arm-9-branch revision 277599] (arm-none-eabi)
	compiled by GNU C version 4.2.1 Compatible Apple LLVM 9.0.0 (clang-900.0.39.2), GMP version 6.1.0, MPFR version 3.1.4, MPC version 1.0.3, isl version isl-0.18-GMP

GGC heuristics: --param ggc-min-expand=100 --param ggc-min-heapsize=131072
ignoring duplicate directory "/usr/local/Cellar/arm-none-eabi-gcc/9-2019-q4-major/gcc/bin/../lib/gcc/../../lib/gcc/arm-none-eabi/9.2.1/include"
ignoring nonexistent directory "/usr/local/Cellar/arm-none-eabi-gcc/9-2019-q4-major/gcc/bin/../arm-none-eabi/usr/local/include"
ignoring duplicate directory "/usr/local/Cellar/arm-none-eabi-gcc/9-2019-q4-major/gcc/bin/../lib/gcc/../../lib/gcc/arm-none-eabi/9.2.1/include-fixed"
ignoring duplicate directory "/usr/local/Cellar/arm-none-eabi-gcc/9-2019-q4-major/gcc/bin/../lib/gcc/../../lib/gcc/arm-none-eabi/9.2.1/../../../../arm-none-eabi/include"
ignoring nonexistent directory "/usr/local/Cellar/arm-none-eabi-gcc/9-2019-q4-major/gcc/bin/../arm-none-eabi/usr/include"
#include "..." search starts here:
#include <...> search starts here:
 /usr/local/Cellar/arm-none-eabi-gcc/9-2019-q4-major/gcc/bin/../lib/gcc/arm-none-eabi/9.2.1/include
 /usr/local/Cellar/arm-none-eabi-gcc/9-2019-q4-major/gcc/bin/../lib/gcc/arm-none-eabi/9.2.1/include-fixed
 /usr/local/Cellar/arm-none-eabi-gcc/9-2019-q4-major/gcc/bin/../lib/gcc/arm-none-eabi/9.2.1/../../../../arm-none-eabi/include
End of search list.
GNU C17 (GNU Tools for Arm Embedded Processors 9-2019-q4-major) version 9.2.1 20191025 (release) [ARM/arm-9-branch revision 277599] (arm-none-eabi)
	compiled by GNU C version 4.2.1 Compatible Apple LLVM 9.0.0 (clang-900.0.39.2), GMP version 6.1.0, MPFR version 3.1.4, MPC version 1.0.3, isl version isl-0.18-GMP

GGC heuristics: --param ggc-min-expand=100 --param ggc-min-heapsize=131072
Compiler executable checksum: db2377360e540a6b416884f1a3d4ba85
COLLECT_GCC_OPTIONS='-mfpu=neon-vfpv4' '-mfloat-abi=hard' '-v' '-o' 'CMakeFiles/cmTC_1f952.dir/CMakeCCompilerABI.c.o' '-c' '-mcpu=arm7tdmi' '-marm' '-march=armv4t'
 /usr/local/Cellar/arm-none-eabi-gcc/9-2019-q4-major/gcc/bin/../lib/gcc/arm-none-eabi/9.2.1/../../../../arm-none-eabi/bin/as -v -march=armv4t -mfloat-abi=hard -mfpu=neon-vfpv4 -meabi=5 -o CMakeFiles/cmTC_1f952.dir/CMakeCCompilerABI.c.o /var/folders/mh/hql7qhd159s799mvhvhxr17h0000gn/T//ccT7aral.s
GNU assembler version 2.33.1 (arm-none-eabi) using BFD version (GNU Tools for Arm Embedded Processors 9-2019-q4-major) 2.33.1.20191025
COMPILER_PATH=/usr/local/Cellar/arm-none-eabi-gcc/9-2019-q4-major/gcc/bin/../lib/gcc/arm-none-eabi/9.2.1/:/usr/local/Cellar/arm-none-eabi-gcc/9-2019-q4-major/gcc/bin/../lib/gcc/:/usr/local/Cellar/arm-none-eabi-gcc/9-2019-q4-major/gcc/bin/../lib/gcc/arm-none-eabi/9.2.1/../../../../arm-none-eabi/bin/
LIBRARY_PATH=/usr/local/Cellar/arm-none-eabi-gcc/9-2019-q4-major/gcc/bin/../lib/gcc/arm-none-eabi/9.2.1/:/usr/local/Cellar/arm-none-eabi-gcc/9-2019-q4-major/gcc/bin/../lib/gcc/:/usr/local/Cellar/arm-none-eabi-gcc/9-2019-q4-major/gcc/bin/../lib/gcc/arm-none-eabi/9.2.1/../../../../arm-none-eabi/lib/:/usr/local/Cellar/arm-none-eabi-gcc/9-2019-q4-major/gcc/bin/../arm-none-eabi/lib/
COLLECT_GCC_OPTIONS='-mfpu=neon-vfpv4' '-mfloat-abi=hard' '-v' '-o' 'CMakeFiles/cmTC_1f952.dir/CMakeCCompilerABI.c.o' '-c' '-mcpu=arm7tdmi' '-marm' '-march=armv4t'
Linking C executable cmTC_1f952
/usr/local/Cellar/cmake/3.20.0/bin/cmake -E cmake_link_script CMakeFiles/cmTC_1f952.dir/link.txt --verbose=1
/usr/local/bin/arm-none-eabi-gcc -mfpu=neon-vfpv4 -mfloat-abi=hard   -v CMakeFiles/cmTC_1f952.dir/CMakeCCompilerABI.c.o -o cmTC_1f952 
Using built-in specs.
COLLECT_GCC=/usr/local/bin/arm-none-eabi-gcc
COLLECT_LTO_WRAPPER=/usr/local/Cellar/arm-none-eabi-gcc/9-2019-q4-major/gcc/bin/../lib/gcc/arm-none-eabi/9.2.1/lto-wrapper
Target: arm-none-eabi
Configured with: /tmp/jenkins-GCC-9-pipeline-100_20191030_1572397548/src/gcc/configure --target=arm-none-eabi --prefix=/tmp/jenkins-GCC-9-pipeline-100_20191030_1572397548/install-native --libexecdir=/tmp/jenkins-GCC-9-pipeline-100_20191030_1572397548/install-native/lib --infodir=/tmp/jenkins-GCC-9-pipeline-100_20191030_1572397548/install-native/share/doc/gcc-arm-none-eabi/info --mandir=/tmp/jenkins-GCC-9-pipeline-100_20191030_1572397548/install-native/share/doc/gcc-arm-none-eabi/man --htmldir=/tmp/jenkins-GCC-9-pipeline-100_20191030_1572397548/install-native/share/doc/gcc-arm-none-eabi/html --pdfdir=/tmp/jenkins-GCC-9-pipeline-100_20191030_1572397548/install-native/share/doc/gcc-arm-none-eabi/pdf --enable-languages=c,c++ --enable-plugins --disable-decimal-float --disable-libffi --disable-libgomp --disable-libmudflap --disable-libquadmath --disable-libssp --disable-libstdcxx-pch --disable-nls --disable-shared --disable-threads --disable-tls --with-gnu-as --with-gnu-ld --with-newlib --with-headers=yes --with-python-dir=share/gcc-arm-none-eabi --with-sysroot=/tmp/jenkins-GCC-9-pipeline-100_20191030_1572397548/install-native/arm-none-eabi --build=x86_64-apple-darwin10 --host=x86_64-apple-darwin10 --with-gmp=/tmp/jenkins-GCC-9-pipeline-100_20191030_1572397548/build-native/host-libs/usr --with-mpfr=/tmp/jenkins-GCC-9-pipeline-100_20191030_1572397548/build-native/host-libs/usr --with-mpc=/tmp/jenkins-GCC-9-pipeline-100_20191030_1572397548/build-native/host-libs/usr --with-isl=/tmp/jenkins-GCC-9-pipeline-100_20191030_1572397548/build-native/host-libs/usr --with-libelf=/tmp/jenkins-GCC-9-pipeline-100_20191030_1572397548/build-native/host-libs/usr --with-host-libstdcxx='-static-libgcc -Wl,-lstdc++ -lm' --with-pkgversion='GNU Tools for Arm Embedded Processors 9-2019-q4-major' --with-multilib-list=rmprofile
Thread model: single
gcc version 9.2.1 20191025 (release) [ARM/arm-9-branch revision 277599] (GNU Tools for Arm Embedded Processors 9-2019-q4-major) 
COMPILER_PATH=/usr/local/Cellar/arm-none-eabi-gcc/9-2019-q4-major/gcc/bin/../lib/gcc/arm-none-eabi/9.2.1/:/usr/local/Cellar/arm-none-eabi-gcc/9-2019-q4-major/gcc/bin/../lib/gcc/:/usr/local/Cellar/arm-none-eabi-gcc/9-2019-q4-major/gcc/bin/../lib/gcc/arm-none-eabi/9.2.1/../../../../arm-none-eabi/bin/
LIBRARY_PATH=/usr/local/Cellar/arm-none-eabi-gcc/9-2019-q4-major/gcc/bin/../lib/gcc/arm-none-eabi/9.2.1/:/usr/local/Cellar/arm-none-eabi-gcc/9-2019-q4-major/gcc/bin/../lib/gcc/:/usr/local/Cellar/arm-none-eabi-gcc/9-2019-q4-major/gcc/bin/../lib/gcc/arm-none-eabi/9.2.1/../../../../arm-none-eabi/lib/:/usr/local/Cellar/arm-none-eabi-gcc/9-2019-q4-major/gcc/bin/../arm-none-eabi/lib/
COLLECT_GCC_OPTIONS='-mfpu=neon-vfpv4' '-mfloat-abi=hard' '-v' '-o' 'cmTC_1f952' '-mcpu=arm7tdmi' '-marm' '-march=armv4t'
 /usr/local/Cellar/arm-none-eabi-gcc/9-2019-q4-major/gcc/bin/../lib/gcc/arm-none-eabi/9.2.1/collect2 -plugin /usr/local/Cellar/arm-none-eabi-gcc/9-2019-q4-major/gcc/bin/../lib/gcc/arm-none-eabi/9.2.1/liblto_plugin.so -plugin-opt=/usr/local/Cellar/arm-none-eabi-gcc/9-2019-q4-major/gcc/bin/../lib/gcc/arm-none-eabi/9.2.1/lto-wrapper -plugin-opt=-fresolution=/var/folders/mh/hql7qhd159s799mvhvhxr17h0000gn/T//ccsCiyMM.res -plugin-opt=-pass-through=-lgcc -plugin-opt=-pass-through=-lc --sysroot=/usr/local/Cellar/arm-none-eabi-gcc/9-2019-q4-major/gcc/bin/../arm-none-eabi -X -o cmTC_1f952 /usr/local/Cellar/arm-none-eabi-gcc/9-2019-q4-major/gcc/bin/../lib/gcc/arm-none-eabi/9.2.1/crti.o /usr/local/Cellar/arm-none-eabi-gcc/9-2019-q4-major/gcc/bin/../lib/gcc/arm-none-eabi/9.2.1/crtbegin.o /usr/local/Cellar/arm-none-eabi-gcc/9-2019-q4-major/gcc/bin/../lib/gcc/arm-none-eabi/9.2.1/../../../../arm-none-eabi/lib/crt0.o -L/usr/local/Cellar/arm-none-eabi-gcc/9-2019-q4-major/gcc/bin/../lib/gcc/arm-none-eabi/9.2.1 -L/usr/local/Cellar/arm-none-eabi-gcc/9-2019-q4-major/gcc/bin/../lib/gcc -L/usr/local/Cellar/arm-none-eabi-gcc/9-2019-q4-major/gcc/bin/../lib/gcc/arm-none-eabi/9.2.1/../../../../arm-none-eabi/lib -L/usr/local/Cellar/arm-none-eabi-gcc/9-2019-q4-major/gcc/bin/../arm-none-eabi/lib CMakeFiles/cmTC_1f952.dir/CMakeCCompilerABI.c.o --start-group -lgcc -lc --end-group /usr/local/Cellar/arm-none-eabi-gcc/9-2019-q4-major/gcc/bin/../lib/gcc/arm-none-eabi/9.2.1/crtend.o /usr/local/Cellar/arm-none-eabi-gcc/9-2019-q4-major/gcc/bin/../lib/gcc/arm-none-eabi/9.2.1/crtn.o
/usr/local/Cellar/arm-none-eabi-gcc/9-2019-q4-major/gcc/bin/../lib/gcc/arm-none-eabi/9.2.1/../../../../arm-none-eabi/bin/ld: error: CMakeFiles/cmTC_1f952.dir/CMakeCCompilerABI.c.o uses VFP register arguments, cmTC_1f952 does not
/usr/local/Cellar/arm-none-eabi-gcc/9-2019-q4-major/gcc/bin/../lib/gcc/arm-none-eabi/9.2.1/../../../../arm-none-eabi/bin/ld: failed to merge target specific data of file CMakeFiles/cmTC_1f952.dir/CMakeCCompilerABI.c.o
/usr/local/Cellar/arm-none-eabi-gcc/9-2019-q4-major/gcc/bin/../lib/gcc/arm-none-eabi/9.2.1/../../../../arm-none-eabi/bin/ld: /usr/local/Cellar/arm-none-eabi-gcc/9-2019-q4-major/gcc/bin/../lib/gcc/arm-none-eabi/9.2.1/../../../../arm-none-eabi/lib/libc.a(lib_a-exit.o): in function `exit':
exit.c:(.text.exit+0x2c): undefined reference to `_exit'
collect2: error: ld returned 1 exit status
make[1]: *** [cmTC_1f952] Error 1
make: *** [cmTC_1f952/fast] Error 2




Determining if the C compiler works failed with the following output:
Change Dir: /Volumes/git/m1-sdk/lib/_builds/unix-gcc-armhf-neon-vfpv4-Release/CMakeFiles/CMakeTmp

Run Build Command(s):/usr/bin/make -f Makefile cmTC_d75b4/fast && /Applications/Xcode.app/Contents/Developer/usr/bin/make  -f CMakeFiles/cmTC_d75b4.dir/build.make CMakeFiles/cmTC_d75b4.dir/build
Building C object CMakeFiles/cmTC_d75b4.dir/testCCompiler.c.o
/usr/local/bin/arm-none-eabi-gcc   -mfpu=neon-vfpv4 -mfloat-abi=hard  -o CMakeFiles/cmTC_d75b4.dir/testCCompiler.c.o -c /Volumes/git/m1-sdk/lib/_builds/unix-gcc-armhf-neon-vfpv4-Release/CMakeFiles/CMakeTmp/testCCompiler.c
Linking C executable cmTC_d75b4
/usr/local/Cellar/cmake/3.20.0/bin/cmake -E cmake_link_script CMakeFiles/cmTC_d75b4.dir/link.txt --verbose=1
/usr/local/bin/arm-none-eabi-gcc -mfpu=neon-vfpv4 -mfloat-abi=hard  CMakeFiles/cmTC_d75b4.dir/testCCompiler.c.o -o cmTC_d75b4 
/usr/local/Cellar/arm-none-eabi-gcc/9-2019-q4-major/gcc/bin/../lib/gcc/arm-none-eabi/9.2.1/../../../../arm-none-eabi/bin/ld: error: CMakeFiles/cmTC_d75b4.dir/testCCompiler.c.o uses VFP register arguments, cmTC_d75b4 does not
/usr/local/Cellar/arm-none-eabi-gcc/9-2019-q4-major/gcc/bin/../lib/gcc/arm-none-eabi/9.2.1/../../../../arm-none-eabi/bin/ld: failed to merge target specific data of file CMakeFiles/cmTC_d75b4.dir/testCCompiler.c.o
/usr/local/Cellar/arm-none-eabi-gcc/9-2019-q4-major/gcc/bin/../lib/gcc/arm-none-eabi/9.2.1/../../../../arm-none-eabi/bin/ld: /usr/local/Cellar/arm-none-eabi-gcc/9-2019-q4-major/gcc/bin/../lib/gcc/arm-none-eabi/9.2.1/../../../../arm-none-eabi/lib/libc.a(lib_a-exit.o): in function `exit':
exit.c:(.text.exit+0x2c): undefined reference to `_exit'
collect2: error: ld returned 1 exit status
make[1]: *** [cmTC_d75b4] Error 1
make: *** [cmTC_d75b4/fast] Error 2



