The target system is: Generic -  - arm
The host system is: Darwin - 19.5.0 - x86_64
Compiling the C compiler identification source file "CMakeCCompilerId.c" succeeded.
Compiler: /usr/local/bin/arm-none-eabi-gcc 
Build flags: -mtune=cortex-m0;-mcpu=cortex-m0;-march=armv6-m;-pipe
Id flags: -c 

The output was:
0


Compilation of the C compiler identification source "CMakeCCompilerId.c" produced "CMakeCCompilerId.o"

The C compiler identification is GNU, found in "/Volumes/git/m1-sdk/lib/_builds/gcc-armhf-m0-cxx14-Release/CMakeFiles/3.20.0/CompilerIdC/CMakeCCompilerId.o"

Compiling the CXX compiler identification source file "CMakeCXXCompilerId.cpp" succeeded.
Compiler: /usr/local/bin/arm-none-eabi-g++ 
Build flags: -mtune=cortex-m0;-mcpu=cortex-m0;-march=armv6-m;-pipe;-std=c++14
Id flags: -c 

The output was:
0


Compilation of the CXX compiler identification source "CMakeCXXCompilerId.cpp" produced "CMakeCXXCompilerId.o"

The CXX compiler identification is GNU, found in "/Volumes/git/m1-sdk/lib/_builds/gcc-armhf-m0-cxx14-Release/CMakeFiles/3.20.0/CompilerIdCXX/CMakeCXXCompilerId.o"

Detecting C compiler ABI info compiled with the following output:
Change Dir: /Volumes/git/m1-sdk/lib/_builds/gcc-armhf-m0-cxx14-Release/CMakeFiles/CMakeTmp

Run Build Command(s):/usr/bin/make -f Makefile cmTC_d2a2b/fast && /Applications/Xcode.app/Contents/Developer/usr/bin/make  -f CMakeFiles/cmTC_d2a2b.dir/build.make CMakeFiles/cmTC_d2a2b.dir/build
Building C object CMakeFiles/cmTC_d2a2b.dir/CMakeCCompilerABI.c.obj
/usr/local/bin/arm-none-eabi-gcc   -mtune=cortex-m0 -mcpu=cortex-m0 -march=armv6-m -pipe    -v -o CMakeFiles/cmTC_d2a2b.dir/CMakeCCompilerABI.c.obj -c /usr/local/Cellar/cmake/3.20.0/share/cmake/Modules/CMakeCCompilerABI.c
Using built-in specs.
COLLECT_GCC=/usr/local/bin/arm-none-eabi-gcc
Target: arm-none-eabi
Configured with: /tmp/jenkins-GCC-10-pipeline-48_20201124_1606180639/src/gcc/configure --target=arm-none-eabi --prefix=/tmp/jenkins-GCC-10-pipeline-48_20201124_1606180639/install-native --libexecdir=/tmp/jenkins-GCC-10-pipeline-48_20201124_1606180639/install-native/lib --infodir=/tmp/jenkins-GCC-10-pipeline-48_20201124_1606180639/install-native/share/doc/gcc-arm-none-eabi/info --mandir=/tmp/jenkins-GCC-10-pipeline-48_20201124_1606180639/install-native/share/doc/gcc-arm-none-eabi/man --htmldir=/tmp/jenkins-GCC-10-pipeline-48_20201124_1606180639/install-native/share/doc/gcc-arm-none-eabi/html --pdfdir=/tmp/jenkins-GCC-10-pipeline-48_20201124_1606180639/install-native/share/doc/gcc-arm-none-eabi/pdf --enable-languages=c,c++ --enable-plugins --disable-decimal-float --disable-libffi --disable-libgomp --disable-libmudflap --disable-libquadmath --disable-libssp --disable-libstdcxx-pch --disable-nls --disable-shared --disable-threads --disable-tls --with-gnu-as --with-gnu-ld --with-newlib --with-headers=yes --with-python-dir=share/gcc-arm-none-eabi --with-sysroot=/tmp/jenkins-GCC-10-pipeline-48_20201124_1606180639/install-native/arm-none-eabi --build=x86_64-apple-darwin10 --host=x86_64-apple-darwin10 --with-gmp=/tmp/jenkins-GCC-10-pipeline-48_20201124_1606180639/build-native/host-libs/usr --with-mpfr=/tmp/jenkins-GCC-10-pipeline-48_20201124_1606180639/build-native/host-libs/usr --with-mpc=/tmp/jenkins-GCC-10-pipeline-48_20201124_1606180639/build-native/host-libs/usr --with-isl=/tmp/jenkins-GCC-10-pipeline-48_20201124_1606180639/build-native/host-libs/usr --with-libelf=/tmp/jenkins-GCC-10-pipeline-48_20201124_1606180639/build-native/host-libs/usr --with-host-libstdcxx='-static-libgcc -Wl,-lstdc++ -lm' --with-pkgversion='GNU Arm Embedded Toolchain 10-2020-q4-major' --with-multilib-list=rmprofile,aprofile
Thread model: single
Supported LTO compression algorithms: zlib
gcc version 10.2.1 20201103 (release) (GNU Arm Embedded Toolchain 10-2020-q4-major) 
COLLECT_GCC_OPTIONS='-mtune=cortex-m0' '-mcpu=cortex-m0'  '-pipe' '-v' '-o' 'CMakeFiles/cmTC_d2a2b.dir/CMakeCCompilerABI.c.obj' '-c' '-mfloat-abi=soft' '-mthumb' '-march=armv6-m'
 /usr/local/Caskroom/gcc-arm-embedded/10-2020-q4-major/gcc-arm-none-eabi-10-2020-q4-major/bin/../lib/gcc/arm-none-eabi/10.2.1/cc1 -quiet -v -imultilib thumb/v6-m/nofp -iprefix /usr/local/Caskroom/gcc-arm-embedded/10-2020-q4-major/gcc-arm-none-eabi-10-2020-q4-major/bin/../lib/gcc/arm-none-eabi/10.2.1/ -isysroot /usr/local/Caskroom/gcc-arm-embedded/10-2020-q4-major/gcc-arm-none-eabi-10-2020-q4-major/bin/../arm-none-eabi -D__USES_INITFINI__ /usr/local/Cellar/cmake/3.20.0/share/cmake/Modules/CMakeCCompilerABI.c -quiet -dumpbase CMakeCCompilerABI.c -mtune=cortex-m0 -mcpu=cortex-m0 -mfloat-abi=soft -mthumb -march=armv6-m -auxbase-strip CMakeFiles/cmTC_d2a2b.dir/CMakeCCompilerABI.c.obj -version -o - |
 /usr/local/Caskroom/gcc-arm-embedded/10-2020-q4-major/gcc-arm-none-eabi-10-2020-q4-major/bin/../lib/gcc/arm-none-eabi/10.2.1/../../../../arm-none-eabi/bin/as -v -march=armv6-m -mfloat-abi=soft -meabi=5 -o CMakeFiles/cmTC_d2a2b.dir/CMakeCCompilerABI.c.obj
GNU assembler version 2.35.1 (arm-none-eabi) using BFD version (GNU Arm Embedded Toolchain 10-2020-q4-major) 2.35.1.20201028
GNU C17 (GNU Arm Embedded Toolchain 10-2020-q4-major) version 10.2.1 20201103 (release) (arm-none-eabi)
	compiled by GNU C version 4.2.1 Compatible Apple LLVM 11.0.0 (clang-1100.0.33.17), GMP version 6.1.0, MPFR version 3.1.4, MPC version 1.0.3, isl version isl-0.18-GMP

GGC heuristics: --param ggc-min-expand=100 --param ggc-min-heapsize=131072
ignoring duplicate directory "/usr/local/Caskroom/gcc-arm-embedded/10-2020-q4-major/gcc-arm-none-eabi-10-2020-q4-major/bin/../lib/gcc/../../lib/gcc/arm-none-eabi/10.2.1/include"
ignoring nonexistent directory "/usr/local/Caskroom/gcc-arm-embedded/10-2020-q4-major/gcc-arm-none-eabi-10-2020-q4-major/bin/../arm-none-eabi/usr/local/include"
ignoring duplicate directory "/usr/local/Caskroom/gcc-arm-embedded/10-2020-q4-major/gcc-arm-none-eabi-10-2020-q4-major/bin/../lib/gcc/../../lib/gcc/arm-none-eabi/10.2.1/include-fixed"
ignoring duplicate directory "/usr/local/Caskroom/gcc-arm-embedded/10-2020-q4-major/gcc-arm-none-eabi-10-2020-q4-major/bin/../lib/gcc/../../lib/gcc/arm-none-eabi/10.2.1/../../../../arm-none-eabi/include"
ignoring nonexistent directory "/usr/local/Caskroom/gcc-arm-embedded/10-2020-q4-major/gcc-arm-none-eabi-10-2020-q4-major/bin/../arm-none-eabi/usr/include"
#include "..." search starts here:
#include <...> search starts here:
 /usr/local/Caskroom/gcc-arm-embedded/10-2020-q4-major/gcc-arm-none-eabi-10-2020-q4-major/bin/../lib/gcc/arm-none-eabi/10.2.1/include
 /usr/local/Caskroom/gcc-arm-embedded/10-2020-q4-major/gcc-arm-none-eabi-10-2020-q4-major/bin/../lib/gcc/arm-none-eabi/10.2.1/include-fixed
 /usr/local/Caskroom/gcc-arm-embedded/10-2020-q4-major/gcc-arm-none-eabi-10-2020-q4-major/bin/../lib/gcc/arm-none-eabi/10.2.1/../../../../arm-none-eabi/include
End of search list.
GNU C17 (GNU Arm Embedded Toolchain 10-2020-q4-major) version 10.2.1 20201103 (release) (arm-none-eabi)
	compiled by GNU C version 4.2.1 Compatible Apple LLVM 11.0.0 (clang-1100.0.33.17), GMP version 6.1.0, MPFR version 3.1.4, MPC version 1.0.3, isl version isl-0.18-GMP

GGC heuristics: --param ggc-min-expand=100 --param ggc-min-heapsize=131072
Compiler executable checksum: 290f09984b37bb9de2e5b84d2ead9112
COMPILER_PATH=/usr/local/Caskroom/gcc-arm-embedded/10-2020-q4-major/gcc-arm-none-eabi-10-2020-q4-major/bin/../lib/gcc/arm-none-eabi/10.2.1/:/usr/local/Caskroom/gcc-arm-embedded/10-2020-q4-major/gcc-arm-none-eabi-10-2020-q4-major/bin/../lib/gcc/:/usr/local/Caskroom/gcc-arm-embedded/10-2020-q4-major/gcc-arm-none-eabi-10-2020-q4-major/bin/../lib/gcc/arm-none-eabi/10.2.1/../../../../arm-none-eabi/bin/
LIBRARY_PATH=/usr/local/Caskroom/gcc-arm-embedded/10-2020-q4-major/gcc-arm-none-eabi-10-2020-q4-major/bin/../lib/gcc/arm-none-eabi/10.2.1/thumb/v6-m/nofp/:/usr/local/Caskroom/gcc-arm-embedded/10-2020-q4-major/gcc-arm-none-eabi-10-2020-q4-major/bin/../lib/gcc/arm-none-eabi/10.2.1/../../../../arm-none-eabi/lib/thumb/v6-m/nofp/:/usr/local/Caskroom/gcc-arm-embedded/10-2020-q4-major/gcc-arm-none-eabi-10-2020-q4-major/bin/../arm-none-eabi/lib/thumb/v6-m/nofp/:/usr/local/Caskroom/gcc-arm-embedded/10-2020-q4-major/gcc-arm-none-eabi-10-2020-q4-major/bin/../lib/gcc/arm-none-eabi/10.2.1/:/usr/local/Caskroom/gcc-arm-embedded/10-2020-q4-major/gcc-arm-none-eabi-10-2020-q4-major/bin/../lib/gcc/:/usr/local/Caskroom/gcc-arm-embedded/10-2020-q4-major/gcc-arm-none-eabi-10-2020-q4-major/bin/../lib/gcc/arm-none-eabi/10.2.1/../../../../arm-none-eabi/lib/:/usr/local/Caskroom/gcc-arm-embedded/10-2020-q4-major/gcc-arm-none-eabi-10-2020-q4-major/bin/../arm-none-eabi/lib/
COLLECT_GCC_OPTIONS='-mtune=cortex-m0' '-mcpu=cortex-m0'  '-pipe' '-v' '-o' 'CMakeFiles/cmTC_d2a2b.dir/CMakeCCompilerABI.c.obj' '-c' '-mfloat-abi=soft' '-mthumb' '-march=armv6-m'
Linking C executable cmTC_d2a2b
/usr/local/Cellar/cmake/3.20.0/bin/cmake -E cmake_link_script CMakeFiles/cmTC_d2a2b.dir/link.txt --verbose=1
/usr/local/bin/arm-none-eabi-gcc -mtune=cortex-m0 -mcpu=cortex-m0 -march=armv6-m -pipe  --specs=nosys.specs -v CMakeFiles/cmTC_d2a2b.dir/CMakeCCompilerABI.c.obj -o cmTC_d2a2b 
Using built-in specs.
Reading specs from /usr/local/Caskroom/gcc-arm-embedded/10-2020-q4-major/gcc-arm-none-eabi-10-2020-q4-major/bin/../lib/gcc/arm-none-eabi/10.2.1/../../../../arm-none-eabi/lib/nosys.specs
rename spec link_gcc_c_sequence to nosys_link_gcc_c_sequence
COLLECT_GCC=/usr/local/bin/arm-none-eabi-gcc
COLLECT_LTO_WRAPPER=/usr/local/Caskroom/gcc-arm-embedded/10-2020-q4-major/gcc-arm-none-eabi-10-2020-q4-major/bin/../lib/gcc/arm-none-eabi/10.2.1/lto-wrapper
Target: arm-none-eabi
Configured with: /tmp/jenkins-GCC-10-pipeline-48_20201124_1606180639/src/gcc/configure --target=arm-none-eabi --prefix=/tmp/jenkins-GCC-10-pipeline-48_20201124_1606180639/install-native --libexecdir=/tmp/jenkins-GCC-10-pipeline-48_20201124_1606180639/install-native/lib --infodir=/tmp/jenkins-GCC-10-pipeline-48_20201124_1606180639/install-native/share/doc/gcc-arm-none-eabi/info --mandir=/tmp/jenkins-GCC-10-pipeline-48_20201124_1606180639/install-native/share/doc/gcc-arm-none-eabi/man --htmldir=/tmp/jenkins-GCC-10-pipeline-48_20201124_1606180639/install-native/share/doc/gcc-arm-none-eabi/html --pdfdir=/tmp/jenkins-GCC-10-pipeline-48_20201124_1606180639/install-native/share/doc/gcc-arm-none-eabi/pdf --enable-languages=c,c++ --enable-plugins --disable-decimal-float --disable-libffi --disable-libgomp --disable-libmudflap --disable-libquadmath --disable-libssp --disable-libstdcxx-pch --disable-nls --disable-shared --disable-threads --disable-tls --with-gnu-as --with-gnu-ld --with-newlib --with-headers=yes --with-python-dir=share/gcc-arm-none-eabi --with-sysroot=/tmp/jenkins-GCC-10-pipeline-48_20201124_1606180639/install-native/arm-none-eabi --build=x86_64-apple-darwin10 --host=x86_64-apple-darwin10 --with-gmp=/tmp/jenkins-GCC-10-pipeline-48_20201124_1606180639/build-native/host-libs/usr --with-mpfr=/tmp/jenkins-GCC-10-pipeline-48_20201124_1606180639/build-native/host-libs/usr --with-mpc=/tmp/jenkins-GCC-10-pipeline-48_20201124_1606180639/build-native/host-libs/usr --with-isl=/tmp/jenkins-GCC-10-pipeline-48_20201124_1606180639/build-native/host-libs/usr --with-libelf=/tmp/jenkins-GCC-10-pipeline-48_20201124_1606180639/build-native/host-libs/usr --with-host-libstdcxx='-static-libgcc -Wl,-lstdc++ -lm' --with-pkgversion='GNU Arm Embedded Toolchain 10-2020-q4-major' --with-multilib-list=rmprofile,aprofile
Thread model: single
Supported LTO compression algorithms: zlib
gcc version 10.2.1 20201103 (release) (GNU Arm Embedded Toolchain 10-2020-q4-major) 
COMPILER_PATH=/usr/local/Caskroom/gcc-arm-embedded/10-2020-q4-major/gcc-arm-none-eabi-10-2020-q4-major/bin/../lib/gcc/arm-none-eabi/10.2.1/:/usr/local/Caskroom/gcc-arm-embedded/10-2020-q4-major/gcc-arm-none-eabi-10-2020-q4-major/bin/../lib/gcc/:/usr/local/Caskroom/gcc-arm-embedded/10-2020-q4-major/gcc-arm-none-eabi-10-2020-q4-major/bin/../lib/gcc/arm-none-eabi/10.2.1/../../../../arm-none-eabi/bin/
LIBRARY_PATH=/usr/local/Caskroom/gcc-arm-embedded/10-2020-q4-major/gcc-arm-none-eabi-10-2020-q4-major/bin/../lib/gcc/arm-none-eabi/10.2.1/thumb/v6-m/nofp/:/usr/local/Caskroom/gcc-arm-embedded/10-2020-q4-major/gcc-arm-none-eabi-10-2020-q4-major/bin/../lib/gcc/arm-none-eabi/10.2.1/../../../../arm-none-eabi/lib/thumb/v6-m/nofp/:/usr/local/Caskroom/gcc-arm-embedded/10-2020-q4-major/gcc-arm-none-eabi-10-2020-q4-major/bin/../arm-none-eabi/lib/thumb/v6-m/nofp/:/usr/local/Caskroom/gcc-arm-embedded/10-2020-q4-major/gcc-arm-none-eabi-10-2020-q4-major/bin/../lib/gcc/arm-none-eabi/10.2.1/:/usr/local/Caskroom/gcc-arm-embedded/10-2020-q4-major/gcc-arm-none-eabi-10-2020-q4-major/bin/../lib/gcc/:/usr/local/Caskroom/gcc-arm-embedded/10-2020-q4-major/gcc-arm-none-eabi-10-2020-q4-major/bin/../lib/gcc/arm-none-eabi/10.2.1/../../../../arm-none-eabi/lib/:/usr/local/Caskroom/gcc-arm-embedded/10-2020-q4-major/gcc-arm-none-eabi-10-2020-q4-major/bin/../arm-none-eabi/lib/
COLLECT_GCC_OPTIONS='-mtune=cortex-m0' '-mcpu=cortex-m0'  '-pipe' '-specs=nosys.specs' '-v' '-o' 'cmTC_d2a2b' '-mfloat-abi=soft' '-mthumb' '-march=armv6-m'
 /usr/local/Caskroom/gcc-arm-embedded/10-2020-q4-major/gcc-arm-none-eabi-10-2020-q4-major/bin/../lib/gcc/arm-none-eabi/10.2.1/collect2 -plugin /usr/local/Caskroom/gcc-arm-embedded/10-2020-q4-major/gcc-arm-none-eabi-10-2020-q4-major/bin/../lib/gcc/arm-none-eabi/10.2.1/liblto_plugin.so -plugin-opt=/usr/local/Caskroom/gcc-arm-embedded/10-2020-q4-major/gcc-arm-none-eabi-10-2020-q4-major/bin/../lib/gcc/arm-none-eabi/10.2.1/lto-wrapper -plugin-opt=-fresolution=/var/folders/mh/hql7qhd159s799mvhvhxr17h0000gn/T//cciV4cD2.res -plugin-opt=-pass-through=-lgcc -plugin-opt=-pass-through=-lc -plugin-opt=-pass-through=-lgcc -plugin-opt=-pass-through=-lc -plugin-opt=-pass-through=-lnosys --sysroot=/usr/local/Caskroom/gcc-arm-embedded/10-2020-q4-major/gcc-arm-none-eabi-10-2020-q4-major/bin/../arm-none-eabi -X -o cmTC_d2a2b /usr/local/Caskroom/gcc-arm-embedded/10-2020-q4-major/gcc-arm-none-eabi-10-2020-q4-major/bin/../lib/gcc/arm-none-eabi/10.2.1/thumb/v6-m/nofp/crti.o /usr/local/Caskroom/gcc-arm-embedded/10-2020-q4-major/gcc-arm-none-eabi-10-2020-q4-major/bin/../lib/gcc/arm-none-eabi/10.2.1/thumb/v6-m/nofp/crtbegin.o /usr/local/Caskroom/gcc-arm-embedded/10-2020-q4-major/gcc-arm-none-eabi-10-2020-q4-major/bin/../lib/gcc/arm-none-eabi/10.2.1/../../../../arm-none-eabi/lib/thumb/v6-m/nofp/crt0.o -L/usr/local/Caskroom/gcc-arm-embedded/10-2020-q4-major/gcc-arm-none-eabi-10-2020-q4-major/bin/../lib/gcc/arm-none-eabi/10.2.1/thumb/v6-m/nofp -L/usr/local/Caskroom/gcc-arm-embedded/10-2020-q4-major/gcc-arm-none-eabi-10-2020-q4-major/bin/../lib/gcc/arm-none-eabi/10.2.1/../../../../arm-none-eabi/lib/thumb/v6-m/nofp -L/usr/local/Caskroom/gcc-arm-embedded/10-2020-q4-major/gcc-arm-none-eabi-10-2020-q4-major/bin/../arm-none-eabi/lib/thumb/v6-m/nofp -L/usr/local/Caskroom/gcc-arm-embedded/10-2020-q4-major/gcc-arm-none-eabi-10-2020-q4-major/bin/../lib/gcc/arm-none-eabi/10.2.1 -L/usr/local/Caskroom/gcc-arm-embedded/10-2020-q4-major/gcc-arm-none-eabi-10-2020-q4-major/bin/../lib/gcc -L/usr/local/Caskroom/gcc-arm-embedded/10-2020-q4-major/gcc-arm-none-eabi-10-2020-q4-major/bin/../lib/gcc/arm-none-eabi/10.2.1/../../../../arm-none-eabi/lib -L/usr/local/Caskroom/gcc-arm-embedded/10-2020-q4-major/gcc-arm-none-eabi-10-2020-q4-major/bin/../arm-none-eabi/lib CMakeFiles/cmTC_d2a2b.dir/CMakeCCompilerABI.c.obj --start-group -lgcc -lc --end-group --start-group -lgcc -lc -lnosys --end-group /usr/local/Caskroom/gcc-arm-embedded/10-2020-q4-major/gcc-arm-none-eabi-10-2020-q4-major/bin/../lib/gcc/arm-none-eabi/10.2.1/thumb/v6-m/nofp/crtend.o /usr/local/Caskroom/gcc-arm-embedded/10-2020-q4-major/gcc-arm-none-eabi-10-2020-q4-major/bin/../lib/gcc/arm-none-eabi/10.2.1/thumb/v6-m/nofp/crtn.o
COLLECT_GCC_OPTIONS='-mtune=cortex-m0' '-mcpu=cortex-m0'  '-pipe' '-specs=nosys.specs' '-v' '-o' 'cmTC_d2a2b' '-mfloat-abi=soft' '-mthumb' '-march=armv6-m'



Parsed C implicit include dir info from above output: rv=done
  found start of include info
  found start of implicit include info
    add: [/usr/local/Caskroom/gcc-arm-embedded/10-2020-q4-major/gcc-arm-none-eabi-10-2020-q4-major/bin/../lib/gcc/arm-none-eabi/10.2.1/include]
    add: [/usr/local/Caskroom/gcc-arm-embedded/10-2020-q4-major/gcc-arm-none-eabi-10-2020-q4-major/bin/../lib/gcc/arm-none-eabi/10.2.1/include-fixed]
    add: [/usr/local/Caskroom/gcc-arm-embedded/10-2020-q4-major/gcc-arm-none-eabi-10-2020-q4-major/bin/../lib/gcc/arm-none-eabi/10.2.1/../../../../arm-none-eabi/include]
  end of search list found
  collapse include dir [/usr/local/Caskroom/gcc-arm-embedded/10-2020-q4-major/gcc-arm-none-eabi-10-2020-q4-major/bin/../lib/gcc/arm-none-eabi/10.2.1/include] ==> [/usr/local/Caskroom/gcc-arm-embedded/10-2020-q4-major/gcc-arm-none-eabi-10-2020-q4-major/lib/gcc/arm-none-eabi/10.2.1/include]
  collapse include dir [/usr/local/Caskroom/gcc-arm-embedded/10-2020-q4-major/gcc-arm-none-eabi-10-2020-q4-major/bin/../lib/gcc/arm-none-eabi/10.2.1/include-fixed] ==> [/usr/local/Caskroom/gcc-arm-embedded/10-2020-q4-major/gcc-arm-none-eabi-10-2020-q4-major/lib/gcc/arm-none-eabi/10.2.1/include-fixed]
  collapse include dir [/usr/local/Caskroom/gcc-arm-embedded/10-2020-q4-major/gcc-arm-none-eabi-10-2020-q4-major/bin/../lib/gcc/arm-none-eabi/10.2.1/../../../../arm-none-eabi/include] ==> [/usr/local/Caskroom/gcc-arm-embedded/10-2020-q4-major/gcc-arm-none-eabi-10-2020-q4-major/arm-none-eabi/include]
  implicit include dirs: [/usr/local/Caskroom/gcc-arm-embedded/10-2020-q4-major/gcc-arm-none-eabi-10-2020-q4-major/lib/gcc/arm-none-eabi/10.2.1/include;/usr/local/Caskroom/gcc-arm-embedded/10-2020-q4-major/gcc-arm-none-eabi-10-2020-q4-major/lib/gcc/arm-none-eabi/10.2.1/include-fixed;/usr/local/Caskroom/gcc-arm-embedded/10-2020-q4-major/gcc-arm-none-eabi-10-2020-q4-major/arm-none-eabi/include]


Parsed C implicit link information from above output:
  link line regex: [^( *|.*[/\])(arm-none-eabi-ld|CMAKE_LINK_STARTFILE-NOTFOUND|([^/\]+-)?ld|collect2)[^/\]*( |$)]
  ignore line: [Change Dir: /Volumes/git/m1-sdk/lib/_builds/gcc-armhf-m0-cxx14-Release/CMakeFiles/CMakeTmp]
  ignore line: []
  ignore line: [Run Build Command(s):/usr/bin/make -f Makefile cmTC_d2a2b/fast && /Applications/Xcode.app/Contents/Developer/usr/bin/make  -f CMakeFiles/cmTC_d2a2b.dir/build.make CMakeFiles/cmTC_d2a2b.dir/build]
  ignore line: [Building C object CMakeFiles/cmTC_d2a2b.dir/CMakeCCompilerABI.c.obj]
  ignore line: [/usr/local/bin/arm-none-eabi-gcc   -mtune=cortex-m0 -mcpu=cortex-m0 -march=armv6-m -pipe    -v -o CMakeFiles/cmTC_d2a2b.dir/CMakeCCompilerABI.c.obj -c /usr/local/Cellar/cmake/3.20.0/share/cmake/Modules/CMakeCCompilerABI.c]
  ignore line: [Using built-in specs.]
  ignore line: [COLLECT_GCC=/usr/local/bin/arm-none-eabi-gcc]
  ignore line: [Target: arm-none-eabi]
  ignore line: [Configured with: /tmp/jenkins-GCC-10-pipeline-48_20201124_1606180639/src/gcc/configure --target=arm-none-eabi --prefix=/tmp/jenkins-GCC-10-pipeline-48_20201124_1606180639/install-native --libexecdir=/tmp/jenkins-GCC-10-pipeline-48_20201124_1606180639/install-native/lib --infodir=/tmp/jenkins-GCC-10-pipeline-48_20201124_1606180639/install-native/share/doc/gcc-arm-none-eabi/info --mandir=/tmp/jenkins-GCC-10-pipeline-48_20201124_1606180639/install-native/share/doc/gcc-arm-none-eabi/man --htmldir=/tmp/jenkins-GCC-10-pipeline-48_20201124_1606180639/install-native/share/doc/gcc-arm-none-eabi/html --pdfdir=/tmp/jenkins-GCC-10-pipeline-48_20201124_1606180639/install-native/share/doc/gcc-arm-none-eabi/pdf --enable-languages=c,c++ --enable-plugins --disable-decimal-float --disable-libffi --disable-libgomp --disable-libmudflap --disable-libquadmath --disable-libssp --disable-libstdcxx-pch --disable-nls --disable-shared --disable-threads --disable-tls --with-gnu-as --with-gnu-ld --with-newlib --with-headers=yes --with-python-dir=share/gcc-arm-none-eabi --with-sysroot=/tmp/jenkins-GCC-10-pipeline-48_20201124_1606180639/install-native/arm-none-eabi --build=x86_64-apple-darwin10 --host=x86_64-apple-darwin10 --with-gmp=/tmp/jenkins-GCC-10-pipeline-48_20201124_1606180639/build-native/host-libs/usr --with-mpfr=/tmp/jenkins-GCC-10-pipeline-48_20201124_1606180639/build-native/host-libs/usr --with-mpc=/tmp/jenkins-GCC-10-pipeline-48_20201124_1606180639/build-native/host-libs/usr --with-isl=/tmp/jenkins-GCC-10-pipeline-48_20201124_1606180639/build-native/host-libs/usr --with-libelf=/tmp/jenkins-GCC-10-pipeline-48_20201124_1606180639/build-native/host-libs/usr --with-host-libstdcxx='-static-libgcc -Wl,-lstdc++ -lm' --with-pkgversion='GNU Arm Embedded Toolchain 10-2020-q4-major' --with-multilib-list=rmprofile,aprofile]
  ignore line: [Thread model: single]
  ignore line: [Supported LTO compression algorithms: zlib]
  ignore line: [gcc version 10.2.1 20201103 (release) (GNU Arm Embedded Toolchain 10-2020-q4-major) ]
  ignore line: [COLLECT_GCC_OPTIONS='-mtune=cortex-m0' '-mcpu=cortex-m0'  '-pipe' '-v' '-o' 'CMakeFiles/cmTC_d2a2b.dir/CMakeCCompilerABI.c.obj' '-c' '-mfloat-abi=soft' '-mthumb' '-march=armv6-m']
  ignore line: [ /usr/local/Caskroom/gcc-arm-embedded/10-2020-q4-major/gcc-arm-none-eabi-10-2020-q4-major/bin/../lib/gcc/arm-none-eabi/10.2.1/cc1 -quiet -v -imultilib thumb/v6-m/nofp -iprefix /usr/local/Caskroom/gcc-arm-embedded/10-2020-q4-major/gcc-arm-none-eabi-10-2020-q4-major/bin/../lib/gcc/arm-none-eabi/10.2.1/ -isysroot /usr/local/Caskroom/gcc-arm-embedded/10-2020-q4-major/gcc-arm-none-eabi-10-2020-q4-major/bin/../arm-none-eabi -D__USES_INITFINI__ /usr/local/Cellar/cmake/3.20.0/share/cmake/Modules/CMakeCCompilerABI.c -quiet -dumpbase CMakeCCompilerABI.c -mtune=cortex-m0 -mcpu=cortex-m0 -mfloat-abi=soft -mthumb -march=armv6-m -auxbase-strip CMakeFiles/cmTC_d2a2b.dir/CMakeCCompilerABI.c.obj -version -o - |]
  ignore line: [ /usr/local/Caskroom/gcc-arm-embedded/10-2020-q4-major/gcc-arm-none-eabi-10-2020-q4-major/bin/../lib/gcc/arm-none-eabi/10.2.1/../../../../arm-none-eabi/bin/as -v -march=armv6-m -mfloat-abi=soft -meabi=5 -o CMakeFiles/cmTC_d2a2b.dir/CMakeCCompilerABI.c.obj]
  ignore line: [GNU assembler version 2.35.1 (arm-none-eabi) using BFD version (GNU Arm Embedded Toolchain 10-2020-q4-major) 2.35.1.20201028]
  ignore line: [GNU C17 (GNU Arm Embedded Toolchain 10-2020-q4-major) version 10.2.1 20201103 (release) (arm-none-eabi)]
  ignore line: [	compiled by GNU C version 4.2.1 Compatible Apple LLVM 11.0.0 (clang-1100.0.33.17)  GMP version 6.1.0  MPFR version 3.1.4  MPC version 1.0.3  isl version isl-0.18-GMP]
  ignore line: []
  ignore line: [GGC heuristics: --param ggc-min-expand=100 --param ggc-min-heapsize=131072]
  ignore line: [ignoring duplicate directory "/usr/local/Caskroom/gcc-arm-embedded/10-2020-q4-major/gcc-arm-none-eabi-10-2020-q4-major/bin/../lib/gcc/../../lib/gcc/arm-none-eabi/10.2.1/include"]
  ignore line: [ignoring nonexistent directory "/usr/local/Caskroom/gcc-arm-embedded/10-2020-q4-major/gcc-arm-none-eabi-10-2020-q4-major/bin/../arm-none-eabi/usr/local/include"]
  ignore line: [ignoring duplicate directory "/usr/local/Caskroom/gcc-arm-embedded/10-2020-q4-major/gcc-arm-none-eabi-10-2020-q4-major/bin/../lib/gcc/../../lib/gcc/arm-none-eabi/10.2.1/include-fixed"]
  ignore line: [ignoring duplicate directory "/usr/local/Caskroom/gcc-arm-embedded/10-2020-q4-major/gcc-arm-none-eabi-10-2020-q4-major/bin/../lib/gcc/../../lib/gcc/arm-none-eabi/10.2.1/../../../../arm-none-eabi/include"]
  ignore line: [ignoring nonexistent directory "/usr/local/Caskroom/gcc-arm-embedded/10-2020-q4-major/gcc-arm-none-eabi-10-2020-q4-major/bin/../arm-none-eabi/usr/include"]
  ignore line: [#include "..." search starts here:]
  ignore line: [#include <...> search starts here:]
  ignore line: [ /usr/local/Caskroom/gcc-arm-embedded/10-2020-q4-major/gcc-arm-none-eabi-10-2020-q4-major/bin/../lib/gcc/arm-none-eabi/10.2.1/include]
  ignore line: [ /usr/local/Caskroom/gcc-arm-embedded/10-2020-q4-major/gcc-arm-none-eabi-10-2020-q4-major/bin/../lib/gcc/arm-none-eabi/10.2.1/include-fixed]
  ignore line: [ /usr/local/Caskroom/gcc-arm-embedded/10-2020-q4-major/gcc-arm-none-eabi-10-2020-q4-major/bin/../lib/gcc/arm-none-eabi/10.2.1/../../../../arm-none-eabi/include]
  ignore line: [End of search list.]
  ignore line: [GNU C17 (GNU Arm Embedded Toolchain 10-2020-q4-major) version 10.2.1 20201103 (release) (arm-none-eabi)]
  ignore line: [	compiled by GNU C version 4.2.1 Compatible Apple LLVM 11.0.0 (clang-1100.0.33.17)  GMP version 6.1.0  MPFR version 3.1.4  MPC version 1.0.3  isl version isl-0.18-GMP]
  ignore line: []
  ignore line: [GGC heuristics: --param ggc-min-expand=100 --param ggc-min-heapsize=131072]
  ignore line: [Compiler executable checksum: 290f09984b37bb9de2e5b84d2ead9112]
  ignore line: [COMPILER_PATH=/usr/local/Caskroom/gcc-arm-embedded/10-2020-q4-major/gcc-arm-none-eabi-10-2020-q4-major/bin/../lib/gcc/arm-none-eabi/10.2.1/:/usr/local/Caskroom/gcc-arm-embedded/10-2020-q4-major/gcc-arm-none-eabi-10-2020-q4-major/bin/../lib/gcc/:/usr/local/Caskroom/gcc-arm-embedded/10-2020-q4-major/gcc-arm-none-eabi-10-2020-q4-major/bin/../lib/gcc/arm-none-eabi/10.2.1/../../../../arm-none-eabi/bin/]
  ignore line: [LIBRARY_PATH=/usr/local/Caskroom/gcc-arm-embedded/10-2020-q4-major/gcc-arm-none-eabi-10-2020-q4-major/bin/../lib/gcc/arm-none-eabi/10.2.1/thumb/v6-m/nofp/:/usr/local/Caskroom/gcc-arm-embedded/10-2020-q4-major/gcc-arm-none-eabi-10-2020-q4-major/bin/../lib/gcc/arm-none-eabi/10.2.1/../../../../arm-none-eabi/lib/thumb/v6-m/nofp/:/usr/local/Caskroom/gcc-arm-embedded/10-2020-q4-major/gcc-arm-none-eabi-10-2020-q4-major/bin/../arm-none-eabi/lib/thumb/v6-m/nofp/:/usr/local/Caskroom/gcc-arm-embedded/10-2020-q4-major/gcc-arm-none-eabi-10-2020-q4-major/bin/../lib/gcc/arm-none-eabi/10.2.1/:/usr/local/Caskroom/gcc-arm-embedded/10-2020-q4-major/gcc-arm-none-eabi-10-2020-q4-major/bin/../lib/gcc/:/usr/local/Caskroom/gcc-arm-embedded/10-2020-q4-major/gcc-arm-none-eabi-10-2020-q4-major/bin/../lib/gcc/arm-none-eabi/10.2.1/../../../../arm-none-eabi/lib/:/usr/local/Caskroom/gcc-arm-embedded/10-2020-q4-major/gcc-arm-none-eabi-10-2020-q4-major/bin/../arm-none-eabi/lib/]
  ignore line: [COLLECT_GCC_OPTIONS='-mtune=cortex-m0' '-mcpu=cortex-m0'  '-pipe' '-v' '-o' 'CMakeFiles/cmTC_d2a2b.dir/CMakeCCompilerABI.c.obj' '-c' '-mfloat-abi=soft' '-mthumb' '-march=armv6-m']
  ignore line: [Linking C executable cmTC_d2a2b]
  ignore line: [/usr/local/Cellar/cmake/3.20.0/bin/cmake -E cmake_link_script CMakeFiles/cmTC_d2a2b.dir/link.txt --verbose=1]
  ignore line: [/usr/local/bin/arm-none-eabi-gcc -mtune=cortex-m0 -mcpu=cortex-m0 -march=armv6-m -pipe  --specs=nosys.specs -v CMakeFiles/cmTC_d2a2b.dir/CMakeCCompilerABI.c.obj -o cmTC_d2a2b ]
  ignore line: [Using built-in specs.]
  ignore line: [Reading specs from /usr/local/Caskroom/gcc-arm-embedded/10-2020-q4-major/gcc-arm-none-eabi-10-2020-q4-major/bin/../lib/gcc/arm-none-eabi/10.2.1/../../../../arm-none-eabi/lib/nosys.specs]
  ignore line: [rename spec link_gcc_c_sequence to nosys_link_gcc_c_sequence]
  ignore line: [COLLECT_GCC=/usr/local/bin/arm-none-eabi-gcc]
  ignore line: [COLLECT_LTO_WRAPPER=/usr/local/Caskroom/gcc-arm-embedded/10-2020-q4-major/gcc-arm-none-eabi-10-2020-q4-major/bin/../lib/gcc/arm-none-eabi/10.2.1/lto-wrapper]
  ignore line: [Target: arm-none-eabi]
  ignore line: [Configured with: /tmp/jenkins-GCC-10-pipeline-48_20201124_1606180639/src/gcc/configure --target=arm-none-eabi --prefix=/tmp/jenkins-GCC-10-pipeline-48_20201124_1606180639/install-native --libexecdir=/tmp/jenkins-GCC-10-pipeline-48_20201124_1606180639/install-native/lib --infodir=/tmp/jenkins-GCC-10-pipeline-48_20201124_1606180639/install-native/share/doc/gcc-arm-none-eabi/info --mandir=/tmp/jenkins-GCC-10-pipeline-48_20201124_1606180639/install-native/share/doc/gcc-arm-none-eabi/man --htmldir=/tmp/jenkins-GCC-10-pipeline-48_20201124_1606180639/install-native/share/doc/gcc-arm-none-eabi/html --pdfdir=/tmp/jenkins-GCC-10-pipeline-48_20201124_1606180639/install-native/share/doc/gcc-arm-none-eabi/pdf --enable-languages=c,c++ --enable-plugins --disable-decimal-float --disable-libffi --disable-libgomp --disable-libmudflap --disable-libquadmath --disable-libssp --disable-libstdcxx-pch --disable-nls --disable-shared --disable-threads --disable-tls --with-gnu-as --with-gnu-ld --with-newlib --with-headers=yes --with-python-dir=share/gcc-arm-none-eabi --with-sysroot=/tmp/jenkins-GCC-10-pipeline-48_20201124_1606180639/install-native/arm-none-eabi --build=x86_64-apple-darwin10 --host=x86_64-apple-darwin10 --with-gmp=/tmp/jenkins-GCC-10-pipeline-48_20201124_1606180639/build-native/host-libs/usr --with-mpfr=/tmp/jenkins-GCC-10-pipeline-48_20201124_1606180639/build-native/host-libs/usr --with-mpc=/tmp/jenkins-GCC-10-pipeline-48_20201124_1606180639/build-native/host-libs/usr --with-isl=/tmp/jenkins-GCC-10-pipeline-48_20201124_1606180639/build-native/host-libs/usr --with-libelf=/tmp/jenkins-GCC-10-pipeline-48_20201124_1606180639/build-native/host-libs/usr --with-host-libstdcxx='-static-libgcc -Wl,-lstdc++ -lm' --with-pkgversion='GNU Arm Embedded Toolchain 10-2020-q4-major' --with-multilib-list=rmprofile,aprofile]
  ignore line: [Thread model: single]
  ignore line: [Supported LTO compression algorithms: zlib]
  ignore line: [gcc version 10.2.1 20201103 (release) (GNU Arm Embedded Toolchain 10-2020-q4-major) ]
  ignore line: [COMPILER_PATH=/usr/local/Caskroom/gcc-arm-embedded/10-2020-q4-major/gcc-arm-none-eabi-10-2020-q4-major/bin/../lib/gcc/arm-none-eabi/10.2.1/:/usr/local/Caskroom/gcc-arm-embedded/10-2020-q4-major/gcc-arm-none-eabi-10-2020-q4-major/bin/../lib/gcc/:/usr/local/Caskroom/gcc-arm-embedded/10-2020-q4-major/gcc-arm-none-eabi-10-2020-q4-major/bin/../lib/gcc/arm-none-eabi/10.2.1/../../../../arm-none-eabi/bin/]
  ignore line: [LIBRARY_PATH=/usr/local/Caskroom/gcc-arm-embedded/10-2020-q4-major/gcc-arm-none-eabi-10-2020-q4-major/bin/../lib/gcc/arm-none-eabi/10.2.1/thumb/v6-m/nofp/:/usr/local/Caskroom/gcc-arm-embedded/10-2020-q4-major/gcc-arm-none-eabi-10-2020-q4-major/bin/../lib/gcc/arm-none-eabi/10.2.1/../../../../arm-none-eabi/lib/thumb/v6-m/nofp/:/usr/local/Caskroom/gcc-arm-embedded/10-2020-q4-major/gcc-arm-none-eabi-10-2020-q4-major/bin/../arm-none-eabi/lib/thumb/v6-m/nofp/:/usr/local/Caskroom/gcc-arm-embedded/10-2020-q4-major/gcc-arm-none-eabi-10-2020-q4-major/bin/../lib/gcc/arm-none-eabi/10.2.1/:/usr/local/Caskroom/gcc-arm-embedded/10-2020-q4-major/gcc-arm-none-eabi-10-2020-q4-major/bin/../lib/gcc/:/usr/local/Caskroom/gcc-arm-embedded/10-2020-q4-major/gcc-arm-none-eabi-10-2020-q4-major/bin/../lib/gcc/arm-none-eabi/10.2.1/../../../../arm-none-eabi/lib/:/usr/local/Caskroom/gcc-arm-embedded/10-2020-q4-major/gcc-arm-none-eabi-10-2020-q4-major/bin/../arm-none-eabi/lib/]
  ignore line: [COLLECT_GCC_OPTIONS='-mtune=cortex-m0' '-mcpu=cortex-m0'  '-pipe' '-specs=nosys.specs' '-v' '-o' 'cmTC_d2a2b' '-mfloat-abi=soft' '-mthumb' '-march=armv6-m']
  link line: [ /usr/local/Caskroom/gcc-arm-embedded/10-2020-q4-major/gcc-arm-none-eabi-10-2020-q4-major/bin/../lib/gcc/arm-none-eabi/10.2.1/collect2 -plugin /usr/local/Caskroom/gcc-arm-embedded/10-2020-q4-major/gcc-arm-none-eabi-10-2020-q4-major/bin/../lib/gcc/arm-none-eabi/10.2.1/liblto_plugin.so -plugin-opt=/usr/local/Caskroom/gcc-arm-embedded/10-2020-q4-major/gcc-arm-none-eabi-10-2020-q4-major/bin/../lib/gcc/arm-none-eabi/10.2.1/lto-wrapper -plugin-opt=-fresolution=/var/folders/mh/hql7qhd159s799mvhvhxr17h0000gn/T//cciV4cD2.res -plugin-opt=-pass-through=-lgcc -plugin-opt=-pass-through=-lc -plugin-opt=-pass-through=-lgcc -plugin-opt=-pass-through=-lc -plugin-opt=-pass-through=-lnosys --sysroot=/usr/local/Caskroom/gcc-arm-embedded/10-2020-q4-major/gcc-arm-none-eabi-10-2020-q4-major/bin/../arm-none-eabi -X -o cmTC_d2a2b /usr/local/Caskroom/gcc-arm-embedded/10-2020-q4-major/gcc-arm-none-eabi-10-2020-q4-major/bin/../lib/gcc/arm-none-eabi/10.2.1/thumb/v6-m/nofp/crti.o /usr/local/Caskroom/gcc-arm-embedded/10-2020-q4-major/gcc-arm-none-eabi-10-2020-q4-major/bin/../lib/gcc/arm-none-eabi/10.2.1/thumb/v6-m/nofp/crtbegin.o /usr/local/Caskroom/gcc-arm-embedded/10-2020-q4-major/gcc-arm-none-eabi-10-2020-q4-major/bin/../lib/gcc/arm-none-eabi/10.2.1/../../../../arm-none-eabi/lib/thumb/v6-m/nofp/crt0.o -L/usr/local/Caskroom/gcc-arm-embedded/10-2020-q4-major/gcc-arm-none-eabi-10-2020-q4-major/bin/../lib/gcc/arm-none-eabi/10.2.1/thumb/v6-m/nofp -L/usr/local/Caskroom/gcc-arm-embedded/10-2020-q4-major/gcc-arm-none-eabi-10-2020-q4-major/bin/../lib/gcc/arm-none-eabi/10.2.1/../../../../arm-none-eabi/lib/thumb/v6-m/nofp -L/usr/local/Caskroom/gcc-arm-embedded/10-2020-q4-major/gcc-arm-none-eabi-10-2020-q4-major/bin/../arm-none-eabi/lib/thumb/v6-m/nofp -L/usr/local/Caskroom/gcc-arm-embedded/10-2020-q4-major/gcc-arm-none-eabi-10-2020-q4-major/bin/../lib/gcc/arm-none-eabi/10.2.1 -L/usr/local/Caskroom/gcc-arm-embedded/10-2020-q4-major/gcc-arm-none-eabi-10-2020-q4-major/bin/../lib/gcc -L/usr/local/Caskroom/gcc-arm-embedded/10-2020-q4-major/gcc-arm-none-eabi-10-2020-q4-major/bin/../lib/gcc/arm-none-eabi/10.2.1/../../../../arm-none-eabi/lib -L/usr/local/Caskroom/gcc-arm-embedded/10-2020-q4-major/gcc-arm-none-eabi-10-2020-q4-major/bin/../arm-none-eabi/lib CMakeFiles/cmTC_d2a2b.dir/CMakeCCompilerABI.c.obj --start-group -lgcc -lc --end-group --start-group -lgcc -lc -lnosys --end-group /usr/local/Caskroom/gcc-arm-embedded/10-2020-q4-major/gcc-arm-none-eabi-10-2020-q4-major/bin/../lib/gcc/arm-none-eabi/10.2.1/thumb/v6-m/nofp/crtend.o /usr/local/Caskroom/gcc-arm-embedded/10-2020-q4-major/gcc-arm-none-eabi-10-2020-q4-major/bin/../lib/gcc/arm-none-eabi/10.2.1/thumb/v6-m/nofp/crtn.o]
    arg [/usr/local/Caskroom/gcc-arm-embedded/10-2020-q4-major/gcc-arm-none-eabi-10-2020-q4-major/bin/../lib/gcc/arm-none-eabi/10.2.1/collect2] ==> ignore
    arg [-plugin] ==> ignore
    arg [/usr/local/Caskroom/gcc-arm-embedded/10-2020-q4-major/gcc-arm-none-eabi-10-2020-q4-major/bin/../lib/gcc/arm-none-eabi/10.2.1/liblto_plugin.so] ==> ignore
    arg [-plugin-opt=/usr/local/Caskroom/gcc-arm-embedded/10-2020-q4-major/gcc-arm-none-eabi-10-2020-q4-major/bin/../lib/gcc/arm-none-eabi/10.2.1/lto-wrapper] ==> ignore
    arg [-plugin-opt=-fresolution=/var/folders/mh/hql7qhd159s799mvhvhxr17h0000gn/T//cciV4cD2.res] ==> ignore
    arg [-plugin-opt=-pass-through=-lgcc] ==> ignore
    arg [-plugin-opt=-pass-through=-lc] ==> ignore
    arg [-plugin-opt=-pass-through=-lgcc] ==> ignore
    arg [-plugin-opt=-pass-through=-lc] ==> ignore
    arg [-plugin-opt=-pass-through=-lnosys] ==> ignore
    arg [--sysroot=/usr/local/Caskroom/gcc-arm-embedded/10-2020-q4-major/gcc-arm-none-eabi-10-2020-q4-major/bin/../arm-none-eabi] ==> ignore
    arg [-X] ==> ignore
    arg [-o] ==> ignore
    arg [cmTC_d2a2b] ==> ignore
    arg [/usr/local/Caskroom/gcc-arm-embedded/10-2020-q4-major/gcc-arm-none-eabi-10-2020-q4-major/bin/../lib/gcc/arm-none-eabi/10.2.1/thumb/v6-m/nofp/crti.o] ==> ignore
    arg [/usr/local/Caskroom/gcc-arm-embedded/10-2020-q4-major/gcc-arm-none-eabi-10-2020-q4-major/bin/../lib/gcc/arm-none-eabi/10.2.1/thumb/v6-m/nofp/crtbegin.o] ==> ignore
    arg [/usr/local/Caskroom/gcc-arm-embedded/10-2020-q4-major/gcc-arm-none-eabi-10-2020-q4-major/bin/../lib/gcc/arm-none-eabi/10.2.1/../../../../arm-none-eabi/lib/thumb/v6-m/nofp/crt0.o] ==> ignore
    arg [-L/usr/local/Caskroom/gcc-arm-embedded/10-2020-q4-major/gcc-arm-none-eabi-10-2020-q4-major/bin/../lib/gcc/arm-none-eabi/10.2.1/thumb/v6-m/nofp] ==> dir [/usr/local/Caskroom/gcc-arm-embedded/10-2020-q4-major/gcc-arm-none-eabi-10-2020-q4-major/bin/../lib/gcc/arm-none-eabi/10.2.1/thumb/v6-m/nofp]
    arg [-L/usr/local/Caskroom/gcc-arm-embedded/10-2020-q4-major/gcc-arm-none-eabi-10-2020-q4-major/bin/../lib/gcc/arm-none-eabi/10.2.1/../../../../arm-none-eabi/lib/thumb/v6-m/nofp] ==> dir [/usr/local/Caskroom/gcc-arm-embedded/10-2020-q4-major/gcc-arm-none-eabi-10-2020-q4-major/bin/../lib/gcc/arm-none-eabi/10.2.1/../../../../arm-none-eabi/lib/thumb/v6-m/nofp]
    arg [-L/usr/local/Caskroom/gcc-arm-embedded/10-2020-q4-major/gcc-arm-none-eabi-10-2020-q4-major/bin/../arm-none-eabi/lib/thumb/v6-m/nofp] ==> dir [/usr/local/Caskroom/gcc-arm-embedded/10-2020-q4-major/gcc-arm-none-eabi-10-2020-q4-major/bin/../arm-none-eabi/lib/thumb/v6-m/nofp]
    arg [-L/usr/local/Caskroom/gcc-arm-embedded/10-2020-q4-major/gcc-arm-none-eabi-10-2020-q4-major/bin/../lib/gcc/arm-none-eabi/10.2.1] ==> dir [/usr/local/Caskroom/gcc-arm-embedded/10-2020-q4-major/gcc-arm-none-eabi-10-2020-q4-major/bin/../lib/gcc/arm-none-eabi/10.2.1]
    arg [-L/usr/local/Caskroom/gcc-arm-embedded/10-2020-q4-major/gcc-arm-none-eabi-10-2020-q4-major/bin/../lib/gcc] ==> dir [/usr/local/Caskroom/gcc-arm-embedded/10-2020-q4-major/gcc-arm-none-eabi-10-2020-q4-major/bin/../lib/gcc]
    arg [-L/usr/local/Caskroom/gcc-arm-embedded/10-2020-q4-major/gcc-arm-none-eabi-10-2020-q4-major/bin/../lib/gcc/arm-none-eabi/10.2.1/../../../../arm-none-eabi/lib] ==> dir [/usr/local/Caskroom/gcc-arm-embedded/10-2020-q4-major/gcc-arm-none-eabi-10-2020-q4-major/bin/../lib/gcc/arm-none-eabi/10.2.1/../../../../arm-none-eabi/lib]
    arg [-L/usr/local/Caskroom/gcc-arm-embedded/10-2020-q4-major/gcc-arm-none-eabi-10-2020-q4-major/bin/../arm-none-eabi/lib] ==> dir [/usr/local/Caskroom/gcc-arm-embedded/10-2020-q4-major/gcc-arm-none-eabi-10-2020-q4-major/bin/../arm-none-eabi/lib]
    arg [CMakeFiles/cmTC_d2a2b.dir/CMakeCCompilerABI.c.obj] ==> ignore
    arg [--start-group] ==> ignore
    arg [-lgcc] ==> lib [gcc]
    arg [-lc] ==> lib [c]
    arg [--end-group] ==> ignore
    arg [--start-group] ==> ignore
    arg [-lgcc] ==> lib [gcc]
    arg [-lc] ==> lib [c]
    arg [-lnosys] ==> lib [nosys]
    arg [--end-group] ==> ignore
    arg [/usr/local/Caskroom/gcc-arm-embedded/10-2020-q4-major/gcc-arm-none-eabi-10-2020-q4-major/bin/../lib/gcc/arm-none-eabi/10.2.1/thumb/v6-m/nofp/crtend.o] ==> ignore
    arg [/usr/local/Caskroom/gcc-arm-embedded/10-2020-q4-major/gcc-arm-none-eabi-10-2020-q4-major/bin/../lib/gcc/arm-none-eabi/10.2.1/thumb/v6-m/nofp/crtn.o] ==> ignore
  collapse library dir [/usr/local/Caskroom/gcc-arm-embedded/10-2020-q4-major/gcc-arm-none-eabi-10-2020-q4-major/bin/../lib/gcc/arm-none-eabi/10.2.1/thumb/v6-m/nofp] ==> [/usr/local/Caskroom/gcc-arm-embedded/10-2020-q4-major/gcc-arm-none-eabi-10-2020-q4-major/lib/gcc/arm-none-eabi/10.2.1/thumb/v6-m/nofp]
  collapse library dir [/usr/local/Caskroom/gcc-arm-embedded/10-2020-q4-major/gcc-arm-none-eabi-10-2020-q4-major/bin/../lib/gcc/arm-none-eabi/10.2.1/../../../../arm-none-eabi/lib/thumb/v6-m/nofp] ==> [/usr/local/Caskroom/gcc-arm-embedded/10-2020-q4-major/gcc-arm-none-eabi-10-2020-q4-major/arm-none-eabi/lib/thumb/v6-m/nofp]
  collapse library dir [/usr/local/Caskroom/gcc-arm-embedded/10-2020-q4-major/gcc-arm-none-eabi-10-2020-q4-major/bin/../arm-none-eabi/lib/thumb/v6-m/nofp] ==> [/usr/local/Caskroom/gcc-arm-embedded/10-2020-q4-major/gcc-arm-none-eabi-10-2020-q4-major/arm-none-eabi/lib/thumb/v6-m/nofp]
  collapse library dir [/usr/local/Caskroom/gcc-arm-embedded/10-2020-q4-major/gcc-arm-none-eabi-10-2020-q4-major/bin/../lib/gcc/arm-none-eabi/10.2.1] ==> [/usr/local/Caskroom/gcc-arm-embedded/10-2020-q4-major/gcc-arm-none-eabi-10-2020-q4-major/lib/gcc/arm-none-eabi/10.2.1]
  collapse library dir [/usr/local/Caskroom/gcc-arm-embedded/10-2020-q4-major/gcc-arm-none-eabi-10-2020-q4-major/bin/../lib/gcc] ==> [/usr/local/Caskroom/gcc-arm-embedded/10-2020-q4-major/gcc-arm-none-eabi-10-2020-q4-major/lib/gcc]
  collapse library dir [/usr/local/Caskroom/gcc-arm-embedded/10-2020-q4-major/gcc-arm-none-eabi-10-2020-q4-major/bin/../lib/gcc/arm-none-eabi/10.2.1/../../../../arm-none-eabi/lib] ==> [/usr/local/Caskroom/gcc-arm-embedded/10-2020-q4-major/gcc-arm-none-eabi-10-2020-q4-major/arm-none-eabi/lib]
  collapse library dir [/usr/local/Caskroom/gcc-arm-embedded/10-2020-q4-major/gcc-arm-none-eabi-10-2020-q4-major/bin/../arm-none-eabi/lib] ==> [/usr/local/Caskroom/gcc-arm-embedded/10-2020-q4-major/gcc-arm-none-eabi-10-2020-q4-major/arm-none-eabi/lib]
  implicit libs: [gcc;c;gcc;c;nosys]
  implicit dirs: [/usr/local/Caskroom/gcc-arm-embedded/10-2020-q4-major/gcc-arm-none-eabi-10-2020-q4-major/lib/gcc/arm-none-eabi/10.2.1/thumb/v6-m/nofp;/usr/local/Caskroom/gcc-arm-embedded/10-2020-q4-major/gcc-arm-none-eabi-10-2020-q4-major/arm-none-eabi/lib/thumb/v6-m/nofp;/usr/local/Caskroom/gcc-arm-embedded/10-2020-q4-major/gcc-arm-none-eabi-10-2020-q4-major/lib/gcc/arm-none-eabi/10.2.1;/usr/local/Caskroom/gcc-arm-embedded/10-2020-q4-major/gcc-arm-none-eabi-10-2020-q4-major/lib/gcc;/usr/local/Caskroom/gcc-arm-embedded/10-2020-q4-major/gcc-arm-none-eabi-10-2020-q4-major/arm-none-eabi/lib]
  implicit fwks: []


Detecting CXX compiler ABI info compiled with the following output:
Change Dir: /Volumes/git/m1-sdk/lib/_builds/gcc-armhf-m0-cxx14-Release/CMakeFiles/CMakeTmp

Run Build Command(s):/usr/bin/make -f Makefile cmTC_9d3d9/fast && /Applications/Xcode.app/Contents/Developer/usr/bin/make  -f CMakeFiles/cmTC_9d3d9.dir/build.make CMakeFiles/cmTC_9d3d9.dir/build
Building CXX object CMakeFiles/cmTC_9d3d9.dir/CMakeCXXCompilerABI.cpp.obj
/usr/local/bin/arm-none-eabi-g++   -mtune=cortex-m0 -mcpu=cortex-m0 -march=armv6-m -pipe -std=c++14    -v -std=c++14 -o CMakeFiles/cmTC_9d3d9.dir/CMakeCXXCompilerABI.cpp.obj -c /usr/local/Cellar/cmake/3.20.0/share/cmake/Modules/CMakeCXXCompilerABI.cpp
Using built-in specs.
COLLECT_GCC=/usr/local/bin/arm-none-eabi-g++
Target: arm-none-eabi
Configured with: /tmp/jenkins-GCC-10-pipeline-48_20201124_1606180639/src/gcc/configure --target=arm-none-eabi --prefix=/tmp/jenkins-GCC-10-pipeline-48_20201124_1606180639/install-native --libexecdir=/tmp/jenkins-GCC-10-pipeline-48_20201124_1606180639/install-native/lib --infodir=/tmp/jenkins-GCC-10-pipeline-48_20201124_1606180639/install-native/share/doc/gcc-arm-none-eabi/info --mandir=/tmp/jenkins-GCC-10-pipeline-48_20201124_1606180639/install-native/share/doc/gcc-arm-none-eabi/man --htmldir=/tmp/jenkins-GCC-10-pipeline-48_20201124_1606180639/install-native/share/doc/gcc-arm-none-eabi/html --pdfdir=/tmp/jenkins-GCC-10-pipeline-48_20201124_1606180639/install-native/share/doc/gcc-arm-none-eabi/pdf --enable-languages=c,c++ --enable-plugins --disable-decimal-float --disable-libffi --disable-libgomp --disable-libmudflap --disable-libquadmath --disable-libssp --disable-libstdcxx-pch --disable-nls --disable-shared --disable-threads --disable-tls --with-gnu-as --with-gnu-ld --with-newlib --with-headers=yes --with-python-dir=share/gcc-arm-none-eabi --with-sysroot=/tmp/jenkins-GCC-10-pipeline-48_20201124_1606180639/install-native/arm-none-eabi --build=x86_64-apple-darwin10 --host=x86_64-apple-darwin10 --with-gmp=/tmp/jenkins-GCC-10-pipeline-48_20201124_1606180639/build-native/host-libs/usr --with-mpfr=/tmp/jenkins-GCC-10-pipeline-48_20201124_1606180639/build-native/host-libs/usr --with-mpc=/tmp/jenkins-GCC-10-pipeline-48_20201124_1606180639/build-native/host-libs/usr --with-isl=/tmp/jenkins-GCC-10-pipeline-48_20201124_1606180639/build-native/host-libs/usr --with-libelf=/tmp/jenkins-GCC-10-pipeline-48_20201124_1606180639/build-native/host-libs/usr --with-host-libstdcxx='-static-libgcc -Wl,-lstdc++ -lm' --with-pkgversion='GNU Arm Embedded Toolchain 10-2020-q4-major' --with-multilib-list=rmprofile,aprofile
Thread model: single
Supported LTO compression algorithms: zlib
gcc version 10.2.1 20201103 (release) (GNU Arm Embedded Toolchain 10-2020-q4-major) 
COLLECT_GCC_OPTIONS='-mtune=cortex-m0' '-mcpu=cortex-m0'  '-pipe' '-std=c++14' '-v' '-std=c++14' '-o' 'CMakeFiles/cmTC_9d3d9.dir/CMakeCXXCompilerABI.cpp.obj' '-c' '-mfloat-abi=soft' '-mthumb' '-march=armv6-m'
 /usr/local/Caskroom/gcc-arm-embedded/10-2020-q4-major/gcc-arm-none-eabi-10-2020-q4-major/bin/../lib/gcc/arm-none-eabi/10.2.1/cc1plus -quiet -v -imultilib thumb/v6-m/nofp -iprefix /usr/local/Caskroom/gcc-arm-embedded/10-2020-q4-major/gcc-arm-none-eabi-10-2020-q4-major/bin/../lib/gcc/arm-none-eabi/10.2.1/ -isysroot /usr/local/Caskroom/gcc-arm-embedded/10-2020-q4-major/gcc-arm-none-eabi-10-2020-q4-major/bin/../arm-none-eabi -D__USES_INITFINI__ /usr/local/Cellar/cmake/3.20.0/share/cmake/Modules/CMakeCXXCompilerABI.cpp -quiet -dumpbase CMakeCXXCompilerABI.cpp -mtune=cortex-m0 -mcpu=cortex-m0 -mfloat-abi=soft -mthumb -march=armv6-m -auxbase-strip CMakeFiles/cmTC_9d3d9.dir/CMakeCXXCompilerABI.cpp.obj -std=c++14 -std=c++14 -version -o - |
 /usr/local/Caskroom/gcc-arm-embedded/10-2020-q4-major/gcc-arm-none-eabi-10-2020-q4-major/bin/../lib/gcc/arm-none-eabi/10.2.1/../../../../arm-none-eabi/bin/as -v -march=armv6-m -mfloat-abi=soft -meabi=5 -o CMakeFiles/cmTC_9d3d9.dir/CMakeCXXCompilerABI.cpp.obj
GNU assembler version 2.35.1 (arm-none-eabi) using BFD version (GNU Arm Embedded Toolchain 10-2020-q4-major) 2.35.1.20201028
GNU C++14 (GNU Arm Embedded Toolchain 10-2020-q4-major) version 10.2.1 20201103 (release) (arm-none-eabi)
	compiled by GNU C version 4.2.1 Compatible Apple LLVM 11.0.0 (clang-1100.0.33.17), GMP version 6.1.0, MPFR version 3.1.4, MPC version 1.0.3, isl version isl-0.18-GMP

GGC heuristics: --param ggc-min-expand=100 --param ggc-min-heapsize=131072
ignoring duplicate directory "/usr/local/Caskroom/gcc-arm-embedded/10-2020-q4-major/gcc-arm-none-eabi-10-2020-q4-major/bin/../lib/gcc/../../lib/gcc/arm-none-eabi/10.2.1/../../../../arm-none-eabi/include/c++/10.2.1"
ignoring duplicate directory "/usr/local/Caskroom/gcc-arm-embedded/10-2020-q4-major/gcc-arm-none-eabi-10-2020-q4-major/bin/../lib/gcc/../../lib/gcc/arm-none-eabi/10.2.1/../../../../arm-none-eabi/include/c++/10.2.1/arm-none-eabi/thumb/v6-m/nofp"
ignoring duplicate directory "/usr/local/Caskroom/gcc-arm-embedded/10-2020-q4-major/gcc-arm-none-eabi-10-2020-q4-major/bin/../lib/gcc/../../lib/gcc/arm-none-eabi/10.2.1/../../../../arm-none-eabi/include/c++/10.2.1/backward"
ignoring duplicate directory "/usr/local/Caskroom/gcc-arm-embedded/10-2020-q4-major/gcc-arm-none-eabi-10-2020-q4-major/bin/../lib/gcc/../../lib/gcc/arm-none-eabi/10.2.1/include"
ignoring nonexistent directory "/usr/local/Caskroom/gcc-arm-embedded/10-2020-q4-major/gcc-arm-none-eabi-10-2020-q4-major/bin/../arm-none-eabi/usr/local/include"
ignoring duplicate directory "/usr/local/Caskroom/gcc-arm-embedded/10-2020-q4-major/gcc-arm-none-eabi-10-2020-q4-major/bin/../lib/gcc/../../lib/gcc/arm-none-eabi/10.2.1/include-fixed"
ignoring duplicate directory "/usr/local/Caskroom/gcc-arm-embedded/10-2020-q4-major/gcc-arm-none-eabi-10-2020-q4-major/bin/../lib/gcc/../../lib/gcc/arm-none-eabi/10.2.1/../../../../arm-none-eabi/include"
ignoring nonexistent directory "/usr/local/Caskroom/gcc-arm-embedded/10-2020-q4-major/gcc-arm-none-eabi-10-2020-q4-major/bin/../arm-none-eabi/usr/include"
#include "..." search starts here:
#include <...> search starts here:
 /usr/local/Caskroom/gcc-arm-embedded/10-2020-q4-major/gcc-arm-none-eabi-10-2020-q4-major/bin/../lib/gcc/arm-none-eabi/10.2.1/../../../../arm-none-eabi/include/c++/10.2.1
 /usr/local/Caskroom/gcc-arm-embedded/10-2020-q4-major/gcc-arm-none-eabi-10-2020-q4-major/bin/../lib/gcc/arm-none-eabi/10.2.1/../../../../arm-none-eabi/include/c++/10.2.1/arm-none-eabi/thumb/v6-m/nofp
 /usr/local/Caskroom/gcc-arm-embedded/10-2020-q4-major/gcc-arm-none-eabi-10-2020-q4-major/bin/../lib/gcc/arm-none-eabi/10.2.1/../../../../arm-none-eabi/include/c++/10.2.1/backward
 /usr/local/Caskroom/gcc-arm-embedded/10-2020-q4-major/gcc-arm-none-eabi-10-2020-q4-major/bin/../lib/gcc/arm-none-eabi/10.2.1/include
 /usr/local/Caskroom/gcc-arm-embedded/10-2020-q4-major/gcc-arm-none-eabi-10-2020-q4-major/bin/../lib/gcc/arm-none-eabi/10.2.1/include-fixed
 /usr/local/Caskroom/gcc-arm-embedded/10-2020-q4-major/gcc-arm-none-eabi-10-2020-q4-major/bin/../lib/gcc/arm-none-eabi/10.2.1/../../../../arm-none-eabi/include
End of search list.
GNU C++14 (GNU Arm Embedded Toolchain 10-2020-q4-major) version 10.2.1 20201103 (release) (arm-none-eabi)
	compiled by GNU C version 4.2.1 Compatible Apple LLVM 11.0.0 (clang-1100.0.33.17), GMP version 6.1.0, MPFR version 3.1.4, MPC version 1.0.3, isl version isl-0.18-GMP

GGC heuristics: --param ggc-min-expand=100 --param ggc-min-heapsize=131072
Compiler executable checksum: 1f3147591bec56b88dcd6bc225ccb0e2
COMPILER_PATH=/usr/local/Caskroom/gcc-arm-embedded/10-2020-q4-major/gcc-arm-none-eabi-10-2020-q4-major/bin/../lib/gcc/arm-none-eabi/10.2.1/:/usr/local/Caskroom/gcc-arm-embedded/10-2020-q4-major/gcc-arm-none-eabi-10-2020-q4-major/bin/../lib/gcc/:/usr/local/Caskroom/gcc-arm-embedded/10-2020-q4-major/gcc-arm-none-eabi-10-2020-q4-major/bin/../lib/gcc/arm-none-eabi/10.2.1/../../../../arm-none-eabi/bin/
LIBRARY_PATH=/usr/local/Caskroom/gcc-arm-embedded/10-2020-q4-major/gcc-arm-none-eabi-10-2020-q4-major/bin/../lib/gcc/arm-none-eabi/10.2.1/thumb/v6-m/nofp/:/usr/local/Caskroom/gcc-arm-embedded/10-2020-q4-major/gcc-arm-none-eabi-10-2020-q4-major/bin/../lib/gcc/arm-none-eabi/10.2.1/../../../../arm-none-eabi/lib/thumb/v6-m/nofp/:/usr/local/Caskroom/gcc-arm-embedded/10-2020-q4-major/gcc-arm-none-eabi-10-2020-q4-major/bin/../arm-none-eabi/lib/thumb/v6-m/nofp/:/usr/local/Caskroom/gcc-arm-embedded/10-2020-q4-major/gcc-arm-none-eabi-10-2020-q4-major/bin/../lib/gcc/arm-none-eabi/10.2.1/:/usr/local/Caskroom/gcc-arm-embedded/10-2020-q4-major/gcc-arm-none-eabi-10-2020-q4-major/bin/../lib/gcc/:/usr/local/Caskroom/gcc-arm-embedded/10-2020-q4-major/gcc-arm-none-eabi-10-2020-q4-major/bin/../lib/gcc/arm-none-eabi/10.2.1/../../../../arm-none-eabi/lib/:/usr/local/Caskroom/gcc-arm-embedded/10-2020-q4-major/gcc-arm-none-eabi-10-2020-q4-major/bin/../arm-none-eabi/lib/
COLLECT_GCC_OPTIONS='-mtune=cortex-m0' '-mcpu=cortex-m0'  '-pipe' '-std=c++14' '-v' '-std=c++14' '-o' 'CMakeFiles/cmTC_9d3d9.dir/CMakeCXXCompilerABI.cpp.obj' '-c' '-mfloat-abi=soft' '-mthumb' '-march=armv6-m'
Linking CXX executable cmTC_9d3d9
/usr/local/Cellar/cmake/3.20.0/bin/cmake -E cmake_link_script CMakeFiles/cmTC_9d3d9.dir/link.txt --verbose=1
/usr/local/bin/arm-none-eabi-g++ -mtune=cortex-m0 -mcpu=cortex-m0 -march=armv6-m -pipe -std=c++14  --specs=nosys.specs -v CMakeFiles/cmTC_9d3d9.dir/CMakeCXXCompilerABI.cpp.obj -o cmTC_9d3d9 
Using built-in specs.
Reading specs from /usr/local/Caskroom/gcc-arm-embedded/10-2020-q4-major/gcc-arm-none-eabi-10-2020-q4-major/bin/../lib/gcc/arm-none-eabi/10.2.1/../../../../arm-none-eabi/lib/nosys.specs
rename spec link_gcc_c_sequence to nosys_link_gcc_c_sequence
COLLECT_GCC=/usr/local/bin/arm-none-eabi-g++
COLLECT_LTO_WRAPPER=/usr/local/Caskroom/gcc-arm-embedded/10-2020-q4-major/gcc-arm-none-eabi-10-2020-q4-major/bin/../lib/gcc/arm-none-eabi/10.2.1/lto-wrapper
Target: arm-none-eabi
Configured with: /tmp/jenkins-GCC-10-pipeline-48_20201124_1606180639/src/gcc/configure --target=arm-none-eabi --prefix=/tmp/jenkins-GCC-10-pipeline-48_20201124_1606180639/install-native --libexecdir=/tmp/jenkins-GCC-10-pipeline-48_20201124_1606180639/install-native/lib --infodir=/tmp/jenkins-GCC-10-pipeline-48_20201124_1606180639/install-native/share/doc/gcc-arm-none-eabi/info --mandir=/tmp/jenkins-GCC-10-pipeline-48_20201124_1606180639/install-native/share/doc/gcc-arm-none-eabi/man --htmldir=/tmp/jenkins-GCC-10-pipeline-48_20201124_1606180639/install-native/share/doc/gcc-arm-none-eabi/html --pdfdir=/tmp/jenkins-GCC-10-pipeline-48_20201124_1606180639/install-native/share/doc/gcc-arm-none-eabi/pdf --enable-languages=c,c++ --enable-plugins --disable-decimal-float --disable-libffi --disable-libgomp --disable-libmudflap --disable-libquadmath --disable-libssp --disable-libstdcxx-pch --disable-nls --disable-shared --disable-threads --disable-tls --with-gnu-as --with-gnu-ld --with-newlib --with-headers=yes --with-python-dir=share/gcc-arm-none-eabi --with-sysroot=/tmp/jenkins-GCC-10-pipeline-48_20201124_1606180639/install-native/arm-none-eabi --build=x86_64-apple-darwin10 --host=x86_64-apple-darwin10 --with-gmp=/tmp/jenkins-GCC-10-pipeline-48_20201124_1606180639/build-native/host-libs/usr --with-mpfr=/tmp/jenkins-GCC-10-pipeline-48_20201124_1606180639/build-native/host-libs/usr --with-mpc=/tmp/jenkins-GCC-10-pipeline-48_20201124_1606180639/build-native/host-libs/usr --with-isl=/tmp/jenkins-GCC-10-pipeline-48_20201124_1606180639/build-native/host-libs/usr --with-libelf=/tmp/jenkins-GCC-10-pipeline-48_20201124_1606180639/build-native/host-libs/usr --with-host-libstdcxx='-static-libgcc -Wl,-lstdc++ -lm' --with-pkgversion='GNU Arm Embedded Toolchain 10-2020-q4-major' --with-multilib-list=rmprofile,aprofile
Thread model: single
Supported LTO compression algorithms: zlib
gcc version 10.2.1 20201103 (release) (GNU Arm Embedded Toolchain 10-2020-q4-major) 
COMPILER_PATH=/usr/local/Caskroom/gcc-arm-embedded/10-2020-q4-major/gcc-arm-none-eabi-10-2020-q4-major/bin/../lib/gcc/arm-none-eabi/10.2.1/:/usr/local/Caskroom/gcc-arm-embedded/10-2020-q4-major/gcc-arm-none-eabi-10-2020-q4-major/bin/../lib/gcc/:/usr/local/Caskroom/gcc-arm-embedded/10-2020-q4-major/gcc-arm-none-eabi-10-2020-q4-major/bin/../lib/gcc/arm-none-eabi/10.2.1/../../../../arm-none-eabi/bin/
LIBRARY_PATH=/usr/local/Caskroom/gcc-arm-embedded/10-2020-q4-major/gcc-arm-none-eabi-10-2020-q4-major/bin/../lib/gcc/arm-none-eabi/10.2.1/thumb/v6-m/nofp/:/usr/local/Caskroom/gcc-arm-embedded/10-2020-q4-major/gcc-arm-none-eabi-10-2020-q4-major/bin/../lib/gcc/arm-none-eabi/10.2.1/../../../../arm-none-eabi/lib/thumb/v6-m/nofp/:/usr/local/Caskroom/gcc-arm-embedded/10-2020-q4-major/gcc-arm-none-eabi-10-2020-q4-major/bin/../arm-none-eabi/lib/thumb/v6-m/nofp/:/usr/local/Caskroom/gcc-arm-embedded/10-2020-q4-major/gcc-arm-none-eabi-10-2020-q4-major/bin/../lib/gcc/arm-none-eabi/10.2.1/:/usr/local/Caskroom/gcc-arm-embedded/10-2020-q4-major/gcc-arm-none-eabi-10-2020-q4-major/bin/../lib/gcc/:/usr/local/Caskroom/gcc-arm-embedded/10-2020-q4-major/gcc-arm-none-eabi-10-2020-q4-major/bin/../lib/gcc/arm-none-eabi/10.2.1/../../../../arm-none-eabi/lib/:/usr/local/Caskroom/gcc-arm-embedded/10-2020-q4-major/gcc-arm-none-eabi-10-2020-q4-major/bin/../arm-none-eabi/lib/
COLLECT_GCC_OPTIONS='-mtune=cortex-m0' '-mcpu=cortex-m0'  '-pipe' '-std=c++14' '-specs=nosys.specs' '-v' '-o' 'cmTC_9d3d9' '-mfloat-abi=soft' '-mthumb' '-march=armv6-m'
 /usr/local/Caskroom/gcc-arm-embedded/10-2020-q4-major/gcc-arm-none-eabi-10-2020-q4-major/bin/../lib/gcc/arm-none-eabi/10.2.1/collect2 -plugin /usr/local/Caskroom/gcc-arm-embedded/10-2020-q4-major/gcc-arm-none-eabi-10-2020-q4-major/bin/../lib/gcc/arm-none-eabi/10.2.1/liblto_plugin.so -plugin-opt=/usr/local/Caskroom/gcc-arm-embedded/10-2020-q4-major/gcc-arm-none-eabi-10-2020-q4-major/bin/../lib/gcc/arm-none-eabi/10.2.1/lto-wrapper -plugin-opt=-fresolution=/var/folders/mh/hql7qhd159s799mvhvhxr17h0000gn/T//ccO2QjAE.res -plugin-opt=-pass-through=-lgcc -plugin-opt=-pass-through=-lc -plugin-opt=-pass-through=-lgcc -plugin-opt=-pass-through=-lc -plugin-opt=-pass-through=-lnosys --sysroot=/usr/local/Caskroom/gcc-arm-embedded/10-2020-q4-major/gcc-arm-none-eabi-10-2020-q4-major/bin/../arm-none-eabi -X -o cmTC_9d3d9 /usr/local/Caskroom/gcc-arm-embedded/10-2020-q4-major/gcc-arm-none-eabi-10-2020-q4-major/bin/../lib/gcc/arm-none-eabi/10.2.1/thumb/v6-m/nofp/crti.o /usr/local/Caskroom/gcc-arm-embedded/10-2020-q4-major/gcc-arm-none-eabi-10-2020-q4-major/bin/../lib/gcc/arm-none-eabi/10.2.1/thumb/v6-m/nofp/crtbegin.o /usr/local/Caskroom/gcc-arm-embedded/10-2020-q4-major/gcc-arm-none-eabi-10-2020-q4-major/bin/../lib/gcc/arm-none-eabi/10.2.1/../../../../arm-none-eabi/lib/thumb/v6-m/nofp/crt0.o -L/usr/local/Caskroom/gcc-arm-embedded/10-2020-q4-major/gcc-arm-none-eabi-10-2020-q4-major/bin/../lib/gcc/arm-none-eabi/10.2.1/thumb/v6-m/nofp -L/usr/local/Caskroom/gcc-arm-embedded/10-2020-q4-major/gcc-arm-none-eabi-10-2020-q4-major/bin/../lib/gcc/arm-none-eabi/10.2.1/../../../../arm-none-eabi/lib/thumb/v6-m/nofp -L/usr/local/Caskroom/gcc-arm-embedded/10-2020-q4-major/gcc-arm-none-eabi-10-2020-q4-major/bin/../arm-none-eabi/lib/thumb/v6-m/nofp -L/usr/local/Caskroom/gcc-arm-embedded/10-2020-q4-major/gcc-arm-none-eabi-10-2020-q4-major/bin/../lib/gcc/arm-none-eabi/10.2.1 -L/usr/local/Caskroom/gcc-arm-embedded/10-2020-q4-major/gcc-arm-none-eabi-10-2020-q4-major/bin/../lib/gcc -L/usr/local/Caskroom/gcc-arm-embedded/10-2020-q4-major/gcc-arm-none-eabi-10-2020-q4-major/bin/../lib/gcc/arm-none-eabi/10.2.1/../../../../arm-none-eabi/lib -L/usr/local/Caskroom/gcc-arm-embedded/10-2020-q4-major/gcc-arm-none-eabi-10-2020-q4-major/bin/../arm-none-eabi/lib CMakeFiles/cmTC_9d3d9.dir/CMakeCXXCompilerABI.cpp.obj -lstdc++ -lm --start-group -lgcc -lc --end-group --start-group -lgcc -lc -lnosys --end-group /usr/local/Caskroom/gcc-arm-embedded/10-2020-q4-major/gcc-arm-none-eabi-10-2020-q4-major/bin/../lib/gcc/arm-none-eabi/10.2.1/thumb/v6-m/nofp/crtend.o /usr/local/Caskroom/gcc-arm-embedded/10-2020-q4-major/gcc-arm-none-eabi-10-2020-q4-major/bin/../lib/gcc/arm-none-eabi/10.2.1/thumb/v6-m/nofp/crtn.o
COLLECT_GCC_OPTIONS='-mtune=cortex-m0' '-mcpu=cortex-m0'  '-pipe' '-std=c++14' '-specs=nosys.specs' '-v' '-o' 'cmTC_9d3d9' '-mfloat-abi=soft' '-mthumb' '-march=armv6-m'



Parsed CXX implicit include dir info from above output: rv=done
  found start of include info
  found start of implicit include info
    add: [/usr/local/Caskroom/gcc-arm-embedded/10-2020-q4-major/gcc-arm-none-eabi-10-2020-q4-major/bin/../lib/gcc/arm-none-eabi/10.2.1/../../../../arm-none-eabi/include/c++/10.2.1]
    add: [/usr/local/Caskroom/gcc-arm-embedded/10-2020-q4-major/gcc-arm-none-eabi-10-2020-q4-major/bin/../lib/gcc/arm-none-eabi/10.2.1/../../../../arm-none-eabi/include/c++/10.2.1/arm-none-eabi/thumb/v6-m/nofp]
    add: [/usr/local/Caskroom/gcc-arm-embedded/10-2020-q4-major/gcc-arm-none-eabi-10-2020-q4-major/bin/../lib/gcc/arm-none-eabi/10.2.1/../../../../arm-none-eabi/include/c++/10.2.1/backward]
    add: [/usr/local/Caskroom/gcc-arm-embedded/10-2020-q4-major/gcc-arm-none-eabi-10-2020-q4-major/bin/../lib/gcc/arm-none-eabi/10.2.1/include]
    add: [/usr/local/Caskroom/gcc-arm-embedded/10-2020-q4-major/gcc-arm-none-eabi-10-2020-q4-major/bin/../lib/gcc/arm-none-eabi/10.2.1/include-fixed]
    add: [/usr/local/Caskroom/gcc-arm-embedded/10-2020-q4-major/gcc-arm-none-eabi-10-2020-q4-major/bin/../lib/gcc/arm-none-eabi/10.2.1/../../../../arm-none-eabi/include]
  end of search list found
  collapse include dir [/usr/local/Caskroom/gcc-arm-embedded/10-2020-q4-major/gcc-arm-none-eabi-10-2020-q4-major/bin/../lib/gcc/arm-none-eabi/10.2.1/../../../../arm-none-eabi/include/c++/10.2.1] ==> [/usr/local/Caskroom/gcc-arm-embedded/10-2020-q4-major/gcc-arm-none-eabi-10-2020-q4-major/arm-none-eabi/include/c++/10.2.1]
  collapse include dir [/usr/local/Caskroom/gcc-arm-embedded/10-2020-q4-major/gcc-arm-none-eabi-10-2020-q4-major/bin/../lib/gcc/arm-none-eabi/10.2.1/../../../../arm-none-eabi/include/c++/10.2.1/arm-none-eabi/thumb/v6-m/nofp] ==> [/usr/local/Caskroom/gcc-arm-embedded/10-2020-q4-major/gcc-arm-none-eabi-10-2020-q4-major/arm-none-eabi/include/c++/10.2.1/arm-none-eabi/thumb/v6-m/nofp]
  collapse include dir [/usr/local/Caskroom/gcc-arm-embedded/10-2020-q4-major/gcc-arm-none-eabi-10-2020-q4-major/bin/../lib/gcc/arm-none-eabi/10.2.1/../../../../arm-none-eabi/include/c++/10.2.1/backward] ==> [/usr/local/Caskroom/gcc-arm-embedded/10-2020-q4-major/gcc-arm-none-eabi-10-2020-q4-major/arm-none-eabi/include/c++/10.2.1/backward]
  collapse include dir [/usr/local/Caskroom/gcc-arm-embedded/10-2020-q4-major/gcc-arm-none-eabi-10-2020-q4-major/bin/../lib/gcc/arm-none-eabi/10.2.1/include] ==> [/usr/local/Caskroom/gcc-arm-embedded/10-2020-q4-major/gcc-arm-none-eabi-10-2020-q4-major/lib/gcc/arm-none-eabi/10.2.1/include]
  collapse include dir [/usr/local/Caskroom/gcc-arm-embedded/10-2020-q4-major/gcc-arm-none-eabi-10-2020-q4-major/bin/../lib/gcc/arm-none-eabi/10.2.1/include-fixed] ==> [/usr/local/Caskroom/gcc-arm-embedded/10-2020-q4-major/gcc-arm-none-eabi-10-2020-q4-major/lib/gcc/arm-none-eabi/10.2.1/include-fixed]
  collapse include dir [/usr/local/Caskroom/gcc-arm-embedded/10-2020-q4-major/gcc-arm-none-eabi-10-2020-q4-major/bin/../lib/gcc/arm-none-eabi/10.2.1/../../../../arm-none-eabi/include] ==> [/usr/local/Caskroom/gcc-arm-embedded/10-2020-q4-major/gcc-arm-none-eabi-10-2020-q4-major/arm-none-eabi/include]
  implicit include dirs: [/usr/local/Caskroom/gcc-arm-embedded/10-2020-q4-major/gcc-arm-none-eabi-10-2020-q4-major/arm-none-eabi/include/c++/10.2.1;/usr/local/Caskroom/gcc-arm-embedded/10-2020-q4-major/gcc-arm-none-eabi-10-2020-q4-major/arm-none-eabi/include/c++/10.2.1/arm-none-eabi/thumb/v6-m/nofp;/usr/local/Caskroom/gcc-arm-embedded/10-2020-q4-major/gcc-arm-none-eabi-10-2020-q4-major/arm-none-eabi/include/c++/10.2.1/backward;/usr/local/Caskroom/gcc-arm-embedded/10-2020-q4-major/gcc-arm-none-eabi-10-2020-q4-major/lib/gcc/arm-none-eabi/10.2.1/include;/usr/local/Caskroom/gcc-arm-embedded/10-2020-q4-major/gcc-arm-none-eabi-10-2020-q4-major/lib/gcc/arm-none-eabi/10.2.1/include-fixed;/usr/local/Caskroom/gcc-arm-embedded/10-2020-q4-major/gcc-arm-none-eabi-10-2020-q4-major/arm-none-eabi/include]


Parsed CXX implicit link information from above output:
  link line regex: [^( *|.*[/\])(arm-none-eabi-ld|CMAKE_LINK_STARTFILE-NOTFOUND|([^/\]+-)?ld|collect2)[^/\]*( |$)]
  ignore line: [Change Dir: /Volumes/git/m1-sdk/lib/_builds/gcc-armhf-m0-cxx14-Release/CMakeFiles/CMakeTmp]
  ignore line: []
  ignore line: [Run Build Command(s):/usr/bin/make -f Makefile cmTC_9d3d9/fast && /Applications/Xcode.app/Contents/Developer/usr/bin/make  -f CMakeFiles/cmTC_9d3d9.dir/build.make CMakeFiles/cmTC_9d3d9.dir/build]
  ignore line: [Building CXX object CMakeFiles/cmTC_9d3d9.dir/CMakeCXXCompilerABI.cpp.obj]
  ignore line: [/usr/local/bin/arm-none-eabi-g++   -mtune=cortex-m0 -mcpu=cortex-m0 -march=armv6-m -pipe -std=c++14    -v -std=c++14 -o CMakeFiles/cmTC_9d3d9.dir/CMakeCXXCompilerABI.cpp.obj -c /usr/local/Cellar/cmake/3.20.0/share/cmake/Modules/CMakeCXXCompilerABI.cpp]
  ignore line: [Using built-in specs.]
  ignore line: [COLLECT_GCC=/usr/local/bin/arm-none-eabi-g++]
  ignore line: [Target: arm-none-eabi]
  ignore line: [Configured with: /tmp/jenkins-GCC-10-pipeline-48_20201124_1606180639/src/gcc/configure --target=arm-none-eabi --prefix=/tmp/jenkins-GCC-10-pipeline-48_20201124_1606180639/install-native --libexecdir=/tmp/jenkins-GCC-10-pipeline-48_20201124_1606180639/install-native/lib --infodir=/tmp/jenkins-GCC-10-pipeline-48_20201124_1606180639/install-native/share/doc/gcc-arm-none-eabi/info --mandir=/tmp/jenkins-GCC-10-pipeline-48_20201124_1606180639/install-native/share/doc/gcc-arm-none-eabi/man --htmldir=/tmp/jenkins-GCC-10-pipeline-48_20201124_1606180639/install-native/share/doc/gcc-arm-none-eabi/html --pdfdir=/tmp/jenkins-GCC-10-pipeline-48_20201124_1606180639/install-native/share/doc/gcc-arm-none-eabi/pdf --enable-languages=c,c++ --enable-plugins --disable-decimal-float --disable-libffi --disable-libgomp --disable-libmudflap --disable-libquadmath --disable-libssp --disable-libstdcxx-pch --disable-nls --disable-shared --disable-threads --disable-tls --with-gnu-as --with-gnu-ld --with-newlib --with-headers=yes --with-python-dir=share/gcc-arm-none-eabi --with-sysroot=/tmp/jenkins-GCC-10-pipeline-48_20201124_1606180639/install-native/arm-none-eabi --build=x86_64-apple-darwin10 --host=x86_64-apple-darwin10 --with-gmp=/tmp/jenkins-GCC-10-pipeline-48_20201124_1606180639/build-native/host-libs/usr --with-mpfr=/tmp/jenkins-GCC-10-pipeline-48_20201124_1606180639/build-native/host-libs/usr --with-mpc=/tmp/jenkins-GCC-10-pipeline-48_20201124_1606180639/build-native/host-libs/usr --with-isl=/tmp/jenkins-GCC-10-pipeline-48_20201124_1606180639/build-native/host-libs/usr --with-libelf=/tmp/jenkins-GCC-10-pipeline-48_20201124_1606180639/build-native/host-libs/usr --with-host-libstdcxx='-static-libgcc -Wl,-lstdc++ -lm' --with-pkgversion='GNU Arm Embedded Toolchain 10-2020-q4-major' --with-multilib-list=rmprofile,aprofile]
  ignore line: [Thread model: single]
  ignore line: [Supported LTO compression algorithms: zlib]
  ignore line: [gcc version 10.2.1 20201103 (release) (GNU Arm Embedded Toolchain 10-2020-q4-major) ]
  ignore line: [COLLECT_GCC_OPTIONS='-mtune=cortex-m0' '-mcpu=cortex-m0'  '-pipe' '-std=c++14' '-v' '-std=c++14' '-o' 'CMakeFiles/cmTC_9d3d9.dir/CMakeCXXCompilerABI.cpp.obj' '-c' '-mfloat-abi=soft' '-mthumb' '-march=armv6-m']
  ignore line: [ /usr/local/Caskroom/gcc-arm-embedded/10-2020-q4-major/gcc-arm-none-eabi-10-2020-q4-major/bin/../lib/gcc/arm-none-eabi/10.2.1/cc1plus -quiet -v -imultilib thumb/v6-m/nofp -iprefix /usr/local/Caskroom/gcc-arm-embedded/10-2020-q4-major/gcc-arm-none-eabi-10-2020-q4-major/bin/../lib/gcc/arm-none-eabi/10.2.1/ -isysroot /usr/local/Caskroom/gcc-arm-embedded/10-2020-q4-major/gcc-arm-none-eabi-10-2020-q4-major/bin/../arm-none-eabi -D__USES_INITFINI__ /usr/local/Cellar/cmake/3.20.0/share/cmake/Modules/CMakeCXXCompilerABI.cpp -quiet -dumpbase CMakeCXXCompilerABI.cpp -mtune=cortex-m0 -mcpu=cortex-m0 -mfloat-abi=soft -mthumb -march=armv6-m -auxbase-strip CMakeFiles/cmTC_9d3d9.dir/CMakeCXXCompilerABI.cpp.obj -std=c++14 -std=c++14 -version -o - |]
  ignore line: [ /usr/local/Caskroom/gcc-arm-embedded/10-2020-q4-major/gcc-arm-none-eabi-10-2020-q4-major/bin/../lib/gcc/arm-none-eabi/10.2.1/../../../../arm-none-eabi/bin/as -v -march=armv6-m -mfloat-abi=soft -meabi=5 -o CMakeFiles/cmTC_9d3d9.dir/CMakeCXXCompilerABI.cpp.obj]
  ignore line: [GNU assembler version 2.35.1 (arm-none-eabi) using BFD version (GNU Arm Embedded Toolchain 10-2020-q4-major) 2.35.1.20201028]
  ignore line: [GNU C++14 (GNU Arm Embedded Toolchain 10-2020-q4-major) version 10.2.1 20201103 (release) (arm-none-eabi)]
  ignore line: [	compiled by GNU C version 4.2.1 Compatible Apple LLVM 11.0.0 (clang-1100.0.33.17)  GMP version 6.1.0  MPFR version 3.1.4  MPC version 1.0.3  isl version isl-0.18-GMP]
  ignore line: []
  ignore line: [GGC heuristics: --param ggc-min-expand=100 --param ggc-min-heapsize=131072]
  ignore line: [ignoring duplicate directory "/usr/local/Caskroom/gcc-arm-embedded/10-2020-q4-major/gcc-arm-none-eabi-10-2020-q4-major/bin/../lib/gcc/../../lib/gcc/arm-none-eabi/10.2.1/../../../../arm-none-eabi/include/c++/10.2.1"]
  ignore line: [ignoring duplicate directory "/usr/local/Caskroom/gcc-arm-embedded/10-2020-q4-major/gcc-arm-none-eabi-10-2020-q4-major/bin/../lib/gcc/../../lib/gcc/arm-none-eabi/10.2.1/../../../../arm-none-eabi/include/c++/10.2.1/arm-none-eabi/thumb/v6-m/nofp"]
  ignore line: [ignoring duplicate directory "/usr/local/Caskroom/gcc-arm-embedded/10-2020-q4-major/gcc-arm-none-eabi-10-2020-q4-major/bin/../lib/gcc/../../lib/gcc/arm-none-eabi/10.2.1/../../../../arm-none-eabi/include/c++/10.2.1/backward"]
  ignore line: [ignoring duplicate directory "/usr/local/Caskroom/gcc-arm-embedded/10-2020-q4-major/gcc-arm-none-eabi-10-2020-q4-major/bin/../lib/gcc/../../lib/gcc/arm-none-eabi/10.2.1/include"]
  ignore line: [ignoring nonexistent directory "/usr/local/Caskroom/gcc-arm-embedded/10-2020-q4-major/gcc-arm-none-eabi-10-2020-q4-major/bin/../arm-none-eabi/usr/local/include"]
  ignore line: [ignoring duplicate directory "/usr/local/Caskroom/gcc-arm-embedded/10-2020-q4-major/gcc-arm-none-eabi-10-2020-q4-major/bin/../lib/gcc/../../lib/gcc/arm-none-eabi/10.2.1/include-fixed"]
  ignore line: [ignoring duplicate directory "/usr/local/Caskroom/gcc-arm-embedded/10-2020-q4-major/gcc-arm-none-eabi-10-2020-q4-major/bin/../lib/gcc/../../lib/gcc/arm-none-eabi/10.2.1/../../../../arm-none-eabi/include"]
  ignore line: [ignoring nonexistent directory "/usr/local/Caskroom/gcc-arm-embedded/10-2020-q4-major/gcc-arm-none-eabi-10-2020-q4-major/bin/../arm-none-eabi/usr/include"]
  ignore line: [#include "..." search starts here:]
  ignore line: [#include <...> search starts here:]
  ignore line: [ /usr/local/Caskroom/gcc-arm-embedded/10-2020-q4-major/gcc-arm-none-eabi-10-2020-q4-major/bin/../lib/gcc/arm-none-eabi/10.2.1/../../../../arm-none-eabi/include/c++/10.2.1]
  ignore line: [ /usr/local/Caskroom/gcc-arm-embedded/10-2020-q4-major/gcc-arm-none-eabi-10-2020-q4-major/bin/../lib/gcc/arm-none-eabi/10.2.1/../../../../arm-none-eabi/include/c++/10.2.1/arm-none-eabi/thumb/v6-m/nofp]
  ignore line: [ /usr/local/Caskroom/gcc-arm-embedded/10-2020-q4-major/gcc-arm-none-eabi-10-2020-q4-major/bin/../lib/gcc/arm-none-eabi/10.2.1/../../../../arm-none-eabi/include/c++/10.2.1/backward]
  ignore line: [ /usr/local/Caskroom/gcc-arm-embedded/10-2020-q4-major/gcc-arm-none-eabi-10-2020-q4-major/bin/../lib/gcc/arm-none-eabi/10.2.1/include]
  ignore line: [ /usr/local/Caskroom/gcc-arm-embedded/10-2020-q4-major/gcc-arm-none-eabi-10-2020-q4-major/bin/../lib/gcc/arm-none-eabi/10.2.1/include-fixed]
  ignore line: [ /usr/local/Caskroom/gcc-arm-embedded/10-2020-q4-major/gcc-arm-none-eabi-10-2020-q4-major/bin/../lib/gcc/arm-none-eabi/10.2.1/../../../../arm-none-eabi/include]
  ignore line: [End of search list.]
  ignore line: [GNU C++14 (GNU Arm Embedded Toolchain 10-2020-q4-major) version 10.2.1 20201103 (release) (arm-none-eabi)]
  ignore line: [	compiled by GNU C version 4.2.1 Compatible Apple LLVM 11.0.0 (clang-1100.0.33.17)  GMP version 6.1.0  MPFR version 3.1.4  MPC version 1.0.3  isl version isl-0.18-GMP]
  ignore line: []
  ignore line: [GGC heuristics: --param ggc-min-expand=100 --param ggc-min-heapsize=131072]
  ignore line: [Compiler executable checksum: 1f3147591bec56b88dcd6bc225ccb0e2]
  ignore line: [COMPILER_PATH=/usr/local/Caskroom/gcc-arm-embedded/10-2020-q4-major/gcc-arm-none-eabi-10-2020-q4-major/bin/../lib/gcc/arm-none-eabi/10.2.1/:/usr/local/Caskroom/gcc-arm-embedded/10-2020-q4-major/gcc-arm-none-eabi-10-2020-q4-major/bin/../lib/gcc/:/usr/local/Caskroom/gcc-arm-embedded/10-2020-q4-major/gcc-arm-none-eabi-10-2020-q4-major/bin/../lib/gcc/arm-none-eabi/10.2.1/../../../../arm-none-eabi/bin/]
  ignore line: [LIBRARY_PATH=/usr/local/Caskroom/gcc-arm-embedded/10-2020-q4-major/gcc-arm-none-eabi-10-2020-q4-major/bin/../lib/gcc/arm-none-eabi/10.2.1/thumb/v6-m/nofp/:/usr/local/Caskroom/gcc-arm-embedded/10-2020-q4-major/gcc-arm-none-eabi-10-2020-q4-major/bin/../lib/gcc/arm-none-eabi/10.2.1/../../../../arm-none-eabi/lib/thumb/v6-m/nofp/:/usr/local/Caskroom/gcc-arm-embedded/10-2020-q4-major/gcc-arm-none-eabi-10-2020-q4-major/bin/../arm-none-eabi/lib/thumb/v6-m/nofp/:/usr/local/Caskroom/gcc-arm-embedded/10-2020-q4-major/gcc-arm-none-eabi-10-2020-q4-major/bin/../lib/gcc/arm-none-eabi/10.2.1/:/usr/local/Caskroom/gcc-arm-embedded/10-2020-q4-major/gcc-arm-none-eabi-10-2020-q4-major/bin/../lib/gcc/:/usr/local/Caskroom/gcc-arm-embedded/10-2020-q4-major/gcc-arm-none-eabi-10-2020-q4-major/bin/../lib/gcc/arm-none-eabi/10.2.1/../../../../arm-none-eabi/lib/:/usr/local/Caskroom/gcc-arm-embedded/10-2020-q4-major/gcc-arm-none-eabi-10-2020-q4-major/bin/../arm-none-eabi/lib/]
  ignore line: [COLLECT_GCC_OPTIONS='-mtune=cortex-m0' '-mcpu=cortex-m0'  '-pipe' '-std=c++14' '-v' '-std=c++14' '-o' 'CMakeFiles/cmTC_9d3d9.dir/CMakeCXXCompilerABI.cpp.obj' '-c' '-mfloat-abi=soft' '-mthumb' '-march=armv6-m']
  ignore line: [Linking CXX executable cmTC_9d3d9]
  ignore line: [/usr/local/Cellar/cmake/3.20.0/bin/cmake -E cmake_link_script CMakeFiles/cmTC_9d3d9.dir/link.txt --verbose=1]
  ignore line: [/usr/local/bin/arm-none-eabi-g++ -mtune=cortex-m0 -mcpu=cortex-m0 -march=armv6-m -pipe -std=c++14  --specs=nosys.specs -v CMakeFiles/cmTC_9d3d9.dir/CMakeCXXCompilerABI.cpp.obj -o cmTC_9d3d9 ]
  ignore line: [Using built-in specs.]
  ignore line: [Reading specs from /usr/local/Caskroom/gcc-arm-embedded/10-2020-q4-major/gcc-arm-none-eabi-10-2020-q4-major/bin/../lib/gcc/arm-none-eabi/10.2.1/../../../../arm-none-eabi/lib/nosys.specs]
  ignore line: [rename spec link_gcc_c_sequence to nosys_link_gcc_c_sequence]
  ignore line: [COLLECT_GCC=/usr/local/bin/arm-none-eabi-g++]
  ignore line: [COLLECT_LTO_WRAPPER=/usr/local/Caskroom/gcc-arm-embedded/10-2020-q4-major/gcc-arm-none-eabi-10-2020-q4-major/bin/../lib/gcc/arm-none-eabi/10.2.1/lto-wrapper]
  ignore line: [Target: arm-none-eabi]
  ignore line: [Configured with: /tmp/jenkins-GCC-10-pipeline-48_20201124_1606180639/src/gcc/configure --target=arm-none-eabi --prefix=/tmp/jenkins-GCC-10-pipeline-48_20201124_1606180639/install-native --libexecdir=/tmp/jenkins-GCC-10-pipeline-48_20201124_1606180639/install-native/lib --infodir=/tmp/jenkins-GCC-10-pipeline-48_20201124_1606180639/install-native/share/doc/gcc-arm-none-eabi/info --mandir=/tmp/jenkins-GCC-10-pipeline-48_20201124_1606180639/install-native/share/doc/gcc-arm-none-eabi/man --htmldir=/tmp/jenkins-GCC-10-pipeline-48_20201124_1606180639/install-native/share/doc/gcc-arm-none-eabi/html --pdfdir=/tmp/jenkins-GCC-10-pipeline-48_20201124_1606180639/install-native/share/doc/gcc-arm-none-eabi/pdf --enable-languages=c,c++ --enable-plugins --disable-decimal-float --disable-libffi --disable-libgomp --disable-libmudflap --disable-libquadmath --disable-libssp --disable-libstdcxx-pch --disable-nls --disable-shared --disable-threads --disable-tls --with-gnu-as --with-gnu-ld --with-newlib --with-headers=yes --with-python-dir=share/gcc-arm-none-eabi --with-sysroot=/tmp/jenkins-GCC-10-pipeline-48_20201124_1606180639/install-native/arm-none-eabi --build=x86_64-apple-darwin10 --host=x86_64-apple-darwin10 --with-gmp=/tmp/jenkins-GCC-10-pipeline-48_20201124_1606180639/build-native/host-libs/usr --with-mpfr=/tmp/jenkins-GCC-10-pipeline-48_20201124_1606180639/build-native/host-libs/usr --with-mpc=/tmp/jenkins-GCC-10-pipeline-48_20201124_1606180639/build-native/host-libs/usr --with-isl=/tmp/jenkins-GCC-10-pipeline-48_20201124_1606180639/build-native/host-libs/usr --with-libelf=/tmp/jenkins-GCC-10-pipeline-48_20201124_1606180639/build-native/host-libs/usr --with-host-libstdcxx='-static-libgcc -Wl,-lstdc++ -lm' --with-pkgversion='GNU Arm Embedded Toolchain 10-2020-q4-major' --with-multilib-list=rmprofile,aprofile]
  ignore line: [Thread model: single]
  ignore line: [Supported LTO compression algorithms: zlib]
  ignore line: [gcc version 10.2.1 20201103 (release) (GNU Arm Embedded Toolchain 10-2020-q4-major) ]
  ignore line: [COMPILER_PATH=/usr/local/Caskroom/gcc-arm-embedded/10-2020-q4-major/gcc-arm-none-eabi-10-2020-q4-major/bin/../lib/gcc/arm-none-eabi/10.2.1/:/usr/local/Caskroom/gcc-arm-embedded/10-2020-q4-major/gcc-arm-none-eabi-10-2020-q4-major/bin/../lib/gcc/:/usr/local/Caskroom/gcc-arm-embedded/10-2020-q4-major/gcc-arm-none-eabi-10-2020-q4-major/bin/../lib/gcc/arm-none-eabi/10.2.1/../../../../arm-none-eabi/bin/]
  ignore line: [LIBRARY_PATH=/usr/local/Caskroom/gcc-arm-embedded/10-2020-q4-major/gcc-arm-none-eabi-10-2020-q4-major/bin/../lib/gcc/arm-none-eabi/10.2.1/thumb/v6-m/nofp/:/usr/local/Caskroom/gcc-arm-embedded/10-2020-q4-major/gcc-arm-none-eabi-10-2020-q4-major/bin/../lib/gcc/arm-none-eabi/10.2.1/../../../../arm-none-eabi/lib/thumb/v6-m/nofp/:/usr/local/Caskroom/gcc-arm-embedded/10-2020-q4-major/gcc-arm-none-eabi-10-2020-q4-major/bin/../arm-none-eabi/lib/thumb/v6-m/nofp/:/usr/local/Caskroom/gcc-arm-embedded/10-2020-q4-major/gcc-arm-none-eabi-10-2020-q4-major/bin/../lib/gcc/arm-none-eabi/10.2.1/:/usr/local/Caskroom/gcc-arm-embedded/10-2020-q4-major/gcc-arm-none-eabi-10-2020-q4-major/bin/../lib/gcc/:/usr/local/Caskroom/gcc-arm-embedded/10-2020-q4-major/gcc-arm-none-eabi-10-2020-q4-major/bin/../lib/gcc/arm-none-eabi/10.2.1/../../../../arm-none-eabi/lib/:/usr/local/Caskroom/gcc-arm-embedded/10-2020-q4-major/gcc-arm-none-eabi-10-2020-q4-major/bin/../arm-none-eabi/lib/]
  ignore line: [COLLECT_GCC_OPTIONS='-mtune=cortex-m0' '-mcpu=cortex-m0'  '-pipe' '-std=c++14' '-specs=nosys.specs' '-v' '-o' 'cmTC_9d3d9' '-mfloat-abi=soft' '-mthumb' '-march=armv6-m']
  link line: [ /usr/local/Caskroom/gcc-arm-embedded/10-2020-q4-major/gcc-arm-none-eabi-10-2020-q4-major/bin/../lib/gcc/arm-none-eabi/10.2.1/collect2 -plugin /usr/local/Caskroom/gcc-arm-embedded/10-2020-q4-major/gcc-arm-none-eabi-10-2020-q4-major/bin/../lib/gcc/arm-none-eabi/10.2.1/liblto_plugin.so -plugin-opt=/usr/local/Caskroom/gcc-arm-embedded/10-2020-q4-major/gcc-arm-none-eabi-10-2020-q4-major/bin/../lib/gcc/arm-none-eabi/10.2.1/lto-wrapper -plugin-opt=-fresolution=/var/folders/mh/hql7qhd159s799mvhvhxr17h0000gn/T//ccO2QjAE.res -plugin-opt=-pass-through=-lgcc -plugin-opt=-pass-through=-lc -plugin-opt=-pass-through=-lgcc -plugin-opt=-pass-through=-lc -plugin-opt=-pass-through=-lnosys --sysroot=/usr/local/Caskroom/gcc-arm-embedded/10-2020-q4-major/gcc-arm-none-eabi-10-2020-q4-major/bin/../arm-none-eabi -X -o cmTC_9d3d9 /usr/local/Caskroom/gcc-arm-embedded/10-2020-q4-major/gcc-arm-none-eabi-10-2020-q4-major/bin/../lib/gcc/arm-none-eabi/10.2.1/thumb/v6-m/nofp/crti.o /usr/local/Caskroom/gcc-arm-embedded/10-2020-q4-major/gcc-arm-none-eabi-10-2020-q4-major/bin/../lib/gcc/arm-none-eabi/10.2.1/thumb/v6-m/nofp/crtbegin.o /usr/local/Caskroom/gcc-arm-embedded/10-2020-q4-major/gcc-arm-none-eabi-10-2020-q4-major/bin/../lib/gcc/arm-none-eabi/10.2.1/../../../../arm-none-eabi/lib/thumb/v6-m/nofp/crt0.o -L/usr/local/Caskroom/gcc-arm-embedded/10-2020-q4-major/gcc-arm-none-eabi-10-2020-q4-major/bin/../lib/gcc/arm-none-eabi/10.2.1/thumb/v6-m/nofp -L/usr/local/Caskroom/gcc-arm-embedded/10-2020-q4-major/gcc-arm-none-eabi-10-2020-q4-major/bin/../lib/gcc/arm-none-eabi/10.2.1/../../../../arm-none-eabi/lib/thumb/v6-m/nofp -L/usr/local/Caskroom/gcc-arm-embedded/10-2020-q4-major/gcc-arm-none-eabi-10-2020-q4-major/bin/../arm-none-eabi/lib/thumb/v6-m/nofp -L/usr/local/Caskroom/gcc-arm-embedded/10-2020-q4-major/gcc-arm-none-eabi-10-2020-q4-major/bin/../lib/gcc/arm-none-eabi/10.2.1 -L/usr/local/Caskroom/gcc-arm-embedded/10-2020-q4-major/gcc-arm-none-eabi-10-2020-q4-major/bin/../lib/gcc -L/usr/local/Caskroom/gcc-arm-embedded/10-2020-q4-major/gcc-arm-none-eabi-10-2020-q4-major/bin/../lib/gcc/arm-none-eabi/10.2.1/../../../../arm-none-eabi/lib -L/usr/local/Caskroom/gcc-arm-embedded/10-2020-q4-major/gcc-arm-none-eabi-10-2020-q4-major/bin/../arm-none-eabi/lib CMakeFiles/cmTC_9d3d9.dir/CMakeCXXCompilerABI.cpp.obj -lstdc++ -lm --start-group -lgcc -lc --end-group --start-group -lgcc -lc -lnosys --end-group /usr/local/Caskroom/gcc-arm-embedded/10-2020-q4-major/gcc-arm-none-eabi-10-2020-q4-major/bin/../lib/gcc/arm-none-eabi/10.2.1/thumb/v6-m/nofp/crtend.o /usr/local/Caskroom/gcc-arm-embedded/10-2020-q4-major/gcc-arm-none-eabi-10-2020-q4-major/bin/../lib/gcc/arm-none-eabi/10.2.1/thumb/v6-m/nofp/crtn.o]
    arg [/usr/local/Caskroom/gcc-arm-embedded/10-2020-q4-major/gcc-arm-none-eabi-10-2020-q4-major/bin/../lib/gcc/arm-none-eabi/10.2.1/collect2] ==> ignore
    arg [-plugin] ==> ignore
    arg [/usr/local/Caskroom/gcc-arm-embedded/10-2020-q4-major/gcc-arm-none-eabi-10-2020-q4-major/bin/../lib/gcc/arm-none-eabi/10.2.1/liblto_plugin.so] ==> ignore
    arg [-plugin-opt=/usr/local/Caskroom/gcc-arm-embedded/10-2020-q4-major/gcc-arm-none-eabi-10-2020-q4-major/bin/../lib/gcc/arm-none-eabi/10.2.1/lto-wrapper] ==> ignore
    arg [-plugin-opt=-fresolution=/var/folders/mh/hql7qhd159s799mvhvhxr17h0000gn/T//ccO2QjAE.res] ==> ignore
    arg [-plugin-opt=-pass-through=-lgcc] ==> ignore
    arg [-plugin-opt=-pass-through=-lc] ==> ignore
    arg [-plugin-opt=-pass-through=-lgcc] ==> ignore
    arg [-plugin-opt=-pass-through=-lc] ==> ignore
    arg [-plugin-opt=-pass-through=-lnosys] ==> ignore
    arg [--sysroot=/usr/local/Caskroom/gcc-arm-embedded/10-2020-q4-major/gcc-arm-none-eabi-10-2020-q4-major/bin/../arm-none-eabi] ==> ignore
    arg [-X] ==> ignore
    arg [-o] ==> ignore
    arg [cmTC_9d3d9] ==> ignore
    arg [/usr/local/Caskroom/gcc-arm-embedded/10-2020-q4-major/gcc-arm-none-eabi-10-2020-q4-major/bin/../lib/gcc/arm-none-eabi/10.2.1/thumb/v6-m/nofp/crti.o] ==> ignore
    arg [/usr/local/Caskroom/gcc-arm-embedded/10-2020-q4-major/gcc-arm-none-eabi-10-2020-q4-major/bin/../lib/gcc/arm-none-eabi/10.2.1/thumb/v6-m/nofp/crtbegin.o] ==> ignore
    arg [/usr/local/Caskroom/gcc-arm-embedded/10-2020-q4-major/gcc-arm-none-eabi-10-2020-q4-major/bin/../lib/gcc/arm-none-eabi/10.2.1/../../../../arm-none-eabi/lib/thumb/v6-m/nofp/crt0.o] ==> ignore
    arg [-L/usr/local/Caskroom/gcc-arm-embedded/10-2020-q4-major/gcc-arm-none-eabi-10-2020-q4-major/bin/../lib/gcc/arm-none-eabi/10.2.1/thumb/v6-m/nofp] ==> dir [/usr/local/Caskroom/gcc-arm-embedded/10-2020-q4-major/gcc-arm-none-eabi-10-2020-q4-major/bin/../lib/gcc/arm-none-eabi/10.2.1/thumb/v6-m/nofp]
    arg [-L/usr/local/Caskroom/gcc-arm-embedded/10-2020-q4-major/gcc-arm-none-eabi-10-2020-q4-major/bin/../lib/gcc/arm-none-eabi/10.2.1/../../../../arm-none-eabi/lib/thumb/v6-m/nofp] ==> dir [/usr/local/Caskroom/gcc-arm-embedded/10-2020-q4-major/gcc-arm-none-eabi-10-2020-q4-major/bin/../lib/gcc/arm-none-eabi/10.2.1/../../../../arm-none-eabi/lib/thumb/v6-m/nofp]
    arg [-L/usr/local/Caskroom/gcc-arm-embedded/10-2020-q4-major/gcc-arm-none-eabi-10-2020-q4-major/bin/../arm-none-eabi/lib/thumb/v6-m/nofp] ==> dir [/usr/local/Caskroom/gcc-arm-embedded/10-2020-q4-major/gcc-arm-none-eabi-10-2020-q4-major/bin/../arm-none-eabi/lib/thumb/v6-m/nofp]
    arg [-L/usr/local/Caskroom/gcc-arm-embedded/10-2020-q4-major/gcc-arm-none-eabi-10-2020-q4-major/bin/../lib/gcc/arm-none-eabi/10.2.1] ==> dir [/usr/local/Caskroom/gcc-arm-embedded/10-2020-q4-major/gcc-arm-none-eabi-10-2020-q4-major/bin/../lib/gcc/arm-none-eabi/10.2.1]
    arg [-L/usr/local/Caskroom/gcc-arm-embedded/10-2020-q4-major/gcc-arm-none-eabi-10-2020-q4-major/bin/../lib/gcc] ==> dir [/usr/local/Caskroom/gcc-arm-embedded/10-2020-q4-major/gcc-arm-none-eabi-10-2020-q4-major/bin/../lib/gcc]
    arg [-L/usr/local/Caskroom/gcc-arm-embedded/10-2020-q4-major/gcc-arm-none-eabi-10-2020-q4-major/bin/../lib/gcc/arm-none-eabi/10.2.1/../../../../arm-none-eabi/lib] ==> dir [/usr/local/Caskroom/gcc-arm-embedded/10-2020-q4-major/gcc-arm-none-eabi-10-2020-q4-major/bin/../lib/gcc/arm-none-eabi/10.2.1/../../../../arm-none-eabi/lib]
    arg [-L/usr/local/Caskroom/gcc-arm-embedded/10-2020-q4-major/gcc-arm-none-eabi-10-2020-q4-major/bin/../arm-none-eabi/lib] ==> dir [/usr/local/Caskroom/gcc-arm-embedded/10-2020-q4-major/gcc-arm-none-eabi-10-2020-q4-major/bin/../arm-none-eabi/lib]
    arg [CMakeFiles/cmTC_9d3d9.dir/CMakeCXXCompilerABI.cpp.obj] ==> ignore
    arg [-lstdc++] ==> lib [stdc++]
    arg [-lm] ==> lib [m]
    arg [--start-group] ==> ignore
    arg [-lgcc] ==> lib [gcc]
    arg [-lc] ==> lib [c]
    arg [--end-group] ==> ignore
    arg [--start-group] ==> ignore
    arg [-lgcc] ==> lib [gcc]
    arg [-lc] ==> lib [c]
    arg [-lnosys] ==> lib [nosys]
    arg [--end-group] ==> ignore
    arg [/usr/local/Caskroom/gcc-arm-embedded/10-2020-q4-major/gcc-arm-none-eabi-10-2020-q4-major/bin/../lib/gcc/arm-none-eabi/10.2.1/thumb/v6-m/nofp/crtend.o] ==> ignore
    arg [/usr/local/Caskroom/gcc-arm-embedded/10-2020-q4-major/gcc-arm-none-eabi-10-2020-q4-major/bin/../lib/gcc/arm-none-eabi/10.2.1/thumb/v6-m/nofp/crtn.o] ==> ignore
  collapse library dir [/usr/local/Caskroom/gcc-arm-embedded/10-2020-q4-major/gcc-arm-none-eabi-10-2020-q4-major/bin/../lib/gcc/arm-none-eabi/10.2.1/thumb/v6-m/nofp] ==> [/usr/local/Caskroom/gcc-arm-embedded/10-2020-q4-major/gcc-arm-none-eabi-10-2020-q4-major/lib/gcc/arm-none-eabi/10.2.1/thumb/v6-m/nofp]
  collapse library dir [/usr/local/Caskroom/gcc-arm-embedded/10-2020-q4-major/gcc-arm-none-eabi-10-2020-q4-major/bin/../lib/gcc/arm-none-eabi/10.2.1/../../../../arm-none-eabi/lib/thumb/v6-m/nofp] ==> [/usr/local/Caskroom/gcc-arm-embedded/10-2020-q4-major/gcc-arm-none-eabi-10-2020-q4-major/arm-none-eabi/lib/thumb/v6-m/nofp]
  collapse library dir [/usr/local/Caskroom/gcc-arm-embedded/10-2020-q4-major/gcc-arm-none-eabi-10-2020-q4-major/bin/../arm-none-eabi/lib/thumb/v6-m/nofp] ==> [/usr/local/Caskroom/gcc-arm-embedded/10-2020-q4-major/gcc-arm-none-eabi-10-2020-q4-major/arm-none-eabi/lib/thumb/v6-m/nofp]
  collapse library dir [/usr/local/Caskroom/gcc-arm-embedded/10-2020-q4-major/gcc-arm-none-eabi-10-2020-q4-major/bin/../lib/gcc/arm-none-eabi/10.2.1] ==> [/usr/local/Caskroom/gcc-arm-embedded/10-2020-q4-major/gcc-arm-none-eabi-10-2020-q4-major/lib/gcc/arm-none-eabi/10.2.1]
  collapse library dir [/usr/local/Caskroom/gcc-arm-embedded/10-2020-q4-major/gcc-arm-none-eabi-10-2020-q4-major/bin/../lib/gcc] ==> [/usr/local/Caskroom/gcc-arm-embedded/10-2020-q4-major/gcc-arm-none-eabi-10-2020-q4-major/lib/gcc]
  collapse library dir [/usr/local/Caskroom/gcc-arm-embedded/10-2020-q4-major/gcc-arm-none-eabi-10-2020-q4-major/bin/../lib/gcc/arm-none-eabi/10.2.1/../../../../arm-none-eabi/lib] ==> [/usr/local/Caskroom/gcc-arm-embedded/10-2020-q4-major/gcc-arm-none-eabi-10-2020-q4-major/arm-none-eabi/lib]
  collapse library dir [/usr/local/Caskroom/gcc-arm-embedded/10-2020-q4-major/gcc-arm-none-eabi-10-2020-q4-major/bin/../arm-none-eabi/lib] ==> [/usr/local/Caskroom/gcc-arm-embedded/10-2020-q4-major/gcc-arm-none-eabi-10-2020-q4-major/arm-none-eabi/lib]
  implicit libs: [stdc++;m;gcc;c;gcc;c;nosys]
  implicit dirs: [/usr/local/Caskroom/gcc-arm-embedded/10-2020-q4-major/gcc-arm-none-eabi-10-2020-q4-major/lib/gcc/arm-none-eabi/10.2.1/thumb/v6-m/nofp;/usr/local/Caskroom/gcc-arm-embedded/10-2020-q4-major/gcc-arm-none-eabi-10-2020-q4-major/arm-none-eabi/lib/thumb/v6-m/nofp;/usr/local/Caskroom/gcc-arm-embedded/10-2020-q4-major/gcc-arm-none-eabi-10-2020-q4-major/lib/gcc/arm-none-eabi/10.2.1;/usr/local/Caskroom/gcc-arm-embedded/10-2020-q4-major/gcc-arm-none-eabi-10-2020-q4-major/lib/gcc;/usr/local/Caskroom/gcc-arm-embedded/10-2020-q4-major/gcc-arm-none-eabi-10-2020-q4-major/arm-none-eabi/lib]
  implicit fwks: []


