The target system is: Linux -  - 
The host system is: Darwin - 19.5.0 - x86_64
Compiling the C compiler identification source file "CMakeCCompilerId.c" succeeded.
Compiler: /Users/dylanmarcus/SDKs/arm-mac-linux-gnueabihf/bin/arm-mac-linux-gnueabihf-gcc 
Build flags: -mfpu=neon-vfpv4;-mfloat-abi=hard
Id flags:  

The output was:
0


Compilation of the C compiler identification source "CMakeCCompilerId.c" produced "a.out"

The C compiler identification is GNU, found in "/Volumes/git/m1-sdk/lib/_builds/gcc-armhf-neon-vfpv4-Release/CMakeFiles/3.20.0/CompilerIdC/a.out"

Compiling the CXX compiler identification source file "CMakeCXXCompilerId.cpp" succeeded.
Compiler: /Users/dylanmarcus/SDKs/arm-mac-linux-gnueabihf/bin/arm-mac-linux-gnueabihf-g++ 
Build flags: -mfpu=neon-vfpv4;-mfloat-abi=hard;-std=c++11
Id flags:  

The output was:
0


Compilation of the CXX compiler identification source "CMakeCXXCompilerId.cpp" produced "a.out"

The CXX compiler identification is GNU, found in "/Volumes/git/m1-sdk/lib/_builds/gcc-armhf-neon-vfpv4-Release/CMakeFiles/3.20.0/CompilerIdCXX/a.out"

Detecting C compiler ABI info compiled with the following output:
Change Dir: /Volumes/git/m1-sdk/lib/_builds/gcc-armhf-neon-vfpv4-Release/CMakeFiles/CMakeTmp

Run Build Command(s):/usr/bin/make -f Makefile cmTC_653b9/fast && /Applications/Xcode.app/Contents/Developer/usr/bin/make  -f CMakeFiles/cmTC_653b9.dir/build.make CMakeFiles/cmTC_653b9.dir/build
Building C object CMakeFiles/cmTC_653b9.dir/CMakeCCompilerABI.c.o
/Users/dylanmarcus/SDKs/arm-mac-linux-gnueabihf/bin/arm-mac-linux-gnueabihf-gcc   -mfpu=neon-vfpv4 -mfloat-abi=hard    -v -o CMakeFiles/cmTC_653b9.dir/CMakeCCompilerABI.c.o -c /usr/local/Cellar/cmake/3.20.0/share/cmake/Modules/CMakeCCompilerABI.c
Using built-in specs.
COLLECT_GCC=/Users/dylanmarcus/SDKs/arm-mac-linux-gnueabihf/bin/arm-mac-linux-gnueabihf-gcc
Target: arm-mac-linux-gnueabihf
Configured with: /Volumes/dev/philon/build/arm-mac-linux-gnueabihf/src/gcc/configure --build=x86_64-build_apple-darwin19.5.0 --host=x86_64-build_apple-darwin19.5.0 --target=arm-mac-linux-gnueabihf --prefix=/Volumes/dev/philon/x-tools/arm-mac-linux-gnueabihf --with-sysroot=/Volumes/dev/philon/x-tools/arm-mac-linux-gnueabihf/arm-mac-linux-gnueabihf/sysroot --enable-languages=c,c++ --with-cpu=cortex-a15 --with-fpu=neon-vfpv4 --with-float=hard --with-pkgversion='crosstool-NG 1.24.0' --enable-__cxa_atexit --disable-libmudflap --disable-libgomp --disable-libssp --disable-libquadmath --disable-libquadmath-support --disable-libsanitizer --disable-libmpx --with-gmp=/Volumes/dev/philon/build/arm-mac-linux-gnueabihf/buildtools --with-mpfr=/Volumes/dev/philon/build/arm-mac-linux-gnueabihf/buildtools --with-mpc=/Volumes/dev/philon/build/arm-mac-linux-gnueabihf/buildtools --with-isl=/Volumes/dev/philon/build/arm-mac-linux-gnueabihf/buildtools --enable-lto --enable-threads=posix --enable-target-optspace --enable-plugin --enable-gold --disable-nls --disable-multilib --with-local-prefix=/Volumes/dev/philon/x-tools/arm-mac-linux-gnueabihf/arm-mac-linux-gnueabihf/sysroot --enable-long-long
Thread model: posix
gcc version 8.3.0 (crosstool-NG 1.24.0) 
COLLECT_GCC_OPTIONS='-mfpu=neon-vfpv4' '-mfloat-abi=hard' '-v' '-o' 'CMakeFiles/cmTC_653b9.dir/CMakeCCompilerABI.c.o' '-c' '-mcpu=cortex-a15' '-mtls-dialect=gnu' '-marm' '-march=armv7ve+simd'
 /Users/dylanmarcus/SDKs/arm-mac-linux-gnueabihf/bin/../libexec/gcc/arm-mac-linux-gnueabihf/8.3.0/cc1 -quiet -v -iprefix /Users/dylanmarcus/SDKs/arm-mac-linux-gnueabihf/bin/../lib/gcc/arm-mac-linux-gnueabihf/8.3.0/ -isysroot /Users/dylanmarcus/SDKs/arm-mac-linux-gnueabihf/bin/../arm-mac-linux-gnueabihf/sysroot /usr/local/Cellar/cmake/3.20.0/share/cmake/Modules/CMakeCCompilerABI.c -quiet -dumpbase CMakeCCompilerABI.c -mfpu=neon-vfpv4 -mfloat-abi=hard -mcpu=cortex-a15 -mtls-dialect=gnu -marm -march=armv7ve+simd -auxbase-strip CMakeFiles/cmTC_653b9.dir/CMakeCCompilerABI.c.o -version -o /var/folders/mh/hql7qhd159s799mvhvhxr17h0000gn/T//ccY2UQEB.s
GNU C17 (crosstool-NG 1.24.0) version 8.3.0 (arm-mac-linux-gnueabihf)
	compiled by GNU C version 4.2.1 Compatible Apple LLVM 11.0.0 (clang-1100.0.33.8), GMP version 6.1.2, MPFR version 4.0.2, MPC version 1.1.0, isl version isl-0.20-GMP

GGC heuristics: --param ggc-min-expand=100 --param ggc-min-heapsize=131072
ignoring duplicate directory "/Users/dylanmarcus/SDKs/arm-mac-linux-gnueabihf/bin/../lib/gcc/../../lib/gcc/arm-mac-linux-gnueabihf/8.3.0/include"
ignoring nonexistent directory "/Users/dylanmarcus/SDKs/arm-mac-linux-gnueabihf/bin/../arm-mac-linux-gnueabihf/sysroot/Volumes/dev/philon/x-tools/arm-mac-linux-gnueabihf/arm-mac-linux-gnueabihf/sysroot/include"
ignoring duplicate directory "/Users/dylanmarcus/SDKs/arm-mac-linux-gnueabihf/bin/../lib/gcc/../../lib/gcc/arm-mac-linux-gnueabihf/8.3.0/include-fixed"
ignoring duplicate directory "/Users/dylanmarcus/SDKs/arm-mac-linux-gnueabihf/bin/../lib/gcc/../../lib/gcc/arm-mac-linux-gnueabihf/8.3.0/../../../../arm-mac-linux-gnueabihf/include"
#include "..." search starts here:
#include <...> search starts here:
 /Users/dylanmarcus/SDKs/arm-mac-linux-gnueabihf/bin/../lib/gcc/arm-mac-linux-gnueabihf/8.3.0/include
 /Users/dylanmarcus/SDKs/arm-mac-linux-gnueabihf/bin/../lib/gcc/arm-mac-linux-gnueabihf/8.3.0/include-fixed
 /Users/dylanmarcus/SDKs/arm-mac-linux-gnueabihf/bin/../lib/gcc/arm-mac-linux-gnueabihf/8.3.0/../../../../arm-mac-linux-gnueabihf/include
 /Users/dylanmarcus/SDKs/arm-mac-linux-gnueabihf/bin/../arm-mac-linux-gnueabihf/sysroot/usr/include
End of search list.
GNU C17 (crosstool-NG 1.24.0) version 8.3.0 (arm-mac-linux-gnueabihf)
	compiled by GNU C version 4.2.1 Compatible Apple LLVM 11.0.0 (clang-1100.0.33.8), GMP version 6.1.2, MPFR version 4.0.2, MPC version 1.1.0, isl version isl-0.20-GMP

GGC heuristics: --param ggc-min-expand=100 --param ggc-min-heapsize=131072
Compiler executable checksum: eea7e735ae83968e79f91c79c71dee05
COLLECT_GCC_OPTIONS='-mfpu=neon-vfpv4' '-mfloat-abi=hard' '-v' '-o' 'CMakeFiles/cmTC_653b9.dir/CMakeCCompilerABI.c.o' '-c' '-mcpu=cortex-a15' '-mtls-dialect=gnu' '-marm' '-march=armv7ve+simd'
 /Users/dylanmarcus/SDKs/arm-mac-linux-gnueabihf/bin/../lib/gcc/arm-mac-linux-gnueabihf/8.3.0/../../../../arm-mac-linux-gnueabihf/bin/as -v -march=armv7ve -mfloat-abi=hard -mfpu=neon-vfpv4 -meabi=5 -o CMakeFiles/cmTC_653b9.dir/CMakeCCompilerABI.c.o /var/folders/mh/hql7qhd159s799mvhvhxr17h0000gn/T//ccY2UQEB.s
GNU assembler version 2.32 (arm-mac-linux-gnueabihf) using BFD version (crosstool-NG 1.24.0) 2.32
COMPILER_PATH=/Users/dylanmarcus/SDKs/arm-mac-linux-gnueabihf/bin/../libexec/gcc/arm-mac-linux-gnueabihf/8.3.0/:/Users/dylanmarcus/SDKs/arm-mac-linux-gnueabihf/bin/../libexec/gcc/:/Users/dylanmarcus/SDKs/arm-mac-linux-gnueabihf/bin/../lib/gcc/arm-mac-linux-gnueabihf/8.3.0/../../../../arm-mac-linux-gnueabihf/bin/
LIBRARY_PATH=/Users/dylanmarcus/SDKs/arm-mac-linux-gnueabihf/bin/../lib/gcc/arm-mac-linux-gnueabihf/8.3.0/:/Users/dylanmarcus/SDKs/arm-mac-linux-gnueabihf/bin/../lib/gcc/:/Users/dylanmarcus/SDKs/arm-mac-linux-gnueabihf/bin/../lib/gcc/arm-mac-linux-gnueabihf/8.3.0/../../../../arm-mac-linux-gnueabihf/lib/:/Users/dylanmarcus/SDKs/arm-mac-linux-gnueabihf/bin/../arm-mac-linux-gnueabihf/sysroot/lib/:/Users/dylanmarcus/SDKs/arm-mac-linux-gnueabihf/bin/../arm-mac-linux-gnueabihf/sysroot/usr/lib/
COLLECT_GCC_OPTIONS='-mfpu=neon-vfpv4' '-mfloat-abi=hard' '-v' '-o' 'CMakeFiles/cmTC_653b9.dir/CMakeCCompilerABI.c.o' '-c' '-mcpu=cortex-a15' '-mtls-dialect=gnu' '-marm' '-march=armv7ve+simd'
Linking C executable cmTC_653b9
/usr/local/Cellar/cmake/3.20.0/bin/cmake -E cmake_link_script CMakeFiles/cmTC_653b9.dir/link.txt --verbose=1
/Users/dylanmarcus/SDKs/arm-mac-linux-gnueabihf/bin/arm-mac-linux-gnueabihf-gcc -mfpu=neon-vfpv4 -mfloat-abi=hard   -v CMakeFiles/cmTC_653b9.dir/CMakeCCompilerABI.c.o -o cmTC_653b9 
Using built-in specs.
COLLECT_GCC=/Users/dylanmarcus/SDKs/arm-mac-linux-gnueabihf/bin/arm-mac-linux-gnueabihf-gcc
COLLECT_LTO_WRAPPER=/Users/dylanmarcus/SDKs/arm-mac-linux-gnueabihf/bin/../libexec/gcc/arm-mac-linux-gnueabihf/8.3.0/lto-wrapper
Target: arm-mac-linux-gnueabihf
Configured with: /Volumes/dev/philon/build/arm-mac-linux-gnueabihf/src/gcc/configure --build=x86_64-build_apple-darwin19.5.0 --host=x86_64-build_apple-darwin19.5.0 --target=arm-mac-linux-gnueabihf --prefix=/Volumes/dev/philon/x-tools/arm-mac-linux-gnueabihf --with-sysroot=/Volumes/dev/philon/x-tools/arm-mac-linux-gnueabihf/arm-mac-linux-gnueabihf/sysroot --enable-languages=c,c++ --with-cpu=cortex-a15 --with-fpu=neon-vfpv4 --with-float=hard --with-pkgversion='crosstool-NG 1.24.0' --enable-__cxa_atexit --disable-libmudflap --disable-libgomp --disable-libssp --disable-libquadmath --disable-libquadmath-support --disable-libsanitizer --disable-libmpx --with-gmp=/Volumes/dev/philon/build/arm-mac-linux-gnueabihf/buildtools --with-mpfr=/Volumes/dev/philon/build/arm-mac-linux-gnueabihf/buildtools --with-mpc=/Volumes/dev/philon/build/arm-mac-linux-gnueabihf/buildtools --with-isl=/Volumes/dev/philon/build/arm-mac-linux-gnueabihf/buildtools --enable-lto --enable-threads=posix --enable-target-optspace --enable-plugin --enable-gold --disable-nls --disable-multilib --with-local-prefix=/Volumes/dev/philon/x-tools/arm-mac-linux-gnueabihf/arm-mac-linux-gnueabihf/sysroot --enable-long-long
Thread model: posix
gcc version 8.3.0 (crosstool-NG 1.24.0) 
COMPILER_PATH=/Users/dylanmarcus/SDKs/arm-mac-linux-gnueabihf/bin/../libexec/gcc/arm-mac-linux-gnueabihf/8.3.0/:/Users/dylanmarcus/SDKs/arm-mac-linux-gnueabihf/bin/../libexec/gcc/:/Users/dylanmarcus/SDKs/arm-mac-linux-gnueabihf/bin/../lib/gcc/arm-mac-linux-gnueabihf/8.3.0/../../../../arm-mac-linux-gnueabihf/bin/
LIBRARY_PATH=/Users/dylanmarcus/SDKs/arm-mac-linux-gnueabihf/bin/../lib/gcc/arm-mac-linux-gnueabihf/8.3.0/:/Users/dylanmarcus/SDKs/arm-mac-linux-gnueabihf/bin/../lib/gcc/:/Users/dylanmarcus/SDKs/arm-mac-linux-gnueabihf/bin/../lib/gcc/arm-mac-linux-gnueabihf/8.3.0/../../../../arm-mac-linux-gnueabihf/lib/:/Users/dylanmarcus/SDKs/arm-mac-linux-gnueabihf/bin/../arm-mac-linux-gnueabihf/sysroot/lib/:/Users/dylanmarcus/SDKs/arm-mac-linux-gnueabihf/bin/../arm-mac-linux-gnueabihf/sysroot/usr/lib/
COLLECT_GCC_OPTIONS='-mfpu=neon-vfpv4' '-mfloat-abi=hard' '-v' '-o' 'cmTC_653b9' '-mcpu=cortex-a15' '-mtls-dialect=gnu' '-marm' '-march=armv7ve+simd'
 /Users/dylanmarcus/SDKs/arm-mac-linux-gnueabihf/bin/../libexec/gcc/arm-mac-linux-gnueabihf/8.3.0/collect2 -plugin /Users/dylanmarcus/SDKs/arm-mac-linux-gnueabihf/bin/../libexec/gcc/arm-mac-linux-gnueabihf/8.3.0/liblto_plugin.so -plugin-opt=/Users/dylanmarcus/SDKs/arm-mac-linux-gnueabihf/bin/../libexec/gcc/arm-mac-linux-gnueabihf/8.3.0/lto-wrapper -plugin-opt=-fresolution=/var/folders/mh/hql7qhd159s799mvhvhxr17h0000gn/T//ccoTZHpn.res -plugin-opt=-pass-through=-lgcc -plugin-opt=-pass-through=-lgcc_s -plugin-opt=-pass-through=-lc -plugin-opt=-pass-through=-lgcc -plugin-opt=-pass-through=-lgcc_s --sysroot=/Users/dylanmarcus/SDKs/arm-mac-linux-gnueabihf/bin/../arm-mac-linux-gnueabihf/sysroot --eh-frame-hdr -dynamic-linker /lib/ld-linux-armhf.so.3 -X -m armelf_linux_eabi -o cmTC_653b9 /Users/dylanmarcus/SDKs/arm-mac-linux-gnueabihf/bin/../arm-mac-linux-gnueabihf/sysroot/usr/lib/crt1.o /Users/dylanmarcus/SDKs/arm-mac-linux-gnueabihf/bin/../arm-mac-linux-gnueabihf/sysroot/usr/lib/crti.o /Users/dylanmarcus/SDKs/arm-mac-linux-gnueabihf/bin/../lib/gcc/arm-mac-linux-gnueabihf/8.3.0/crtbegin.o -L/Users/dylanmarcus/SDKs/arm-mac-linux-gnueabihf/bin/../lib/gcc/arm-mac-linux-gnueabihf/8.3.0 -L/Users/dylanmarcus/SDKs/arm-mac-linux-gnueabihf/bin/../lib/gcc -L/Users/dylanmarcus/SDKs/arm-mac-linux-gnueabihf/bin/../lib/gcc/arm-mac-linux-gnueabihf/8.3.0/../../../../arm-mac-linux-gnueabihf/lib -L/Users/dylanmarcus/SDKs/arm-mac-linux-gnueabihf/bin/../arm-mac-linux-gnueabihf/sysroot/lib -L/Users/dylanmarcus/SDKs/arm-mac-linux-gnueabihf/bin/../arm-mac-linux-gnueabihf/sysroot/usr/lib CMakeFiles/cmTC_653b9.dir/CMakeCCompilerABI.c.o -lgcc --as-needed -lgcc_s --no-as-needed -lc -lgcc --as-needed -lgcc_s --no-as-needed /Users/dylanmarcus/SDKs/arm-mac-linux-gnueabihf/bin/../lib/gcc/arm-mac-linux-gnueabihf/8.3.0/crtend.o /Users/dylanmarcus/SDKs/arm-mac-linux-gnueabihf/bin/../arm-mac-linux-gnueabihf/sysroot/usr/lib/crtn.o
COLLECT_GCC_OPTIONS='-mfpu=neon-vfpv4' '-mfloat-abi=hard' '-v' '-o' 'cmTC_653b9' '-mcpu=cortex-a15' '-mtls-dialect=gnu' '-marm' '-march=armv7ve+simd'



Parsed C implicit include dir info from above output: rv=done
  found start of include info
  found start of implicit include info
    add: [/Users/dylanmarcus/SDKs/arm-mac-linux-gnueabihf/bin/../lib/gcc/arm-mac-linux-gnueabihf/8.3.0/include]
    add: [/Users/dylanmarcus/SDKs/arm-mac-linux-gnueabihf/bin/../lib/gcc/arm-mac-linux-gnueabihf/8.3.0/include-fixed]
    add: [/Users/dylanmarcus/SDKs/arm-mac-linux-gnueabihf/bin/../lib/gcc/arm-mac-linux-gnueabihf/8.3.0/../../../../arm-mac-linux-gnueabihf/include]
    add: [/Users/dylanmarcus/SDKs/arm-mac-linux-gnueabihf/bin/../arm-mac-linux-gnueabihf/sysroot/usr/include]
  end of search list found
  collapse include dir [/Users/dylanmarcus/SDKs/arm-mac-linux-gnueabihf/bin/../lib/gcc/arm-mac-linux-gnueabihf/8.3.0/include] ==> [/Users/dylanmarcus/SDKs/arm-mac-linux-gnueabihf/lib/gcc/arm-mac-linux-gnueabihf/8.3.0/include]
  collapse include dir [/Users/dylanmarcus/SDKs/arm-mac-linux-gnueabihf/bin/../lib/gcc/arm-mac-linux-gnueabihf/8.3.0/include-fixed] ==> [/Users/dylanmarcus/SDKs/arm-mac-linux-gnueabihf/lib/gcc/arm-mac-linux-gnueabihf/8.3.0/include-fixed]
  collapse include dir [/Users/dylanmarcus/SDKs/arm-mac-linux-gnueabihf/bin/../lib/gcc/arm-mac-linux-gnueabihf/8.3.0/../../../../arm-mac-linux-gnueabihf/include] ==> [/Users/dylanmarcus/SDKs/arm-mac-linux-gnueabihf/arm-mac-linux-gnueabihf/include]
  collapse include dir [/Users/dylanmarcus/SDKs/arm-mac-linux-gnueabihf/bin/../arm-mac-linux-gnueabihf/sysroot/usr/include] ==> [/Users/dylanmarcus/SDKs/arm-mac-linux-gnueabihf/arm-mac-linux-gnueabihf/sysroot/usr/include]
  implicit include dirs: [/Users/dylanmarcus/SDKs/arm-mac-linux-gnueabihf/lib/gcc/arm-mac-linux-gnueabihf/8.3.0/include;/Users/dylanmarcus/SDKs/arm-mac-linux-gnueabihf/lib/gcc/arm-mac-linux-gnueabihf/8.3.0/include-fixed;/Users/dylanmarcus/SDKs/arm-mac-linux-gnueabihf/arm-mac-linux-gnueabihf/include;/Users/dylanmarcus/SDKs/arm-mac-linux-gnueabihf/arm-mac-linux-gnueabihf/sysroot/usr/include]


Parsed C implicit link information from above output:
  link line regex: [^( *|.*[/\])(arm-mac-linux-gnueabihf-ld|CMAKE_LINK_STARTFILE-NOTFOUND|([^/\]+-)?ld|collect2)[^/\]*( |$)]
  ignore line: [Change Dir: /Volumes/git/m1-sdk/lib/_builds/gcc-armhf-neon-vfpv4-Release/CMakeFiles/CMakeTmp]
  ignore line: []
  ignore line: [Run Build Command(s):/usr/bin/make -f Makefile cmTC_653b9/fast && /Applications/Xcode.app/Contents/Developer/usr/bin/make  -f CMakeFiles/cmTC_653b9.dir/build.make CMakeFiles/cmTC_653b9.dir/build]
  ignore line: [Building C object CMakeFiles/cmTC_653b9.dir/CMakeCCompilerABI.c.o]
  ignore line: [/Users/dylanmarcus/SDKs/arm-mac-linux-gnueabihf/bin/arm-mac-linux-gnueabihf-gcc   -mfpu=neon-vfpv4 -mfloat-abi=hard    -v -o CMakeFiles/cmTC_653b9.dir/CMakeCCompilerABI.c.o -c /usr/local/Cellar/cmake/3.20.0/share/cmake/Modules/CMakeCCompilerABI.c]
  ignore line: [Using built-in specs.]
  ignore line: [COLLECT_GCC=/Users/dylanmarcus/SDKs/arm-mac-linux-gnueabihf/bin/arm-mac-linux-gnueabihf-gcc]
  ignore line: [Target: arm-mac-linux-gnueabihf]
  ignore line: [Configured with: /Volumes/dev/philon/build/arm-mac-linux-gnueabihf/src/gcc/configure --build=x86_64-build_apple-darwin19.5.0 --host=x86_64-build_apple-darwin19.5.0 --target=arm-mac-linux-gnueabihf --prefix=/Volumes/dev/philon/x-tools/arm-mac-linux-gnueabihf --with-sysroot=/Volumes/dev/philon/x-tools/arm-mac-linux-gnueabihf/arm-mac-linux-gnueabihf/sysroot --enable-languages=c c++ --with-cpu=cortex-a15 --with-fpu=neon-vfpv4 --with-float=hard --with-pkgversion='crosstool-NG 1.24.0' --enable-__cxa_atexit --disable-libmudflap --disable-libgomp --disable-libssp --disable-libquadmath --disable-libquadmath-support --disable-libsanitizer --disable-libmpx --with-gmp=/Volumes/dev/philon/build/arm-mac-linux-gnueabihf/buildtools --with-mpfr=/Volumes/dev/philon/build/arm-mac-linux-gnueabihf/buildtools --with-mpc=/Volumes/dev/philon/build/arm-mac-linux-gnueabihf/buildtools --with-isl=/Volumes/dev/philon/build/arm-mac-linux-gnueabihf/buildtools --enable-lto --enable-threads=posix --enable-target-optspace --enable-plugin --enable-gold --disable-nls --disable-multilib --with-local-prefix=/Volumes/dev/philon/x-tools/arm-mac-linux-gnueabihf/arm-mac-linux-gnueabihf/sysroot --enable-long-long]
  ignore line: [Thread model: posix]
  ignore line: [gcc version 8.3.0 (crosstool-NG 1.24.0) ]
  ignore line: [COLLECT_GCC_OPTIONS='-mfpu=neon-vfpv4' '-mfloat-abi=hard' '-v' '-o' 'CMakeFiles/cmTC_653b9.dir/CMakeCCompilerABI.c.o' '-c' '-mcpu=cortex-a15' '-mtls-dialect=gnu' '-marm' '-march=armv7ve+simd']
  ignore line: [ /Users/dylanmarcus/SDKs/arm-mac-linux-gnueabihf/bin/../libexec/gcc/arm-mac-linux-gnueabihf/8.3.0/cc1 -quiet -v -iprefix /Users/dylanmarcus/SDKs/arm-mac-linux-gnueabihf/bin/../lib/gcc/arm-mac-linux-gnueabihf/8.3.0/ -isysroot /Users/dylanmarcus/SDKs/arm-mac-linux-gnueabihf/bin/../arm-mac-linux-gnueabihf/sysroot /usr/local/Cellar/cmake/3.20.0/share/cmake/Modules/CMakeCCompilerABI.c -quiet -dumpbase CMakeCCompilerABI.c -mfpu=neon-vfpv4 -mfloat-abi=hard -mcpu=cortex-a15 -mtls-dialect=gnu -marm -march=armv7ve+simd -auxbase-strip CMakeFiles/cmTC_653b9.dir/CMakeCCompilerABI.c.o -version -o /var/folders/mh/hql7qhd159s799mvhvhxr17h0000gn/T//ccY2UQEB.s]
  ignore line: [GNU C17 (crosstool-NG 1.24.0) version 8.3.0 (arm-mac-linux-gnueabihf)]
  ignore line: [	compiled by GNU C version 4.2.1 Compatible Apple LLVM 11.0.0 (clang-1100.0.33.8)  GMP version 6.1.2  MPFR version 4.0.2  MPC version 1.1.0  isl version isl-0.20-GMP]
  ignore line: []
  ignore line: [GGC heuristics: --param ggc-min-expand=100 --param ggc-min-heapsize=131072]
  ignore line: [ignoring duplicate directory "/Users/dylanmarcus/SDKs/arm-mac-linux-gnueabihf/bin/../lib/gcc/../../lib/gcc/arm-mac-linux-gnueabihf/8.3.0/include"]
  ignore line: [ignoring nonexistent directory "/Users/dylanmarcus/SDKs/arm-mac-linux-gnueabihf/bin/../arm-mac-linux-gnueabihf/sysroot/Volumes/dev/philon/x-tools/arm-mac-linux-gnueabihf/arm-mac-linux-gnueabihf/sysroot/include"]
  ignore line: [ignoring duplicate directory "/Users/dylanmarcus/SDKs/arm-mac-linux-gnueabihf/bin/../lib/gcc/../../lib/gcc/arm-mac-linux-gnueabihf/8.3.0/include-fixed"]
  ignore line: [ignoring duplicate directory "/Users/dylanmarcus/SDKs/arm-mac-linux-gnueabihf/bin/../lib/gcc/../../lib/gcc/arm-mac-linux-gnueabihf/8.3.0/../../../../arm-mac-linux-gnueabihf/include"]
  ignore line: [#include "..." search starts here:]
  ignore line: [#include <...> search starts here:]
  ignore line: [ /Users/dylanmarcus/SDKs/arm-mac-linux-gnueabihf/bin/../lib/gcc/arm-mac-linux-gnueabihf/8.3.0/include]
  ignore line: [ /Users/dylanmarcus/SDKs/arm-mac-linux-gnueabihf/bin/../lib/gcc/arm-mac-linux-gnueabihf/8.3.0/include-fixed]
  ignore line: [ /Users/dylanmarcus/SDKs/arm-mac-linux-gnueabihf/bin/../lib/gcc/arm-mac-linux-gnueabihf/8.3.0/../../../../arm-mac-linux-gnueabihf/include]
  ignore line: [ /Users/dylanmarcus/SDKs/arm-mac-linux-gnueabihf/bin/../arm-mac-linux-gnueabihf/sysroot/usr/include]
  ignore line: [End of search list.]
  ignore line: [GNU C17 (crosstool-NG 1.24.0) version 8.3.0 (arm-mac-linux-gnueabihf)]
  ignore line: [	compiled by GNU C version 4.2.1 Compatible Apple LLVM 11.0.0 (clang-1100.0.33.8)  GMP version 6.1.2  MPFR version 4.0.2  MPC version 1.1.0  isl version isl-0.20-GMP]
  ignore line: []
  ignore line: [GGC heuristics: --param ggc-min-expand=100 --param ggc-min-heapsize=131072]
  ignore line: [Compiler executable checksum: eea7e735ae83968e79f91c79c71dee05]
  ignore line: [COLLECT_GCC_OPTIONS='-mfpu=neon-vfpv4' '-mfloat-abi=hard' '-v' '-o' 'CMakeFiles/cmTC_653b9.dir/CMakeCCompilerABI.c.o' '-c' '-mcpu=cortex-a15' '-mtls-dialect=gnu' '-marm' '-march=armv7ve+simd']
  ignore line: [ /Users/dylanmarcus/SDKs/arm-mac-linux-gnueabihf/bin/../lib/gcc/arm-mac-linux-gnueabihf/8.3.0/../../../../arm-mac-linux-gnueabihf/bin/as -v -march=armv7ve -mfloat-abi=hard -mfpu=neon-vfpv4 -meabi=5 -o CMakeFiles/cmTC_653b9.dir/CMakeCCompilerABI.c.o /var/folders/mh/hql7qhd159s799mvhvhxr17h0000gn/T//ccY2UQEB.s]
  ignore line: [GNU assembler version 2.32 (arm-mac-linux-gnueabihf) using BFD version (crosstool-NG 1.24.0) 2.32]
  ignore line: [COMPILER_PATH=/Users/dylanmarcus/SDKs/arm-mac-linux-gnueabihf/bin/../libexec/gcc/arm-mac-linux-gnueabihf/8.3.0/:/Users/dylanmarcus/SDKs/arm-mac-linux-gnueabihf/bin/../libexec/gcc/:/Users/dylanmarcus/SDKs/arm-mac-linux-gnueabihf/bin/../lib/gcc/arm-mac-linux-gnueabihf/8.3.0/../../../../arm-mac-linux-gnueabihf/bin/]
  ignore line: [LIBRARY_PATH=/Users/dylanmarcus/SDKs/arm-mac-linux-gnueabihf/bin/../lib/gcc/arm-mac-linux-gnueabihf/8.3.0/:/Users/dylanmarcus/SDKs/arm-mac-linux-gnueabihf/bin/../lib/gcc/:/Users/dylanmarcus/SDKs/arm-mac-linux-gnueabihf/bin/../lib/gcc/arm-mac-linux-gnueabihf/8.3.0/../../../../arm-mac-linux-gnueabihf/lib/:/Users/dylanmarcus/SDKs/arm-mac-linux-gnueabihf/bin/../arm-mac-linux-gnueabihf/sysroot/lib/:/Users/dylanmarcus/SDKs/arm-mac-linux-gnueabihf/bin/../arm-mac-linux-gnueabihf/sysroot/usr/lib/]
  ignore line: [COLLECT_GCC_OPTIONS='-mfpu=neon-vfpv4' '-mfloat-abi=hard' '-v' '-o' 'CMakeFiles/cmTC_653b9.dir/CMakeCCompilerABI.c.o' '-c' '-mcpu=cortex-a15' '-mtls-dialect=gnu' '-marm' '-march=armv7ve+simd']
  ignore line: [Linking C executable cmTC_653b9]
  ignore line: [/usr/local/Cellar/cmake/3.20.0/bin/cmake -E cmake_link_script CMakeFiles/cmTC_653b9.dir/link.txt --verbose=1]
  ignore line: [/Users/dylanmarcus/SDKs/arm-mac-linux-gnueabihf/bin/arm-mac-linux-gnueabihf-gcc -mfpu=neon-vfpv4 -mfloat-abi=hard   -v CMakeFiles/cmTC_653b9.dir/CMakeCCompilerABI.c.o -o cmTC_653b9 ]
  ignore line: [Using built-in specs.]
  ignore line: [COLLECT_GCC=/Users/dylanmarcus/SDKs/arm-mac-linux-gnueabihf/bin/arm-mac-linux-gnueabihf-gcc]
  ignore line: [COLLECT_LTO_WRAPPER=/Users/dylanmarcus/SDKs/arm-mac-linux-gnueabihf/bin/../libexec/gcc/arm-mac-linux-gnueabihf/8.3.0/lto-wrapper]
  ignore line: [Target: arm-mac-linux-gnueabihf]
  ignore line: [Configured with: /Volumes/dev/philon/build/arm-mac-linux-gnueabihf/src/gcc/configure --build=x86_64-build_apple-darwin19.5.0 --host=x86_64-build_apple-darwin19.5.0 --target=arm-mac-linux-gnueabihf --prefix=/Volumes/dev/philon/x-tools/arm-mac-linux-gnueabihf --with-sysroot=/Volumes/dev/philon/x-tools/arm-mac-linux-gnueabihf/arm-mac-linux-gnueabihf/sysroot --enable-languages=c c++ --with-cpu=cortex-a15 --with-fpu=neon-vfpv4 --with-float=hard --with-pkgversion='crosstool-NG 1.24.0' --enable-__cxa_atexit --disable-libmudflap --disable-libgomp --disable-libssp --disable-libquadmath --disable-libquadmath-support --disable-libsanitizer --disable-libmpx --with-gmp=/Volumes/dev/philon/build/arm-mac-linux-gnueabihf/buildtools --with-mpfr=/Volumes/dev/philon/build/arm-mac-linux-gnueabihf/buildtools --with-mpc=/Volumes/dev/philon/build/arm-mac-linux-gnueabihf/buildtools --with-isl=/Volumes/dev/philon/build/arm-mac-linux-gnueabihf/buildtools --enable-lto --enable-threads=posix --enable-target-optspace --enable-plugin --enable-gold --disable-nls --disable-multilib --with-local-prefix=/Volumes/dev/philon/x-tools/arm-mac-linux-gnueabihf/arm-mac-linux-gnueabihf/sysroot --enable-long-long]
  ignore line: [Thread model: posix]
  ignore line: [gcc version 8.3.0 (crosstool-NG 1.24.0) ]
  ignore line: [COMPILER_PATH=/Users/dylanmarcus/SDKs/arm-mac-linux-gnueabihf/bin/../libexec/gcc/arm-mac-linux-gnueabihf/8.3.0/:/Users/dylanmarcus/SDKs/arm-mac-linux-gnueabihf/bin/../libexec/gcc/:/Users/dylanmarcus/SDKs/arm-mac-linux-gnueabihf/bin/../lib/gcc/arm-mac-linux-gnueabihf/8.3.0/../../../../arm-mac-linux-gnueabihf/bin/]
  ignore line: [LIBRARY_PATH=/Users/dylanmarcus/SDKs/arm-mac-linux-gnueabihf/bin/../lib/gcc/arm-mac-linux-gnueabihf/8.3.0/:/Users/dylanmarcus/SDKs/arm-mac-linux-gnueabihf/bin/../lib/gcc/:/Users/dylanmarcus/SDKs/arm-mac-linux-gnueabihf/bin/../lib/gcc/arm-mac-linux-gnueabihf/8.3.0/../../../../arm-mac-linux-gnueabihf/lib/:/Users/dylanmarcus/SDKs/arm-mac-linux-gnueabihf/bin/../arm-mac-linux-gnueabihf/sysroot/lib/:/Users/dylanmarcus/SDKs/arm-mac-linux-gnueabihf/bin/../arm-mac-linux-gnueabihf/sysroot/usr/lib/]
  ignore line: [COLLECT_GCC_OPTIONS='-mfpu=neon-vfpv4' '-mfloat-abi=hard' '-v' '-o' 'cmTC_653b9' '-mcpu=cortex-a15' '-mtls-dialect=gnu' '-marm' '-march=armv7ve+simd']
  link line: [ /Users/dylanmarcus/SDKs/arm-mac-linux-gnueabihf/bin/../libexec/gcc/arm-mac-linux-gnueabihf/8.3.0/collect2 -plugin /Users/dylanmarcus/SDKs/arm-mac-linux-gnueabihf/bin/../libexec/gcc/arm-mac-linux-gnueabihf/8.3.0/liblto_plugin.so -plugin-opt=/Users/dylanmarcus/SDKs/arm-mac-linux-gnueabihf/bin/../libexec/gcc/arm-mac-linux-gnueabihf/8.3.0/lto-wrapper -plugin-opt=-fresolution=/var/folders/mh/hql7qhd159s799mvhvhxr17h0000gn/T//ccoTZHpn.res -plugin-opt=-pass-through=-lgcc -plugin-opt=-pass-through=-lgcc_s -plugin-opt=-pass-through=-lc -plugin-opt=-pass-through=-lgcc -plugin-opt=-pass-through=-lgcc_s --sysroot=/Users/dylanmarcus/SDKs/arm-mac-linux-gnueabihf/bin/../arm-mac-linux-gnueabihf/sysroot --eh-frame-hdr -dynamic-linker /lib/ld-linux-armhf.so.3 -X -m armelf_linux_eabi -o cmTC_653b9 /Users/dylanmarcus/SDKs/arm-mac-linux-gnueabihf/bin/../arm-mac-linux-gnueabihf/sysroot/usr/lib/crt1.o /Users/dylanmarcus/SDKs/arm-mac-linux-gnueabihf/bin/../arm-mac-linux-gnueabihf/sysroot/usr/lib/crti.o /Users/dylanmarcus/SDKs/arm-mac-linux-gnueabihf/bin/../lib/gcc/arm-mac-linux-gnueabihf/8.3.0/crtbegin.o -L/Users/dylanmarcus/SDKs/arm-mac-linux-gnueabihf/bin/../lib/gcc/arm-mac-linux-gnueabihf/8.3.0 -L/Users/dylanmarcus/SDKs/arm-mac-linux-gnueabihf/bin/../lib/gcc -L/Users/dylanmarcus/SDKs/arm-mac-linux-gnueabihf/bin/../lib/gcc/arm-mac-linux-gnueabihf/8.3.0/../../../../arm-mac-linux-gnueabihf/lib -L/Users/dylanmarcus/SDKs/arm-mac-linux-gnueabihf/bin/../arm-mac-linux-gnueabihf/sysroot/lib -L/Users/dylanmarcus/SDKs/arm-mac-linux-gnueabihf/bin/../arm-mac-linux-gnueabihf/sysroot/usr/lib CMakeFiles/cmTC_653b9.dir/CMakeCCompilerABI.c.o -lgcc --as-needed -lgcc_s --no-as-needed -lc -lgcc --as-needed -lgcc_s --no-as-needed /Users/dylanmarcus/SDKs/arm-mac-linux-gnueabihf/bin/../lib/gcc/arm-mac-linux-gnueabihf/8.3.0/crtend.o /Users/dylanmarcus/SDKs/arm-mac-linux-gnueabihf/bin/../arm-mac-linux-gnueabihf/sysroot/usr/lib/crtn.o]
    arg [/Users/dylanmarcus/SDKs/arm-mac-linux-gnueabihf/bin/../libexec/gcc/arm-mac-linux-gnueabihf/8.3.0/collect2] ==> ignore
    arg [-plugin] ==> ignore
    arg [/Users/dylanmarcus/SDKs/arm-mac-linux-gnueabihf/bin/../libexec/gcc/arm-mac-linux-gnueabihf/8.3.0/liblto_plugin.so] ==> ignore
    arg [-plugin-opt=/Users/dylanmarcus/SDKs/arm-mac-linux-gnueabihf/bin/../libexec/gcc/arm-mac-linux-gnueabihf/8.3.0/lto-wrapper] ==> ignore
    arg [-plugin-opt=-fresolution=/var/folders/mh/hql7qhd159s799mvhvhxr17h0000gn/T//ccoTZHpn.res] ==> ignore
    arg [-plugin-opt=-pass-through=-lgcc] ==> ignore
    arg [-plugin-opt=-pass-through=-lgcc_s] ==> ignore
    arg [-plugin-opt=-pass-through=-lc] ==> ignore
    arg [-plugin-opt=-pass-through=-lgcc] ==> ignore
    arg [-plugin-opt=-pass-through=-lgcc_s] ==> ignore
    arg [--sysroot=/Users/dylanmarcus/SDKs/arm-mac-linux-gnueabihf/bin/../arm-mac-linux-gnueabihf/sysroot] ==> ignore
    arg [--eh-frame-hdr] ==> ignore
    arg [-dynamic-linker] ==> ignore
    arg [/lib/ld-linux-armhf.so.3] ==> ignore
    arg [-X] ==> ignore
    arg [-m] ==> ignore
    arg [armelf_linux_eabi] ==> ignore
    arg [-o] ==> ignore
    arg [cmTC_653b9] ==> ignore
    arg [/Users/dylanmarcus/SDKs/arm-mac-linux-gnueabihf/bin/../arm-mac-linux-gnueabihf/sysroot/usr/lib/crt1.o] ==> ignore
    arg [/Users/dylanmarcus/SDKs/arm-mac-linux-gnueabihf/bin/../arm-mac-linux-gnueabihf/sysroot/usr/lib/crti.o] ==> ignore
    arg [/Users/dylanmarcus/SDKs/arm-mac-linux-gnueabihf/bin/../lib/gcc/arm-mac-linux-gnueabihf/8.3.0/crtbegin.o] ==> ignore
    arg [-L/Users/dylanmarcus/SDKs/arm-mac-linux-gnueabihf/bin/../lib/gcc/arm-mac-linux-gnueabihf/8.3.0] ==> dir [/Users/dylanmarcus/SDKs/arm-mac-linux-gnueabihf/bin/../lib/gcc/arm-mac-linux-gnueabihf/8.3.0]
    arg [-L/Users/dylanmarcus/SDKs/arm-mac-linux-gnueabihf/bin/../lib/gcc] ==> dir [/Users/dylanmarcus/SDKs/arm-mac-linux-gnueabihf/bin/../lib/gcc]
    arg [-L/Users/dylanmarcus/SDKs/arm-mac-linux-gnueabihf/bin/../lib/gcc/arm-mac-linux-gnueabihf/8.3.0/../../../../arm-mac-linux-gnueabihf/lib] ==> dir [/Users/dylanmarcus/SDKs/arm-mac-linux-gnueabihf/bin/../lib/gcc/arm-mac-linux-gnueabihf/8.3.0/../../../../arm-mac-linux-gnueabihf/lib]
    arg [-L/Users/dylanmarcus/SDKs/arm-mac-linux-gnueabihf/bin/../arm-mac-linux-gnueabihf/sysroot/lib] ==> dir [/Users/dylanmarcus/SDKs/arm-mac-linux-gnueabihf/bin/../arm-mac-linux-gnueabihf/sysroot/lib]
    arg [-L/Users/dylanmarcus/SDKs/arm-mac-linux-gnueabihf/bin/../arm-mac-linux-gnueabihf/sysroot/usr/lib] ==> dir [/Users/dylanmarcus/SDKs/arm-mac-linux-gnueabihf/bin/../arm-mac-linux-gnueabihf/sysroot/usr/lib]
    arg [CMakeFiles/cmTC_653b9.dir/CMakeCCompilerABI.c.o] ==> ignore
    arg [-lgcc] ==> lib [gcc]
    arg [--as-needed] ==> ignore
    arg [-lgcc_s] ==> lib [gcc_s]
    arg [--no-as-needed] ==> ignore
    arg [-lc] ==> lib [c]
    arg [-lgcc] ==> lib [gcc]
    arg [--as-needed] ==> ignore
    arg [-lgcc_s] ==> lib [gcc_s]
    arg [--no-as-needed] ==> ignore
    arg [/Users/dylanmarcus/SDKs/arm-mac-linux-gnueabihf/bin/../lib/gcc/arm-mac-linux-gnueabihf/8.3.0/crtend.o] ==> ignore
    arg [/Users/dylanmarcus/SDKs/arm-mac-linux-gnueabihf/bin/../arm-mac-linux-gnueabihf/sysroot/usr/lib/crtn.o] ==> ignore
  collapse library dir [/Users/dylanmarcus/SDKs/arm-mac-linux-gnueabihf/bin/../lib/gcc/arm-mac-linux-gnueabihf/8.3.0] ==> [/Users/dylanmarcus/SDKs/arm-mac-linux-gnueabihf/lib/gcc/arm-mac-linux-gnueabihf/8.3.0]
  collapse library dir [/Users/dylanmarcus/SDKs/arm-mac-linux-gnueabihf/bin/../lib/gcc] ==> [/Users/dylanmarcus/SDKs/arm-mac-linux-gnueabihf/lib/gcc]
  collapse library dir [/Users/dylanmarcus/SDKs/arm-mac-linux-gnueabihf/bin/../lib/gcc/arm-mac-linux-gnueabihf/8.3.0/../../../../arm-mac-linux-gnueabihf/lib] ==> [/Users/dylanmarcus/SDKs/arm-mac-linux-gnueabihf/arm-mac-linux-gnueabihf/lib]
  collapse library dir [/Users/dylanmarcus/SDKs/arm-mac-linux-gnueabihf/bin/../arm-mac-linux-gnueabihf/sysroot/lib] ==> [/Users/dylanmarcus/SDKs/arm-mac-linux-gnueabihf/arm-mac-linux-gnueabihf/sysroot/lib]
  collapse library dir [/Users/dylanmarcus/SDKs/arm-mac-linux-gnueabihf/bin/../arm-mac-linux-gnueabihf/sysroot/usr/lib] ==> [/Users/dylanmarcus/SDKs/arm-mac-linux-gnueabihf/arm-mac-linux-gnueabihf/sysroot/usr/lib]
  implicit libs: [gcc;gcc_s;c;gcc;gcc_s]
  implicit dirs: [/Users/dylanmarcus/SDKs/arm-mac-linux-gnueabihf/lib/gcc/arm-mac-linux-gnueabihf/8.3.0;/Users/dylanmarcus/SDKs/arm-mac-linux-gnueabihf/lib/gcc;/Users/dylanmarcus/SDKs/arm-mac-linux-gnueabihf/arm-mac-linux-gnueabihf/lib;/Users/dylanmarcus/SDKs/arm-mac-linux-gnueabihf/arm-mac-linux-gnueabihf/sysroot/lib;/Users/dylanmarcus/SDKs/arm-mac-linux-gnueabihf/arm-mac-linux-gnueabihf/sysroot/usr/lib]
  implicit fwks: []


Detecting CXX compiler ABI info compiled with the following output:
Change Dir: /Volumes/git/m1-sdk/lib/_builds/gcc-armhf-neon-vfpv4-Release/CMakeFiles/CMakeTmp

Run Build Command(s):/usr/bin/make -f Makefile cmTC_ce64c/fast && /Applications/Xcode.app/Contents/Developer/usr/bin/make  -f CMakeFiles/cmTC_ce64c.dir/build.make CMakeFiles/cmTC_ce64c.dir/build
Building CXX object CMakeFiles/cmTC_ce64c.dir/CMakeCXXCompilerABI.cpp.o
/Users/dylanmarcus/SDKs/arm-mac-linux-gnueabihf/bin/arm-mac-linux-gnueabihf-g++   -mfpu=neon-vfpv4 -mfloat-abi=hard -std=c++11    -v -std=c++11 -o CMakeFiles/cmTC_ce64c.dir/CMakeCXXCompilerABI.cpp.o -c /usr/local/Cellar/cmake/3.20.0/share/cmake/Modules/CMakeCXXCompilerABI.cpp
Using built-in specs.
COLLECT_GCC=/Users/dylanmarcus/SDKs/arm-mac-linux-gnueabihf/bin/arm-mac-linux-gnueabihf-g++
Target: arm-mac-linux-gnueabihf
Configured with: /Volumes/dev/philon/build/arm-mac-linux-gnueabihf/src/gcc/configure --build=x86_64-build_apple-darwin19.5.0 --host=x86_64-build_apple-darwin19.5.0 --target=arm-mac-linux-gnueabihf --prefix=/Volumes/dev/philon/x-tools/arm-mac-linux-gnueabihf --with-sysroot=/Volumes/dev/philon/x-tools/arm-mac-linux-gnueabihf/arm-mac-linux-gnueabihf/sysroot --enable-languages=c,c++ --with-cpu=cortex-a15 --with-fpu=neon-vfpv4 --with-float=hard --with-pkgversion='crosstool-NG 1.24.0' --enable-__cxa_atexit --disable-libmudflap --disable-libgomp --disable-libssp --disable-libquadmath --disable-libquadmath-support --disable-libsanitizer --disable-libmpx --with-gmp=/Volumes/dev/philon/build/arm-mac-linux-gnueabihf/buildtools --with-mpfr=/Volumes/dev/philon/build/arm-mac-linux-gnueabihf/buildtools --with-mpc=/Volumes/dev/philon/build/arm-mac-linux-gnueabihf/buildtools --with-isl=/Volumes/dev/philon/build/arm-mac-linux-gnueabihf/buildtools --enable-lto --enable-threads=posix --enable-target-optspace --enable-plugin --enable-gold --disable-nls --disable-multilib --with-local-prefix=/Volumes/dev/philon/x-tools/arm-mac-linux-gnueabihf/arm-mac-linux-gnueabihf/sysroot --enable-long-long
Thread model: posix
gcc version 8.3.0 (crosstool-NG 1.24.0) 
COLLECT_GCC_OPTIONS='-mfpu=neon-vfpv4' '-mfloat-abi=hard' '-std=c++11' '-v' '-std=c++11' '-o' 'CMakeFiles/cmTC_ce64c.dir/CMakeCXXCompilerABI.cpp.o' '-c' '-shared-libgcc' '-mcpu=cortex-a15' '-mtls-dialect=gnu' '-marm' '-march=armv7ve+simd'
 /Users/dylanmarcus/SDKs/arm-mac-linux-gnueabihf/bin/../libexec/gcc/arm-mac-linux-gnueabihf/8.3.0/cc1plus -quiet -v -iprefix /Users/dylanmarcus/SDKs/arm-mac-linux-gnueabihf/bin/../lib/gcc/arm-mac-linux-gnueabihf/8.3.0/ -isysroot /Users/dylanmarcus/SDKs/arm-mac-linux-gnueabihf/bin/../arm-mac-linux-gnueabihf/sysroot -D_GNU_SOURCE /usr/local/Cellar/cmake/3.20.0/share/cmake/Modules/CMakeCXXCompilerABI.cpp -quiet -dumpbase CMakeCXXCompilerABI.cpp -mfpu=neon-vfpv4 -mfloat-abi=hard -mcpu=cortex-a15 -mtls-dialect=gnu -marm -march=armv7ve+simd -auxbase-strip CMakeFiles/cmTC_ce64c.dir/CMakeCXXCompilerABI.cpp.o -std=c++11 -std=c++11 -version -o /var/folders/mh/hql7qhd159s799mvhvhxr17h0000gn/T//cc3cMEXH.s
GNU C++11 (crosstool-NG 1.24.0) version 8.3.0 (arm-mac-linux-gnueabihf)
	compiled by GNU C version 4.2.1 Compatible Apple LLVM 11.0.0 (clang-1100.0.33.8), GMP version 6.1.2, MPFR version 4.0.2, MPC version 1.1.0, isl version isl-0.20-GMP

GGC heuristics: --param ggc-min-expand=100 --param ggc-min-heapsize=131072
ignoring duplicate directory "/Users/dylanmarcus/SDKs/arm-mac-linux-gnueabihf/bin/../lib/gcc/../../lib/gcc/arm-mac-linux-gnueabihf/8.3.0/../../../../arm-mac-linux-gnueabihf/include/c++/8.3.0"
ignoring duplicate directory "/Users/dylanmarcus/SDKs/arm-mac-linux-gnueabihf/bin/../lib/gcc/../../lib/gcc/arm-mac-linux-gnueabihf/8.3.0/../../../../arm-mac-linux-gnueabihf/include/c++/8.3.0/arm-mac-linux-gnueabihf"
ignoring duplicate directory "/Users/dylanmarcus/SDKs/arm-mac-linux-gnueabihf/bin/../lib/gcc/../../lib/gcc/arm-mac-linux-gnueabihf/8.3.0/../../../../arm-mac-linux-gnueabihf/include/c++/8.3.0/backward"
ignoring duplicate directory "/Users/dylanmarcus/SDKs/arm-mac-linux-gnueabihf/bin/../lib/gcc/../../lib/gcc/arm-mac-linux-gnueabihf/8.3.0/include"
ignoring nonexistent directory "/Users/dylanmarcus/SDKs/arm-mac-linux-gnueabihf/bin/../arm-mac-linux-gnueabihf/sysroot/Volumes/dev/philon/x-tools/arm-mac-linux-gnueabihf/arm-mac-linux-gnueabihf/sysroot/include"
ignoring duplicate directory "/Users/dylanmarcus/SDKs/arm-mac-linux-gnueabihf/bin/../lib/gcc/../../lib/gcc/arm-mac-linux-gnueabihf/8.3.0/include-fixed"
ignoring duplicate directory "/Users/dylanmarcus/SDKs/arm-mac-linux-gnueabihf/bin/../lib/gcc/../../lib/gcc/arm-mac-linux-gnueabihf/8.3.0/../../../../arm-mac-linux-gnueabihf/include"
#include "..." search starts here:
#include <...> search starts here:
 /Users/dylanmarcus/SDKs/arm-mac-linux-gnueabihf/bin/../lib/gcc/arm-mac-linux-gnueabihf/8.3.0/../../../../arm-mac-linux-gnueabihf/include/c++/8.3.0
 /Users/dylanmarcus/SDKs/arm-mac-linux-gnueabihf/bin/../lib/gcc/arm-mac-linux-gnueabihf/8.3.0/../../../../arm-mac-linux-gnueabihf/include/c++/8.3.0/arm-mac-linux-gnueabihf
 /Users/dylanmarcus/SDKs/arm-mac-linux-gnueabihf/bin/../lib/gcc/arm-mac-linux-gnueabihf/8.3.0/../../../../arm-mac-linux-gnueabihf/include/c++/8.3.0/backward
 /Users/dylanmarcus/SDKs/arm-mac-linux-gnueabihf/bin/../lib/gcc/arm-mac-linux-gnueabihf/8.3.0/include
 /Users/dylanmarcus/SDKs/arm-mac-linux-gnueabihf/bin/../lib/gcc/arm-mac-linux-gnueabihf/8.3.0/include-fixed
 /Users/dylanmarcus/SDKs/arm-mac-linux-gnueabihf/bin/../lib/gcc/arm-mac-linux-gnueabihf/8.3.0/../../../../arm-mac-linux-gnueabihf/include
 /Users/dylanmarcus/SDKs/arm-mac-linux-gnueabihf/bin/../arm-mac-linux-gnueabihf/sysroot/usr/include
End of search list.
GNU C++11 (crosstool-NG 1.24.0) version 8.3.0 (arm-mac-linux-gnueabihf)
	compiled by GNU C version 4.2.1 Compatible Apple LLVM 11.0.0 (clang-1100.0.33.8), GMP version 6.1.2, MPFR version 4.0.2, MPC version 1.1.0, isl version isl-0.20-GMP

GGC heuristics: --param ggc-min-expand=100 --param ggc-min-heapsize=131072
Compiler executable checksum: a889885ab8de688623c8981a0516b181
COLLECT_GCC_OPTIONS='-mfpu=neon-vfpv4' '-mfloat-abi=hard' '-std=c++11' '-v' '-std=c++11' '-o' 'CMakeFiles/cmTC_ce64c.dir/CMakeCXXCompilerABI.cpp.o' '-c' '-shared-libgcc' '-mcpu=cortex-a15' '-mtls-dialect=gnu' '-marm' '-march=armv7ve+simd'
 /Users/dylanmarcus/SDKs/arm-mac-linux-gnueabihf/bin/../lib/gcc/arm-mac-linux-gnueabihf/8.3.0/../../../../arm-mac-linux-gnueabihf/bin/as -v -march=armv7ve -mfloat-abi=hard -mfpu=neon-vfpv4 -meabi=5 -o CMakeFiles/cmTC_ce64c.dir/CMakeCXXCompilerABI.cpp.o /var/folders/mh/hql7qhd159s799mvhvhxr17h0000gn/T//cc3cMEXH.s
GNU assembler version 2.32 (arm-mac-linux-gnueabihf) using BFD version (crosstool-NG 1.24.0) 2.32
COMPILER_PATH=/Users/dylanmarcus/SDKs/arm-mac-linux-gnueabihf/bin/../libexec/gcc/arm-mac-linux-gnueabihf/8.3.0/:/Users/dylanmarcus/SDKs/arm-mac-linux-gnueabihf/bin/../libexec/gcc/:/Users/dylanmarcus/SDKs/arm-mac-linux-gnueabihf/bin/../lib/gcc/arm-mac-linux-gnueabihf/8.3.0/../../../../arm-mac-linux-gnueabihf/bin/
LIBRARY_PATH=/Users/dylanmarcus/SDKs/arm-mac-linux-gnueabihf/bin/../lib/gcc/arm-mac-linux-gnueabihf/8.3.0/:/Users/dylanmarcus/SDKs/arm-mac-linux-gnueabihf/bin/../lib/gcc/:/Users/dylanmarcus/SDKs/arm-mac-linux-gnueabihf/bin/../lib/gcc/arm-mac-linux-gnueabihf/8.3.0/../../../../arm-mac-linux-gnueabihf/lib/:/Users/dylanmarcus/SDKs/arm-mac-linux-gnueabihf/bin/../arm-mac-linux-gnueabihf/sysroot/lib/:/Users/dylanmarcus/SDKs/arm-mac-linux-gnueabihf/bin/../arm-mac-linux-gnueabihf/sysroot/usr/lib/
COLLECT_GCC_OPTIONS='-mfpu=neon-vfpv4' '-mfloat-abi=hard' '-std=c++11' '-v' '-std=c++11' '-o' 'CMakeFiles/cmTC_ce64c.dir/CMakeCXXCompilerABI.cpp.o' '-c' '-shared-libgcc' '-mcpu=cortex-a15' '-mtls-dialect=gnu' '-marm' '-march=armv7ve+simd'
Linking CXX executable cmTC_ce64c
/usr/local/Cellar/cmake/3.20.0/bin/cmake -E cmake_link_script CMakeFiles/cmTC_ce64c.dir/link.txt --verbose=1
/Users/dylanmarcus/SDKs/arm-mac-linux-gnueabihf/bin/arm-mac-linux-gnueabihf-g++ -mfpu=neon-vfpv4 -mfloat-abi=hard -std=c++11   -v CMakeFiles/cmTC_ce64c.dir/CMakeCXXCompilerABI.cpp.o -o cmTC_ce64c 
Using built-in specs.
COLLECT_GCC=/Users/dylanmarcus/SDKs/arm-mac-linux-gnueabihf/bin/arm-mac-linux-gnueabihf-g++
COLLECT_LTO_WRAPPER=/Users/dylanmarcus/SDKs/arm-mac-linux-gnueabihf/bin/../libexec/gcc/arm-mac-linux-gnueabihf/8.3.0/lto-wrapper
Target: arm-mac-linux-gnueabihf
Configured with: /Volumes/dev/philon/build/arm-mac-linux-gnueabihf/src/gcc/configure --build=x86_64-build_apple-darwin19.5.0 --host=x86_64-build_apple-darwin19.5.0 --target=arm-mac-linux-gnueabihf --prefix=/Volumes/dev/philon/x-tools/arm-mac-linux-gnueabihf --with-sysroot=/Volumes/dev/philon/x-tools/arm-mac-linux-gnueabihf/arm-mac-linux-gnueabihf/sysroot --enable-languages=c,c++ --with-cpu=cortex-a15 --with-fpu=neon-vfpv4 --with-float=hard --with-pkgversion='crosstool-NG 1.24.0' --enable-__cxa_atexit --disable-libmudflap --disable-libgomp --disable-libssp --disable-libquadmath --disable-libquadmath-support --disable-libsanitizer --disable-libmpx --with-gmp=/Volumes/dev/philon/build/arm-mac-linux-gnueabihf/buildtools --with-mpfr=/Volumes/dev/philon/build/arm-mac-linux-gnueabihf/buildtools --with-mpc=/Volumes/dev/philon/build/arm-mac-linux-gnueabihf/buildtools --with-isl=/Volumes/dev/philon/build/arm-mac-linux-gnueabihf/buildtools --enable-lto --enable-threads=posix --enable-target-optspace --enable-plugin --enable-gold --disable-nls --disable-multilib --with-local-prefix=/Volumes/dev/philon/x-tools/arm-mac-linux-gnueabihf/arm-mac-linux-gnueabihf/sysroot --enable-long-long
Thread model: posix
gcc version 8.3.0 (crosstool-NG 1.24.0) 
COMPILER_PATH=/Users/dylanmarcus/SDKs/arm-mac-linux-gnueabihf/bin/../libexec/gcc/arm-mac-linux-gnueabihf/8.3.0/:/Users/dylanmarcus/SDKs/arm-mac-linux-gnueabihf/bin/../libexec/gcc/:/Users/dylanmarcus/SDKs/arm-mac-linux-gnueabihf/bin/../lib/gcc/arm-mac-linux-gnueabihf/8.3.0/../../../../arm-mac-linux-gnueabihf/bin/
LIBRARY_PATH=/Users/dylanmarcus/SDKs/arm-mac-linux-gnueabihf/bin/../lib/gcc/arm-mac-linux-gnueabihf/8.3.0/:/Users/dylanmarcus/SDKs/arm-mac-linux-gnueabihf/bin/../lib/gcc/:/Users/dylanmarcus/SDKs/arm-mac-linux-gnueabihf/bin/../lib/gcc/arm-mac-linux-gnueabihf/8.3.0/../../../../arm-mac-linux-gnueabihf/lib/:/Users/dylanmarcus/SDKs/arm-mac-linux-gnueabihf/bin/../arm-mac-linux-gnueabihf/sysroot/lib/:/Users/dylanmarcus/SDKs/arm-mac-linux-gnueabihf/bin/../arm-mac-linux-gnueabihf/sysroot/usr/lib/
COLLECT_GCC_OPTIONS='-mfpu=neon-vfpv4' '-mfloat-abi=hard' '-std=c++11' '-v' '-o' 'cmTC_ce64c' '-shared-libgcc' '-mcpu=cortex-a15' '-mtls-dialect=gnu' '-marm' '-march=armv7ve+simd'
 /Users/dylanmarcus/SDKs/arm-mac-linux-gnueabihf/bin/../libexec/gcc/arm-mac-linux-gnueabihf/8.3.0/collect2 -plugin /Users/dylanmarcus/SDKs/arm-mac-linux-gnueabihf/bin/../libexec/gcc/arm-mac-linux-gnueabihf/8.3.0/liblto_plugin.so -plugin-opt=/Users/dylanmarcus/SDKs/arm-mac-linux-gnueabihf/bin/../libexec/gcc/arm-mac-linux-gnueabihf/8.3.0/lto-wrapper -plugin-opt=-fresolution=/var/folders/mh/hql7qhd159s799mvhvhxr17h0000gn/T//ccMOYTv6.res -plugin-opt=-pass-through=-lgcc_s -plugin-opt=-pass-through=-lgcc -plugin-opt=-pass-through=-lc -plugin-opt=-pass-through=-lgcc_s -plugin-opt=-pass-through=-lgcc --sysroot=/Users/dylanmarcus/SDKs/arm-mac-linux-gnueabihf/bin/../arm-mac-linux-gnueabihf/sysroot --eh-frame-hdr -dynamic-linker /lib/ld-linux-armhf.so.3 -X -m armelf_linux_eabi -o cmTC_ce64c /Users/dylanmarcus/SDKs/arm-mac-linux-gnueabihf/bin/../arm-mac-linux-gnueabihf/sysroot/usr/lib/crt1.o /Users/dylanmarcus/SDKs/arm-mac-linux-gnueabihf/bin/../arm-mac-linux-gnueabihf/sysroot/usr/lib/crti.o /Users/dylanmarcus/SDKs/arm-mac-linux-gnueabihf/bin/../lib/gcc/arm-mac-linux-gnueabihf/8.3.0/crtbegin.o -L/Users/dylanmarcus/SDKs/arm-mac-linux-gnueabihf/bin/../lib/gcc/arm-mac-linux-gnueabihf/8.3.0 -L/Users/dylanmarcus/SDKs/arm-mac-linux-gnueabihf/bin/../lib/gcc -L/Users/dylanmarcus/SDKs/arm-mac-linux-gnueabihf/bin/../lib/gcc/arm-mac-linux-gnueabihf/8.3.0/../../../../arm-mac-linux-gnueabihf/lib -L/Users/dylanmarcus/SDKs/arm-mac-linux-gnueabihf/bin/../arm-mac-linux-gnueabihf/sysroot/lib -L/Users/dylanmarcus/SDKs/arm-mac-linux-gnueabihf/bin/../arm-mac-linux-gnueabihf/sysroot/usr/lib CMakeFiles/cmTC_ce64c.dir/CMakeCXXCompilerABI.cpp.o -lstdc++ -lm -lgcc_s -lgcc -lc -lgcc_s -lgcc /Users/dylanmarcus/SDKs/arm-mac-linux-gnueabihf/bin/../lib/gcc/arm-mac-linux-gnueabihf/8.3.0/crtend.o /Users/dylanmarcus/SDKs/arm-mac-linux-gnueabihf/bin/../arm-mac-linux-gnueabihf/sysroot/usr/lib/crtn.o
COLLECT_GCC_OPTIONS='-mfpu=neon-vfpv4' '-mfloat-abi=hard' '-std=c++11' '-v' '-o' 'cmTC_ce64c' '-shared-libgcc' '-mcpu=cortex-a15' '-mtls-dialect=gnu' '-marm' '-march=armv7ve+simd'



Parsed CXX implicit include dir info from above output: rv=done
  found start of include info
  found start of implicit include info
    add: [/Users/dylanmarcus/SDKs/arm-mac-linux-gnueabihf/bin/../lib/gcc/arm-mac-linux-gnueabihf/8.3.0/../../../../arm-mac-linux-gnueabihf/include/c++/8.3.0]
    add: [/Users/dylanmarcus/SDKs/arm-mac-linux-gnueabihf/bin/../lib/gcc/arm-mac-linux-gnueabihf/8.3.0/../../../../arm-mac-linux-gnueabihf/include/c++/8.3.0/arm-mac-linux-gnueabihf]
    add: [/Users/dylanmarcus/SDKs/arm-mac-linux-gnueabihf/bin/../lib/gcc/arm-mac-linux-gnueabihf/8.3.0/../../../../arm-mac-linux-gnueabihf/include/c++/8.3.0/backward]
    add: [/Users/dylanmarcus/SDKs/arm-mac-linux-gnueabihf/bin/../lib/gcc/arm-mac-linux-gnueabihf/8.3.0/include]
    add: [/Users/dylanmarcus/SDKs/arm-mac-linux-gnueabihf/bin/../lib/gcc/arm-mac-linux-gnueabihf/8.3.0/include-fixed]
    add: [/Users/dylanmarcus/SDKs/arm-mac-linux-gnueabihf/bin/../lib/gcc/arm-mac-linux-gnueabihf/8.3.0/../../../../arm-mac-linux-gnueabihf/include]
    add: [/Users/dylanmarcus/SDKs/arm-mac-linux-gnueabihf/bin/../arm-mac-linux-gnueabihf/sysroot/usr/include]
  end of search list found
  collapse include dir [/Users/dylanmarcus/SDKs/arm-mac-linux-gnueabihf/bin/../lib/gcc/arm-mac-linux-gnueabihf/8.3.0/../../../../arm-mac-linux-gnueabihf/include/c++/8.3.0] ==> [/Users/dylanmarcus/SDKs/arm-mac-linux-gnueabihf/arm-mac-linux-gnueabihf/include/c++/8.3.0]
  collapse include dir [/Users/dylanmarcus/SDKs/arm-mac-linux-gnueabihf/bin/../lib/gcc/arm-mac-linux-gnueabihf/8.3.0/../../../../arm-mac-linux-gnueabihf/include/c++/8.3.0/arm-mac-linux-gnueabihf] ==> [/Users/dylanmarcus/SDKs/arm-mac-linux-gnueabihf/arm-mac-linux-gnueabihf/include/c++/8.3.0/arm-mac-linux-gnueabihf]
  collapse include dir [/Users/dylanmarcus/SDKs/arm-mac-linux-gnueabihf/bin/../lib/gcc/arm-mac-linux-gnueabihf/8.3.0/../../../../arm-mac-linux-gnueabihf/include/c++/8.3.0/backward] ==> [/Users/dylanmarcus/SDKs/arm-mac-linux-gnueabihf/arm-mac-linux-gnueabihf/include/c++/8.3.0/backward]
  collapse include dir [/Users/dylanmarcus/SDKs/arm-mac-linux-gnueabihf/bin/../lib/gcc/arm-mac-linux-gnueabihf/8.3.0/include] ==> [/Users/dylanmarcus/SDKs/arm-mac-linux-gnueabihf/lib/gcc/arm-mac-linux-gnueabihf/8.3.0/include]
  collapse include dir [/Users/dylanmarcus/SDKs/arm-mac-linux-gnueabihf/bin/../lib/gcc/arm-mac-linux-gnueabihf/8.3.0/include-fixed] ==> [/Users/dylanmarcus/SDKs/arm-mac-linux-gnueabihf/lib/gcc/arm-mac-linux-gnueabihf/8.3.0/include-fixed]
  collapse include dir [/Users/dylanmarcus/SDKs/arm-mac-linux-gnueabihf/bin/../lib/gcc/arm-mac-linux-gnueabihf/8.3.0/../../../../arm-mac-linux-gnueabihf/include] ==> [/Users/dylanmarcus/SDKs/arm-mac-linux-gnueabihf/arm-mac-linux-gnueabihf/include]
  collapse include dir [/Users/dylanmarcus/SDKs/arm-mac-linux-gnueabihf/bin/../arm-mac-linux-gnueabihf/sysroot/usr/include] ==> [/Users/dylanmarcus/SDKs/arm-mac-linux-gnueabihf/arm-mac-linux-gnueabihf/sysroot/usr/include]
  implicit include dirs: [/Users/dylanmarcus/SDKs/arm-mac-linux-gnueabihf/arm-mac-linux-gnueabihf/include/c++/8.3.0;/Users/dylanmarcus/SDKs/arm-mac-linux-gnueabihf/arm-mac-linux-gnueabihf/include/c++/8.3.0/arm-mac-linux-gnueabihf;/Users/dylanmarcus/SDKs/arm-mac-linux-gnueabihf/arm-mac-linux-gnueabihf/include/c++/8.3.0/backward;/Users/dylanmarcus/SDKs/arm-mac-linux-gnueabihf/lib/gcc/arm-mac-linux-gnueabihf/8.3.0/include;/Users/dylanmarcus/SDKs/arm-mac-linux-gnueabihf/lib/gcc/arm-mac-linux-gnueabihf/8.3.0/include-fixed;/Users/dylanmarcus/SDKs/arm-mac-linux-gnueabihf/arm-mac-linux-gnueabihf/include;/Users/dylanmarcus/SDKs/arm-mac-linux-gnueabihf/arm-mac-linux-gnueabihf/sysroot/usr/include]


Parsed CXX implicit link information from above output:
  link line regex: [^( *|.*[/\])(arm-mac-linux-gnueabihf-ld|CMAKE_LINK_STARTFILE-NOTFOUND|([^/\]+-)?ld|collect2)[^/\]*( |$)]
  ignore line: [Change Dir: /Volumes/git/m1-sdk/lib/_builds/gcc-armhf-neon-vfpv4-Release/CMakeFiles/CMakeTmp]
  ignore line: []
  ignore line: [Run Build Command(s):/usr/bin/make -f Makefile cmTC_ce64c/fast && /Applications/Xcode.app/Contents/Developer/usr/bin/make  -f CMakeFiles/cmTC_ce64c.dir/build.make CMakeFiles/cmTC_ce64c.dir/build]
  ignore line: [Building CXX object CMakeFiles/cmTC_ce64c.dir/CMakeCXXCompilerABI.cpp.o]
  ignore line: [/Users/dylanmarcus/SDKs/arm-mac-linux-gnueabihf/bin/arm-mac-linux-gnueabihf-g++   -mfpu=neon-vfpv4 -mfloat-abi=hard -std=c++11    -v -std=c++11 -o CMakeFiles/cmTC_ce64c.dir/CMakeCXXCompilerABI.cpp.o -c /usr/local/Cellar/cmake/3.20.0/share/cmake/Modules/CMakeCXXCompilerABI.cpp]
  ignore line: [Using built-in specs.]
  ignore line: [COLLECT_GCC=/Users/dylanmarcus/SDKs/arm-mac-linux-gnueabihf/bin/arm-mac-linux-gnueabihf-g++]
  ignore line: [Target: arm-mac-linux-gnueabihf]
  ignore line: [Configured with: /Volumes/dev/philon/build/arm-mac-linux-gnueabihf/src/gcc/configure --build=x86_64-build_apple-darwin19.5.0 --host=x86_64-build_apple-darwin19.5.0 --target=arm-mac-linux-gnueabihf --prefix=/Volumes/dev/philon/x-tools/arm-mac-linux-gnueabihf --with-sysroot=/Volumes/dev/philon/x-tools/arm-mac-linux-gnueabihf/arm-mac-linux-gnueabihf/sysroot --enable-languages=c c++ --with-cpu=cortex-a15 --with-fpu=neon-vfpv4 --with-float=hard --with-pkgversion='crosstool-NG 1.24.0' --enable-__cxa_atexit --disable-libmudflap --disable-libgomp --disable-libssp --disable-libquadmath --disable-libquadmath-support --disable-libsanitizer --disable-libmpx --with-gmp=/Volumes/dev/philon/build/arm-mac-linux-gnueabihf/buildtools --with-mpfr=/Volumes/dev/philon/build/arm-mac-linux-gnueabihf/buildtools --with-mpc=/Volumes/dev/philon/build/arm-mac-linux-gnueabihf/buildtools --with-isl=/Volumes/dev/philon/build/arm-mac-linux-gnueabihf/buildtools --enable-lto --enable-threads=posix --enable-target-optspace --enable-plugin --enable-gold --disable-nls --disable-multilib --with-local-prefix=/Volumes/dev/philon/x-tools/arm-mac-linux-gnueabihf/arm-mac-linux-gnueabihf/sysroot --enable-long-long]
  ignore line: [Thread model: posix]
  ignore line: [gcc version 8.3.0 (crosstool-NG 1.24.0) ]
  ignore line: [COLLECT_GCC_OPTIONS='-mfpu=neon-vfpv4' '-mfloat-abi=hard' '-std=c++11' '-v' '-std=c++11' '-o' 'CMakeFiles/cmTC_ce64c.dir/CMakeCXXCompilerABI.cpp.o' '-c' '-shared-libgcc' '-mcpu=cortex-a15' '-mtls-dialect=gnu' '-marm' '-march=armv7ve+simd']
  ignore line: [ /Users/dylanmarcus/SDKs/arm-mac-linux-gnueabihf/bin/../libexec/gcc/arm-mac-linux-gnueabihf/8.3.0/cc1plus -quiet -v -iprefix /Users/dylanmarcus/SDKs/arm-mac-linux-gnueabihf/bin/../lib/gcc/arm-mac-linux-gnueabihf/8.3.0/ -isysroot /Users/dylanmarcus/SDKs/arm-mac-linux-gnueabihf/bin/../arm-mac-linux-gnueabihf/sysroot -D_GNU_SOURCE /usr/local/Cellar/cmake/3.20.0/share/cmake/Modules/CMakeCXXCompilerABI.cpp -quiet -dumpbase CMakeCXXCompilerABI.cpp -mfpu=neon-vfpv4 -mfloat-abi=hard -mcpu=cortex-a15 -mtls-dialect=gnu -marm -march=armv7ve+simd -auxbase-strip CMakeFiles/cmTC_ce64c.dir/CMakeCXXCompilerABI.cpp.o -std=c++11 -std=c++11 -version -o /var/folders/mh/hql7qhd159s799mvhvhxr17h0000gn/T//cc3cMEXH.s]
  ignore line: [GNU C++11 (crosstool-NG 1.24.0) version 8.3.0 (arm-mac-linux-gnueabihf)]
  ignore line: [	compiled by GNU C version 4.2.1 Compatible Apple LLVM 11.0.0 (clang-1100.0.33.8)  GMP version 6.1.2  MPFR version 4.0.2  MPC version 1.1.0  isl version isl-0.20-GMP]
  ignore line: []
  ignore line: [GGC heuristics: --param ggc-min-expand=100 --param ggc-min-heapsize=131072]
  ignore line: [ignoring duplicate directory "/Users/dylanmarcus/SDKs/arm-mac-linux-gnueabihf/bin/../lib/gcc/../../lib/gcc/arm-mac-linux-gnueabihf/8.3.0/../../../../arm-mac-linux-gnueabihf/include/c++/8.3.0"]
  ignore line: [ignoring duplicate directory "/Users/dylanmarcus/SDKs/arm-mac-linux-gnueabihf/bin/../lib/gcc/../../lib/gcc/arm-mac-linux-gnueabihf/8.3.0/../../../../arm-mac-linux-gnueabihf/include/c++/8.3.0/arm-mac-linux-gnueabihf"]
  ignore line: [ignoring duplicate directory "/Users/dylanmarcus/SDKs/arm-mac-linux-gnueabihf/bin/../lib/gcc/../../lib/gcc/arm-mac-linux-gnueabihf/8.3.0/../../../../arm-mac-linux-gnueabihf/include/c++/8.3.0/backward"]
  ignore line: [ignoring duplicate directory "/Users/dylanmarcus/SDKs/arm-mac-linux-gnueabihf/bin/../lib/gcc/../../lib/gcc/arm-mac-linux-gnueabihf/8.3.0/include"]
  ignore line: [ignoring nonexistent directory "/Users/dylanmarcus/SDKs/arm-mac-linux-gnueabihf/bin/../arm-mac-linux-gnueabihf/sysroot/Volumes/dev/philon/x-tools/arm-mac-linux-gnueabihf/arm-mac-linux-gnueabihf/sysroot/include"]
  ignore line: [ignoring duplicate directory "/Users/dylanmarcus/SDKs/arm-mac-linux-gnueabihf/bin/../lib/gcc/../../lib/gcc/arm-mac-linux-gnueabihf/8.3.0/include-fixed"]
  ignore line: [ignoring duplicate directory "/Users/dylanmarcus/SDKs/arm-mac-linux-gnueabihf/bin/../lib/gcc/../../lib/gcc/arm-mac-linux-gnueabihf/8.3.0/../../../../arm-mac-linux-gnueabihf/include"]
  ignore line: [#include "..." search starts here:]
  ignore line: [#include <...> search starts here:]
  ignore line: [ /Users/dylanmarcus/SDKs/arm-mac-linux-gnueabihf/bin/../lib/gcc/arm-mac-linux-gnueabihf/8.3.0/../../../../arm-mac-linux-gnueabihf/include/c++/8.3.0]
  ignore line: [ /Users/dylanmarcus/SDKs/arm-mac-linux-gnueabihf/bin/../lib/gcc/arm-mac-linux-gnueabihf/8.3.0/../../../../arm-mac-linux-gnueabihf/include/c++/8.3.0/arm-mac-linux-gnueabihf]
  ignore line: [ /Users/dylanmarcus/SDKs/arm-mac-linux-gnueabihf/bin/../lib/gcc/arm-mac-linux-gnueabihf/8.3.0/../../../../arm-mac-linux-gnueabihf/include/c++/8.3.0/backward]
  ignore line: [ /Users/dylanmarcus/SDKs/arm-mac-linux-gnueabihf/bin/../lib/gcc/arm-mac-linux-gnueabihf/8.3.0/include]
  ignore line: [ /Users/dylanmarcus/SDKs/arm-mac-linux-gnueabihf/bin/../lib/gcc/arm-mac-linux-gnueabihf/8.3.0/include-fixed]
  ignore line: [ /Users/dylanmarcus/SDKs/arm-mac-linux-gnueabihf/bin/../lib/gcc/arm-mac-linux-gnueabihf/8.3.0/../../../../arm-mac-linux-gnueabihf/include]
  ignore line: [ /Users/dylanmarcus/SDKs/arm-mac-linux-gnueabihf/bin/../arm-mac-linux-gnueabihf/sysroot/usr/include]
  ignore line: [End of search list.]
  ignore line: [GNU C++11 (crosstool-NG 1.24.0) version 8.3.0 (arm-mac-linux-gnueabihf)]
  ignore line: [	compiled by GNU C version 4.2.1 Compatible Apple LLVM 11.0.0 (clang-1100.0.33.8)  GMP version 6.1.2  MPFR version 4.0.2  MPC version 1.1.0  isl version isl-0.20-GMP]
  ignore line: []
  ignore line: [GGC heuristics: --param ggc-min-expand=100 --param ggc-min-heapsize=131072]
  ignore line: [Compiler executable checksum: a889885ab8de688623c8981a0516b181]
  ignore line: [COLLECT_GCC_OPTIONS='-mfpu=neon-vfpv4' '-mfloat-abi=hard' '-std=c++11' '-v' '-std=c++11' '-o' 'CMakeFiles/cmTC_ce64c.dir/CMakeCXXCompilerABI.cpp.o' '-c' '-shared-libgcc' '-mcpu=cortex-a15' '-mtls-dialect=gnu' '-marm' '-march=armv7ve+simd']
  ignore line: [ /Users/dylanmarcus/SDKs/arm-mac-linux-gnueabihf/bin/../lib/gcc/arm-mac-linux-gnueabihf/8.3.0/../../../../arm-mac-linux-gnueabihf/bin/as -v -march=armv7ve -mfloat-abi=hard -mfpu=neon-vfpv4 -meabi=5 -o CMakeFiles/cmTC_ce64c.dir/CMakeCXXCompilerABI.cpp.o /var/folders/mh/hql7qhd159s799mvhvhxr17h0000gn/T//cc3cMEXH.s]
  ignore line: [GNU assembler version 2.32 (arm-mac-linux-gnueabihf) using BFD version (crosstool-NG 1.24.0) 2.32]
  ignore line: [COMPILER_PATH=/Users/dylanmarcus/SDKs/arm-mac-linux-gnueabihf/bin/../libexec/gcc/arm-mac-linux-gnueabihf/8.3.0/:/Users/dylanmarcus/SDKs/arm-mac-linux-gnueabihf/bin/../libexec/gcc/:/Users/dylanmarcus/SDKs/arm-mac-linux-gnueabihf/bin/../lib/gcc/arm-mac-linux-gnueabihf/8.3.0/../../../../arm-mac-linux-gnueabihf/bin/]
  ignore line: [LIBRARY_PATH=/Users/dylanmarcus/SDKs/arm-mac-linux-gnueabihf/bin/../lib/gcc/arm-mac-linux-gnueabihf/8.3.0/:/Users/dylanmarcus/SDKs/arm-mac-linux-gnueabihf/bin/../lib/gcc/:/Users/dylanmarcus/SDKs/arm-mac-linux-gnueabihf/bin/../lib/gcc/arm-mac-linux-gnueabihf/8.3.0/../../../../arm-mac-linux-gnueabihf/lib/:/Users/dylanmarcus/SDKs/arm-mac-linux-gnueabihf/bin/../arm-mac-linux-gnueabihf/sysroot/lib/:/Users/dylanmarcus/SDKs/arm-mac-linux-gnueabihf/bin/../arm-mac-linux-gnueabihf/sysroot/usr/lib/]
  ignore line: [COLLECT_GCC_OPTIONS='-mfpu=neon-vfpv4' '-mfloat-abi=hard' '-std=c++11' '-v' '-std=c++11' '-o' 'CMakeFiles/cmTC_ce64c.dir/CMakeCXXCompilerABI.cpp.o' '-c' '-shared-libgcc' '-mcpu=cortex-a15' '-mtls-dialect=gnu' '-marm' '-march=armv7ve+simd']
  ignore line: [Linking CXX executable cmTC_ce64c]
  ignore line: [/usr/local/Cellar/cmake/3.20.0/bin/cmake -E cmake_link_script CMakeFiles/cmTC_ce64c.dir/link.txt --verbose=1]
  ignore line: [/Users/dylanmarcus/SDKs/arm-mac-linux-gnueabihf/bin/arm-mac-linux-gnueabihf-g++ -mfpu=neon-vfpv4 -mfloat-abi=hard -std=c++11   -v CMakeFiles/cmTC_ce64c.dir/CMakeCXXCompilerABI.cpp.o -o cmTC_ce64c ]
  ignore line: [Using built-in specs.]
  ignore line: [COLLECT_GCC=/Users/dylanmarcus/SDKs/arm-mac-linux-gnueabihf/bin/arm-mac-linux-gnueabihf-g++]
  ignore line: [COLLECT_LTO_WRAPPER=/Users/dylanmarcus/SDKs/arm-mac-linux-gnueabihf/bin/../libexec/gcc/arm-mac-linux-gnueabihf/8.3.0/lto-wrapper]
  ignore line: [Target: arm-mac-linux-gnueabihf]
  ignore line: [Configured with: /Volumes/dev/philon/build/arm-mac-linux-gnueabihf/src/gcc/configure --build=x86_64-build_apple-darwin19.5.0 --host=x86_64-build_apple-darwin19.5.0 --target=arm-mac-linux-gnueabihf --prefix=/Volumes/dev/philon/x-tools/arm-mac-linux-gnueabihf --with-sysroot=/Volumes/dev/philon/x-tools/arm-mac-linux-gnueabihf/arm-mac-linux-gnueabihf/sysroot --enable-languages=c c++ --with-cpu=cortex-a15 --with-fpu=neon-vfpv4 --with-float=hard --with-pkgversion='crosstool-NG 1.24.0' --enable-__cxa_atexit --disable-libmudflap --disable-libgomp --disable-libssp --disable-libquadmath --disable-libquadmath-support --disable-libsanitizer --disable-libmpx --with-gmp=/Volumes/dev/philon/build/arm-mac-linux-gnueabihf/buildtools --with-mpfr=/Volumes/dev/philon/build/arm-mac-linux-gnueabihf/buildtools --with-mpc=/Volumes/dev/philon/build/arm-mac-linux-gnueabihf/buildtools --with-isl=/Volumes/dev/philon/build/arm-mac-linux-gnueabihf/buildtools --enable-lto --enable-threads=posix --enable-target-optspace --enable-plugin --enable-gold --disable-nls --disable-multilib --with-local-prefix=/Volumes/dev/philon/x-tools/arm-mac-linux-gnueabihf/arm-mac-linux-gnueabihf/sysroot --enable-long-long]
  ignore line: [Thread model: posix]
  ignore line: [gcc version 8.3.0 (crosstool-NG 1.24.0) ]
  ignore line: [COMPILER_PATH=/Users/dylanmarcus/SDKs/arm-mac-linux-gnueabihf/bin/../libexec/gcc/arm-mac-linux-gnueabihf/8.3.0/:/Users/dylanmarcus/SDKs/arm-mac-linux-gnueabihf/bin/../libexec/gcc/:/Users/dylanmarcus/SDKs/arm-mac-linux-gnueabihf/bin/../lib/gcc/arm-mac-linux-gnueabihf/8.3.0/../../../../arm-mac-linux-gnueabihf/bin/]
  ignore line: [LIBRARY_PATH=/Users/dylanmarcus/SDKs/arm-mac-linux-gnueabihf/bin/../lib/gcc/arm-mac-linux-gnueabihf/8.3.0/:/Users/dylanmarcus/SDKs/arm-mac-linux-gnueabihf/bin/../lib/gcc/:/Users/dylanmarcus/SDKs/arm-mac-linux-gnueabihf/bin/../lib/gcc/arm-mac-linux-gnueabihf/8.3.0/../../../../arm-mac-linux-gnueabihf/lib/:/Users/dylanmarcus/SDKs/arm-mac-linux-gnueabihf/bin/../arm-mac-linux-gnueabihf/sysroot/lib/:/Users/dylanmarcus/SDKs/arm-mac-linux-gnueabihf/bin/../arm-mac-linux-gnueabihf/sysroot/usr/lib/]
  ignore line: [COLLECT_GCC_OPTIONS='-mfpu=neon-vfpv4' '-mfloat-abi=hard' '-std=c++11' '-v' '-o' 'cmTC_ce64c' '-shared-libgcc' '-mcpu=cortex-a15' '-mtls-dialect=gnu' '-marm' '-march=armv7ve+simd']
  link line: [ /Users/dylanmarcus/SDKs/arm-mac-linux-gnueabihf/bin/../libexec/gcc/arm-mac-linux-gnueabihf/8.3.0/collect2 -plugin /Users/dylanmarcus/SDKs/arm-mac-linux-gnueabihf/bin/../libexec/gcc/arm-mac-linux-gnueabihf/8.3.0/liblto_plugin.so -plugin-opt=/Users/dylanmarcus/SDKs/arm-mac-linux-gnueabihf/bin/../libexec/gcc/arm-mac-linux-gnueabihf/8.3.0/lto-wrapper -plugin-opt=-fresolution=/var/folders/mh/hql7qhd159s799mvhvhxr17h0000gn/T//ccMOYTv6.res -plugin-opt=-pass-through=-lgcc_s -plugin-opt=-pass-through=-lgcc -plugin-opt=-pass-through=-lc -plugin-opt=-pass-through=-lgcc_s -plugin-opt=-pass-through=-lgcc --sysroot=/Users/dylanmarcus/SDKs/arm-mac-linux-gnueabihf/bin/../arm-mac-linux-gnueabihf/sysroot --eh-frame-hdr -dynamic-linker /lib/ld-linux-armhf.so.3 -X -m armelf_linux_eabi -o cmTC_ce64c /Users/dylanmarcus/SDKs/arm-mac-linux-gnueabihf/bin/../arm-mac-linux-gnueabihf/sysroot/usr/lib/crt1.o /Users/dylanmarcus/SDKs/arm-mac-linux-gnueabihf/bin/../arm-mac-linux-gnueabihf/sysroot/usr/lib/crti.o /Users/dylanmarcus/SDKs/arm-mac-linux-gnueabihf/bin/../lib/gcc/arm-mac-linux-gnueabihf/8.3.0/crtbegin.o -L/Users/dylanmarcus/SDKs/arm-mac-linux-gnueabihf/bin/../lib/gcc/arm-mac-linux-gnueabihf/8.3.0 -L/Users/dylanmarcus/SDKs/arm-mac-linux-gnueabihf/bin/../lib/gcc -L/Users/dylanmarcus/SDKs/arm-mac-linux-gnueabihf/bin/../lib/gcc/arm-mac-linux-gnueabihf/8.3.0/../../../../arm-mac-linux-gnueabihf/lib -L/Users/dylanmarcus/SDKs/arm-mac-linux-gnueabihf/bin/../arm-mac-linux-gnueabihf/sysroot/lib -L/Users/dylanmarcus/SDKs/arm-mac-linux-gnueabihf/bin/../arm-mac-linux-gnueabihf/sysroot/usr/lib CMakeFiles/cmTC_ce64c.dir/CMakeCXXCompilerABI.cpp.o -lstdc++ -lm -lgcc_s -lgcc -lc -lgcc_s -lgcc /Users/dylanmarcus/SDKs/arm-mac-linux-gnueabihf/bin/../lib/gcc/arm-mac-linux-gnueabihf/8.3.0/crtend.o /Users/dylanmarcus/SDKs/arm-mac-linux-gnueabihf/bin/../arm-mac-linux-gnueabihf/sysroot/usr/lib/crtn.o]
    arg [/Users/dylanmarcus/SDKs/arm-mac-linux-gnueabihf/bin/../libexec/gcc/arm-mac-linux-gnueabihf/8.3.0/collect2] ==> ignore
    arg [-plugin] ==> ignore
    arg [/Users/dylanmarcus/SDKs/arm-mac-linux-gnueabihf/bin/../libexec/gcc/arm-mac-linux-gnueabihf/8.3.0/liblto_plugin.so] ==> ignore
    arg [-plugin-opt=/Users/dylanmarcus/SDKs/arm-mac-linux-gnueabihf/bin/../libexec/gcc/arm-mac-linux-gnueabihf/8.3.0/lto-wrapper] ==> ignore
    arg [-plugin-opt=-fresolution=/var/folders/mh/hql7qhd159s799mvhvhxr17h0000gn/T//ccMOYTv6.res] ==> ignore
    arg [-plugin-opt=-pass-through=-lgcc_s] ==> ignore
    arg [-plugin-opt=-pass-through=-lgcc] ==> ignore
    arg [-plugin-opt=-pass-through=-lc] ==> ignore
    arg [-plugin-opt=-pass-through=-lgcc_s] ==> ignore
    arg [-plugin-opt=-pass-through=-lgcc] ==> ignore
    arg [--sysroot=/Users/dylanmarcus/SDKs/arm-mac-linux-gnueabihf/bin/../arm-mac-linux-gnueabihf/sysroot] ==> ignore
    arg [--eh-frame-hdr] ==> ignore
    arg [-dynamic-linker] ==> ignore
    arg [/lib/ld-linux-armhf.so.3] ==> ignore
    arg [-X] ==> ignore
    arg [-m] ==> ignore
    arg [armelf_linux_eabi] ==> ignore
    arg [-o] ==> ignore
    arg [cmTC_ce64c] ==> ignore
    arg [/Users/dylanmarcus/SDKs/arm-mac-linux-gnueabihf/bin/../arm-mac-linux-gnueabihf/sysroot/usr/lib/crt1.o] ==> ignore
    arg [/Users/dylanmarcus/SDKs/arm-mac-linux-gnueabihf/bin/../arm-mac-linux-gnueabihf/sysroot/usr/lib/crti.o] ==> ignore
    arg [/Users/dylanmarcus/SDKs/arm-mac-linux-gnueabihf/bin/../lib/gcc/arm-mac-linux-gnueabihf/8.3.0/crtbegin.o] ==> ignore
    arg [-L/Users/dylanmarcus/SDKs/arm-mac-linux-gnueabihf/bin/../lib/gcc/arm-mac-linux-gnueabihf/8.3.0] ==> dir [/Users/dylanmarcus/SDKs/arm-mac-linux-gnueabihf/bin/../lib/gcc/arm-mac-linux-gnueabihf/8.3.0]
    arg [-L/Users/dylanmarcus/SDKs/arm-mac-linux-gnueabihf/bin/../lib/gcc] ==> dir [/Users/dylanmarcus/SDKs/arm-mac-linux-gnueabihf/bin/../lib/gcc]
    arg [-L/Users/dylanmarcus/SDKs/arm-mac-linux-gnueabihf/bin/../lib/gcc/arm-mac-linux-gnueabihf/8.3.0/../../../../arm-mac-linux-gnueabihf/lib] ==> dir [/Users/dylanmarcus/SDKs/arm-mac-linux-gnueabihf/bin/../lib/gcc/arm-mac-linux-gnueabihf/8.3.0/../../../../arm-mac-linux-gnueabihf/lib]
    arg [-L/Users/dylanmarcus/SDKs/arm-mac-linux-gnueabihf/bin/../arm-mac-linux-gnueabihf/sysroot/lib] ==> dir [/Users/dylanmarcus/SDKs/arm-mac-linux-gnueabihf/bin/../arm-mac-linux-gnueabihf/sysroot/lib]
    arg [-L/Users/dylanmarcus/SDKs/arm-mac-linux-gnueabihf/bin/../arm-mac-linux-gnueabihf/sysroot/usr/lib] ==> dir [/Users/dylanmarcus/SDKs/arm-mac-linux-gnueabihf/bin/../arm-mac-linux-gnueabihf/sysroot/usr/lib]
    arg [CMakeFiles/cmTC_ce64c.dir/CMakeCXXCompilerABI.cpp.o] ==> ignore
    arg [-lstdc++] ==> lib [stdc++]
    arg [-lm] ==> lib [m]
    arg [-lgcc_s] ==> lib [gcc_s]
    arg [-lgcc] ==> lib [gcc]
    arg [-lc] ==> lib [c]
    arg [-lgcc_s] ==> lib [gcc_s]
    arg [-lgcc] ==> lib [gcc]
    arg [/Users/dylanmarcus/SDKs/arm-mac-linux-gnueabihf/bin/../lib/gcc/arm-mac-linux-gnueabihf/8.3.0/crtend.o] ==> ignore
    arg [/Users/dylanmarcus/SDKs/arm-mac-linux-gnueabihf/bin/../arm-mac-linux-gnueabihf/sysroot/usr/lib/crtn.o] ==> ignore
  collapse library dir [/Users/dylanmarcus/SDKs/arm-mac-linux-gnueabihf/bin/../lib/gcc/arm-mac-linux-gnueabihf/8.3.0] ==> [/Users/dylanmarcus/SDKs/arm-mac-linux-gnueabihf/lib/gcc/arm-mac-linux-gnueabihf/8.3.0]
  collapse library dir [/Users/dylanmarcus/SDKs/arm-mac-linux-gnueabihf/bin/../lib/gcc] ==> [/Users/dylanmarcus/SDKs/arm-mac-linux-gnueabihf/lib/gcc]
  collapse library dir [/Users/dylanmarcus/SDKs/arm-mac-linux-gnueabihf/bin/../lib/gcc/arm-mac-linux-gnueabihf/8.3.0/../../../../arm-mac-linux-gnueabihf/lib] ==> [/Users/dylanmarcus/SDKs/arm-mac-linux-gnueabihf/arm-mac-linux-gnueabihf/lib]
  collapse library dir [/Users/dylanmarcus/SDKs/arm-mac-linux-gnueabihf/bin/../arm-mac-linux-gnueabihf/sysroot/lib] ==> [/Users/dylanmarcus/SDKs/arm-mac-linux-gnueabihf/arm-mac-linux-gnueabihf/sysroot/lib]
  collapse library dir [/Users/dylanmarcus/SDKs/arm-mac-linux-gnueabihf/bin/../arm-mac-linux-gnueabihf/sysroot/usr/lib] ==> [/Users/dylanmarcus/SDKs/arm-mac-linux-gnueabihf/arm-mac-linux-gnueabihf/sysroot/usr/lib]
  implicit libs: [stdc++;m;gcc_s;gcc;c;gcc_s;gcc]
  implicit dirs: [/Users/dylanmarcus/SDKs/arm-mac-linux-gnueabihf/lib/gcc/arm-mac-linux-gnueabihf/8.3.0;/Users/dylanmarcus/SDKs/arm-mac-linux-gnueabihf/lib/gcc;/Users/dylanmarcus/SDKs/arm-mac-linux-gnueabihf/arm-mac-linux-gnueabihf/lib;/Users/dylanmarcus/SDKs/arm-mac-linux-gnueabihf/arm-mac-linux-gnueabihf/sysroot/lib;/Users/dylanmarcus/SDKs/arm-mac-linux-gnueabihf/arm-mac-linux-gnueabihf/sysroot/usr/lib]
  implicit fwks: []


