Base path: /Applications/Unity 4.6.5/Unity.app/Contents
Pipe name: \\.\pipe\UnityShaderCompiler-4--1331949568
Cmd: getPlatforms
Cmd: compileSnippet
  api=9 type=0 insize=4450 outsize=1494 kw=DIRECTIONAL LIGHTMAP_ON DIRLIGHTMAP_OFF ok=1
Cmd: compileSnippet
  api=5 type=0 insize=4450 outsize=4482 kw=DIRECTIONAL LIGHTMAP_OFF DIRLIGHTMAP_OFF VERTEXLIGHT_ON ok=1
Cmd: compileSnippet
  api=9 type=1 insize=4450 outsize=7 kw=DIRECTIONAL LIGHTMAP_ON DIRLIGHTMAP_OFF ok=1
Cmd: compileSnippet
  api=9 type=0 insize=2471 outsize=2545 kw=POINT ok=1
Cmd: compileSnippet
  api=5 type=0 insize=2471 outsize=2635 kw=POINT_COOKIE ok=1
Cmd: compileSnippet
  api=9 type=0 insize=2471 outsize=2353 kw=DIRECTIONAL_COOKIE ok=1
Cmd: compileSnippet
  api=5 type=1 insize=2471 outsize=6 kw=DIRECTIONAL ok=1
Cmd: compileSnippet
  api=9 type=1 insize=2471 outsize=7 kw=POINT_COOKIE ok=1
Cmd: compileSnippet
  api=9 type=0 insize=952 outsize=724 kw= ok=1
