Base path: /Applications/Unity 4.6.5/Unity.app/Contents
Pipe name: \\.\pipe\UnityShaderCompiler-2--1329876992
Cmd: getPlatforms
Cmd: compileSnippet
  api=9 type=0 insize=4469 outsize=3378 kw=DIRECTIONAL LIGHTMAP_OFF DIRLIGHTMAP_OFF ok=1
Cmd: compileSnippet
  api=9 type=1 insize=4469 outsize=7 kw=DIRECTIONAL LIGHTMAP_OFF DIRLIGHTMAP_OFF ok=1
Cmd: compileSnippet
  api=9 type=1 insize=4469 outsize=7 kw=DIRECTIONAL LIGHTMAP_ON DIRLIGHTMAP_ON ok=1
Cmd: compileSnippet
  api=9 type=0 insize=2490 outsize=2110 kw=DIRECTIONAL ok=1
Cmd: compileSnippet
  api=5 type=0 insize=2490 outsize=2635 kw=POINT_COOKIE ok=1
Cmd: compileSnippet
  api=9 type=1 insize=2490 outsize=7 kw=POINT ok=1
Cmd: compileSnippet
  api=9 type=1 insize=2490 outsize=7 kw=SPOT ok=1
Cmd: compileSnippet
  api=9 type=1 insize=2490 outsize=7 kw=DIRECTIONAL_COOKIE ok=1
Cmd: compileSnippet
  api=9 type=0 insize=1022 outsize=851 kw= ok=1
Cmd: compileSnippet
  api=9 type=0 insize=988 outsize=724 kw= ok=1
End of pipe

Quitting shader compiler process
