The target system is: Android - 21 - x86_64
The host system is: Darwin - 20.6.0 - x86_64
Compiling the C compiler identification source file "CMakeCCompilerId.c" succeeded.
Compiler: /Users/dylanmarcus/SDKs/Android/ndk/21.0.6113669/toolchains/llvm/prebuilt/darwin-x86_64/bin/clang 
Build flags: 
Id flags: -c 

The output was:
0


Compilation of the C compiler identification source "CMakeCCompilerId.c" produced "CMakeCCompilerId.o"

The C compiler identification is Clang, found in "/Volumes/git/m1-sdk/lib/_builds/android-ndk-r16b-api-21-x86-64-clang-libcxx-Release/CMakeFiles/3.21.4/CompilerIdC/CMakeCCompilerId.o"

Compiling the CXX compiler identification source file "CMakeCXXCompilerId.cpp" succeeded.
Compiler: /Users/dylanmarcus/SDKs/Android/ndk/21.0.6113669/toolchains/llvm/prebuilt/darwin-x86_64/bin/clang++ 
Build flags: -std=c++11
Id flags: -c 

The output was:
0


Compilation of the CXX compiler identification source "CMakeCXXCompilerId.cpp" produced "CMakeCXXCompilerId.o"

The CXX compiler identification is Clang, found in "/Volumes/git/m1-sdk/lib/_builds/android-ndk-r16b-api-21-x86-64-clang-libcxx-Release/CMakeFiles/3.21.4/CompilerIdCXX/CMakeCXXCompilerId.o"

Detecting C compiler ABI info compiled with the following output:
Change Dir: /Volumes/git/m1-sdk/lib/_builds/android-ndk-r16b-api-21-x86-64-clang-libcxx-Release/CMakeFiles/CMakeTmp

Run Build Command(s):/usr/bin/make -f Makefile cmTC_e58b8/fast && /Applications/Xcode.app/Contents/Developer/usr/bin/make  -f CMakeFiles/cmTC_e58b8.dir/build.make CMakeFiles/cmTC_e58b8.dir/build
Building C object CMakeFiles/cmTC_e58b8.dir/CMakeCCompilerABI.c.o
/Users/dylanmarcus/SDKs/Android/ndk/21.0.6113669/toolchains/llvm/prebuilt/darwin-x86_64/bin/clang --target=x86_64-none-linux-android21 -DANDROID  -funwind-tables -no-canonical-prefixes -fexceptions  -O2 -g -DNDEBUG -fPIE   -v -MD -MT CMakeFiles/cmTC_e58b8.dir/CMakeCCompilerABI.c.o -MF CMakeFiles/cmTC_e58b8.dir/CMakeCCompilerABI.c.o.d -o CMakeFiles/cmTC_e58b8.dir/CMakeCCompilerABI.c.o -c /usr/local/Cellar/cmake/3.21.4/share/cmake/Modules/CMakeCCompilerABI.c
Android (5900059 based on r365631c) clang version 9.0.8 (https://android.googlesource.com/toolchain/llvm-project 207d7abc1a2abf3ef8d4301736d6a7ebc224a290) (based on LLVM 9.0.8svn)
Target: x86_64-none-linux-android21
Thread model: posix
InstalledDir: /Users/dylanmarcus/SDKs/Android/ndk/21.0.6113669/toolchains/llvm/prebuilt/darwin-x86_64/bin
Found candidate GCC installation: /Users/dylanmarcus/SDKs/Android/ndk/21.0.6113669/toolchains/llvm/prebuilt/darwin-x86_64/bin/../lib/gcc/i686-linux-android/4.9.x
Found candidate GCC installation: /Users/dylanmarcus/SDKs/Android/ndk/21.0.6113669/toolchains/llvm/prebuilt/darwin-x86_64/bin/../lib/gcc/x86_64-linux-android/4.9.x
Selected GCC installation: /Users/dylanmarcus/SDKs/Android/ndk/21.0.6113669/toolchains/llvm/prebuilt/darwin-x86_64/bin/../lib/gcc/x86_64-linux-android/4.9.x
Candidate multilib: .;@m64
Selected multilib: .;@m64
 "/Users/dylanmarcus/SDKs/Android/ndk/21.0.6113669/toolchains/llvm/prebuilt/darwin-x86_64/bin/clang" -cc1 -triple x86_64-none-linux-android21 -emit-obj -mnoexecstack -disable-free -disable-llvm-verifier -discard-value-names -main-file-name CMakeCCompilerABI.c -mrelocation-model pic -pic-level 2 -pic-is-pie -mthread-model posix -masm-verbose -mconstructor-aliases -munwind-tables -fuse-init-array -target-cpu x86-64 -target-feature +sse4.2 -target-feature +popcnt -target-feature +cx16 -dwarf-column-info -debug-info-kind=limited -dwarf-version=4 -debugger-tuning=gdb -target-linker-version 241.9 -momit-leaf-frame-pointer -v -coverage-notes-file /Volumes/git/m1-sdk/lib/_builds/android-ndk-r16b-api-21-x86-64-clang-libcxx-Release/CMakeFiles/CMakeTmp/CMakeFiles/cmTC_e58b8.dir/CMakeCCompilerABI.c.gcno -resource-dir /Users/dylanmarcus/SDKs/Android/ndk/21.0.6113669/toolchains/llvm/prebuilt/darwin-x86_64/lib64/clang/9.0.8 -dependency-file CMakeFiles/cmTC_e58b8.dir/CMakeCCompilerABI.c.o.d -sys-header-deps -MT CMakeFiles/cmTC_e58b8.dir/CMakeCCompilerABI.c.o -D ANDROID -D NDEBUG -internal-isystem /Users/dylanmarcus/SDKs/Android/ndk/21.0.6113669/toolchains/llvm/prebuilt/darwin-x86_64/bin/../sysroot/usr/local/include -internal-isystem /Users/dylanmarcus/SDKs/Android/ndk/21.0.6113669/toolchains/llvm/prebuilt/darwin-x86_64/lib64/clang/9.0.8/include -internal-externc-isystem /Users/dylanmarcus/SDKs/Android/ndk/21.0.6113669/toolchains/llvm/prebuilt/darwin-x86_64/bin/../sysroot/usr/include/x86_64-linux-android -internal-externc-isystem /Users/dylanmarcus/SDKs/Android/ndk/21.0.6113669/toolchains/llvm/prebuilt/darwin-x86_64/bin/../sysroot/include -internal-externc-isystem /Users/dylanmarcus/SDKs/Android/ndk/21.0.6113669/toolchains/llvm/prebuilt/darwin-x86_64/bin/../sysroot/usr/include -O2 -fdebug-compilation-dir /Volumes/git/m1-sdk/lib/_builds/android-ndk-r16b-api-21-x86-64-clang-libcxx-Release/CMakeFiles/CMakeTmp -ferror-limit 19 -fmessage-length 0 -fobjc-runtime=gcc -fexceptions -fdiagnostics-show-option -vectorize-loops -vectorize-slp -o CMakeFiles/cmTC_e58b8.dir/CMakeCCompilerABI.c.o -x c /usr/local/Cellar/cmake/3.21.4/share/cmake/Modules/CMakeCCompilerABI.c
clang -cc1 version 9.0.8 based upon LLVM 9.0.8svn default target x86_64-apple-darwin20.6.0
ignoring nonexistent directory "/Users/dylanmarcus/SDKs/Android/ndk/21.0.6113669/toolchains/llvm/prebuilt/darwin-x86_64/bin/../sysroot/include"
#include "..." search starts here:
#include <...> search starts here:
 /Users/dylanmarcus/SDKs/Android/ndk/21.0.6113669/toolchains/llvm/prebuilt/darwin-x86_64/bin/../sysroot/usr/local/include
 /Users/dylanmarcus/SDKs/Android/ndk/21.0.6113669/toolchains/llvm/prebuilt/darwin-x86_64/lib64/clang/9.0.8/include
 /Users/dylanmarcus/SDKs/Android/ndk/21.0.6113669/toolchains/llvm/prebuilt/darwin-x86_64/bin/../sysroot/usr/include/x86_64-linux-android
 /Users/dylanmarcus/SDKs/Android/ndk/21.0.6113669/toolchains/llvm/prebuilt/darwin-x86_64/bin/../sysroot/usr/include
End of search list.
Linking C executable cmTC_e58b8
/usr/local/Cellar/cmake/3.21.4/bin/cmake -E cmake_link_script CMakeFiles/cmTC_e58b8.dir/link.txt --verbose=1
/Users/dylanmarcus/SDKs/Android/ndk/21.0.6113669/toolchains/llvm/prebuilt/darwin-x86_64/bin/clang --target=x86_64-none-linux-android21 -funwind-tables -no-canonical-prefixes -fexceptions  -O2 -g -DNDEBUG -Wl,--gc-sections -Wl,-z,nocopyreloc -L/usr/local/opt/libffi/lib -v -fPIE -pie CMakeFiles/cmTC_e58b8.dir/CMakeCCompilerABI.c.o -o cmTC_e58b8   -latomic -lm 
Android (5900059 based on r365631c) clang version 9.0.8 (https://android.googlesource.com/toolchain/llvm-project 207d7abc1a2abf3ef8d4301736d6a7ebc224a290) (based on LLVM 9.0.8svn)
Target: x86_64-none-linux-android21
Thread model: posix
InstalledDir: /Users/dylanmarcus/SDKs/Android/ndk/21.0.6113669/toolchains/llvm/prebuilt/darwin-x86_64/bin
Found candidate GCC installation: /Users/dylanmarcus/SDKs/Android/ndk/21.0.6113669/toolchains/llvm/prebuilt/darwin-x86_64/bin/../lib/gcc/i686-linux-android/4.9.x
Found candidate GCC installation: /Users/dylanmarcus/SDKs/Android/ndk/21.0.6113669/toolchains/llvm/prebuilt/darwin-x86_64/bin/../lib/gcc/x86_64-linux-android/4.9.x
Selected GCC installation: /Users/dylanmarcus/SDKs/Android/ndk/21.0.6113669/toolchains/llvm/prebuilt/darwin-x86_64/bin/../lib/gcc/x86_64-linux-android/4.9.x
Candidate multilib: .;@m64
Selected multilib: .;@m64
 "/Users/dylanmarcus/SDKs/Android/ndk/21.0.6113669/toolchains/llvm/prebuilt/darwin-x86_64/bin/../lib/gcc/x86_64-linux-android/4.9.x/../../../../x86_64-linux-android/bin/ld" -pie -z noexecstack --warn-shared-textrel -z now -z relro --hash-style=both --enable-new-dtags --eh-frame-hdr -m elf_x86_64 -dynamic-linker /system/bin/linker64 -o cmTC_e58b8 /Users/dylanmarcus/SDKs/Android/ndk/21.0.6113669/toolchains/llvm/prebuilt/darwin-x86_64/bin/../sysroot/usr/lib/x86_64-linux-android/21/crtbegin_dynamic.o -L/usr/local/opt/libffi/lib -L/Users/dylanmarcus/SDKs/Android/ndk/21.0.6113669/toolchains/llvm/prebuilt/darwin-x86_64/lib64/clang/9.0.8/lib/linux/x86_64 -L/Users/dylanmarcus/SDKs/Android/ndk/21.0.6113669/toolchains/llvm/prebuilt/darwin-x86_64/bin/../lib/gcc/x86_64-linux-android/4.9.x -L/Users/dylanmarcus/SDKs/Android/ndk/21.0.6113669/toolchains/llvm/prebuilt/darwin-x86_64/bin/../lib/gcc/x86_64-linux-android/4.9.x/../../../../x86_64-linux-android/lib/../lib64 -L/Users/dylanmarcus/SDKs/Android/ndk/21.0.6113669/toolchains/llvm/prebuilt/darwin-x86_64/bin/../sysroot/usr/lib/x86_64-linux-android/21 -L/Users/dylanmarcus/SDKs/Android/ndk/21.0.6113669/toolchains/llvm/prebuilt/darwin-x86_64/bin/../sysroot/usr/lib/x86_64-linux-android -L/Users/dylanmarcus/SDKs/Android/ndk/21.0.6113669/toolchains/llvm/prebuilt/darwin-x86_64/bin/../lib/gcc/x86_64-linux-android/4.9.x/../../../../x86_64-linux-android/lib -L/Users/dylanmarcus/SDKs/Android/ndk/21.0.6113669/toolchains/llvm/prebuilt/darwin-x86_64/bin/../sysroot/usr/lib --gc-sections -z nocopyreloc CMakeFiles/cmTC_e58b8.dir/CMakeCCompilerABI.c.o -latomic -lm -lgcc -ldl -lc -lgcc -ldl /Users/dylanmarcus/SDKs/Android/ndk/21.0.6113669/toolchains/llvm/prebuilt/darwin-x86_64/bin/../sysroot/usr/lib/x86_64-linux-android/21/crtend_android.o



Parsed C implicit include dir info from above output: rv=done
  found start of include info
  found start of implicit include info
    add: [/Users/dylanmarcus/SDKs/Android/ndk/21.0.6113669/toolchains/llvm/prebuilt/darwin-x86_64/bin/../sysroot/usr/local/include]
    add: [/Users/dylanmarcus/SDKs/Android/ndk/21.0.6113669/toolchains/llvm/prebuilt/darwin-x86_64/lib64/clang/9.0.8/include]
    add: [/Users/dylanmarcus/SDKs/Android/ndk/21.0.6113669/toolchains/llvm/prebuilt/darwin-x86_64/bin/../sysroot/usr/include/x86_64-linux-android]
    add: [/Users/dylanmarcus/SDKs/Android/ndk/21.0.6113669/toolchains/llvm/prebuilt/darwin-x86_64/bin/../sysroot/usr/include]
  end of search list found
  collapse include dir [/Users/dylanmarcus/SDKs/Android/ndk/21.0.6113669/toolchains/llvm/prebuilt/darwin-x86_64/bin/../sysroot/usr/local/include] ==> [/Users/dylanmarcus/SDKs/Android/ndk/21.0.6113669/toolchains/llvm/prebuilt/darwin-x86_64/sysroot/usr/local/include]
  collapse include dir [/Users/dylanmarcus/SDKs/Android/ndk/21.0.6113669/toolchains/llvm/prebuilt/darwin-x86_64/lib64/clang/9.0.8/include] ==> [/Users/dylanmarcus/SDKs/Android/ndk/21.0.6113669/toolchains/llvm/prebuilt/darwin-x86_64/lib64/clang/9.0.8/include]
  collapse include dir [/Users/dylanmarcus/SDKs/Android/ndk/21.0.6113669/toolchains/llvm/prebuilt/darwin-x86_64/bin/../sysroot/usr/include/x86_64-linux-android] ==> [/Users/dylanmarcus/SDKs/Android/ndk/21.0.6113669/toolchains/llvm/prebuilt/darwin-x86_64/sysroot/usr/include/x86_64-linux-android]
  collapse include dir [/Users/dylanmarcus/SDKs/Android/ndk/21.0.6113669/toolchains/llvm/prebuilt/darwin-x86_64/bin/../sysroot/usr/include] ==> [/Users/dylanmarcus/SDKs/Android/ndk/21.0.6113669/toolchains/llvm/prebuilt/darwin-x86_64/sysroot/usr/include]
  implicit include dirs: [/Users/dylanmarcus/SDKs/Android/ndk/21.0.6113669/toolchains/llvm/prebuilt/darwin-x86_64/sysroot/usr/local/include;/Users/dylanmarcus/SDKs/Android/ndk/21.0.6113669/toolchains/llvm/prebuilt/darwin-x86_64/lib64/clang/9.0.8/include;/Users/dylanmarcus/SDKs/Android/ndk/21.0.6113669/toolchains/llvm/prebuilt/darwin-x86_64/sysroot/usr/include/x86_64-linux-android;/Users/dylanmarcus/SDKs/Android/ndk/21.0.6113669/toolchains/llvm/prebuilt/darwin-x86_64/sysroot/usr/include]


Parsed C implicit link information from above output:
  link line regex: [^( *|.*[/\])(ld\.lld|CMAKE_LINK_STARTFILE-NOTFOUND|([^/\]+-)?ld|collect2)[^/\]*( |$)]
  ignore line: [Change Dir: /Volumes/git/m1-sdk/lib/_builds/android-ndk-r16b-api-21-x86-64-clang-libcxx-Release/CMakeFiles/CMakeTmp]
  ignore line: []
  ignore line: [Run Build Command(s):/usr/bin/make -f Makefile cmTC_e58b8/fast && /Applications/Xcode.app/Contents/Developer/usr/bin/make  -f CMakeFiles/cmTC_e58b8.dir/build.make CMakeFiles/cmTC_e58b8.dir/build]
  ignore line: [Building C object CMakeFiles/cmTC_e58b8.dir/CMakeCCompilerABI.c.o]
  ignore line: [/Users/dylanmarcus/SDKs/Android/ndk/21.0.6113669/toolchains/llvm/prebuilt/darwin-x86_64/bin/clang --target=x86_64-none-linux-android21 -DANDROID  -funwind-tables -no-canonical-prefixes -fexceptions  -O2 -g -DNDEBUG -fPIE   -v -MD -MT CMakeFiles/cmTC_e58b8.dir/CMakeCCompilerABI.c.o -MF CMakeFiles/cmTC_e58b8.dir/CMakeCCompilerABI.c.o.d -o CMakeFiles/cmTC_e58b8.dir/CMakeCCompilerABI.c.o -c /usr/local/Cellar/cmake/3.21.4/share/cmake/Modules/CMakeCCompilerABI.c]
  ignore line: [Android (5900059 based on r365631c) clang version 9.0.8 (https://android.googlesource.com/toolchain/llvm-project 207d7abc1a2abf3ef8d4301736d6a7ebc224a290) (based on LLVM 9.0.8svn)]
  ignore line: [Target: x86_64-none-linux-android21]
  ignore line: [Thread model: posix]
  ignore line: [InstalledDir: /Users/dylanmarcus/SDKs/Android/ndk/21.0.6113669/toolchains/llvm/prebuilt/darwin-x86_64/bin]
  ignore line: [Found candidate GCC installation: /Users/dylanmarcus/SDKs/Android/ndk/21.0.6113669/toolchains/llvm/prebuilt/darwin-x86_64/bin/../lib/gcc/i686-linux-android/4.9.x]
  ignore line: [Found candidate GCC installation: /Users/dylanmarcus/SDKs/Android/ndk/21.0.6113669/toolchains/llvm/prebuilt/darwin-x86_64/bin/../lib/gcc/x86_64-linux-android/4.9.x]
  ignore line: [Selected GCC installation: /Users/dylanmarcus/SDKs/Android/ndk/21.0.6113669/toolchains/llvm/prebuilt/darwin-x86_64/bin/../lib/gcc/x86_64-linux-android/4.9.x]
  ignore line: [Candidate multilib: .]
  ignore line: [@m64]
  ignore line: [Selected multilib: .]
  ignore line: [@m64]
  ignore line: [ "/Users/dylanmarcus/SDKs/Android/ndk/21.0.6113669/toolchains/llvm/prebuilt/darwin-x86_64/bin/clang" -cc1 -triple x86_64-none-linux-android21 -emit-obj -mnoexecstack -disable-free -disable-llvm-verifier -discard-value-names -main-file-name CMakeCCompilerABI.c -mrelocation-model pic -pic-level 2 -pic-is-pie -mthread-model posix -masm-verbose -mconstructor-aliases -munwind-tables -fuse-init-array -target-cpu x86-64 -target-feature +sse4.2 -target-feature +popcnt -target-feature +cx16 -dwarf-column-info -debug-info-kind=limited -dwarf-version=4 -debugger-tuning=gdb -target-linker-version 241.9 -momit-leaf-frame-pointer -v -coverage-notes-file /Volumes/git/m1-sdk/lib/_builds/android-ndk-r16b-api-21-x86-64-clang-libcxx-Release/CMakeFiles/CMakeTmp/CMakeFiles/cmTC_e58b8.dir/CMakeCCompilerABI.c.gcno -resource-dir /Users/dylanmarcus/SDKs/Android/ndk/21.0.6113669/toolchains/llvm/prebuilt/darwin-x86_64/lib64/clang/9.0.8 -dependency-file CMakeFiles/cmTC_e58b8.dir/CMakeCCompilerABI.c.o.d -sys-header-deps -MT CMakeFiles/cmTC_e58b8.dir/CMakeCCompilerABI.c.o -D ANDROID -D NDEBUG -internal-isystem /Users/dylanmarcus/SDKs/Android/ndk/21.0.6113669/toolchains/llvm/prebuilt/darwin-x86_64/bin/../sysroot/usr/local/include -internal-isystem /Users/dylanmarcus/SDKs/Android/ndk/21.0.6113669/toolchains/llvm/prebuilt/darwin-x86_64/lib64/clang/9.0.8/include -internal-externc-isystem /Users/dylanmarcus/SDKs/Android/ndk/21.0.6113669/toolchains/llvm/prebuilt/darwin-x86_64/bin/../sysroot/usr/include/x86_64-linux-android -internal-externc-isystem /Users/dylanmarcus/SDKs/Android/ndk/21.0.6113669/toolchains/llvm/prebuilt/darwin-x86_64/bin/../sysroot/include -internal-externc-isystem /Users/dylanmarcus/SDKs/Android/ndk/21.0.6113669/toolchains/llvm/prebuilt/darwin-x86_64/bin/../sysroot/usr/include -O2 -fdebug-compilation-dir /Volumes/git/m1-sdk/lib/_builds/android-ndk-r16b-api-21-x86-64-clang-libcxx-Release/CMakeFiles/CMakeTmp -ferror-limit 19 -fmessage-length 0 -fobjc-runtime=gcc -fexceptions -fdiagnostics-show-option -vectorize-loops -vectorize-slp -o CMakeFiles/cmTC_e58b8.dir/CMakeCCompilerABI.c.o -x c /usr/local/Cellar/cmake/3.21.4/share/cmake/Modules/CMakeCCompilerABI.c]
  ignore line: [clang -cc1 version 9.0.8 based upon LLVM 9.0.8svn default target x86_64-apple-darwin20.6.0]
  ignore line: [ignoring nonexistent directory "/Users/dylanmarcus/SDKs/Android/ndk/21.0.6113669/toolchains/llvm/prebuilt/darwin-x86_64/bin/../sysroot/include"]
  ignore line: [#include "..." search starts here:]
  ignore line: [#include <...> search starts here:]
  ignore line: [ /Users/dylanmarcus/SDKs/Android/ndk/21.0.6113669/toolchains/llvm/prebuilt/darwin-x86_64/bin/../sysroot/usr/local/include]
  ignore line: [ /Users/dylanmarcus/SDKs/Android/ndk/21.0.6113669/toolchains/llvm/prebuilt/darwin-x86_64/lib64/clang/9.0.8/include]
  ignore line: [ /Users/dylanmarcus/SDKs/Android/ndk/21.0.6113669/toolchains/llvm/prebuilt/darwin-x86_64/bin/../sysroot/usr/include/x86_64-linux-android]
  ignore line: [ /Users/dylanmarcus/SDKs/Android/ndk/21.0.6113669/toolchains/llvm/prebuilt/darwin-x86_64/bin/../sysroot/usr/include]
  ignore line: [End of search list.]
  ignore line: [Linking C executable cmTC_e58b8]
  ignore line: [/usr/local/Cellar/cmake/3.21.4/bin/cmake -E cmake_link_script CMakeFiles/cmTC_e58b8.dir/link.txt --verbose=1]
  ignore line: [/Users/dylanmarcus/SDKs/Android/ndk/21.0.6113669/toolchains/llvm/prebuilt/darwin-x86_64/bin/clang --target=x86_64-none-linux-android21 -funwind-tables -no-canonical-prefixes -fexceptions  -O2 -g -DNDEBUG -Wl --gc-sections -Wl -z nocopyreloc -L/usr/local/opt/libffi/lib -v -fPIE -pie CMakeFiles/cmTC_e58b8.dir/CMakeCCompilerABI.c.o -o cmTC_e58b8   -latomic -lm ]
  ignore line: [Android (5900059 based on r365631c) clang version 9.0.8 (https://android.googlesource.com/toolchain/llvm-project 207d7abc1a2abf3ef8d4301736d6a7ebc224a290) (based on LLVM 9.0.8svn)]
  ignore line: [Target: x86_64-none-linux-android21]
  ignore line: [Thread model: posix]
  ignore line: [InstalledDir: /Users/dylanmarcus/SDKs/Android/ndk/21.0.6113669/toolchains/llvm/prebuilt/darwin-x86_64/bin]
  ignore line: [Found candidate GCC installation: /Users/dylanmarcus/SDKs/Android/ndk/21.0.6113669/toolchains/llvm/prebuilt/darwin-x86_64/bin/../lib/gcc/i686-linux-android/4.9.x]
  ignore line: [Found candidate GCC installation: /Users/dylanmarcus/SDKs/Android/ndk/21.0.6113669/toolchains/llvm/prebuilt/darwin-x86_64/bin/../lib/gcc/x86_64-linux-android/4.9.x]
  ignore line: [Selected GCC installation: /Users/dylanmarcus/SDKs/Android/ndk/21.0.6113669/toolchains/llvm/prebuilt/darwin-x86_64/bin/../lib/gcc/x86_64-linux-android/4.9.x]
  ignore line: [Candidate multilib: .]
  ignore line: [@m64]
  ignore line: [Selected multilib: .]
  ignore line: [@m64]
  link line: [ "/Users/dylanmarcus/SDKs/Android/ndk/21.0.6113669/toolchains/llvm/prebuilt/darwin-x86_64/bin/../lib/gcc/x86_64-linux-android/4.9.x/../../../../x86_64-linux-android/bin/ld" -pie -z noexecstack --warn-shared-textrel -z now -z relro --hash-style=both --enable-new-dtags --eh-frame-hdr -m elf_x86_64 -dynamic-linker /system/bin/linker64 -o cmTC_e58b8 /Users/dylanmarcus/SDKs/Android/ndk/21.0.6113669/toolchains/llvm/prebuilt/darwin-x86_64/bin/../sysroot/usr/lib/x86_64-linux-android/21/crtbegin_dynamic.o -L/usr/local/opt/libffi/lib -L/Users/dylanmarcus/SDKs/Android/ndk/21.0.6113669/toolchains/llvm/prebuilt/darwin-x86_64/lib64/clang/9.0.8/lib/linux/x86_64 -L/Users/dylanmarcus/SDKs/Android/ndk/21.0.6113669/toolchains/llvm/prebuilt/darwin-x86_64/bin/../lib/gcc/x86_64-linux-android/4.9.x -L/Users/dylanmarcus/SDKs/Android/ndk/21.0.6113669/toolchains/llvm/prebuilt/darwin-x86_64/bin/../lib/gcc/x86_64-linux-android/4.9.x/../../../../x86_64-linux-android/lib/../lib64 -L/Users/dylanmarcus/SDKs/Android/ndk/21.0.6113669/toolchains/llvm/prebuilt/darwin-x86_64/bin/../sysroot/usr/lib/x86_64-linux-android/21 -L/Users/dylanmarcus/SDKs/Android/ndk/21.0.6113669/toolchains/llvm/prebuilt/darwin-x86_64/bin/../sysroot/usr/lib/x86_64-linux-android -L/Users/dylanmarcus/SDKs/Android/ndk/21.0.6113669/toolchains/llvm/prebuilt/darwin-x86_64/bin/../lib/gcc/x86_64-linux-android/4.9.x/../../../../x86_64-linux-android/lib -L/Users/dylanmarcus/SDKs/Android/ndk/21.0.6113669/toolchains/llvm/prebuilt/darwin-x86_64/bin/../sysroot/usr/lib --gc-sections -z nocopyreloc CMakeFiles/cmTC_e58b8.dir/CMakeCCompilerABI.c.o -latomic -lm -lgcc -ldl -lc -lgcc -ldl /Users/dylanmarcus/SDKs/Android/ndk/21.0.6113669/toolchains/llvm/prebuilt/darwin-x86_64/bin/../sysroot/usr/lib/x86_64-linux-android/21/crtend_android.o]
    arg [/Users/dylanmarcus/SDKs/Android/ndk/21.0.6113669/toolchains/llvm/prebuilt/darwin-x86_64/bin/../lib/gcc/x86_64-linux-android/4.9.x/../../../../x86_64-linux-android/bin/ld] ==> ignore
    arg [-pie] ==> ignore
    arg [-znoexecstack] ==> ignore
    arg [--warn-shared-textrel] ==> ignore
    arg [-znow] ==> ignore
    arg [-zrelro] ==> ignore
    arg [--hash-style=both] ==> ignore
    arg [--enable-new-dtags] ==> ignore
    arg [--eh-frame-hdr] ==> ignore
    arg [-m] ==> ignore
    arg [elf_x86_64] ==> ignore
    arg [-dynamic-linker] ==> ignore
    arg [/system/bin/linker64] ==> ignore
    arg [-o] ==> ignore
    arg [cmTC_e58b8] ==> ignore
    arg [/Users/dylanmarcus/SDKs/Android/ndk/21.0.6113669/toolchains/llvm/prebuilt/darwin-x86_64/bin/../sysroot/usr/lib/x86_64-linux-android/21/crtbegin_dynamic.o] ==> obj [/Users/dylanmarcus/SDKs/Android/ndk/21.0.6113669/toolchains/llvm/prebuilt/darwin-x86_64/bin/../sysroot/usr/lib/x86_64-linux-android/21/crtbegin_dynamic.o]
    arg [-L/usr/local/opt/libffi/lib] ==> dir [/usr/local/opt/libffi/lib]
    arg [-L/Users/dylanmarcus/SDKs/Android/ndk/21.0.6113669/toolchains/llvm/prebuilt/darwin-x86_64/lib64/clang/9.0.8/lib/linux/x86_64] ==> dir [/Users/dylanmarcus/SDKs/Android/ndk/21.0.6113669/toolchains/llvm/prebuilt/darwin-x86_64/lib64/clang/9.0.8/lib/linux/x86_64]
    arg [-L/Users/dylanmarcus/SDKs/Android/ndk/21.0.6113669/toolchains/llvm/prebuilt/darwin-x86_64/bin/../lib/gcc/x86_64-linux-android/4.9.x] ==> dir [/Users/dylanmarcus/SDKs/Android/ndk/21.0.6113669/toolchains/llvm/prebuilt/darwin-x86_64/bin/../lib/gcc/x86_64-linux-android/4.9.x]
    arg [-L/Users/dylanmarcus/SDKs/Android/ndk/21.0.6113669/toolchains/llvm/prebuilt/darwin-x86_64/bin/../lib/gcc/x86_64-linux-android/4.9.x/../../../../x86_64-linux-android/lib/../lib64] ==> dir [/Users/dylanmarcus/SDKs/Android/ndk/21.0.6113669/toolchains/llvm/prebuilt/darwin-x86_64/bin/../lib/gcc/x86_64-linux-android/4.9.x/../../../../x86_64-linux-android/lib/../lib64]
    arg [-L/Users/dylanmarcus/SDKs/Android/ndk/21.0.6113669/toolchains/llvm/prebuilt/darwin-x86_64/bin/../sysroot/usr/lib/x86_64-linux-android/21] ==> dir [/Users/dylanmarcus/SDKs/Android/ndk/21.0.6113669/toolchains/llvm/prebuilt/darwin-x86_64/bin/../sysroot/usr/lib/x86_64-linux-android/21]
    arg [-L/Users/dylanmarcus/SDKs/Android/ndk/21.0.6113669/toolchains/llvm/prebuilt/darwin-x86_64/bin/../sysroot/usr/lib/x86_64-linux-android] ==> dir [/Users/dylanmarcus/SDKs/Android/ndk/21.0.6113669/toolchains/llvm/prebuilt/darwin-x86_64/bin/../sysroot/usr/lib/x86_64-linux-android]
    arg [-L/Users/dylanmarcus/SDKs/Android/ndk/21.0.6113669/toolchains/llvm/prebuilt/darwin-x86_64/bin/../lib/gcc/x86_64-linux-android/4.9.x/../../../../x86_64-linux-android/lib] ==> dir [/Users/dylanmarcus/SDKs/Android/ndk/21.0.6113669/toolchains/llvm/prebuilt/darwin-x86_64/bin/../lib/gcc/x86_64-linux-android/4.9.x/../../../../x86_64-linux-android/lib]
    arg [-L/Users/dylanmarcus/SDKs/Android/ndk/21.0.6113669/toolchains/llvm/prebuilt/darwin-x86_64/bin/../sysroot/usr/lib] ==> dir [/Users/dylanmarcus/SDKs/Android/ndk/21.0.6113669/toolchains/llvm/prebuilt/darwin-x86_64/bin/../sysroot/usr/lib]
    arg [--gc-sections] ==> ignore
    arg [-znocopyreloc] ==> ignore
    arg [CMakeFiles/cmTC_e58b8.dir/CMakeCCompilerABI.c.o] ==> ignore
    arg [-latomic] ==> lib [atomic]
    arg [-lm] ==> lib [m]
    arg [-lgcc] ==> lib [gcc]
    arg [-ldl] ==> lib [dl]
    arg [-lc] ==> lib [c]
    arg [-lgcc] ==> lib [gcc]
    arg [-ldl] ==> lib [dl]
    arg [/Users/dylanmarcus/SDKs/Android/ndk/21.0.6113669/toolchains/llvm/prebuilt/darwin-x86_64/bin/../sysroot/usr/lib/x86_64-linux-android/21/crtend_android.o] ==> obj [/Users/dylanmarcus/SDKs/Android/ndk/21.0.6113669/toolchains/llvm/prebuilt/darwin-x86_64/bin/../sysroot/usr/lib/x86_64-linux-android/21/crtend_android.o]
  collapse obj [/Users/dylanmarcus/SDKs/Android/ndk/21.0.6113669/toolchains/llvm/prebuilt/darwin-x86_64/bin/../sysroot/usr/lib/x86_64-linux-android/21/crtbegin_dynamic.o] ==> [/Users/dylanmarcus/SDKs/Android/ndk/21.0.6113669/toolchains/llvm/prebuilt/darwin-x86_64/sysroot/usr/lib/x86_64-linux-android/21/crtbegin_dynamic.o]
  collapse obj [/Users/dylanmarcus/SDKs/Android/ndk/21.0.6113669/toolchains/llvm/prebuilt/darwin-x86_64/bin/../sysroot/usr/lib/x86_64-linux-android/21/crtend_android.o] ==> [/Users/dylanmarcus/SDKs/Android/ndk/21.0.6113669/toolchains/llvm/prebuilt/darwin-x86_64/sysroot/usr/lib/x86_64-linux-android/21/crtend_android.o]
  collapse library dir [/usr/local/opt/libffi/lib] ==> [/usr/local/opt/libffi/lib]
  collapse library dir [/Users/dylanmarcus/SDKs/Android/ndk/21.0.6113669/toolchains/llvm/prebuilt/darwin-x86_64/lib64/clang/9.0.8/lib/linux/x86_64] ==> [/Users/dylanmarcus/SDKs/Android/ndk/21.0.6113669/toolchains/llvm/prebuilt/darwin-x86_64/lib64/clang/9.0.8/lib/linux/x86_64]
  collapse library dir [/Users/dylanmarcus/SDKs/Android/ndk/21.0.6113669/toolchains/llvm/prebuilt/darwin-x86_64/bin/../lib/gcc/x86_64-linux-android/4.9.x] ==> [/Users/dylanmarcus/SDKs/Android/ndk/21.0.6113669/toolchains/llvm/prebuilt/darwin-x86_64/lib/gcc/x86_64-linux-android/4.9.x]
  collapse library dir [/Users/dylanmarcus/SDKs/Android/ndk/21.0.6113669/toolchains/llvm/prebuilt/darwin-x86_64/bin/../lib/gcc/x86_64-linux-android/4.9.x/../../../../x86_64-linux-android/lib/../lib64] ==> [/Users/dylanmarcus/SDKs/Android/ndk/21.0.6113669/toolchains/llvm/prebuilt/darwin-x86_64/x86_64-linux-android/lib64]
  collapse library dir [/Users/dylanmarcus/SDKs/Android/ndk/21.0.6113669/toolchains/llvm/prebuilt/darwin-x86_64/bin/../sysroot/usr/lib/x86_64-linux-android/21] ==> [/Users/dylanmarcus/SDKs/Android/ndk/21.0.6113669/toolchains/llvm/prebuilt/darwin-x86_64/sysroot/usr/lib/x86_64-linux-android/21]
  collapse library dir [/Users/dylanmarcus/SDKs/Android/ndk/21.0.6113669/toolchains/llvm/prebuilt/darwin-x86_64/bin/../sysroot/usr/lib/x86_64-linux-android] ==> [/Users/dylanmarcus/SDKs/Android/ndk/21.0.6113669/toolchains/llvm/prebuilt/darwin-x86_64/sysroot/usr/lib/x86_64-linux-android]
  collapse library dir [/Users/dylanmarcus/SDKs/Android/ndk/21.0.6113669/toolchains/llvm/prebuilt/darwin-x86_64/bin/../lib/gcc/x86_64-linux-android/4.9.x/../../../../x86_64-linux-android/lib] ==> [/Users/dylanmarcus/SDKs/Android/ndk/21.0.6113669/toolchains/llvm/prebuilt/darwin-x86_64/x86_64-linux-android/lib]
  collapse library dir [/Users/dylanmarcus/SDKs/Android/ndk/21.0.6113669/toolchains/llvm/prebuilt/darwin-x86_64/bin/../sysroot/usr/lib] ==> [/Users/dylanmarcus/SDKs/Android/ndk/21.0.6113669/toolchains/llvm/prebuilt/darwin-x86_64/sysroot/usr/lib]
  implicit libs: [atomic;m;gcc;dl;c;gcc;dl]
  implicit objs: [/Users/dylanmarcus/SDKs/Android/ndk/21.0.6113669/toolchains/llvm/prebuilt/darwin-x86_64/sysroot/usr/lib/x86_64-linux-android/21/crtbegin_dynamic.o;/Users/dylanmarcus/SDKs/Android/ndk/21.0.6113669/toolchains/llvm/prebuilt/darwin-x86_64/sysroot/usr/lib/x86_64-linux-android/21/crtend_android.o]
  implicit dirs: [/usr/local/opt/libffi/lib;/Users/dylanmarcus/SDKs/Android/ndk/21.0.6113669/toolchains/llvm/prebuilt/darwin-x86_64/lib64/clang/9.0.8/lib/linux/x86_64;/Users/dylanmarcus/SDKs/Android/ndk/21.0.6113669/toolchains/llvm/prebuilt/darwin-x86_64/lib/gcc/x86_64-linux-android/4.9.x;/Users/dylanmarcus/SDKs/Android/ndk/21.0.6113669/toolchains/llvm/prebuilt/darwin-x86_64/x86_64-linux-android/lib64;/Users/dylanmarcus/SDKs/Android/ndk/21.0.6113669/toolchains/llvm/prebuilt/darwin-x86_64/sysroot/usr/lib/x86_64-linux-android/21;/Users/dylanmarcus/SDKs/Android/ndk/21.0.6113669/toolchains/llvm/prebuilt/darwin-x86_64/sysroot/usr/lib/x86_64-linux-android;/Users/dylanmarcus/SDKs/Android/ndk/21.0.6113669/toolchains/llvm/prebuilt/darwin-x86_64/x86_64-linux-android/lib;/Users/dylanmarcus/SDKs/Android/ndk/21.0.6113669/toolchains/llvm/prebuilt/darwin-x86_64/sysroot/usr/lib]
  implicit fwks: []


Detecting CXX compiler ABI info compiled with the following output:
Change Dir: /Volumes/git/m1-sdk/lib/_builds/android-ndk-r16b-api-21-x86-64-clang-libcxx-Release/CMakeFiles/CMakeTmp

Run Build Command(s):/usr/bin/make -f Makefile cmTC_8857b/fast && /Applications/Xcode.app/Contents/Developer/usr/bin/make  -f CMakeFiles/cmTC_8857b.dir/build.make CMakeFiles/cmTC_8857b.dir/build
Building CXX object CMakeFiles/cmTC_8857b.dir/CMakeCXXCompilerABI.cpp.o
/Users/dylanmarcus/SDKs/Android/ndk/21.0.6113669/toolchains/llvm/prebuilt/darwin-x86_64/bin/clang++ --target=x86_64-none-linux-android21 -DANDROID  -std=c++11   -funwind-tables -no-canonical-prefixes -fexceptions -frtti -stdlib=libc++  -O2 -g -DNDEBUG -fPIE   -v -std=c++11 -MD -MT CMakeFiles/cmTC_8857b.dir/CMakeCXXCompilerABI.cpp.o -MF CMakeFiles/cmTC_8857b.dir/CMakeCXXCompilerABI.cpp.o.d -o CMakeFiles/cmTC_8857b.dir/CMakeCXXCompilerABI.cpp.o -c /usr/local/Cellar/cmake/3.21.4/share/cmake/Modules/CMakeCXXCompilerABI.cpp
Android (5900059 based on r365631c) clang version 9.0.8 (https://android.googlesource.com/toolchain/llvm-project 207d7abc1a2abf3ef8d4301736d6a7ebc224a290) (based on LLVM 9.0.8svn)
Target: x86_64-none-linux-android21
Thread model: posix
InstalledDir: /Users/dylanmarcus/SDKs/Android/ndk/21.0.6113669/toolchains/llvm/prebuilt/darwin-x86_64/bin
Found candidate GCC installation: /Users/dylanmarcus/SDKs/Android/ndk/21.0.6113669/toolchains/llvm/prebuilt/darwin-x86_64/bin/../lib/gcc/i686-linux-android/4.9.x
Found candidate GCC installation: /Users/dylanmarcus/SDKs/Android/ndk/21.0.6113669/toolchains/llvm/prebuilt/darwin-x86_64/bin/../lib/gcc/x86_64-linux-android/4.9.x
Selected GCC installation: /Users/dylanmarcus/SDKs/Android/ndk/21.0.6113669/toolchains/llvm/prebuilt/darwin-x86_64/bin/../lib/gcc/x86_64-linux-android/4.9.x
Candidate multilib: .;@m64
Selected multilib: .;@m64
 "/Users/dylanmarcus/SDKs/Android/ndk/21.0.6113669/toolchains/llvm/prebuilt/darwin-x86_64/bin/clang++" -cc1 -triple x86_64-none-linux-android21 -emit-obj -mnoexecstack -disable-free -disable-llvm-verifier -discard-value-names -main-file-name CMakeCXXCompilerABI.cpp -mrelocation-model pic -pic-level 2 -pic-is-pie -mthread-model posix -masm-verbose -mconstructor-aliases -munwind-tables -fuse-init-array -target-cpu x86-64 -target-feature +sse4.2 -target-feature +popcnt -target-feature +cx16 -dwarf-column-info -debug-info-kind=limited -dwarf-version=4 -debugger-tuning=gdb -target-linker-version 241.9 -momit-leaf-frame-pointer -v -coverage-notes-file /Volumes/git/m1-sdk/lib/_builds/android-ndk-r16b-api-21-x86-64-clang-libcxx-Release/CMakeFiles/CMakeTmp/CMakeFiles/cmTC_8857b.dir/CMakeCXXCompilerABI.cpp.gcno -resource-dir /Users/dylanmarcus/SDKs/Android/ndk/21.0.6113669/toolchains/llvm/prebuilt/darwin-x86_64/lib64/clang/9.0.8 -dependency-file CMakeFiles/cmTC_8857b.dir/CMakeCXXCompilerABI.cpp.o.d -sys-header-deps -MT CMakeFiles/cmTC_8857b.dir/CMakeCXXCompilerABI.cpp.o -D ANDROID -D NDEBUG -internal-isystem /Users/dylanmarcus/SDKs/Android/ndk/21.0.6113669/toolchains/llvm/prebuilt/darwin-x86_64/bin/../sysroot/usr/include/c++/v1 -internal-isystem /Users/dylanmarcus/SDKs/Android/ndk/21.0.6113669/toolchains/llvm/prebuilt/darwin-x86_64/bin/../sysroot/usr/local/include -internal-isystem /Users/dylanmarcus/SDKs/Android/ndk/21.0.6113669/toolchains/llvm/prebuilt/darwin-x86_64/lib64/clang/9.0.8/include -internal-externc-isystem /Users/dylanmarcus/SDKs/Android/ndk/21.0.6113669/toolchains/llvm/prebuilt/darwin-x86_64/bin/../sysroot/usr/include/x86_64-linux-android -internal-externc-isystem /Users/dylanmarcus/SDKs/Android/ndk/21.0.6113669/toolchains/llvm/prebuilt/darwin-x86_64/bin/../sysroot/include -internal-externc-isystem /Users/dylanmarcus/SDKs/Android/ndk/21.0.6113669/toolchains/llvm/prebuilt/darwin-x86_64/bin/../sysroot/usr/include -O2 -std=c++11 -fdeprecated-macro -fdebug-compilation-dir /Volumes/git/m1-sdk/lib/_builds/android-ndk-r16b-api-21-x86-64-clang-libcxx-Release/CMakeFiles/CMakeTmp -ferror-limit 19 -fmessage-length 0 -fobjc-runtime=gcc -fcxx-exceptions -fexceptions -fdiagnostics-show-option -vectorize-loops -vectorize-slp -o CMakeFiles/cmTC_8857b.dir/CMakeCXXCompilerABI.cpp.o -x c++ /usr/local/Cellar/cmake/3.21.4/share/cmake/Modules/CMakeCXXCompilerABI.cpp
clang -cc1 version 9.0.8 based upon LLVM 9.0.8svn default target x86_64-apple-darwin20.6.0
ignoring nonexistent directory "/Users/dylanmarcus/SDKs/Android/ndk/21.0.6113669/toolchains/llvm/prebuilt/darwin-x86_64/bin/../sysroot/include"
#include "..." search starts here:
#include <...> search starts here:
 /Users/dylanmarcus/SDKs/Android/ndk/21.0.6113669/toolchains/llvm/prebuilt/darwin-x86_64/bin/../sysroot/usr/include/c++/v1
 /Users/dylanmarcus/SDKs/Android/ndk/21.0.6113669/toolchains/llvm/prebuilt/darwin-x86_64/bin/../sysroot/usr/local/include
 /Users/dylanmarcus/SDKs/Android/ndk/21.0.6113669/toolchains/llvm/prebuilt/darwin-x86_64/lib64/clang/9.0.8/include
 /Users/dylanmarcus/SDKs/Android/ndk/21.0.6113669/toolchains/llvm/prebuilt/darwin-x86_64/bin/../sysroot/usr/include/x86_64-linux-android
 /Users/dylanmarcus/SDKs/Android/ndk/21.0.6113669/toolchains/llvm/prebuilt/darwin-x86_64/bin/../sysroot/usr/include
End of search list.
Linking CXX executable cmTC_8857b
/usr/local/Cellar/cmake/3.21.4/bin/cmake -E cmake_link_script CMakeFiles/cmTC_8857b.dir/link.txt --verbose=1
/Users/dylanmarcus/SDKs/Android/ndk/21.0.6113669/toolchains/llvm/prebuilt/darwin-x86_64/bin/clang++ --target=x86_64-none-linux-android21 -std=c++11   -funwind-tables -no-canonical-prefixes -fexceptions -frtti -stdlib=libc++  -O2 -g -DNDEBUG -Wl,--gc-sections -Wl,-z,nocopyreloc -L/usr/local/opt/libffi/lib -v -fPIE -pie CMakeFiles/cmTC_8857b.dir/CMakeCXXCompilerABI.cpp.o -o cmTC_8857b   -static-libstdc++ -latomic -lm 
Android (5900059 based on r365631c) clang version 9.0.8 (https://android.googlesource.com/toolchain/llvm-project 207d7abc1a2abf3ef8d4301736d6a7ebc224a290) (based on LLVM 9.0.8svn)
Target: x86_64-none-linux-android21
Thread model: posix
InstalledDir: /Users/dylanmarcus/SDKs/Android/ndk/21.0.6113669/toolchains/llvm/prebuilt/darwin-x86_64/bin
Found candidate GCC installation: /Users/dylanmarcus/SDKs/Android/ndk/21.0.6113669/toolchains/llvm/prebuilt/darwin-x86_64/bin/../lib/gcc/i686-linux-android/4.9.x
Found candidate GCC installation: /Users/dylanmarcus/SDKs/Android/ndk/21.0.6113669/toolchains/llvm/prebuilt/darwin-x86_64/bin/../lib/gcc/x86_64-linux-android/4.9.x
Selected GCC installation: /Users/dylanmarcus/SDKs/Android/ndk/21.0.6113669/toolchains/llvm/prebuilt/darwin-x86_64/bin/../lib/gcc/x86_64-linux-android/4.9.x
Candidate multilib: .;@m64
Selected multilib: .;@m64
 "/Users/dylanmarcus/SDKs/Android/ndk/21.0.6113669/toolchains/llvm/prebuilt/darwin-x86_64/bin/../lib/gcc/x86_64-linux-android/4.9.x/../../../../x86_64-linux-android/bin/ld" -pie -z noexecstack --warn-shared-textrel -z now -z relro --hash-style=both --enable-new-dtags --eh-frame-hdr -m elf_x86_64 -dynamic-linker /system/bin/linker64 -o cmTC_8857b /Users/dylanmarcus/SDKs/Android/ndk/21.0.6113669/toolchains/llvm/prebuilt/darwin-x86_64/bin/../sysroot/usr/lib/x86_64-linux-android/21/crtbegin_dynamic.o -L/usr/local/opt/libffi/lib -L/Users/dylanmarcus/SDKs/Android/ndk/21.0.6113669/toolchains/llvm/prebuilt/darwin-x86_64/lib64/clang/9.0.8/lib/linux/x86_64 -L/Users/dylanmarcus/SDKs/Android/ndk/21.0.6113669/toolchains/llvm/prebuilt/darwin-x86_64/bin/../lib/gcc/x86_64-linux-android/4.9.x -L/Users/dylanmarcus/SDKs/Android/ndk/21.0.6113669/toolchains/llvm/prebuilt/darwin-x86_64/bin/../lib/gcc/x86_64-linux-android/4.9.x/../../../../x86_64-linux-android/lib/../lib64 -L/Users/dylanmarcus/SDKs/Android/ndk/21.0.6113669/toolchains/llvm/prebuilt/darwin-x86_64/bin/../sysroot/usr/lib/x86_64-linux-android/21 -L/Users/dylanmarcus/SDKs/Android/ndk/21.0.6113669/toolchains/llvm/prebuilt/darwin-x86_64/bin/../sysroot/usr/lib/x86_64-linux-android -L/Users/dylanmarcus/SDKs/Android/ndk/21.0.6113669/toolchains/llvm/prebuilt/darwin-x86_64/bin/../lib/gcc/x86_64-linux-android/4.9.x/../../../../x86_64-linux-android/lib -L/Users/dylanmarcus/SDKs/Android/ndk/21.0.6113669/toolchains/llvm/prebuilt/darwin-x86_64/bin/../sysroot/usr/lib --gc-sections -z nocopyreloc CMakeFiles/cmTC_8857b.dir/CMakeCXXCompilerABI.cpp.o -latomic -lm -Bstatic -lc++ -Bdynamic -lm -lgcc -ldl -lc -lgcc -ldl /Users/dylanmarcus/SDKs/Android/ndk/21.0.6113669/toolchains/llvm/prebuilt/darwin-x86_64/bin/../sysroot/usr/lib/x86_64-linux-android/21/crtend_android.o



Parsed CXX implicit include dir info from above output: rv=done
  found start of include info
  found start of implicit include info
    add: [/Users/dylanmarcus/SDKs/Android/ndk/21.0.6113669/toolchains/llvm/prebuilt/darwin-x86_64/bin/../sysroot/usr/include/c++/v1]
    add: [/Users/dylanmarcus/SDKs/Android/ndk/21.0.6113669/toolchains/llvm/prebuilt/darwin-x86_64/bin/../sysroot/usr/local/include]
    add: [/Users/dylanmarcus/SDKs/Android/ndk/21.0.6113669/toolchains/llvm/prebuilt/darwin-x86_64/lib64/clang/9.0.8/include]
    add: [/Users/dylanmarcus/SDKs/Android/ndk/21.0.6113669/toolchains/llvm/prebuilt/darwin-x86_64/bin/../sysroot/usr/include/x86_64-linux-android]
    add: [/Users/dylanmarcus/SDKs/Android/ndk/21.0.6113669/toolchains/llvm/prebuilt/darwin-x86_64/bin/../sysroot/usr/include]
  end of search list found
  collapse include dir [/Users/dylanmarcus/SDKs/Android/ndk/21.0.6113669/toolchains/llvm/prebuilt/darwin-x86_64/bin/../sysroot/usr/include/c++/v1] ==> [/Users/dylanmarcus/SDKs/Android/ndk/21.0.6113669/toolchains/llvm/prebuilt/darwin-x86_64/sysroot/usr/include/c++/v1]
  collapse include dir [/Users/dylanmarcus/SDKs/Android/ndk/21.0.6113669/toolchains/llvm/prebuilt/darwin-x86_64/bin/../sysroot/usr/local/include] ==> [/Users/dylanmarcus/SDKs/Android/ndk/21.0.6113669/toolchains/llvm/prebuilt/darwin-x86_64/sysroot/usr/local/include]
  collapse include dir [/Users/dylanmarcus/SDKs/Android/ndk/21.0.6113669/toolchains/llvm/prebuilt/darwin-x86_64/lib64/clang/9.0.8/include] ==> [/Users/dylanmarcus/SDKs/Android/ndk/21.0.6113669/toolchains/llvm/prebuilt/darwin-x86_64/lib64/clang/9.0.8/include]
  collapse include dir [/Users/dylanmarcus/SDKs/Android/ndk/21.0.6113669/toolchains/llvm/prebuilt/darwin-x86_64/bin/../sysroot/usr/include/x86_64-linux-android] ==> [/Users/dylanmarcus/SDKs/Android/ndk/21.0.6113669/toolchains/llvm/prebuilt/darwin-x86_64/sysroot/usr/include/x86_64-linux-android]
  collapse include dir [/Users/dylanmarcus/SDKs/Android/ndk/21.0.6113669/toolchains/llvm/prebuilt/darwin-x86_64/bin/../sysroot/usr/include] ==> [/Users/dylanmarcus/SDKs/Android/ndk/21.0.6113669/toolchains/llvm/prebuilt/darwin-x86_64/sysroot/usr/include]
  implicit include dirs: [/Users/dylanmarcus/SDKs/Android/ndk/21.0.6113669/toolchains/llvm/prebuilt/darwin-x86_64/sysroot/usr/include/c++/v1;/Users/dylanmarcus/SDKs/Android/ndk/21.0.6113669/toolchains/llvm/prebuilt/darwin-x86_64/sysroot/usr/local/include;/Users/dylanmarcus/SDKs/Android/ndk/21.0.6113669/toolchains/llvm/prebuilt/darwin-x86_64/lib64/clang/9.0.8/include;/Users/dylanmarcus/SDKs/Android/ndk/21.0.6113669/toolchains/llvm/prebuilt/darwin-x86_64/sysroot/usr/include/x86_64-linux-android;/Users/dylanmarcus/SDKs/Android/ndk/21.0.6113669/toolchains/llvm/prebuilt/darwin-x86_64/sysroot/usr/include]


Parsed CXX implicit link information from above output:
  link line regex: [^( *|.*[/\])(ld\.lld|CMAKE_LINK_STARTFILE-NOTFOUND|([^/\]+-)?ld|collect2)[^/\]*( |$)]
  ignore line: [Change Dir: /Volumes/git/m1-sdk/lib/_builds/android-ndk-r16b-api-21-x86-64-clang-libcxx-Release/CMakeFiles/CMakeTmp]
  ignore line: []
  ignore line: [Run Build Command(s):/usr/bin/make -f Makefile cmTC_8857b/fast && /Applications/Xcode.app/Contents/Developer/usr/bin/make  -f CMakeFiles/cmTC_8857b.dir/build.make CMakeFiles/cmTC_8857b.dir/build]
  ignore line: [Building CXX object CMakeFiles/cmTC_8857b.dir/CMakeCXXCompilerABI.cpp.o]
  ignore line: [/Users/dylanmarcus/SDKs/Android/ndk/21.0.6113669/toolchains/llvm/prebuilt/darwin-x86_64/bin/clang++ --target=x86_64-none-linux-android21 -DANDROID  -std=c++11   -funwind-tables -no-canonical-prefixes -fexceptions -frtti -stdlib=libc++  -O2 -g -DNDEBUG -fPIE   -v -std=c++11 -MD -MT CMakeFiles/cmTC_8857b.dir/CMakeCXXCompilerABI.cpp.o -MF CMakeFiles/cmTC_8857b.dir/CMakeCXXCompilerABI.cpp.o.d -o CMakeFiles/cmTC_8857b.dir/CMakeCXXCompilerABI.cpp.o -c /usr/local/Cellar/cmake/3.21.4/share/cmake/Modules/CMakeCXXCompilerABI.cpp]
  ignore line: [Android (5900059 based on r365631c) clang version 9.0.8 (https://android.googlesource.com/toolchain/llvm-project 207d7abc1a2abf3ef8d4301736d6a7ebc224a290) (based on LLVM 9.0.8svn)]
  ignore line: [Target: x86_64-none-linux-android21]
  ignore line: [Thread model: posix]
  ignore line: [InstalledDir: /Users/dylanmarcus/SDKs/Android/ndk/21.0.6113669/toolchains/llvm/prebuilt/darwin-x86_64/bin]
  ignore line: [Found candidate GCC installation: /Users/dylanmarcus/SDKs/Android/ndk/21.0.6113669/toolchains/llvm/prebuilt/darwin-x86_64/bin/../lib/gcc/i686-linux-android/4.9.x]
  ignore line: [Found candidate GCC installation: /Users/dylanmarcus/SDKs/Android/ndk/21.0.6113669/toolchains/llvm/prebuilt/darwin-x86_64/bin/../lib/gcc/x86_64-linux-android/4.9.x]
  ignore line: [Selected GCC installation: /Users/dylanmarcus/SDKs/Android/ndk/21.0.6113669/toolchains/llvm/prebuilt/darwin-x86_64/bin/../lib/gcc/x86_64-linux-android/4.9.x]
  ignore line: [Candidate multilib: .]
  ignore line: [@m64]
  ignore line: [Selected multilib: .]
  ignore line: [@m64]
  ignore line: [ "/Users/dylanmarcus/SDKs/Android/ndk/21.0.6113669/toolchains/llvm/prebuilt/darwin-x86_64/bin/clang++" -cc1 -triple x86_64-none-linux-android21 -emit-obj -mnoexecstack -disable-free -disable-llvm-verifier -discard-value-names -main-file-name CMakeCXXCompilerABI.cpp -mrelocation-model pic -pic-level 2 -pic-is-pie -mthread-model posix -masm-verbose -mconstructor-aliases -munwind-tables -fuse-init-array -target-cpu x86-64 -target-feature +sse4.2 -target-feature +popcnt -target-feature +cx16 -dwarf-column-info -debug-info-kind=limited -dwarf-version=4 -debugger-tuning=gdb -target-linker-version 241.9 -momit-leaf-frame-pointer -v -coverage-notes-file /Volumes/git/m1-sdk/lib/_builds/android-ndk-r16b-api-21-x86-64-clang-libcxx-Release/CMakeFiles/CMakeTmp/CMakeFiles/cmTC_8857b.dir/CMakeCXXCompilerABI.cpp.gcno -resource-dir /Users/dylanmarcus/SDKs/Android/ndk/21.0.6113669/toolchains/llvm/prebuilt/darwin-x86_64/lib64/clang/9.0.8 -dependency-file CMakeFiles/cmTC_8857b.dir/CMakeCXXCompilerABI.cpp.o.d -sys-header-deps -MT CMakeFiles/cmTC_8857b.dir/CMakeCXXCompilerABI.cpp.o -D ANDROID -D NDEBUG -internal-isystem /Users/dylanmarcus/SDKs/Android/ndk/21.0.6113669/toolchains/llvm/prebuilt/darwin-x86_64/bin/../sysroot/usr/include/c++/v1 -internal-isystem /Users/dylanmarcus/SDKs/Android/ndk/21.0.6113669/toolchains/llvm/prebuilt/darwin-x86_64/bin/../sysroot/usr/local/include -internal-isystem /Users/dylanmarcus/SDKs/Android/ndk/21.0.6113669/toolchains/llvm/prebuilt/darwin-x86_64/lib64/clang/9.0.8/include -internal-externc-isystem /Users/dylanmarcus/SDKs/Android/ndk/21.0.6113669/toolchains/llvm/prebuilt/darwin-x86_64/bin/../sysroot/usr/include/x86_64-linux-android -internal-externc-isystem /Users/dylanmarcus/SDKs/Android/ndk/21.0.6113669/toolchains/llvm/prebuilt/darwin-x86_64/bin/../sysroot/include -internal-externc-isystem /Users/dylanmarcus/SDKs/Android/ndk/21.0.6113669/toolchains/llvm/prebuilt/darwin-x86_64/bin/../sysroot/usr/include -O2 -std=c++11 -fdeprecated-macro -fdebug-compilation-dir /Volumes/git/m1-sdk/lib/_builds/android-ndk-r16b-api-21-x86-64-clang-libcxx-Release/CMakeFiles/CMakeTmp -ferror-limit 19 -fmessage-length 0 -fobjc-runtime=gcc -fcxx-exceptions -fexceptions -fdiagnostics-show-option -vectorize-loops -vectorize-slp -o CMakeFiles/cmTC_8857b.dir/CMakeCXXCompilerABI.cpp.o -x c++ /usr/local/Cellar/cmake/3.21.4/share/cmake/Modules/CMakeCXXCompilerABI.cpp]
  ignore line: [clang -cc1 version 9.0.8 based upon LLVM 9.0.8svn default target x86_64-apple-darwin20.6.0]
  ignore line: [ignoring nonexistent directory "/Users/dylanmarcus/SDKs/Android/ndk/21.0.6113669/toolchains/llvm/prebuilt/darwin-x86_64/bin/../sysroot/include"]
  ignore line: [#include "..." search starts here:]
  ignore line: [#include <...> search starts here:]
  ignore line: [ /Users/dylanmarcus/SDKs/Android/ndk/21.0.6113669/toolchains/llvm/prebuilt/darwin-x86_64/bin/../sysroot/usr/include/c++/v1]
  ignore line: [ /Users/dylanmarcus/SDKs/Android/ndk/21.0.6113669/toolchains/llvm/prebuilt/darwin-x86_64/bin/../sysroot/usr/local/include]
  ignore line: [ /Users/dylanmarcus/SDKs/Android/ndk/21.0.6113669/toolchains/llvm/prebuilt/darwin-x86_64/lib64/clang/9.0.8/include]
  ignore line: [ /Users/dylanmarcus/SDKs/Android/ndk/21.0.6113669/toolchains/llvm/prebuilt/darwin-x86_64/bin/../sysroot/usr/include/x86_64-linux-android]
  ignore line: [ /Users/dylanmarcus/SDKs/Android/ndk/21.0.6113669/toolchains/llvm/prebuilt/darwin-x86_64/bin/../sysroot/usr/include]
  ignore line: [End of search list.]
  ignore line: [Linking CXX executable cmTC_8857b]
  ignore line: [/usr/local/Cellar/cmake/3.21.4/bin/cmake -E cmake_link_script CMakeFiles/cmTC_8857b.dir/link.txt --verbose=1]
  ignore line: [/Users/dylanmarcus/SDKs/Android/ndk/21.0.6113669/toolchains/llvm/prebuilt/darwin-x86_64/bin/clang++ --target=x86_64-none-linux-android21 -std=c++11   -funwind-tables -no-canonical-prefixes -fexceptions -frtti -stdlib=libc++  -O2 -g -DNDEBUG -Wl --gc-sections -Wl -z nocopyreloc -L/usr/local/opt/libffi/lib -v -fPIE -pie CMakeFiles/cmTC_8857b.dir/CMakeCXXCompilerABI.cpp.o -o cmTC_8857b   -static-libstdc++ -latomic -lm ]
  ignore line: [Android (5900059 based on r365631c) clang version 9.0.8 (https://android.googlesource.com/toolchain/llvm-project 207d7abc1a2abf3ef8d4301736d6a7ebc224a290) (based on LLVM 9.0.8svn)]
  ignore line: [Target: x86_64-none-linux-android21]
  ignore line: [Thread model: posix]
  ignore line: [InstalledDir: /Users/dylanmarcus/SDKs/Android/ndk/21.0.6113669/toolchains/llvm/prebuilt/darwin-x86_64/bin]
  ignore line: [Found candidate GCC installation: /Users/dylanmarcus/SDKs/Android/ndk/21.0.6113669/toolchains/llvm/prebuilt/darwin-x86_64/bin/../lib/gcc/i686-linux-android/4.9.x]
  ignore line: [Found candidate GCC installation: /Users/dylanmarcus/SDKs/Android/ndk/21.0.6113669/toolchains/llvm/prebuilt/darwin-x86_64/bin/../lib/gcc/x86_64-linux-android/4.9.x]
  ignore line: [Selected GCC installation: /Users/dylanmarcus/SDKs/Android/ndk/21.0.6113669/toolchains/llvm/prebuilt/darwin-x86_64/bin/../lib/gcc/x86_64-linux-android/4.9.x]
  ignore line: [Candidate multilib: .]
  ignore line: [@m64]
  ignore line: [Selected multilib: .]
  ignore line: [@m64]
  link line: [ "/Users/dylanmarcus/SDKs/Android/ndk/21.0.6113669/toolchains/llvm/prebuilt/darwin-x86_64/bin/../lib/gcc/x86_64-linux-android/4.9.x/../../../../x86_64-linux-android/bin/ld" -pie -z noexecstack --warn-shared-textrel -z now -z relro --hash-style=both --enable-new-dtags --eh-frame-hdr -m elf_x86_64 -dynamic-linker /system/bin/linker64 -o cmTC_8857b /Users/dylanmarcus/SDKs/Android/ndk/21.0.6113669/toolchains/llvm/prebuilt/darwin-x86_64/bin/../sysroot/usr/lib/x86_64-linux-android/21/crtbegin_dynamic.o -L/usr/local/opt/libffi/lib -L/Users/dylanmarcus/SDKs/Android/ndk/21.0.6113669/toolchains/llvm/prebuilt/darwin-x86_64/lib64/clang/9.0.8/lib/linux/x86_64 -L/Users/dylanmarcus/SDKs/Android/ndk/21.0.6113669/toolchains/llvm/prebuilt/darwin-x86_64/bin/../lib/gcc/x86_64-linux-android/4.9.x -L/Users/dylanmarcus/SDKs/Android/ndk/21.0.6113669/toolchains/llvm/prebuilt/darwin-x86_64/bin/../lib/gcc/x86_64-linux-android/4.9.x/../../../../x86_64-linux-android/lib/../lib64 -L/Users/dylanmarcus/SDKs/Android/ndk/21.0.6113669/toolchains/llvm/prebuilt/darwin-x86_64/bin/../sysroot/usr/lib/x86_64-linux-android/21 -L/Users/dylanmarcus/SDKs/Android/ndk/21.0.6113669/toolchains/llvm/prebuilt/darwin-x86_64/bin/../sysroot/usr/lib/x86_64-linux-android -L/Users/dylanmarcus/SDKs/Android/ndk/21.0.6113669/toolchains/llvm/prebuilt/darwin-x86_64/bin/../lib/gcc/x86_64-linux-android/4.9.x/../../../../x86_64-linux-android/lib -L/Users/dylanmarcus/SDKs/Android/ndk/21.0.6113669/toolchains/llvm/prebuilt/darwin-x86_64/bin/../sysroot/usr/lib --gc-sections -z nocopyreloc CMakeFiles/cmTC_8857b.dir/CMakeCXXCompilerABI.cpp.o -latomic -lm -Bstatic -lc++ -Bdynamic -lm -lgcc -ldl -lc -lgcc -ldl /Users/dylanmarcus/SDKs/Android/ndk/21.0.6113669/toolchains/llvm/prebuilt/darwin-x86_64/bin/../sysroot/usr/lib/x86_64-linux-android/21/crtend_android.o]
    arg [/Users/dylanmarcus/SDKs/Android/ndk/21.0.6113669/toolchains/llvm/prebuilt/darwin-x86_64/bin/../lib/gcc/x86_64-linux-android/4.9.x/../../../../x86_64-linux-android/bin/ld] ==> ignore
    arg [-pie] ==> ignore
    arg [-znoexecstack] ==> ignore
    arg [--warn-shared-textrel] ==> ignore
    arg [-znow] ==> ignore
    arg [-zrelro] ==> ignore
    arg [--hash-style=both] ==> ignore
    arg [--enable-new-dtags] ==> ignore
    arg [--eh-frame-hdr] ==> ignore
    arg [-m] ==> ignore
    arg [elf_x86_64] ==> ignore
    arg [-dynamic-linker] ==> ignore
    arg [/system/bin/linker64] ==> ignore
    arg [-o] ==> ignore
    arg [cmTC_8857b] ==> ignore
    arg [/Users/dylanmarcus/SDKs/Android/ndk/21.0.6113669/toolchains/llvm/prebuilt/darwin-x86_64/bin/../sysroot/usr/lib/x86_64-linux-android/21/crtbegin_dynamic.o] ==> obj [/Users/dylanmarcus/SDKs/Android/ndk/21.0.6113669/toolchains/llvm/prebuilt/darwin-x86_64/bin/../sysroot/usr/lib/x86_64-linux-android/21/crtbegin_dynamic.o]
    arg [-L/usr/local/opt/libffi/lib] ==> dir [/usr/local/opt/libffi/lib]
    arg [-L/Users/dylanmarcus/SDKs/Android/ndk/21.0.6113669/toolchains/llvm/prebuilt/darwin-x86_64/lib64/clang/9.0.8/lib/linux/x86_64] ==> dir [/Users/dylanmarcus/SDKs/Android/ndk/21.0.6113669/toolchains/llvm/prebuilt/darwin-x86_64/lib64/clang/9.0.8/lib/linux/x86_64]
    arg [-L/Users/dylanmarcus/SDKs/Android/ndk/21.0.6113669/toolchains/llvm/prebuilt/darwin-x86_64/bin/../lib/gcc/x86_64-linux-android/4.9.x] ==> dir [/Users/dylanmarcus/SDKs/Android/ndk/21.0.6113669/toolchains/llvm/prebuilt/darwin-x86_64/bin/../lib/gcc/x86_64-linux-android/4.9.x]
    arg [-L/Users/dylanmarcus/SDKs/Android/ndk/21.0.6113669/toolchains/llvm/prebuilt/darwin-x86_64/bin/../lib/gcc/x86_64-linux-android/4.9.x/../../../../x86_64-linux-android/lib/../lib64] ==> dir [/Users/dylanmarcus/SDKs/Android/ndk/21.0.6113669/toolchains/llvm/prebuilt/darwin-x86_64/bin/../lib/gcc/x86_64-linux-android/4.9.x/../../../../x86_64-linux-android/lib/../lib64]
    arg [-L/Users/dylanmarcus/SDKs/Android/ndk/21.0.6113669/toolchains/llvm/prebuilt/darwin-x86_64/bin/../sysroot/usr/lib/x86_64-linux-android/21] ==> dir [/Users/dylanmarcus/SDKs/Android/ndk/21.0.6113669/toolchains/llvm/prebuilt/darwin-x86_64/bin/../sysroot/usr/lib/x86_64-linux-android/21]
    arg [-L/Users/dylanmarcus/SDKs/Android/ndk/21.0.6113669/toolchains/llvm/prebuilt/darwin-x86_64/bin/../sysroot/usr/lib/x86_64-linux-android] ==> dir [/Users/dylanmarcus/SDKs/Android/ndk/21.0.6113669/toolchains/llvm/prebuilt/darwin-x86_64/bin/../sysroot/usr/lib/x86_64-linux-android]
    arg [-L/Users/dylanmarcus/SDKs/Android/ndk/21.0.6113669/toolchains/llvm/prebuilt/darwin-x86_64/bin/../lib/gcc/x86_64-linux-android/4.9.x/../../../../x86_64-linux-android/lib] ==> dir [/Users/dylanmarcus/SDKs/Android/ndk/21.0.6113669/toolchains/llvm/prebuilt/darwin-x86_64/bin/../lib/gcc/x86_64-linux-android/4.9.x/../../../../x86_64-linux-android/lib]
    arg [-L/Users/dylanmarcus/SDKs/Android/ndk/21.0.6113669/toolchains/llvm/prebuilt/darwin-x86_64/bin/../sysroot/usr/lib] ==> dir [/Users/dylanmarcus/SDKs/Android/ndk/21.0.6113669/toolchains/llvm/prebuilt/darwin-x86_64/bin/../sysroot/usr/lib]
    arg [--gc-sections] ==> ignore
    arg [-znocopyreloc] ==> ignore
    arg [CMakeFiles/cmTC_8857b.dir/CMakeCXXCompilerABI.cpp.o] ==> ignore
    arg [-latomic] ==> lib [atomic]
    arg [-lm] ==> lib [m]
    arg [-Bstatic] ==> search static
    arg [-lc++] ==> lib [c++]
    arg [-Bdynamic] ==> search dynamic
    arg [-lm] ==> lib [m]
    arg [-lgcc] ==> lib [gcc]
    arg [-ldl] ==> lib [dl]
    arg [-lc] ==> lib [c]
    arg [-lgcc] ==> lib [gcc]
    arg [-ldl] ==> lib [dl]
    arg [/Users/dylanmarcus/SDKs/Android/ndk/21.0.6113669/toolchains/llvm/prebuilt/darwin-x86_64/bin/../sysroot/usr/lib/x86_64-linux-android/21/crtend_android.o] ==> obj [/Users/dylanmarcus/SDKs/Android/ndk/21.0.6113669/toolchains/llvm/prebuilt/darwin-x86_64/bin/../sysroot/usr/lib/x86_64-linux-android/21/crtend_android.o]
  collapse obj [/Users/dylanmarcus/SDKs/Android/ndk/21.0.6113669/toolchains/llvm/prebuilt/darwin-x86_64/bin/../sysroot/usr/lib/x86_64-linux-android/21/crtbegin_dynamic.o] ==> [/Users/dylanmarcus/SDKs/Android/ndk/21.0.6113669/toolchains/llvm/prebuilt/darwin-x86_64/sysroot/usr/lib/x86_64-linux-android/21/crtbegin_dynamic.o]
  collapse obj [/Users/dylanmarcus/SDKs/Android/ndk/21.0.6113669/toolchains/llvm/prebuilt/darwin-x86_64/bin/../sysroot/usr/lib/x86_64-linux-android/21/crtend_android.o] ==> [/Users/dylanmarcus/SDKs/Android/ndk/21.0.6113669/toolchains/llvm/prebuilt/darwin-x86_64/sysroot/usr/lib/x86_64-linux-android/21/crtend_android.o]
  collapse library dir [/usr/local/opt/libffi/lib] ==> [/usr/local/opt/libffi/lib]
  collapse library dir [/Users/dylanmarcus/SDKs/Android/ndk/21.0.6113669/toolchains/llvm/prebuilt/darwin-x86_64/lib64/clang/9.0.8/lib/linux/x86_64] ==> [/Users/dylanmarcus/SDKs/Android/ndk/21.0.6113669/toolchains/llvm/prebuilt/darwin-x86_64/lib64/clang/9.0.8/lib/linux/x86_64]
  collapse library dir [/Users/dylanmarcus/SDKs/Android/ndk/21.0.6113669/toolchains/llvm/prebuilt/darwin-x86_64/bin/../lib/gcc/x86_64-linux-android/4.9.x] ==> [/Users/dylanmarcus/SDKs/Android/ndk/21.0.6113669/toolchains/llvm/prebuilt/darwin-x86_64/lib/gcc/x86_64-linux-android/4.9.x]
  collapse library dir [/Users/dylanmarcus/SDKs/Android/ndk/21.0.6113669/toolchains/llvm/prebuilt/darwin-x86_64/bin/../lib/gcc/x86_64-linux-android/4.9.x/../../../../x86_64-linux-android/lib/../lib64] ==> [/Users/dylanmarcus/SDKs/Android/ndk/21.0.6113669/toolchains/llvm/prebuilt/darwin-x86_64/x86_64-linux-android/lib64]
  collapse library dir [/Users/dylanmarcus/SDKs/Android/ndk/21.0.6113669/toolchains/llvm/prebuilt/darwin-x86_64/bin/../sysroot/usr/lib/x86_64-linux-android/21] ==> [/Users/dylanmarcus/SDKs/Android/ndk/21.0.6113669/toolchains/llvm/prebuilt/darwin-x86_64/sysroot/usr/lib/x86_64-linux-android/21]
  collapse library dir [/Users/dylanmarcus/SDKs/Android/ndk/21.0.6113669/toolchains/llvm/prebuilt/darwin-x86_64/bin/../sysroot/usr/lib/x86_64-linux-android] ==> [/Users/dylanmarcus/SDKs/Android/ndk/21.0.6113669/toolchains/llvm/prebuilt/darwin-x86_64/sysroot/usr/lib/x86_64-linux-android]
  collapse library dir [/Users/dylanmarcus/SDKs/Android/ndk/21.0.6113669/toolchains/llvm/prebuilt/darwin-x86_64/bin/../lib/gcc/x86_64-linux-android/4.9.x/../../../../x86_64-linux-android/lib] ==> [/Users/dylanmarcus/SDKs/Android/ndk/21.0.6113669/toolchains/llvm/prebuilt/darwin-x86_64/x86_64-linux-android/lib]
  collapse library dir [/Users/dylanmarcus/SDKs/Android/ndk/21.0.6113669/toolchains/llvm/prebuilt/darwin-x86_64/bin/../sysroot/usr/lib] ==> [/Users/dylanmarcus/SDKs/Android/ndk/21.0.6113669/toolchains/llvm/prebuilt/darwin-x86_64/sysroot/usr/lib]
  implicit libs: [atomic;m;c++;m;gcc;dl;c;gcc;dl]
  implicit objs: [/Users/dylanmarcus/SDKs/Android/ndk/21.0.6113669/toolchains/llvm/prebuilt/darwin-x86_64/sysroot/usr/lib/x86_64-linux-android/21/crtbegin_dynamic.o;/Users/dylanmarcus/SDKs/Android/ndk/21.0.6113669/toolchains/llvm/prebuilt/darwin-x86_64/sysroot/usr/lib/x86_64-linux-android/21/crtend_android.o]
  implicit dirs: [/usr/local/opt/libffi/lib;/Users/dylanmarcus/SDKs/Android/ndk/21.0.6113669/toolchains/llvm/prebuilt/darwin-x86_64/lib64/clang/9.0.8/lib/linux/x86_64;/Users/dylanmarcus/SDKs/Android/ndk/21.0.6113669/toolchains/llvm/prebuilt/darwin-x86_64/lib/gcc/x86_64-linux-android/4.9.x;/Users/dylanmarcus/SDKs/Android/ndk/21.0.6113669/toolchains/llvm/prebuilt/darwin-x86_64/x86_64-linux-android/lib64;/Users/dylanmarcus/SDKs/Android/ndk/21.0.6113669/toolchains/llvm/prebuilt/darwin-x86_64/sysroot/usr/lib/x86_64-linux-android/21;/Users/dylanmarcus/SDKs/Android/ndk/21.0.6113669/toolchains/llvm/prebuilt/darwin-x86_64/sysroot/usr/lib/x86_64-linux-android;/Users/dylanmarcus/SDKs/Android/ndk/21.0.6113669/toolchains/llvm/prebuilt/darwin-x86_64/x86_64-linux-android/lib;/Users/dylanmarcus/SDKs/Android/ndk/21.0.6113669/toolchains/llvm/prebuilt/darwin-x86_64/sysroot/usr/lib]
  implicit fwks: []


